#
# There is insufficient memory for the Java Runtime Environment to continue.
# Native memory allocation (mmap) failed to map 214958080 bytes for G1 virtual space
# Possible reasons:
#   The system is out of physical RAM or swap space
#   The process is running with CompressedOops enabled, and the Java Heap may be blocking the growth of the native heap
# Possible solutions:
#   Reduce memory load on the system
#   Increase physical memory or swap space
#   Check if swap backing store is full
#   Decrease Java heap size (-Xmx/-Xms)
#   Decrease number of Java threads
#   Decrease Java thread stack sizes (-Xss)
#   Set larger code cache with -XX:ReservedCodeCacheSize=
#   JVM is running with Unscaled Compressed Oops mode in which the Java heap is
#     placed in the first 4GB address space. The Java Heap base address is the
#     maximum limit for the native heap growth. Please use -XX:HeapBaseMinAddress
#     to set the Java Heap base and to place the Java Heap above 4GB virtual address.
# This output file may be truncated or incomplete.
#
#  Out of Memory Error (os_windows.cpp:3559), pid=11044, tid=6040
#
# JRE version: OpenJDK Runtime Environment Temurin-17.0.7+7 (17.0.7+7) (build 17.0.7+7)
# Java VM: OpenJDK 64-Bit Server VM Temurin-17.0.7+7 (17.0.7+7, mixed mode, emulated-client, tiered, compressed oops, compressed class ptrs, g1 gc, windows-amd64)
# No core dump will be written. Minidumps are not enabled by default on client versions of Windows
#

---------------  S U M M A R Y ------------

Command Line: -XX:+HeapDumpOnOutOfMemoryError -Xmx1024m -Dsts.lsp.client=vscode -Dsts.log.file=/dev/null -XX:TieredStopAtLevel=1 -Xlog:jni+resolve=off -Dspring.config.location=file:c:\Users\final\.vscode\extensions\vmware.vscode-spring-boot-1.47.0\language-server\BOOT-INF\classes\application.properties org.springframework.ide.vscode.boot.app.BootLanguageServerBootApp

Host: Intel(R) Core(TM) i7-8550U CPU @ 1.80GHz, 8 cores, 7G,  Windows 10 , 64 bit Build 19041 (10.0.19041.3155)
Time: Fri Jul 28 16:41:00 2023 Hora est. Pacífico, Sudamérica elapsed time: 4.776805 seconds (0d 0h 0m 4s)

---------------  T H R E A D  ---------------

Current thread (0x0000025a98438ce0):  VMThread "VM Thread" [stack: 0x000000787c700000,0x000000787c800000] [id=6040]

Stack: [0x000000787c700000,0x000000787c800000]
Native frames: (J=compiled Java code, j=interpreted, Vv=VM code, C=native code)
V  [jvm.dll+0x67754a]
V  [jvm.dll+0x834304]
V  [jvm.dll+0x835aae]
V  [jvm.dll+0x836113]
V  [jvm.dll+0x24696f]
V  [jvm.dll+0x6743f9]
V  [jvm.dll+0x668c8a]
V  [jvm.dll+0x3061bb]
V  [jvm.dll+0x30d6a6]
V  [jvm.dll+0x35cece]
V  [jvm.dll+0x35d0ff]
V  [jvm.dll+0x2dd048]
V  [jvm.dll+0x2db20c]
V  [jvm.dll+0x2da7dc]
V  [jvm.dll+0x31e6db]
V  [jvm.dll+0x83a5bb]
V  [jvm.dll+0x83b2f4]
V  [jvm.dll+0x83b80c]
V  [jvm.dll+0x83bbe4]
V  [jvm.dll+0x83bcb0]
V  [jvm.dll+0x7e4e7a]
V  [jvm.dll+0x676395]
C  [ucrtbase.dll+0x21bb2]
C  [KERNEL32.DLL+0x17614]
C  [ntdll.dll+0x526b1]

VM_Operation (0x000000787ebfde10): G1CollectForAllocation, mode: safepoint, requested by thread 0x0000025a9e422f70


---------------  P R O C E S S  ---------------

Threads class SMR info:
_java_thread_list=0x0000025a9e3e21a0, length=43, elements={
0x0000025a9844f740, 0x0000025a98450ee0, 0x0000025a9848d410, 0x0000025a9848e190,
0x0000025a98492310, 0x0000025a98492bd0, 0x0000025a98493ce0, 0x0000025a98498da0,
0x0000025a987a5fb0, 0x0000025a987b7a50, 0x0000025a987bc0e0, 0x0000025a9db669e0,
0x0000025a9dcdce10, 0x0000025a9e228740, 0x0000025a9e323f40, 0x0000025a9e2ce020,
0x0000025a9e2ce8f0, 0x0000025a8d636f60, 0x0000025a9e3f02c0, 0x0000025a9e400e10,
0x0000025a9e413970, 0x0000025a9e413e40, 0x0000025a9e421c30, 0x0000025a9e421290,
0x0000025a9e422aa0, 0x0000025a9e41fa80, 0x0000025a9e422100, 0x0000025a9e422f70,
0x0000025a9e41f5b0, 0x0000025a9e420420, 0x0000025a9e41ff50, 0x0000025a9e4225d0,
0x0000025a9e4208f0, 0x0000025a9e420dc0, 0x0000025a9e421760, 0x0000025a9e5e5120,
0x0000025a9e5ec970, 0x0000025a9e5e9950, 0x0000025a9e5e9e20, 0x0000025a9e5e72d0,
0x0000025a9e5e5ac0, 0x0000025a9e5e6460, 0x0000025a9e5e9480
}

Java Threads: ( => current thread )
  0x0000025a9844f740 JavaThread "Reference Handler" daemon [_thread_blocked, id=15620, stack(0x000000787c800000,0x000000787c900000)]
  0x0000025a98450ee0 JavaThread "Finalizer" daemon [_thread_blocked, id=10484, stack(0x000000787c900000,0x000000787ca00000)]
  0x0000025a9848d410 JavaThread "Signal Dispatcher" daemon [_thread_blocked, id=8776, stack(0x000000787ca00000,0x000000787cb00000)]
  0x0000025a9848e190 JavaThread "Attach Listener" daemon [_thread_blocked, id=13864, stack(0x000000787cb00000,0x000000787cc00000)]
  0x0000025a98492310 JavaThread "Service Thread" daemon [_thread_blocked, id=3648, stack(0x000000787cc00000,0x000000787cd00000)]
  0x0000025a98492bd0 JavaThread "Monitor Deflation Thread" daemon [_thread_blocked, id=13200, stack(0x000000787cd00000,0x000000787ce00000)]
  0x0000025a98493ce0 JavaThread "C1 CompilerThread0" daemon [_thread_blocked, id=16460, stack(0x000000787ce00000,0x000000787cf00000)]
  0x0000025a98498da0 JavaThread "Sweeper thread" daemon [_thread_blocked, id=8748, stack(0x000000787cf00000,0x000000787d000000)]
  0x0000025a987a5fb0 JavaThread "C1 CompilerThread1" daemon [_thread_blocked, id=14920, stack(0x000000787d000000,0x000000787d100000)]
  0x0000025a987b7a50 JavaThread "Notification Thread" daemon [_thread_blocked, id=18240, stack(0x000000787d100000,0x000000787d200000)]
  0x0000025a987bc0e0 JavaThread "Common-Cleaner" daemon [_thread_blocked, id=6904, stack(0x000000787d300000,0x000000787d400000)]
  0x0000025a9db669e0 JavaThread "C1 CompilerThread2" daemon [_thread_blocked, id=14228, stack(0x000000787dc00000,0x000000787dd00000)]
  0x0000025a9dcdce10 JavaThread "C1 CompilerThread3" daemon [_thread_blocked, id=2484, stack(0x000000787dd00000,0x000000787de00000)]
  0x0000025a9e228740 JavaThread "boundedElastic-evictor-1" daemon [_thread_blocked, id=16612, stack(0x000000787db00000,0x000000787dc00000)]
  0x0000025a9e323f40 JavaThread "boundedElastic-evictor-2" daemon [_thread_blocked, id=6004, stack(0x000000787df00000,0x000000787e000000)]
  0x0000025a9e2ce020 JavaThread "pool-10-thread-1" [_thread_blocked, id=2236, stack(0x000000787e000000,0x000000787e100000)]
  0x0000025a9e2ce8f0 JavaThread "LanguageServerApp-lifecycle" [_thread_blocked, id=8700, stack(0x000000787e100000,0x000000787e200000)]
  0x0000025a8d636f60 JavaThread "DestroyJavaVM" [_thread_blocked, id=15776, stack(0x000000787c100000,0x000000787c200000)]
  0x0000025a9e3f02c0 JavaThread "pool-11-thread-1" [_thread_blocked, id=17620, stack(0x000000787e200000,0x000000787e300000)]
  0x0000025a9e400e10 JavaThread "Simple-Language-Server main thread" daemon [_thread_blocked, id=7216, stack(0x000000787e300000,0x000000787e400000)]
  0x0000025a9e413970 JavaThread "pool-2-thread-1" [_thread_blocked, id=3628, stack(0x000000787e400000,0x000000787e500000)]
  0x0000025a9e413e40 JavaThread "pool-2-thread-2" [_thread_blocked, id=5276, stack(0x000000787e500000,0x000000787e600000)]
  0x0000025a9e421c30 JavaThread "pool-2-thread-3" [_thread_blocked, id=704, stack(0x000000787e600000,0x000000787e700000)]
  0x0000025a9e421290 JavaThread "ForkJoinPool.commonPool-worker-1" daemon [_thread_blocked, id=9716, stack(0x000000787e700000,0x000000787e800000)]
  0x0000025a9e422aa0 JavaThread "ClassGraph-worker-0" daemon [_thread_blocked, id=1440, stack(0x000000787e800000,0x000000787e900000)]
  0x0000025a9e41fa80 JavaThread "ClassGraph-worker-1" daemon [_thread_blocked, id=580, stack(0x000000787e900000,0x000000787ea00000)]
  0x0000025a9e422100 JavaThread "ClassGraph-worker-2" daemon [_thread_blocked, id=12696, stack(0x000000787ea00000,0x000000787eb00000)]
  0x0000025a9e422f70 JavaThread "ClassGraph-worker-3" daemon [_thread_blocked, id=9076, stack(0x000000787eb00000,0x000000787ec00000)]
  0x0000025a9e41f5b0 JavaThread "ClassGraph-worker-4" daemon [_thread_blocked, id=7612, stack(0x000000787ec00000,0x000000787ed00000)]
  0x0000025a9e420420 JavaThread "ClassGraph-worker-5" daemon [_thread_blocked, id=9708, stack(0x000000787ed00000,0x000000787ee00000)]
  0x0000025a9e41ff50 JavaThread "ClassGraph-worker-6" daemon [_thread_blocked, id=16640, stack(0x000000787ee00000,0x000000787ef00000)]
  0x0000025a9e4225d0 JavaThread "ClassGraph-worker-7" daemon [_thread_blocked, id=12872, stack(0x000000787ef00000,0x000000787f000000)]
  0x0000025a9e4208f0 JavaThread "ClassGraph-worker-8" daemon [_thread_blocked, id=7852, stack(0x000000787f000000,0x000000787f100000)]
  0x0000025a9e420dc0 JavaThread "ClassGraph-worker-9" daemon [_thread_blocked, id=14472, stack(0x000000787f100000,0x000000787f200000)]
  0x0000025a9e421760 JavaThread "ClassGraph-worker-10" daemon [_thread_blocked, id=11228, stack(0x000000787f200000,0x000000787f300000)]
  0x0000025a9e5e5120 JavaThread "ClassGraph-worker-11" daemon [_thread_blocked, id=14668, stack(0x000000787f300000,0x000000787f400000)]
  0x0000025a9e5ec970 JavaThread "ClassGraph-worker-12" daemon [_thread_blocked, id=3220, stack(0x000000787f400000,0x000000787f500000)]
  0x0000025a9e5e9950 JavaThread "ClassGraph-worker-13" daemon [_thread_blocked, id=888, stack(0x000000787f500000,0x000000787f600000)]
  0x0000025a9e5e9e20 JavaThread "parallel-1" daemon [_thread_blocked, id=3996, stack(0x000000787f600000,0x000000787f700000)]
  0x0000025a9e5e72d0 JavaThread "pool-4-thread-1" [_thread_blocked, id=14424, stack(0x000000787f800000,0x000000787f900000)]
  0x0000025a9e5e5ac0 JavaThread "parallel-2" daemon [_thread_blocked, id=5372, stack(0x000000787f900000,0x000000787fa00000)]
  0x0000025a9e5e6460 JavaThread "Project-Reconciler-1" daemon [_thread_blocked, id=16324, stack(0x000000787fa00000,0x000000787fb00000)]
  0x0000025a9e5e9480 JavaThread "ForkJoinPool.commonPool-worker-2" daemon [_thread_blocked, id=17272, stack(0x000000787fc00000,0x000000787fd00000)]

Other Threads:
=>0x0000025a98438ce0 VMThread "VM Thread" [stack: 0x000000787c700000,0x000000787c800000] [id=6040]
  0x0000025a987bcc00 WatcherThread [stack: 0x000000787d200000,0x000000787d300000] [id=5096]
  0x0000025a8d675600 GCTaskThread "GC Thread#0" [stack: 0x000000787c200000,0x000000787c300000] [id=11380]
  0x0000025a9d6f9580 GCTaskThread "GC Thread#1" [stack: 0x000000787d400000,0x000000787d500000] [id=10892]
  0x0000025a9d8cfca0 GCTaskThread "GC Thread#2" [stack: 0x000000787d500000,0x000000787d600000] [id=13468]
  0x0000025a9d8cff50 GCTaskThread "GC Thread#3" [stack: 0x000000787d600000,0x000000787d700000] [id=10044]
  0x0000025a9daf96a0 GCTaskThread "GC Thread#4" [stack: 0x000000787d700000,0x000000787d800000] [id=13296]
  0x0000025a9daf9950 GCTaskThread "GC Thread#5" [stack: 0x000000787d800000,0x000000787d900000] [id=18344]
  0x0000025a9daf9c00 GCTaskThread "GC Thread#6" [stack: 0x000000787d900000,0x000000787da00000] [id=1776]
  0x0000025a9dafaad0 GCTaskThread "GC Thread#7" [stack: 0x000000787da00000,0x000000787db00000] [id=6576]
  0x0000025a8d67f460 ConcurrentGCThread "G1 Main Marker" [stack: 0x000000787c300000,0x000000787c400000] [id=13660]
  0x0000025a8d67fd80 ConcurrentGCThread "G1 Conc#0" [stack: 0x000000787c400000,0x000000787c500000] [id=11456]
  0x0000025a9dc22440 ConcurrentGCThread "G1 Conc#1" [stack: 0x000000787de00000,0x000000787df00000] [id=16420]
  0x0000025a8d6f8570 ConcurrentGCThread "G1 Refine#0" [stack: 0x000000787c500000,0x000000787c600000] [id=4868]
  0x0000025a9e4d5150 ConcurrentGCThread "G1 Refine#1" [stack: 0x000000787f700000,0x000000787f800000] [id=11384]
  0x0000025a9efc7eb0 ConcurrentGCThread "G1 Refine#2" [stack: 0x000000787fb00000,0x000000787fc00000] [id=17532]
  0x0000025a9f0a2640 ConcurrentGCThread "G1 Refine#3" [stack: 0x000000787fd00000,0x000000787fe00000] [id=2712]
  0x0000025a8d6f8ea0 ConcurrentGCThread "G1 Service" [stack: 0x000000787c600000,0x000000787c700000] [id=11532]

Threads with active compile tasks:

VM state: at safepoint (normal execution)

VM Mutex/Monitor currently owned by a thread:  ([mutex/lock_event])
[0x0000025a8b5898d0] Threads_lock - owner thread: 0x0000025a98438ce0
[0x0000025a8d6348f0] Heap_lock - owner thread: 0x0000025a9e422f70

Heap address: 0x00000000c0000000, size: 1024 MB, Compressed Oops mode: 32-bit

CDS archive(s) not mapped
Compressed class space mapped at: 0x0000000100000000-0x0000000140000000, reserved size: 1073741824
Narrow klass base: 0x0000000000000000, Narrow klass shift: 3, Narrow klass range: 0x140000000

GC Precious Log:
 CPUs: 8 total, 8 available
 Memory: 7844M
 Large Page Support: Disabled
 NUMA Support: Disabled
 Compressed Oops: Enabled (32-bit)
 Heap Region Size: 1M
 Heap Min Capacity: 8M
 Heap Initial Capacity: 124M
 Heap Max Capacity: 1G
 Pre-touch: Disabled
 Parallel Workers: 8
 Concurrent Workers: 2
 Concurrent Refinement Workers: 8
 Periodic GC: Disabled

Heap:
 garbage-first heap   total 289792K, used 102307K [0x00000000c0000000, 0x0000000100000000)
  region size 1024K, 10 young (10240K), 10 survivors (10240K)
 Metaspace       used 45899K, committed 46336K, reserved 1114112K
  class space    used 5738K, committed 5952K, reserved 1048576K

Heap Regions: E=young(eden), S=young(survivor), O=old, HS=humongous(starts), HC=humongous(continues), CS=collection set, F=free, OA=open archive, CA=closed archive, TAMS=top-at-mark-start (previous, next)
|   0|0x00000000c0000000, 0x00000000c0100000, 0x00000000c0100000|100%|HS|  |TAMS 0x00000000c0100000, 0x00000000c0100000| Complete 
|   1|0x00000000c0100000, 0x00000000c0200000, 0x00000000c0200000|100%| O|  |TAMS 0x00000000c0200000, 0x00000000c0200000| Untracked 
|   2|0x00000000c0200000, 0x00000000c0300000, 0x00000000c0300000|100%| O|  |TAMS 0x00000000c0300000, 0x00000000c0300000| Untracked 
|   3|0x00000000c0300000, 0x00000000c0400000, 0x00000000c0400000|100%| O|  |TAMS 0x00000000c0400000, 0x00000000c0400000| Untracked 
|   4|0x00000000c0400000, 0x00000000c0500000, 0x00000000c0500000|100%| O|  |TAMS 0x00000000c0500000, 0x00000000c0500000| Untracked 
|   5|0x00000000c0500000, 0x00000000c0600000, 0x00000000c0600000|100%| O|  |TAMS 0x00000000c0600000, 0x00000000c0600000| Untracked 
|   6|0x00000000c0600000, 0x00000000c0700000, 0x00000000c0700000|100%| O|  |TAMS 0x00000000c0700000, 0x00000000c0700000| Untracked 
|   7|0x00000000c0700000, 0x00000000c0800000, 0x00000000c0800000|100%| O|  |TAMS 0x00000000c0800000, 0x00000000c0800000| Untracked 
|   8|0x00000000c0800000, 0x00000000c0900000, 0x00000000c0900000|100%| O|  |TAMS 0x00000000c0900000, 0x00000000c0900000| Untracked 
|   9|0x00000000c0900000, 0x00000000c0a00000, 0x00000000c0a00000|100%| O|  |TAMS 0x00000000c0a00000, 0x00000000c0a00000| Untracked 
|  10|0x00000000c0a00000, 0x00000000c0b00000, 0x00000000c0b00000|100%| O|  |TAMS 0x00000000c0b00000, 0x00000000c0b00000| Untracked 
|  11|0x00000000c0b00000, 0x00000000c0c00000, 0x00000000c0c00000|100%| O|  |TAMS 0x00000000c0c00000, 0x00000000c0c00000| Untracked 
|  12|0x00000000c0c00000, 0x00000000c0d00000, 0x00000000c0d00000|100%| O|  |TAMS 0x00000000c0d00000, 0x00000000c0d00000| Untracked 
|  13|0x00000000c0d00000, 0x00000000c0e00000, 0x00000000c0e00000|100%| O|  |TAMS 0x00000000c0e00000, 0x00000000c0e00000| Untracked 
|  14|0x00000000c0e00000, 0x00000000c0f00000, 0x00000000c0f00000|100%| O|  |TAMS 0x00000000c0f00000, 0x00000000c0f00000| Untracked 
|  15|0x00000000c0f00000, 0x00000000c1000000, 0x00000000c1000000|100%| O|  |TAMS 0x00000000c1000000, 0x00000000c1000000| Untracked 
|  16|0x00000000c1000000, 0x00000000c1100000, 0x00000000c1100000|100%| O|  |TAMS 0x00000000c1100000, 0x00000000c1100000| Untracked 
|  17|0x00000000c1100000, 0x00000000c1200000, 0x00000000c1200000|100%| O|  |TAMS 0x00000000c1200000, 0x00000000c1200000| Untracked 
|  18|0x00000000c1200000, 0x00000000c1241200, 0x00000000c1300000| 25%| O|  |TAMS 0x00000000c1241200, 0x00000000c1241200| Untracked 
|  19|0x00000000c1300000, 0x00000000c1400000, 0x00000000c1400000|100%| O|  |TAMS 0x00000000c1400000, 0x00000000c1400000| Untracked 
|  20|0x00000000c1400000, 0x00000000c1500000, 0x00000000c1500000|100%| O|  |TAMS 0x00000000c1500000, 0x00000000c1500000| Untracked 
|  21|0x00000000c1500000, 0x00000000c1600000, 0x00000000c1600000|100%| O|  |TAMS 0x00000000c1600000, 0x00000000c1600000| Untracked 
|  22|0x00000000c1600000, 0x00000000c1700000, 0x00000000c1700000|100%| O|  |TAMS 0x00000000c1700000, 0x00000000c1700000| Untracked 
|  23|0x00000000c1700000, 0x00000000c1800000, 0x00000000c1800000|100%| O|  |TAMS 0x00000000c1800000, 0x00000000c1800000| Untracked 
|  24|0x00000000c1800000, 0x00000000c1900000, 0x00000000c1900000|100%| O|  |TAMS 0x00000000c1900000, 0x00000000c1900000| Untracked 
|  25|0x00000000c1900000, 0x00000000c1a00000, 0x00000000c1a00000|100%| O|  |TAMS 0x00000000c1a00000, 0x00000000c1a00000| Untracked 
|  26|0x00000000c1a00000, 0x00000000c1b00000, 0x00000000c1b00000|100%| O|  |TAMS 0x00000000c1b00000, 0x00000000c1b00000| Untracked 
|  27|0x00000000c1b00000, 0x00000000c1c00000, 0x00000000c1c00000|100%| O|  |TAMS 0x00000000c1c00000, 0x00000000c1c00000| Untracked 
|  28|0x00000000c1c00000, 0x00000000c1d00000, 0x00000000c1d00000|100%| O|  |TAMS 0x00000000c1d00000, 0x00000000c1d00000| Untracked 
|  29|0x00000000c1d00000, 0x00000000c1e00000, 0x00000000c1e00000|100%| O|  |TAMS 0x00000000c1e00000, 0x00000000c1e00000| Untracked 
|  30|0x00000000c1e00000, 0x00000000c1f00000, 0x00000000c1f00000|100%| O|  |TAMS 0x00000000c1f00000, 0x00000000c1f00000| Untracked 
|  31|0x00000000c1f00000, 0x00000000c2000000, 0x00000000c2000000|100%| O|  |TAMS 0x00000000c2000000, 0x00000000c2000000| Untracked 
|  32|0x00000000c2000000, 0x00000000c2100000, 0x00000000c2100000|100%| O|  |TAMS 0x00000000c2100000, 0x00000000c2100000| Untracked 
|  33|0x00000000c2100000, 0x00000000c2200000, 0x00000000c2200000|100%| O|  |TAMS 0x00000000c2200000, 0x00000000c2200000| Untracked 
|  34|0x00000000c2200000, 0x00000000c2300000, 0x00000000c2300000|100%| O|  |TAMS 0x00000000c2300000, 0x00000000c2300000| Untracked 
|  35|0x00000000c2300000, 0x00000000c2400000, 0x00000000c2400000|100%| O|  |TAMS 0x00000000c2400000, 0x00000000c2400000| Untracked 
|  36|0x00000000c2400000, 0x00000000c2500000, 0x00000000c2500000|100%| O|  |TAMS 0x00000000c2500000, 0x00000000c2500000| Untracked 
|  37|0x00000000c2500000, 0x00000000c2600000, 0x00000000c2600000|100%| O|  |TAMS 0x00000000c2600000, 0x00000000c2600000| Untracked 
|  38|0x00000000c2600000, 0x00000000c2700000, 0x00000000c2700000|100%| O|  |TAMS 0x00000000c2700000, 0x00000000c2700000| Untracked 
|  39|0x00000000c2700000, 0x00000000c2800000, 0x00000000c2800000|100%| O|  |TAMS 0x00000000c2800000, 0x00000000c2800000| Untracked 
|  40|0x00000000c2800000, 0x00000000c2900000, 0x00000000c2900000|100%| O|  |TAMS 0x00000000c2900000, 0x00000000c2900000| Untracked 
|  41|0x00000000c2900000, 0x00000000c2a00000, 0x00000000c2a00000|100%| O|  |TAMS 0x00000000c2a00000, 0x00000000c2a00000| Untracked 
|  42|0x00000000c2a00000, 0x00000000c2b00000, 0x00000000c2b00000|100%| O|  |TAMS 0x00000000c2b00000, 0x00000000c2b00000| Untracked 
|  43|0x00000000c2b00000, 0x00000000c2c00000, 0x00000000c2c00000|100%| O|  |TAMS 0x00000000c2c00000, 0x00000000c2c00000| Untracked 
|  44|0x00000000c2c00000, 0x00000000c2d00000, 0x00000000c2d00000|100%| O|  |TAMS 0x00000000c2d00000, 0x00000000c2d00000| Untracked 
|  45|0x00000000c2d00000, 0x00000000c2e00000, 0x00000000c2e00000|100%| O|  |TAMS 0x00000000c2e00000, 0x00000000c2e00000| Untracked 
|  46|0x00000000c2e00000, 0x00000000c2f00000, 0x00000000c2f00000|100%| O|  |TAMS 0x00000000c2f00000, 0x00000000c2f00000| Untracked 
|  47|0x00000000c2f00000, 0x00000000c3000000, 0x00000000c3000000|100%| O|  |TAMS 0x00000000c3000000, 0x00000000c3000000| Untracked 
|  48|0x00000000c3000000, 0x00000000c3100000, 0x00000000c3100000|100%| O|  |TAMS 0x00000000c3100000, 0x00000000c3100000| Untracked 
|  49|0x00000000c3100000, 0x00000000c3200000, 0x00000000c3200000|100%| O|  |TAMS 0x00000000c3200000, 0x00000000c3200000| Untracked 
|  50|0x00000000c3200000, 0x00000000c3300000, 0x00000000c3300000|100%| O|  |TAMS 0x00000000c3300000, 0x00000000c3300000| Untracked 
|  51|0x00000000c3300000, 0x00000000c3400000, 0x00000000c3400000|100%| O|  |TAMS 0x00000000c331a800, 0x00000000c3400000| Untracked 
|  52|0x00000000c3400000, 0x00000000c3500000, 0x00000000c3500000|100%| O|  |TAMS 0x00000000c3400000, 0x00000000c3500000| Untracked 
|  53|0x00000000c3500000, 0x00000000c3600000, 0x00000000c3600000|100%| O|  |TAMS 0x00000000c3500000, 0x00000000c3600000| Untracked 
|  54|0x00000000c3600000, 0x00000000c3700000, 0x00000000c3700000|100%| O|  |TAMS 0x00000000c3600000, 0x00000000c3700000| Untracked 
|  55|0x00000000c3700000, 0x00000000c3800000, 0x00000000c3800000|100%| O|  |TAMS 0x00000000c3700000, 0x00000000c3800000| Untracked 
|  56|0x00000000c3800000, 0x00000000c3900000, 0x00000000c3900000|100%| O|  |TAMS 0x00000000c3800000, 0x00000000c3900000| Untracked 
|  57|0x00000000c3900000, 0x00000000c3a00000, 0x00000000c3a00000|100%|HS|  |TAMS 0x00000000c3900000, 0x00000000c3a00000| Complete 
|  58|0x00000000c3a00000, 0x00000000c3b00000, 0x00000000c3b00000|100%| O|  |TAMS 0x00000000c3a00000, 0x00000000c3b00000| Untracked 
|  59|0x00000000c3b00000, 0x00000000c3c00000, 0x00000000c3c00000|100%| O|  |TAMS 0x00000000c3b00000, 0x00000000c3c00000| Untracked 
|  60|0x00000000c3c00000, 0x00000000c3d00000, 0x00000000c3d00000|100%| O|  |TAMS 0x00000000c3c00000, 0x00000000c3d00000| Untracked 
|  61|0x00000000c3d00000, 0x00000000c3e00000, 0x00000000c3e00000|100%| O|  |TAMS 0x00000000c3d00000, 0x00000000c3e00000| Untracked 
|  62|0x00000000c3e00000, 0x00000000c3f00000, 0x00000000c3f00000|100%| O|  |TAMS 0x00000000c3e00000, 0x00000000c3f00000| Untracked 
|  63|0x00000000c3f00000, 0x00000000c4000000, 0x00000000c4000000|100%| O|  |TAMS 0x00000000c3f00000, 0x00000000c4000000| Untracked 
|  64|0x00000000c4000000, 0x00000000c4100000, 0x00000000c4100000|100%| O|  |TAMS 0x00000000c4000000, 0x00000000c4100000| Untracked 
|  65|0x00000000c4100000, 0x00000000c4200000, 0x00000000c4200000|100%| O|  |TAMS 0x00000000c4100000, 0x00000000c4200000| Untracked 
|  66|0x00000000c4200000, 0x00000000c4300000, 0x00000000c4300000|100%| O|  |TAMS 0x00000000c4200000, 0x00000000c4300000| Untracked 
|  67|0x00000000c4300000, 0x00000000c4400000, 0x00000000c4400000|100%| O|  |TAMS 0x00000000c4300000, 0x00000000c4400000| Untracked 
|  68|0x00000000c4400000, 0x00000000c4500000, 0x00000000c4500000|100%| O|  |TAMS 0x00000000c4400000, 0x00000000c4500000| Untracked 
|  69|0x00000000c4500000, 0x00000000c4600000, 0x00000000c4600000|100%| O|  |TAMS 0x00000000c4500000, 0x00000000c4500000| Untracked 
|  70|0x00000000c4600000, 0x00000000c4700000, 0x00000000c4700000|100%| O|  |TAMS 0x00000000c4600000, 0x00000000c4600000| Untracked 
|  71|0x00000000c4700000, 0x00000000c4800000, 0x00000000c4800000|100%| O|  |TAMS 0x00000000c4700000, 0x00000000c4700000| Untracked 
|  72|0x00000000c4800000, 0x00000000c4900000, 0x00000000c4900000|100%| O|  |TAMS 0x00000000c4800000, 0x00000000c4800000| Untracked 
|  73|0x00000000c4900000, 0x00000000c4a00000, 0x00000000c4a00000|100%| O|  |TAMS 0x00000000c4900000, 0x00000000c4900000| Untracked 
|  74|0x00000000c4a00000, 0x00000000c4b00000, 0x00000000c4b00000|100%|HS|  |TAMS 0x00000000c4a00000, 0x00000000c4a00000| Complete 
|  75|0x00000000c4b00000, 0x00000000c4c00000, 0x00000000c4c00000|100%| O|  |TAMS 0x00000000c4b00000, 0x00000000c4b00000| Untracked 
|  76|0x00000000c4c00000, 0x00000000c4d00000, 0x00000000c4d00000|100%| O|  |TAMS 0x00000000c4c00000, 0x00000000c4c00000| Untracked 
|  77|0x00000000c4d00000, 0x00000000c4e00000, 0x00000000c4e00000|100%| O|  |TAMS 0x00000000c4d00000, 0x00000000c4d00000| Untracked 
|  78|0x00000000c4e00000, 0x00000000c4f00000, 0x00000000c4f00000|100%| O|  |TAMS 0x00000000c4e00000, 0x00000000c4e00000| Untracked 
|  79|0x00000000c4f00000, 0x00000000c5000000, 0x00000000c5000000|100%| O|  |TAMS 0x00000000c4f00000, 0x00000000c4f00000| Untracked 
|  80|0x00000000c5000000, 0x00000000c5100000, 0x00000000c5100000|100%| O|  |TAMS 0x00000000c5000000, 0x00000000c5000000| Untracked 
|  81|0x00000000c5100000, 0x00000000c5200000, 0x00000000c5200000|100%| O|  |TAMS 0x00000000c5100000, 0x00000000c5100000| Untracked 
|  82|0x00000000c5200000, 0x00000000c5300000, 0x00000000c5300000|100%| O|  |TAMS 0x00000000c5200000, 0x00000000c5200000| Untracked 
|  83|0x00000000c5300000, 0x00000000c5400000, 0x00000000c5400000|100%| O|  |TAMS 0x00000000c5300000, 0x00000000c5300000| Untracked 
|  84|0x00000000c5400000, 0x00000000c5500000, 0x00000000c5500000|100%| O|  |TAMS 0x00000000c5400000, 0x00000000c5400000| Untracked 
|  85|0x00000000c5500000, 0x00000000c5600000, 0x00000000c5600000|100%| O|  |TAMS 0x00000000c5500000, 0x00000000c5500000| Untracked 
|  86|0x00000000c5600000, 0x00000000c5700000, 0x00000000c5700000|100%| O|  |TAMS 0x00000000c5600000, 0x00000000c5600000| Untracked 
|  87|0x00000000c5700000, 0x00000000c5800000, 0x00000000c5800000|100%| O|  |TAMS 0x00000000c5700000, 0x00000000c5700000| Untracked 
|  88|0x00000000c5800000, 0x00000000c5900000, 0x00000000c5900000|100%| O|  |TAMS 0x00000000c5800000, 0x00000000c5800000| Untracked 
|  89|0x00000000c5900000, 0x00000000c5a00000, 0x00000000c5a00000|100%| O|  |TAMS 0x00000000c5900000, 0x00000000c5900000| Untracked 
|  90|0x00000000c5a00000, 0x00000000c5b00000, 0x00000000c5b00000|100%| O|  |TAMS 0x00000000c5a00000, 0x00000000c5a00000| Untracked 
|  91|0x00000000c5b00000, 0x00000000c5b53a00, 0x00000000c5c00000| 32%| O|  |TAMS 0x00000000c5b00000, 0x00000000c5b00000| Untracked 
|  92|0x00000000c5c00000, 0x00000000c5c00000, 0x00000000c5d00000|  0%| F|  |TAMS 0x00000000c5c00000, 0x00000000c5c00000| Untracked 
|  93|0x00000000c5d00000, 0x00000000c5d00000, 0x00000000c5e00000|  0%| F|  |TAMS 0x00000000c5d00000, 0x00000000c5d00000| Untracked 
|  94|0x00000000c5e00000, 0x00000000c5e00000, 0x00000000c5f00000|  0%| F|  |TAMS 0x00000000c5e00000, 0x00000000c5e00000| Untracked 
|  95|0x00000000c5f00000, 0x00000000c5f00000, 0x00000000c6000000|  0%| F|  |TAMS 0x00000000c5f00000, 0x00000000c5f00000| Untracked 
|  96|0x00000000c6000000, 0x00000000c6000000, 0x00000000c6100000|  0%| F|  |TAMS 0x00000000c6000000, 0x00000000c6000000| Untracked 
|  97|0x00000000c6100000, 0x00000000c6100000, 0x00000000c6200000|  0%| F|  |TAMS 0x00000000c6100000, 0x00000000c6100000| Untracked 
|  98|0x00000000c6200000, 0x00000000c6200000, 0x00000000c6300000|  0%| F|  |TAMS 0x00000000c6200000, 0x00000000c6200000| Untracked 
|  99|0x00000000c6300000, 0x00000000c6300000, 0x00000000c6400000|  0%| F|  |TAMS 0x00000000c6300000, 0x00000000c6300000| Untracked 
| 100|0x00000000c6400000, 0x00000000c6400000, 0x00000000c6500000|  0%| F|  |TAMS 0x00000000c6400000, 0x00000000c6400000| Untracked 
| 101|0x00000000c6500000, 0x00000000c6500000, 0x00000000c6600000|  0%| F|  |TAMS 0x00000000c6500000, 0x00000000c6500000| Untracked 
| 102|0x00000000c6600000, 0x00000000c6600000, 0x00000000c6700000|  0%| F|  |TAMS 0x00000000c6600000, 0x00000000c6600000| Untracked 
| 103|0x00000000c6700000, 0x00000000c6700000, 0x00000000c6800000|  0%| F|  |TAMS 0x00000000c6700000, 0x00000000c6700000| Untracked 
| 104|0x00000000c6800000, 0x00000000c6800000, 0x00000000c6900000|  0%| F|  |TAMS 0x00000000c6800000, 0x00000000c6800000| Untracked 
| 105|0x00000000c6900000, 0x00000000c6900000, 0x00000000c6a00000|  0%| F|  |TAMS 0x00000000c6900000, 0x00000000c6900000| Untracked 
| 106|0x00000000c6a00000, 0x00000000c6a00000, 0x00000000c6b00000|  0%| F|  |TAMS 0x00000000c6a00000, 0x00000000c6a00000| Untracked 
| 107|0x00000000c6b00000, 0x00000000c6b00000, 0x00000000c6c00000|  0%| F|  |TAMS 0x00000000c6b00000, 0x00000000c6b00000| Untracked 
| 108|0x00000000c6c00000, 0x00000000c6c00000, 0x00000000c6d00000|  0%| F|  |TAMS 0x00000000c6c00000, 0x00000000c6c00000| Untracked 
| 109|0x00000000c6d00000, 0x00000000c6d00000, 0x00000000c6e00000|  0%| F|  |TAMS 0x00000000c6d00000, 0x00000000c6d00000| Untracked 
| 110|0x00000000c6e00000, 0x00000000c6e00000, 0x00000000c6f00000|  0%| F|  |TAMS 0x00000000c6e00000, 0x00000000c6e00000| Untracked 
| 111|0x00000000c6f00000, 0x00000000c6f00000, 0x00000000c7000000|  0%| F|  |TAMS 0x00000000c6f00000, 0x00000000c6f00000| Untracked 
| 112|0x00000000c7000000, 0x00000000c7000000, 0x00000000c7100000|  0%| F|  |TAMS 0x00000000c7000000, 0x00000000c7000000| Untracked 
| 113|0x00000000c7100000, 0x00000000c7100000, 0x00000000c7200000|  0%| F|  |TAMS 0x00000000c7100000, 0x00000000c7100000| Untracked 
| 114|0x00000000c7200000, 0x00000000c7200000, 0x00000000c7300000|  0%| F|  |TAMS 0x00000000c7200000, 0x00000000c7200000| Untracked 
| 115|0x00000000c7300000, 0x00000000c7300000, 0x00000000c7400000|  0%| F|  |TAMS 0x00000000c7300000, 0x00000000c7300000| Untracked 
| 116|0x00000000c7400000, 0x00000000c7400000, 0x00000000c7500000|  0%| F|  |TAMS 0x00000000c7400000, 0x00000000c7400000| Untracked 
| 117|0x00000000c7500000, 0x00000000c7500000, 0x00000000c7600000|  0%| F|  |TAMS 0x00000000c7500000, 0x00000000c7500000| Untracked 
| 118|0x00000000c7600000, 0x00000000c7600000, 0x00000000c7700000|  0%| F|  |TAMS 0x00000000c7600000, 0x00000000c7600000| Untracked 
| 119|0x00000000c7700000, 0x00000000c7700000, 0x00000000c7800000|  0%| F|  |TAMS 0x00000000c7700000, 0x00000000c7700000| Untracked 
| 120|0x00000000c7800000, 0x00000000c7800000, 0x00000000c7900000|  0%| F|  |TAMS 0x00000000c7800000, 0x00000000c7800000| Untracked 
| 121|0x00000000c7900000, 0x00000000c7900000, 0x00000000c7a00000|  0%| F|  |TAMS 0x00000000c7900000, 0x00000000c7900000| Untracked 
| 122|0x00000000c7a00000, 0x00000000c7a00000, 0x00000000c7b00000|  0%| F|  |TAMS 0x00000000c7a00000, 0x00000000c7a00000| Untracked 
| 123|0x00000000c7b00000, 0x00000000c7b00000, 0x00000000c7c00000|  0%| F|  |TAMS 0x00000000c7b00000, 0x00000000c7b00000| Untracked 
| 124|0x00000000c7c00000, 0x00000000c7c00000, 0x00000000c7d00000|  0%| F|  |TAMS 0x00000000c7c00000, 0x00000000c7c00000| Untracked 
| 125|0x00000000c7d00000, 0x00000000c7d00000, 0x00000000c7e00000|  0%| F|  |TAMS 0x00000000c7d00000, 0x00000000c7d00000| Untracked 
| 126|0x00000000c7e00000, 0x00000000c7e00000, 0x00000000c7f00000|  0%| F|  |TAMS 0x00000000c7e00000, 0x00000000c7e00000| Untracked 
| 127|0x00000000c7f00000, 0x00000000c7f00000, 0x00000000c8000000|  0%| F|  |TAMS 0x00000000c7f00000, 0x00000000c7f00000| Untracked 
| 128|0x00000000c8000000, 0x00000000c8000000, 0x00000000c8100000|  0%| F|  |TAMS 0x00000000c8000000, 0x00000000c8000000| Untracked 
| 129|0x00000000c8100000, 0x00000000c8100000, 0x00000000c8200000|  0%| F|  |TAMS 0x00000000c8100000, 0x00000000c8100000| Untracked 
| 130|0x00000000c8200000, 0x00000000c8200000, 0x00000000c8300000|  0%| F|  |TAMS 0x00000000c8200000, 0x00000000c8200000| Untracked 
| 131|0x00000000c8300000, 0x00000000c8300000, 0x00000000c8400000|  0%| F|  |TAMS 0x00000000c8300000, 0x00000000c8300000| Untracked 
| 132|0x00000000c8400000, 0x00000000c8400000, 0x00000000c8500000|  0%| F|  |TAMS 0x00000000c8400000, 0x00000000c8400000| Untracked 
| 133|0x00000000c8500000, 0x00000000c8500000, 0x00000000c8600000|  0%| F|  |TAMS 0x00000000c8500000, 0x00000000c8500000| Untracked 
| 134|0x00000000c8600000, 0x00000000c8600000, 0x00000000c8700000|  0%| F|  |TAMS 0x00000000c8600000, 0x00000000c8600000| Untracked 
| 135|0x00000000c8700000, 0x00000000c8700000, 0x00000000c8800000|  0%| F|  |TAMS 0x00000000c8700000, 0x00000000c8700000| Untracked 
| 136|0x00000000c8800000, 0x00000000c8800000, 0x00000000c8900000|  0%| F|  |TAMS 0x00000000c8800000, 0x00000000c8800000| Untracked 
| 137|0x00000000c8900000, 0x00000000c8900000, 0x00000000c8a00000|  0%| F|  |TAMS 0x00000000c8900000, 0x00000000c8900000| Untracked 
| 138|0x00000000c8a00000, 0x00000000c8a00000, 0x00000000c8b00000|  0%| F|  |TAMS 0x00000000c8a00000, 0x00000000c8a00000| Untracked 
| 139|0x00000000c8b00000, 0x00000000c8b00000, 0x00000000c8c00000|  0%| F|  |TAMS 0x00000000c8b00000, 0x00000000c8b00000| Untracked 
| 140|0x00000000c8c00000, 0x00000000c8c00000, 0x00000000c8d00000|  0%| F|  |TAMS 0x00000000c8c00000, 0x00000000c8c00000| Untracked 
| 141|0x00000000c8d00000, 0x00000000c8d00000, 0x00000000c8e00000|  0%| F|  |TAMS 0x00000000c8d00000, 0x00000000c8d00000| Untracked 
| 142|0x00000000c8e00000, 0x00000000c8e00000, 0x00000000c8f00000|  0%| F|  |TAMS 0x00000000c8e00000, 0x00000000c8e00000| Untracked 
| 143|0x00000000c8f00000, 0x00000000c8f00000, 0x00000000c9000000|  0%| F|  |TAMS 0x00000000c8f00000, 0x00000000c8f00000| Untracked 
| 144|0x00000000c9000000, 0x00000000c9000000, 0x00000000c9100000|  0%| F|  |TAMS 0x00000000c9000000, 0x00000000c9000000| Untracked 
| 145|0x00000000c9100000, 0x00000000c9100000, 0x00000000c9200000|  0%| F|  |TAMS 0x00000000c9100000, 0x00000000c9100000| Untracked 
| 146|0x00000000c9200000, 0x00000000c9200000, 0x00000000c9300000|  0%| F|  |TAMS 0x00000000c9200000, 0x00000000c9200000| Untracked 
| 147|0x00000000c9300000, 0x00000000c9300000, 0x00000000c9400000|  0%| F|  |TAMS 0x00000000c9300000, 0x00000000c9300000| Untracked 
| 148|0x00000000c9400000, 0x00000000c9400000, 0x00000000c9500000|  0%| F|  |TAMS 0x00000000c9400000, 0x00000000c9400000| Untracked 
| 149|0x00000000c9500000, 0x00000000c9500000, 0x00000000c9600000|  0%| F|  |TAMS 0x00000000c9500000, 0x00000000c9500000| Untracked 
| 150|0x00000000c9600000, 0x00000000c9600000, 0x00000000c9700000|  0%| F|  |TAMS 0x00000000c9600000, 0x00000000c9600000| Untracked 
| 151|0x00000000c9700000, 0x00000000c9700000, 0x00000000c9800000|  0%| F|  |TAMS 0x00000000c9700000, 0x00000000c9700000| Untracked 
| 152|0x00000000c9800000, 0x00000000c9800000, 0x00000000c9900000|  0%| F|  |TAMS 0x00000000c9800000, 0x00000000c9800000| Untracked 
| 153|0x00000000c9900000, 0x00000000c9900000, 0x00000000c9a00000|  0%| F|  |TAMS 0x00000000c9900000, 0x00000000c9900000| Untracked 
| 154|0x00000000c9a00000, 0x00000000c9a00000, 0x00000000c9b00000|  0%| F|  |TAMS 0x00000000c9a00000, 0x00000000c9a00000| Untracked 
| 155|0x00000000c9b00000, 0x00000000c9b54350, 0x00000000c9c00000| 32%| S|CS|TAMS 0x00000000c9b00000, 0x00000000c9b00000| Complete 
| 156|0x00000000c9c00000, 0x00000000c9d00000, 0x00000000c9d00000|100%| S|CS|TAMS 0x00000000c9c00000, 0x00000000c9c00000| Complete 
| 157|0x00000000c9d00000, 0x00000000c9e00000, 0x00000000c9e00000|100%| S|CS|TAMS 0x00000000c9d00000, 0x00000000c9d00000| Complete 
| 158|0x00000000c9e00000, 0x00000000c9f00000, 0x00000000c9f00000|100%| S|CS|TAMS 0x00000000c9e00000, 0x00000000c9e00000| Complete 
| 159|0x00000000c9f00000, 0x00000000ca000000, 0x00000000ca000000|100%| S|CS|TAMS 0x00000000c9f00000, 0x00000000c9f00000| Complete 
| 160|0x00000000ca000000, 0x00000000ca100000, 0x00000000ca100000|100%| S|CS|TAMS 0x00000000ca000000, 0x00000000ca000000| Complete 
| 161|0x00000000ca100000, 0x00000000ca200000, 0x00000000ca200000|100%| S|CS|TAMS 0x00000000ca100000, 0x00000000ca100000| Complete 
| 162|0x00000000ca200000, 0x00000000ca300000, 0x00000000ca300000|100%| S|CS|TAMS 0x00000000ca200000, 0x00000000ca200000| Complete 
| 163|0x00000000ca300000, 0x00000000ca400000, 0x00000000ca400000|100%| S|CS|TAMS 0x00000000ca300000, 0x00000000ca300000| Complete 
| 164|0x00000000ca400000, 0x00000000ca500000, 0x00000000ca500000|100%| S|CS|TAMS 0x00000000ca400000, 0x00000000ca400000| Complete 
| 165|0x00000000ca500000, 0x00000000ca500000, 0x00000000ca600000|  0%| F|  |TAMS 0x00000000ca500000, 0x00000000ca500000| Untracked 
| 166|0x00000000ca600000, 0x00000000ca600000, 0x00000000ca700000|  0%| F|  |TAMS 0x00000000ca600000, 0x00000000ca600000| Untracked 
| 167|0x00000000ca700000, 0x00000000ca700000, 0x00000000ca800000|  0%| F|  |TAMS 0x00000000ca700000, 0x00000000ca700000| Untracked 
| 168|0x00000000ca800000, 0x00000000ca800000, 0x00000000ca900000|  0%| F|  |TAMS 0x00000000ca800000, 0x00000000ca800000| Untracked 
| 169|0x00000000ca900000, 0x00000000ca900000, 0x00000000caa00000|  0%| F|  |TAMS 0x00000000ca900000, 0x00000000ca900000| Untracked 
| 170|0x00000000caa00000, 0x00000000caa00000, 0x00000000cab00000|  0%| F|  |TAMS 0x00000000caa00000, 0x00000000caa00000| Untracked 
| 171|0x00000000cab00000, 0x00000000cab00000, 0x00000000cac00000|  0%| F|  |TAMS 0x00000000cab00000, 0x00000000cab00000| Untracked 
| 172|0x00000000cac00000, 0x00000000cac00000, 0x00000000cad00000|  0%| F|  |TAMS 0x00000000cac00000, 0x00000000cac00000| Untracked 
| 173|0x00000000cad00000, 0x00000000cad00000, 0x00000000cae00000|  0%| F|  |TAMS 0x00000000cad00000, 0x00000000cad00000| Untracked 
| 174|0x00000000cae00000, 0x00000000cae00000, 0x00000000caf00000|  0%| F|  |TAMS 0x00000000cae00000, 0x00000000cae00000| Untracked 
| 175|0x00000000caf00000, 0x00000000caf00000, 0x00000000cb000000|  0%| F|  |TAMS 0x00000000caf00000, 0x00000000caf00000| Untracked 
| 176|0x00000000cb000000, 0x00000000cb000000, 0x00000000cb100000|  0%| F|  |TAMS 0x00000000cb000000, 0x00000000cb000000| Untracked 
| 177|0x00000000cb100000, 0x00000000cb100000, 0x00000000cb200000|  0%| F|  |TAMS 0x00000000cb100000, 0x00000000cb100000| Untracked 
| 178|0x00000000cb200000, 0x00000000cb200000, 0x00000000cb300000|  0%| F|  |TAMS 0x00000000cb200000, 0x00000000cb200000| Untracked 
| 179|0x00000000cb300000, 0x00000000cb300000, 0x00000000cb400000|  0%| F|  |TAMS 0x00000000cb300000, 0x00000000cb300000| Untracked 
| 180|0x00000000cb400000, 0x00000000cb400000, 0x00000000cb500000|  0%| F|  |TAMS 0x00000000cb400000, 0x00000000cb400000| Untracked 
| 181|0x00000000cb500000, 0x00000000cb500000, 0x00000000cb600000|  0%| F|  |TAMS 0x00000000cb500000, 0x00000000cb500000| Untracked 
| 182|0x00000000cb600000, 0x00000000cb600000, 0x00000000cb700000|  0%| F|  |TAMS 0x00000000cb600000, 0x00000000cb600000| Untracked 
| 183|0x00000000cb700000, 0x00000000cb700000, 0x00000000cb800000|  0%| F|  |TAMS 0x00000000cb700000, 0x00000000cb700000| Untracked 
| 184|0x00000000cb800000, 0x00000000cb800000, 0x00000000cb900000|  0%| F|  |TAMS 0x00000000cb800000, 0x00000000cb800000| Untracked 
| 185|0x00000000cb900000, 0x00000000cb900000, 0x00000000cba00000|  0%| F|  |TAMS 0x00000000cb900000, 0x00000000cb900000| Untracked 
| 186|0x00000000cba00000, 0x00000000cba00000, 0x00000000cbb00000|  0%| F|  |TAMS 0x00000000cba00000, 0x00000000cba00000| Untracked 
| 187|0x00000000cbb00000, 0x00000000cbb00000, 0x00000000cbc00000|  0%| F|  |TAMS 0x00000000cbb00000, 0x00000000cbb00000| Untracked 
| 188|0x00000000cbc00000, 0x00000000cbc00000, 0x00000000cbd00000|  0%| F|  |TAMS 0x00000000cbc00000, 0x00000000cbc00000| Untracked 
| 189|0x00000000cbd00000, 0x00000000cbd00000, 0x00000000cbe00000|  0%| F|  |TAMS 0x00000000cbd00000, 0x00000000cbd00000| Untracked 
| 190|0x00000000cbe00000, 0x00000000cbe00000, 0x00000000cbf00000|  0%| F|  |TAMS 0x00000000cbe00000, 0x00000000cbe00000| Untracked 
| 191|0x00000000cbf00000, 0x00000000cbf00000, 0x00000000cc000000|  0%| F|  |TAMS 0x00000000cbf00000, 0x00000000cbf00000| Untracked 
| 192|0x00000000cc000000, 0x00000000cc000000, 0x00000000cc100000|  0%| F|  |TAMS 0x00000000cc000000, 0x00000000cc000000| Untracked 
| 193|0x00000000cc100000, 0x00000000cc100000, 0x00000000cc200000|  0%| F|  |TAMS 0x00000000cc100000, 0x00000000cc100000| Untracked 
| 194|0x00000000cc200000, 0x00000000cc200000, 0x00000000cc300000|  0%| F|  |TAMS 0x00000000cc200000, 0x00000000cc200000| Untracked 
| 195|0x00000000cc300000, 0x00000000cc300000, 0x00000000cc400000|  0%| F|  |TAMS 0x00000000cc300000, 0x00000000cc300000| Untracked 
| 196|0x00000000cc400000, 0x00000000cc400000, 0x00000000cc500000|  0%| F|  |TAMS 0x00000000cc400000, 0x00000000cc400000| Untracked 
| 197|0x00000000cc500000, 0x00000000cc500000, 0x00000000cc600000|  0%| F|  |TAMS 0x00000000cc500000, 0x00000000cc500000| Untracked 
| 198|0x00000000cc600000, 0x00000000cc600000, 0x00000000cc700000|  0%| F|  |TAMS 0x00000000cc600000, 0x00000000cc600000| Untracked 
| 199|0x00000000cc700000, 0x00000000cc700000, 0x00000000cc800000|  0%| F|  |TAMS 0x00000000cc700000, 0x00000000cc700000| Untracked 
| 200|0x00000000cc800000, 0x00000000cc800000, 0x00000000cc900000|  0%| F|  |TAMS 0x00000000cc800000, 0x00000000cc800000| Untracked 
| 201|0x00000000cc900000, 0x00000000cc900000, 0x00000000cca00000|  0%| F|  |TAMS 0x00000000cc900000, 0x00000000cc900000| Untracked 
| 202|0x00000000cca00000, 0x00000000cca00000, 0x00000000ccb00000|  0%| F|  |TAMS 0x00000000cca00000, 0x00000000cca00000| Untracked 
| 203|0x00000000ccb00000, 0x00000000ccb00000, 0x00000000ccc00000|  0%| F|  |TAMS 0x00000000ccb00000, 0x00000000ccb00000| Untracked 
| 204|0x00000000ccc00000, 0x00000000ccc00000, 0x00000000ccd00000|  0%| F|  |TAMS 0x00000000ccc00000, 0x00000000ccc00000| Untracked 
| 205|0x00000000ccd00000, 0x00000000ccd00000, 0x00000000cce00000|  0%| F|  |TAMS 0x00000000ccd00000, 0x00000000ccd00000| Untracked 
| 206|0x00000000cce00000, 0x00000000cce00000, 0x00000000ccf00000|  0%| F|  |TAMS 0x00000000cce00000, 0x00000000cce00000| Untracked 
| 207|0x00000000ccf00000, 0x00000000ccf00000, 0x00000000cd000000|  0%| F|  |TAMS 0x00000000ccf00000, 0x00000000ccf00000| Untracked 
| 208|0x00000000cd000000, 0x00000000cd000000, 0x00000000cd100000|  0%| F|  |TAMS 0x00000000cd000000, 0x00000000cd000000| Untracked 
| 209|0x00000000cd100000, 0x00000000cd100000, 0x00000000cd200000|  0%| F|  |TAMS 0x00000000cd100000, 0x00000000cd100000| Untracked 
| 210|0x00000000cd200000, 0x00000000cd200000, 0x00000000cd300000|  0%| F|  |TAMS 0x00000000cd200000, 0x00000000cd200000| Untracked 
| 211|0x00000000cd300000, 0x00000000cd300000, 0x00000000cd400000|  0%| F|  |TAMS 0x00000000cd300000, 0x00000000cd300000| Untracked 
| 212|0x00000000cd400000, 0x00000000cd400000, 0x00000000cd500000|  0%| F|  |TAMS 0x00000000cd400000, 0x00000000cd400000| Untracked 
| 213|0x00000000cd500000, 0x00000000cd500000, 0x00000000cd600000|  0%| F|  |TAMS 0x00000000cd500000, 0x00000000cd500000| Untracked 
| 214|0x00000000cd600000, 0x00000000cd600000, 0x00000000cd700000|  0%| F|  |TAMS 0x00000000cd600000, 0x00000000cd600000| Untracked 
| 215|0x00000000cd700000, 0x00000000cd700000, 0x00000000cd800000|  0%| F|  |TAMS 0x00000000cd700000, 0x00000000cd700000| Untracked 
| 216|0x00000000cd800000, 0x00000000cd800000, 0x00000000cd900000|  0%| F|  |TAMS 0x00000000cd800000, 0x00000000cd800000| Untracked 
| 217|0x00000000cd900000, 0x00000000cd900000, 0x00000000cda00000|  0%| F|  |TAMS 0x00000000cd900000, 0x00000000cd900000| Untracked 
| 218|0x00000000cda00000, 0x00000000cda00000, 0x00000000cdb00000|  0%| F|  |TAMS 0x00000000cda00000, 0x00000000cda00000| Untracked 
| 219|0x00000000cdb00000, 0x00000000cdb00000, 0x00000000cdc00000|  0%| F|  |TAMS 0x00000000cdb00000, 0x00000000cdb00000| Untracked 
| 220|0x00000000cdc00000, 0x00000000cdc00000, 0x00000000cdd00000|  0%| F|  |TAMS 0x00000000cdc00000, 0x00000000cdc00000| Untracked 
| 221|0x00000000cdd00000, 0x00000000cdd00000, 0x00000000cde00000|  0%| F|  |TAMS 0x00000000cdd00000, 0x00000000cdd00000| Untracked 
| 222|0x00000000cde00000, 0x00000000cde00000, 0x00000000cdf00000|  0%| F|  |TAMS 0x00000000cde00000, 0x00000000cde00000| Untracked 
| 223|0x00000000cdf00000, 0x00000000cdf00000, 0x00000000ce000000|  0%| F|  |TAMS 0x00000000cdf00000, 0x00000000cdf00000| Untracked 
| 224|0x00000000ce000000, 0x00000000ce000000, 0x00000000ce100000|  0%| F|  |TAMS 0x00000000ce000000, 0x00000000ce000000| Untracked 
| 225|0x00000000ce100000, 0x00000000ce100000, 0x00000000ce200000|  0%| F|  |TAMS 0x00000000ce100000, 0x00000000ce100000| Untracked 
| 226|0x00000000ce200000, 0x00000000ce200000, 0x00000000ce300000|  0%| F|  |TAMS 0x00000000ce200000, 0x00000000ce200000| Untracked 
| 227|0x00000000ce300000, 0x00000000ce300000, 0x00000000ce400000|  0%| F|  |TAMS 0x00000000ce300000, 0x00000000ce300000| Untracked 
| 228|0x00000000ce400000, 0x00000000ce400000, 0x00000000ce500000|  0%| F|  |TAMS 0x00000000ce400000, 0x00000000ce400000| Untracked 
| 229|0x00000000ce500000, 0x00000000ce500000, 0x00000000ce600000|  0%| F|  |TAMS 0x00000000ce500000, 0x00000000ce500000| Untracked 
| 230|0x00000000ce600000, 0x00000000ce600000, 0x00000000ce700000|  0%| F|  |TAMS 0x00000000ce600000, 0x00000000ce600000| Untracked 
| 231|0x00000000ce700000, 0x00000000ce700000, 0x00000000ce800000|  0%| F|  |TAMS 0x00000000ce700000, 0x00000000ce700000| Untracked 
| 232|0x00000000ce800000, 0x00000000ce800000, 0x00000000ce900000|  0%| F|  |TAMS 0x00000000ce800000, 0x00000000ce800000| Untracked 
| 233|0x00000000ce900000, 0x00000000ce900000, 0x00000000cea00000|  0%| F|  |TAMS 0x00000000ce900000, 0x00000000ce900000| Untracked 
| 234|0x00000000cea00000, 0x00000000cea00000, 0x00000000ceb00000|  0%| F|  |TAMS 0x00000000cea00000, 0x00000000cea00000| Untracked 
| 235|0x00000000ceb00000, 0x00000000ceb00000, 0x00000000cec00000|  0%| F|  |TAMS 0x00000000ceb00000, 0x00000000ceb00000| Untracked 
| 236|0x00000000cec00000, 0x00000000cec00000, 0x00000000ced00000|  0%| F|  |TAMS 0x00000000cec00000, 0x00000000cec00000| Untracked 
| 237|0x00000000ced00000, 0x00000000ced00000, 0x00000000cee00000|  0%| F|  |TAMS 0x00000000ced00000, 0x00000000ced00000| Untracked 
| 238|0x00000000cee00000, 0x00000000cee00000, 0x00000000cef00000|  0%| F|  |TAMS 0x00000000cee00000, 0x00000000cee00000| Untracked 
| 239|0x00000000cef00000, 0x00000000cef00000, 0x00000000cf000000|  0%| F|  |TAMS 0x00000000cef00000, 0x00000000cef00000| Untracked 
| 240|0x00000000cf000000, 0x00000000cf000000, 0x00000000cf100000|  0%| F|  |TAMS 0x00000000cf000000, 0x00000000cf000000| Untracked 
| 241|0x00000000cf100000, 0x00000000cf100000, 0x00000000cf200000|  0%| F|  |TAMS 0x00000000cf100000, 0x00000000cf100000| Untracked 
| 242|0x00000000cf200000, 0x00000000cf200000, 0x00000000cf300000|  0%| F|  |TAMS 0x00000000cf200000, 0x00000000cf200000| Untracked 
| 243|0x00000000cf300000, 0x00000000cf300000, 0x00000000cf400000|  0%| F|  |TAMS 0x00000000cf300000, 0x00000000cf300000| Untracked 
| 244|0x00000000cf400000, 0x00000000cf400000, 0x00000000cf500000|  0%| F|  |TAMS 0x00000000cf400000, 0x00000000cf400000| Untracked 
| 245|0x00000000cf500000, 0x00000000cf500000, 0x00000000cf600000|  0%| F|  |TAMS 0x00000000cf500000, 0x00000000cf500000| Untracked 
| 246|0x00000000cf600000, 0x00000000cf600000, 0x00000000cf700000|  0%| F|  |TAMS 0x00000000cf600000, 0x00000000cf600000| Untracked 
| 247|0x00000000cf700000, 0x00000000cf700000, 0x00000000cf800000|  0%| F|  |TAMS 0x00000000cf700000, 0x00000000cf700000| Untracked 
| 248|0x00000000cf800000, 0x00000000cf800000, 0x00000000cf900000|  0%| F|  |TAMS 0x00000000cf800000, 0x00000000cf800000| Untracked 
| 249|0x00000000cf900000, 0x00000000cf900000, 0x00000000cfa00000|  0%| F|  |TAMS 0x00000000cf900000, 0x00000000cf900000| Untracked 
| 250|0x00000000cfa00000, 0x00000000cfa00000, 0x00000000cfb00000|  0%| F|  |TAMS 0x00000000cfa00000, 0x00000000cfa00000| Untracked 
| 251|0x00000000cfb00000, 0x00000000cfb00000, 0x00000000cfc00000|  0%| F|  |TAMS 0x00000000cfb00000, 0x00000000cfb00000| Untracked 
| 252|0x00000000cfc00000, 0x00000000cfc00000, 0x00000000cfd00000|  0%| F|  |TAMS 0x00000000cfc00000, 0x00000000cfc00000| Untracked 
| 253|0x00000000cfd00000, 0x00000000cfd00000, 0x00000000cfe00000|  0%| F|  |TAMS 0x00000000cfd00000, 0x00000000cfd00000| Untracked 
| 254|0x00000000cfe00000, 0x00000000cfe00000, 0x00000000cff00000|  0%| F|  |TAMS 0x00000000cfe00000, 0x00000000cfe00000| Untracked 
| 255|0x00000000cff00000, 0x00000000cff00000, 0x00000000d0000000|  0%| F|  |TAMS 0x00000000cff00000, 0x00000000cff00000| Untracked 
| 256|0x00000000d0000000, 0x00000000d0000000, 0x00000000d0100000|  0%| F|  |TAMS 0x00000000d0000000, 0x00000000d0000000| Untracked 
| 257|0x00000000d0100000, 0x00000000d0100000, 0x00000000d0200000|  0%| F|  |TAMS 0x00000000d0100000, 0x00000000d0100000| Untracked 
| 258|0x00000000d0200000, 0x00000000d0200000, 0x00000000d0300000|  0%| F|  |TAMS 0x00000000d0200000, 0x00000000d0200000| Untracked 
| 259|0x00000000d0300000, 0x00000000d0300000, 0x00000000d0400000|  0%| F|  |TAMS 0x00000000d0300000, 0x00000000d0300000| Untracked 
| 260|0x00000000d0400000, 0x00000000d0400000, 0x00000000d0500000|  0%| F|  |TAMS 0x00000000d0400000, 0x00000000d0400000| Untracked 
| 261|0x00000000d0500000, 0x00000000d0500000, 0x00000000d0600000|  0%| F|  |TAMS 0x00000000d0500000, 0x00000000d0500000| Untracked 
| 262|0x00000000d0600000, 0x00000000d0600000, 0x00000000d0700000|  0%| F|  |TAMS 0x00000000d0600000, 0x00000000d0600000| Untracked 
| 263|0x00000000d0700000, 0x00000000d0700000, 0x00000000d0800000|  0%| F|  |TAMS 0x00000000d0700000, 0x00000000d0700000| Untracked 
| 264|0x00000000d0800000, 0x00000000d0800000, 0x00000000d0900000|  0%| F|  |TAMS 0x00000000d0800000, 0x00000000d0800000| Untracked 
| 265|0x00000000d0900000, 0x00000000d0900000, 0x00000000d0a00000|  0%| F|  |TAMS 0x00000000d0900000, 0x00000000d0900000| Untracked 
| 266|0x00000000d0a00000, 0x00000000d0a00000, 0x00000000d0b00000|  0%| F|  |TAMS 0x00000000d0a00000, 0x00000000d0a00000| Untracked 
| 267|0x00000000d0b00000, 0x00000000d0b00000, 0x00000000d0c00000|  0%| F|  |TAMS 0x00000000d0b00000, 0x00000000d0b00000| Untracked 
| 268|0x00000000d0c00000, 0x00000000d0c00000, 0x00000000d0d00000|  0%| F|  |TAMS 0x00000000d0c00000, 0x00000000d0c00000| Untracked 
| 269|0x00000000d0d00000, 0x00000000d0d00000, 0x00000000d0e00000|  0%| F|  |TAMS 0x00000000d0d00000, 0x00000000d0d00000| Untracked 
| 270|0x00000000d0e00000, 0x00000000d0e00000, 0x00000000d0f00000|  0%| F|  |TAMS 0x00000000d0e00000, 0x00000000d0e00000| Untracked 
| 271|0x00000000d0f00000, 0x00000000d0f00000, 0x00000000d1000000|  0%| F|  |TAMS 0x00000000d0f00000, 0x00000000d0f00000| Untracked 
| 272|0x00000000d1000000, 0x00000000d1000000, 0x00000000d1100000|  0%| F|  |TAMS 0x00000000d1000000, 0x00000000d1000000| Untracked 
| 273|0x00000000d1100000, 0x00000000d1100000, 0x00000000d1200000|  0%| F|  |TAMS 0x00000000d1100000, 0x00000000d1100000| Untracked 
| 274|0x00000000d1200000, 0x00000000d1200000, 0x00000000d1300000|  0%| F|  |TAMS 0x00000000d1200000, 0x00000000d1200000| Untracked 
| 275|0x00000000d1300000, 0x00000000d1300000, 0x00000000d1400000|  0%| F|  |TAMS 0x00000000d1300000, 0x00000000d1300000| Untracked 
| 276|0x00000000d1400000, 0x00000000d1400000, 0x00000000d1500000|  0%| F|  |TAMS 0x00000000d1400000, 0x00000000d1400000| Untracked 
| 277|0x00000000d1500000, 0x00000000d1500000, 0x00000000d1600000|  0%| F|  |TAMS 0x00000000d1500000, 0x00000000d1500000| Untracked 
| 278|0x00000000d1600000, 0x00000000d1600000, 0x00000000d1700000|  0%| F|  |TAMS 0x00000000d1600000, 0x00000000d1600000| Untracked 
| 279|0x00000000d1700000, 0x00000000d1700000, 0x00000000d1800000|  0%| F|  |TAMS 0x00000000d1700000, 0x00000000d1700000| Untracked 
| 280|0x00000000d1800000, 0x00000000d1800000, 0x00000000d1900000|  0%| F|  |TAMS 0x00000000d1800000, 0x00000000d1800000| Untracked 
| 281|0x00000000d1900000, 0x00000000d1900000, 0x00000000d1a00000|  0%| F|  |TAMS 0x00000000d1900000, 0x00000000d1900000| Untracked 
| 282|0x00000000d1a00000, 0x00000000d1a00000, 0x00000000d1b00000|  0%| F|  |TAMS 0x00000000d1a00000, 0x00000000d1a00000| Untracked 

Card table byte_map: [0x0000025a935d0000,0x0000025a937d0000] _byte_map_base: 0x0000025a92fd0000

Marking Bits (Prev, Next): (CMBitMap*) 0x0000025a8d676b70, (CMBitMap*) 0x0000025a8d676b30
 Prev Bits: [0x0000025a949d0000, 0x0000025a959d0000)
 Next Bits: [0x0000025a939d0000, 0x0000025a949d0000)

Polling page: 0x0000025a8b540000

Metaspace:

Usage:
  Non-class:     39.22 MB used.
      Class:      5.60 MB used.
       Both:     44.82 MB used.

Virtual space:
  Non-class space:       64.00 MB reserved,      39.44 MB ( 62%) committed,  1 nodes.
      Class space:        1.00 GB reserved,       5.81 MB ( <1%) committed,  1 nodes.
             Both:        1.06 GB reserved,      45.25 MB (  4%) committed. 

Chunk freelists:
   Non-Class:  8.59 MB
       Class:  10.22 MB
        Both:  18.81 MB

MaxMetaspaceSize: unlimited
CompressedClassSpaceSize: 1.00 GB
Initial GC threshold: 21.00 MB
Current GC threshold: 69.69 MB
CDS: off
MetaspaceReclaimPolicy: balanced
 - commit_granule_bytes: 65536.
 - commit_granule_words: 8192.
 - virtual_space_node_default_size: 8388608.
 - enlarge_chunks_in_place: 1.
 - new_chunks_are_fully_committed: 0.
 - uncommit_free_chunks: 1.
 - use_allocation_guard: 0.
 - handle_deallocations: 1.


Internal statistics:

num_allocs_failed_limit: 8.
num_arena_births: 514.
num_arena_deaths: 0.
num_vsnodes_births: 2.
num_vsnodes_deaths: 0.
num_space_committed: 724.
num_space_uncommitted: 0.
num_chunks_returned_to_freelist: 8.
num_chunks_taken_from_freelist: 1925.
num_chunk_merges: 8.
num_chunk_splits: 1333.
num_chunks_enlarged: 1018.
num_inconsistent_stats: 0.

CodeCache: size=49152Kb used=10187Kb max_used=10187Kb free=38964Kb
 bounds [0x0000025a902c0000, 0x0000025a90cc0000, 0x0000025a932c0000]
 total_blobs=5026 nmethods=4447 adapters=503
 compilation: enabled
              stopped_count=0, restarted_count=0
 full_count=0

Compilation events (20 events):
Event: 4.661 Thread 0x0000025a98493ce0 nmethod 4436 0x0000025a90cac090 code [0x0000025a90cac260, 0x0000025a90cac4b8]
Event: 4.661 Thread 0x0000025a98493ce0 4439   !   1       java.security.Provider::implRemoveService (180 bytes)
Event: 4.662 Thread 0x0000025a9db669e0 nmethod 4435 0x0000025a90cac690 code [0x0000025a90cac920, 0x0000025a90cad3c8]
Event: 4.662 Thread 0x0000025a98493ce0 nmethod 4439 0x0000025a90cad810 code [0x0000025a90cada60, 0x0000025a90cae018]
Event: 4.662 Thread 0x0000025a987a5fb0 nmethod 4437 0x0000025a90cae410 code [0x0000025a90cae700, 0x0000025a90caf1d8]
Event: 4.663 Thread 0x0000025a9dcdce10 nmethod 4440 0x0000025a90caf810 code [0x0000025a90cafba0, 0x0000025a90cb0a18]
Event: 4.665 Thread 0x0000025a987a5fb0 4441       1       java.util.regex.Pattern$CharPredicate$$Lambda$101/0x0000000100151880::is (11 bytes)
Event: 4.665 Thread 0x0000025a9dcdce10 4442       1       java.util.regex.Pattern$CharPredicate::lambda$negate$3 (16 bytes)
Event: 4.665 Thread 0x0000025a9dcdce10 nmethod 4442 0x0000025a90cb1290 code [0x0000025a90cb1420, 0x0000025a90cb1528]
Event: 4.665 Thread 0x0000025a987a5fb0 nmethod 4441 0x0000025a90cb1590 code [0x0000025a90cb1740, 0x0000025a90cb18a8]
Event: 4.668 Thread 0x0000025a987a5fb0 4443       1       java.util.Vector::add (23 bytes)
Event: 4.668 Thread 0x0000025a987a5fb0 nmethod 4443 0x0000025a90cb1990 code [0x0000025a90cb1b40, 0x0000025a90cb1d28]
Event: 4.672 Thread 0x0000025a98493ce0 4444       1       java.util.concurrent.ConcurrentHashMap::resizeStamp (9 bytes)
Event: 4.672 Thread 0x0000025a98493ce0 nmethod 4444 0x0000025a90cb1e90 code [0x0000025a90cb2020, 0x0000025a90cb20e8]
Event: 4.672 Thread 0x0000025a9db669e0 4445       1       java.util.concurrent.ConcurrentHashMap::helpTransfer (123 bytes)
Event: 4.672 Thread 0x0000025a98493ce0 4446       1       sun.security.jca.ProviderList::getProvider (22 bytes)
Event: 4.673 Thread 0x0000025a98493ce0 nmethod 4446 0x0000025a90cb2190 code [0x0000025a90cb2340, 0x0000025a90cb2468]
Event: 4.673 Thread 0x0000025a9db669e0 nmethod 4445 0x0000025a90cb2590 code [0x0000025a90cb2740, 0x0000025a90cb29b8]
Event: 4.674 Thread 0x0000025a9db669e0 4447       1       java.util.regex.Pattern$TreeInfo::reset (21 bytes)
Event: 4.674 Thread 0x0000025a9db669e0 nmethod 4447 0x0000025a90cb2b10 code [0x0000025a90cb2ca0, 0x0000025a90cb2d78]

GC Heap History (20 events):
Event: 3.894 GC heap after
{Heap after GC invocations=12 (full 0):
 garbage-first heap   total 81920K, used 35629K [0x00000000c0000000, 0x0000000100000000)
  region size 1024K, 5 young (5120K), 5 survivors (5120K)
 Metaspace       used 38667K, committed 39040K, reserved 1114112K
  class space    used 5069K, committed 5248K, reserved 1048576K
}
Event: 3.965 GC heap before
{Heap before GC invocations=12 (full 0):
 garbage-first heap   total 81920K, used 58157K [0x00000000c0000000, 0x0000000100000000)
  region size 1024K, 28 young (28672K), 5 survivors (5120K)
 Metaspace       used 39392K, committed 39808K, reserved 1114112K
  class space    used 5147K, committed 5376K, reserved 1048576K
}
Event: 3.970 GC heap after
{Heap after GC invocations=13 (full 0):
 garbage-first heap   total 108544K, used 40028K [0x00000000c0000000, 0x0000000100000000)
  region size 1024K, 4 young (4096K), 4 survivors (4096K)
 Metaspace       used 39392K, committed 39808K, reserved 1114112K
  class space    used 5147K, committed 5376K, reserved 1048576K
}
Event: 4.050 GC heap before
{Heap before GC invocations=13 (full 0):
 garbage-first heap   total 108544K, used 76892K [0x00000000c0000000, 0x0000000100000000)
  region size 1024K, 41 young (41984K), 4 survivors (4096K)
 Metaspace       used 40213K, committed 40704K, reserved 1114112K
  class space    used 5224K, committed 5440K, reserved 1048576K
}
Event: 4.056 GC heap after
{Heap after GC invocations=14 (full 0):
 garbage-first heap   total 108544K, used 46473K [0x00000000c0000000, 0x0000000100000000)
  region size 1024K, 6 young (6144K), 6 survivors (6144K)
 Metaspace       used 40213K, committed 40704K, reserved 1114112K
  class space    used 5224K, committed 5440K, reserved 1048576K
}
Event: 4.117 GC heap before
{Heap before GC invocations=14 (full 0):
 garbage-first heap   total 108544K, used 78217K [0x00000000c0000000, 0x0000000100000000)
  region size 1024K, 38 young (38912K), 6 survivors (6144K)
 Metaspace       used 40615K, committed 41024K, reserved 1114112K
  class space    used 5249K, committed 5440K, reserved 1048576K
}
Event: 4.128 GC heap after
{Heap after GC invocations=15 (full 0):
 garbage-first heap   total 108544K, used 56686K [0x00000000c0000000, 0x0000000100000000)
  region size 1024K, 5 young (5120K), 5 survivors (5120K)
 Metaspace       used 40615K, committed 41024K, reserved 1114112K
  class space    used 5249K, committed 5440K, reserved 1048576K
}
Event: 4.287 GC heap before
{Heap before GC invocations=15 (full 0):
 garbage-first heap   total 108544K, used 80238K [0x00000000c0000000, 0x0000000100000000)
  region size 1024K, 29 young (29696K), 5 survivors (5120K)
 Metaspace       used 41947K, committed 42368K, reserved 1114112K
  class space    used 5357K, committed 5568K, reserved 1048576K
}
Event: 4.292 GC heap after
{Heap after GC invocations=16 (full 0):
 garbage-first heap   total 108544K, used 61559K [0x00000000c0000000, 0x0000000100000000)
  region size 1024K, 4 young (4096K), 4 survivors (4096K)
 Metaspace       used 41947K, committed 42368K, reserved 1114112K
  class space    used 5357K, committed 5568K, reserved 1048576K
}
Event: 4.381 GC heap before
{Heap before GC invocations=17 (full 0):
 garbage-first heap   total 122880K, used 84087K [0x00000000c0000000, 0x0000000100000000)
  region size 1024K, 26 young (26624K), 4 survivors (4096K)
 Metaspace       used 42697K, committed 43072K, reserved 1114112K
  class space    used 5387K, committed 5568K, reserved 1048576K
}
Event: 4.399 GC heap after
{Heap after GC invocations=18 (full 0):
 garbage-first heap   total 122880K, used 73988K [0x00000000c0000000, 0x0000000100000000)
  region size 1024K, 4 young (4096K), 4 survivors (4096K)
 Metaspace       used 42697K, committed 43072K, reserved 1114112K
  class space    used 5387K, committed 5568K, reserved 1048576K
}
Event: 4.418 GC heap before
{Heap before GC invocations=18 (full 0):
 garbage-first heap   total 122880K, used 78084K [0x00000000c0000000, 0x0000000100000000)
  region size 1024K, 9 young (9216K), 4 survivors (4096K)
 Metaspace       used 42869K, committed 43264K, reserved 1114112K
  class space    used 5405K, committed 5568K, reserved 1048576K
}
Event: 4.423 GC heap after
{Heap after GC invocations=19 (full 0):
 garbage-first heap   total 289792K, used 77689K [0x00000000c0000000, 0x0000000100000000)
  region size 1024K, 3 young (3072K), 3 survivors (3072K)
 Metaspace       used 42869K, committed 43264K, reserved 1114112K
  class space    used 5405K, committed 5568K, reserved 1048576K
}
Event: 4.517 GC heap before
{Heap before GC invocations=19 (full 0):
 garbage-first heap   total 289792K, used 166777K [0x00000000c0000000, 0x0000000100000000)
  region size 1024K, 90 young (92160K), 3 survivors (3072K)
 Metaspace       used 44310K, committed 44800K, reserved 1114112K
  class space    used 5557K, committed 5760K, reserved 1048576K
}
Event: 4.539 GC heap after
{Heap after GC invocations=20 (full 0):
 garbage-first heap   total 289792K, used 88731K [0x00000000c0000000, 0x0000000100000000)
  region size 1024K, 12 young (12288K), 12 survivors (12288K)
 Metaspace       used 44310K, committed 44800K, reserved 1114112K
  class space    used 5557K, committed 5760K, reserved 1048576K
}
Event: 4.573 GC heap before
{Heap before GC invocations=20 (full 0):
 garbage-first heap   total 289792K, used 181915K [0x00000000c0000000, 0x0000000100000000)
  region size 1024K, 104 young (106496K), 12 survivors (12288K)
 Metaspace       used 44773K, committed 45184K, reserved 1114112K
  class space    used 5597K, committed 5760K, reserved 1048576K
}
Event: 4.590 GC heap after
{Heap after GC invocations=21 (full 0):
 garbage-first heap   total 289792K, used 93204K [0x00000000c0000000, 0x0000000100000000)
  region size 1024K, 5 young (5120K), 5 survivors (5120K)
 Metaspace       used 44773K, committed 45184K, reserved 1114112K
  class space    used 5597K, committed 5760K, reserved 1048576K
}
Event: 4.631 GC heap before
{Heap before GC invocations=21 (full 0):
 garbage-first heap   total 289792K, used 198676K [0x00000000c0000000, 0x0000000100000000)
  region size 1024K, 109 young (111616K), 5 survivors (5120K)
 Metaspace       used 45129K, committed 45568K, reserved 1114112K
  class space    used 5646K, committed 5824K, reserved 1048576K
}
Event: 4.637 GC heap after
{Heap after GC invocations=22 (full 0):
 garbage-first heap   total 289792K, used 98087K [0x00000000c0000000, 0x0000000100000000)
  region size 1024K, 9 young (9216K), 9 survivors (9216K)
 Metaspace       used 45129K, committed 45568K, reserved 1114112K
  class space    used 5646K, committed 5824K, reserved 1048576K
}
Event: 4.678 GC heap before
{Heap before GC invocations=22 (full 0):
 garbage-first heap   total 289792K, used 208679K [0x00000000c0000000, 0x0000000100000000)
  region size 1024K, 118 young (120832K), 9 survivors (9216K)
 Metaspace       used 45899K, committed 46336K, reserved 1114112K
  class space    used 5738K, committed 5952K, reserved 1048576K
}

Dll operation events (7 events):
Event: 0.012 Loaded shared library c:\Users\final\.vscode\extensions\redhat.java-1.21.0-win32-x64\jre\17.0.7-win32-x86_64\bin\java.dll
Event: 0.537 Loaded shared library C:\Users\final\.vscode\extensions\redhat.java-1.21.0-win32-x64\jre\17.0.7-win32-x86_64\bin\net.dll
Event: 0.544 Loaded shared library C:\Users\final\.vscode\extensions\redhat.java-1.21.0-win32-x64\jre\17.0.7-win32-x86_64\bin\nio.dll
Event: 0.566 Loaded shared library C:\Users\final\.vscode\extensions\redhat.java-1.21.0-win32-x64\jre\17.0.7-win32-x86_64\bin\zip.dll
Event: 0.975 Loaded shared library C:\Users\final\.vscode\extensions\redhat.java-1.21.0-win32-x64\jre\17.0.7-win32-x86_64\bin\jimage.dll
Event: 3.457 Loaded shared library C:\Users\final\.vscode\extensions\redhat.java-1.21.0-win32-x64\jre\17.0.7-win32-x86_64\bin\management.dll
Event: 3.459 Loaded shared library C:\Users\final\.vscode\extensions\redhat.java-1.21.0-win32-x64\jre\17.0.7-win32-x86_64\bin\management_ext.dll

Deoptimization events (12 events):
Event: 2.426 Thread 0x0000025a8d636f60 DEOPT PACKING pc=0x0000025a908b9599 sp=0x000000787c1fd6e0
Event: 2.426 Thread 0x0000025a8d636f60 DEOPT UNPACKING pc=0x0000025a90317143 sp=0x000000787c1fcbc0 mode 3
Event: 3.649 Thread 0x0000025a9e400e10 DEOPT PACKING pc=0x0000025a90a9e535 sp=0x000000787e3fd120
Event: 3.649 Thread 0x0000025a9e400e10 DEOPT UNPACKING pc=0x0000025a90317143 sp=0x000000787e3fc638 mode 3
Event: 3.711 Thread 0x0000025a9e421290 DEOPT PACKING pc=0x0000025a90ab85ab sp=0x000000787e7fe850
Event: 3.711 Thread 0x0000025a9e421290 DEOPT UNPACKING pc=0x0000025a90317143 sp=0x000000787e7fdd98 mode 3
Event: 3.874 Thread 0x0000025a9e3f02c0 DEOPT PACKING pc=0x0000025a9085f301 sp=0x000000787e2fdbd0
Event: 3.874 Thread 0x0000025a9e3f02c0 DEOPT UNPACKING pc=0x0000025a90317143 sp=0x000000787e2fd060 mode 3
Event: 3.905 Thread 0x0000025a9e400e10 DEOPT PACKING pc=0x0000025a90835e97 sp=0x000000787e3fed90
Event: 3.905 Thread 0x0000025a9e400e10 DEOPT UNPACKING pc=0x0000025a90317143 sp=0x000000787e3fe1e8 mode 3
Event: 4.638 Thread 0x0000025a9e5e9480 DEOPT PACKING pc=0x0000025a904ab08c sp=0x000000787fcfe7e0
Event: 4.638 Thread 0x0000025a9e5e9480 DEOPT UNPACKING pc=0x0000025a90317143 sp=0x000000787fcfdca8 mode 0

Classes unloaded (0 events):
No events

Classes redefined (0 events):
No events

Internal exceptions (20 events):
Event: 3.738 Thread 0x0000025a9e3f02c0 Exception <a 'java/lang/NoSuchMethodError'{0x00000000c3828a60}: 'int java.lang.invoke.DirectMethodHandle$Holder.invokeStatic(java.lang.Object)'> (0x00000000c3828a60) 
thrown [s\src\hotspot\share\interpreter\linkResolver.cpp, line 759]
Event: 3.739 Thread 0x0000025a9e41fa80 Exception <a 'sun/nio/fs/WindowsException'{0x00000000c3834f88}> (0x00000000c3834f88) 
thrown [s\src\hotspot\share\prims\jni.cpp, line 516]
Event: 3.739 Thread 0x0000025a9e41fa80 Exception <a 'sun/nio/fs/WindowsException'{0x00000000c3835340}> (0x00000000c3835340) 
thrown [s\src\hotspot\share\prims\jni.cpp, line 516]
Event: 3.739 Thread 0x0000025a9e41fa80 Exception <a 'sun/nio/fs/WindowsException'{0x00000000c3835d50}> (0x00000000c3835d50) 
thrown [s\src\hotspot\share\prims\jni.cpp, line 516]
Event: 3.739 Thread 0x0000025a9e3f02c0 Exception <a 'java/lang/NoSuchMethodError'{0x00000000c382c108}: 'int java.lang.invoke.DirectMethodHandle$Holder.invokeStaticInit(java.lang.Object)'> (0x00000000c382c108) 
thrown [s\src\hotspot\share\interpreter\linkResolver.cpp, line 759]
Event: 3.739 Thread 0x0000025a9e41fa80 Exception <a 'sun/nio/fs/WindowsException'{0x00000000c3836128}> (0x00000000c3836128) 
thrown [s\src\hotspot\share\prims\jni.cpp, line 516]
Event: 3.739 Thread 0x0000025a9e41fa80 Exception <a 'sun/nio/fs/WindowsException'{0x00000000c3836b50}> (0x00000000c3836b50) 
thrown [s\src\hotspot\share\prims\jni.cpp, line 516]
Event: 3.739 Thread 0x0000025a9e41fa80 Exception <a 'sun/nio/fs/WindowsException'{0x00000000c3836f40}> (0x00000000c3836f40) 
thrown [s\src\hotspot\share\prims\jni.cpp, line 516]
Event: 3.739 Thread 0x0000025a9e41fa80 Exception <a 'sun/nio/fs/WindowsException'{0x00000000c3837960}> (0x00000000c3837960) 
thrown [s\src\hotspot\share\prims\jni.cpp, line 516]
Event: 3.739 Thread 0x0000025a9e41fa80 Exception <a 'sun/nio/fs/WindowsException'{0x00000000c3837d48}> (0x00000000c3837d48) 
thrown [s\src\hotspot\share\prims\jni.cpp, line 516]
Event: 3.885 Thread 0x0000025a9e4208f0 Exception <a 'sun/nio/fs/WindowsException'{0x00000000c35d1850}> (0x00000000c35d1850) 
thrown [s\src\hotspot\share\prims\jni.cpp, line 516]
Event: 3.886 Thread 0x0000025a9e5e5120 Exception <a 'sun/nio/fs/WindowsException'{0x00000000c35512b8}> (0x00000000c35512b8) 
thrown [s\src\hotspot\share\prims\jni.cpp, line 516]
Event: 3.894 Thread 0x0000025a9e41fa80 Exception <a 'sun/nio/fs/WindowsException'{0x00000000c7b1d850}> (0x00000000c7b1d850) 
thrown [s\src\hotspot\share\prims\jni.cpp, line 516]
Event: 3.895 Thread 0x0000025a9e4208f0 Exception <a 'sun/nio/fs/WindowsException'{0x00000000c7b53ca0}> (0x00000000c7b53ca0) 
thrown [s\src\hotspot\share\prims\jni.cpp, line 516]
Event: 3.895 Thread 0x0000025a9e5e5120 Exception <a 'sun/nio/fs/WindowsException'{0x00000000c7b6b6a8}> (0x00000000c7b6b6a8) 
thrown [s\src\hotspot\share\prims\jni.cpp, line 516]
Event: 3.895 Thread 0x0000025a9e422f70 Exception <a 'sun/nio/fs/WindowsException'{0x00000000c7b120b0}> (0x00000000c7b120b0) 
thrown [s\src\hotspot\share\prims\jni.cpp, line 516]
Event: 3.900 Thread 0x0000025a9e400e10 Exception <a 'java/lang/NoSuchMethodError'{0x00000000c613c698}: 'java.lang.Object java.lang.invoke.DirectMethodHandle$Holder.newInvokeSpecial(java.lang.Object, java.lang.Object, int)'> (0x00000000c613c698) 
thrown [s\src\hotspot\share\interpreter\linkResolver.cpp, line 759]
Event: 4.227 Thread 0x0000025a9e5e72d0 Exception <a 'java/lang/NoSuchMethodError'{0x00000000c5ab51b0}: 'java.lang.Object java.lang.invoke.Invokers$Holder.invoke_MT(java.lang.Object, java.lang.Object, java.lang.Object)'> (0x00000000c5ab51b0) 
thrown [s\src\hotspot\share\interpreter\linkResolver.cpp, line 759]
Event: 4.455 Thread 0x0000025a9e5e9480 Exception <a 'java/lang/NoSuchMethodError'{0x00000000d0f22bd8}: 'void java.lang.invoke.DirectMethodHandle$Holder.invokeVirtual(java.lang.Object, java.lang.Object, java.lang.Object, java.lang.Object)'> (0x00000000d0f22bd8) 
thrown [s\src\hotspot\share\interpreter\linkResolver.cpp, line 759]
Event: 4.663 Thread 0x0000025a9e5e9480 Exception <a 'sun/nio/fs/WindowsException'{0x00000000cd45b160}> (0x00000000cd45b160) 
thrown [s\src\hotspot\share\prims\jni.cpp, line 516]

VM Operations (20 events):
Event: 4.488 Executing VM operation: HandshakeAllThreads done
Event: 4.516 Executing VM operation: G1CollectForAllocation
Event: 4.539 Executing VM operation: G1CollectForAllocation done
Event: 4.573 Executing VM operation: G1CollectForAllocation
Event: 4.573 Executing VM operation: G1CollectForAllocation done
Event: 4.573 Executing VM operation: G1CollectForAllocation
Event: 4.590 Executing VM operation: G1CollectForAllocation done
Event: 4.617 Executing VM operation: HandshakeAllThreads
Event: 4.631 Executing VM operation: HandshakeAllThreads done
Event: 4.631 Executing VM operation: G1CollectForAllocation
Event: 4.637 Executing VM operation: G1CollectForAllocation done
Event: 4.639 Executing VM operation: HandshakeAllThreads
Event: 4.640 Executing VM operation: HandshakeAllThreads done
Event: 4.644 Executing VM operation: HandshakeAllThreads
Event: 4.645 Executing VM operation: HandshakeAllThreads done
Event: 4.664 Executing VM operation: HandshakeAllThreads
Event: 4.665 Executing VM operation: HandshakeAllThreads done
Event: 4.678 Executing VM operation: G1CollectForAllocation
Event: 4.678 Executing VM operation: G1CollectForAllocation done
Event: 4.678 Executing VM operation: G1CollectForAllocation

Events (20 events):
Event: 4.672 loading class sun/security/ssl/SSLCipher$T11BlockReadCipherGenerator
Event: 4.672 loading class sun/security/ssl/SSLCipher$T11BlockReadCipherGenerator done
Event: 4.672 loading class sun/security/ssl/SSLCipher$T11BlockWriteCipherGenerator
Event: 4.673 loading class sun/security/ssl/SSLCipher$T11BlockWriteCipherGenerator done
Event: 4.673 loading class javax/crypto/JceSecurityManager
Event: 4.673 loading class javax/crypto/JceSecurityManager done
Event: 4.673 loading class javax/crypto/JceSecurityManager$1
Event: 4.673 loading class javax/crypto/JceSecurityManager$1 done
Event: 4.673 loading class com/sun/crypto/provider/DESedeCipher
Event: 4.673 loading class com/sun/crypto/provider/DESedeCipher done
Event: 4.673 loading class com/sun/crypto/provider/DESedeCrypt
Event: 4.674 loading class com/sun/crypto/provider/DESedeCrypt done
Event: 4.674 loading class com/sun/crypto/provider/AESCipher$General
Event: 4.674 loading class com/sun/crypto/provider/AESCipher
Event: 4.674 loading class com/sun/crypto/provider/AESCipher done
Event: 4.674 loading class com/sun/crypto/provider/AESCipher$General done
Event: 4.674 loading class com/sun/crypto/provider/AESCrypt
Event: 4.674 loading class com/sun/crypto/provider/AESConstants
Event: 4.674 loading class com/sun/crypto/provider/AESConstants done
Event: 4.675 loading class com/sun/crypto/provider/AESCrypt done


Dynamic libraries:
0x00007ff6ce950000 - 0x00007ff6ce95e000 	c:\Users\final\.vscode\extensions\redhat.java-1.21.0-win32-x64\jre\17.0.7-win32-x86_64\bin\java.exe
0x00007ffb6e410000 - 0x00007ffb6e608000 	C:\WINDOWS\SYSTEM32\ntdll.dll
0x00007ffb6d250000 - 0x00007ffb6d30f000 	C:\WINDOWS\System32\KERNEL32.DLL
0x00007ffb6c0f0000 - 0x00007ffb6c3e6000 	C:\WINDOWS\System32\KERNELBASE.dll
0x00007ffb6bb80000 - 0x00007ffb6bc80000 	C:\WINDOWS\System32\ucrtbase.dll
0x00007ffb52410000 - 0x00007ffb52427000 	c:\Users\final\.vscode\extensions\redhat.java-1.21.0-win32-x64\jre\17.0.7-win32-x86_64\bin\jli.dll
0x00007ffb6d310000 - 0x00007ffb6d4ad000 	C:\WINDOWS\System32\USER32.dll
0x00007ffb6bb50000 - 0x00007ffb6bb72000 	C:\WINDOWS\System32\win32u.dll
0x00007ffb6e0a0000 - 0x00007ffb6e0cc000 	C:\WINDOWS\System32\GDI32.dll
0x00007ffb6bfd0000 - 0x00007ffb6c0e5000 	C:\WINDOWS\System32\gdi32full.dll
0x00007ffb6bea0000 - 0x00007ffb6bf3d000 	C:\WINDOWS\System32\msvcp_win.dll
0x00007ffb52230000 - 0x00007ffb52249000 	c:\Users\final\.vscode\extensions\redhat.java-1.21.0-win32-x64\jre\17.0.7-win32-x86_64\bin\VCRUNTIME140.dll
0x00007ffb40080000 - 0x00007ffb4031a000 	C:\WINDOWS\WinSxS\amd64_microsoft.windows.common-controls_6595b64144ccf1df_6.0.19041.1110_none_60b5254171f9507e\COMCTL32.dll
0x00007ffb6c4d0000 - 0x00007ffb6c56e000 	C:\WINDOWS\System32\msvcrt.dll
0x00007ffb6e070000 - 0x00007ffb6e0a0000 	C:\WINDOWS\System32\IMM32.DLL
0x00007ffb56c70000 - 0x00007ffb56c7c000 	c:\Users\final\.vscode\extensions\redhat.java-1.21.0-win32-x64\jre\17.0.7-win32-x86_64\bin\vcruntime140_1.dll
0x00007ffb4f730000 - 0x00007ffb4f7c1000 	c:\Users\final\.vscode\extensions\redhat.java-1.21.0-win32-x64\jre\17.0.7-win32-x86_64\bin\msvcp140.dll
0x00007ffaff640000 - 0x00007ffb00288000 	c:\Users\final\.vscode\extensions\redhat.java-1.21.0-win32-x64\jre\17.0.7-win32-x86_64\bin\server\jvm.dll
0x00007ffb6d1a0000 - 0x00007ffb6d24f000 	C:\WINDOWS\System32\ADVAPI32.dll
0x00007ffb6d0a0000 - 0x00007ffb6d13c000 	C:\WINDOWS\System32\sechost.dll
0x00007ffb6c6a0000 - 0x00007ffb6c7c6000 	C:\WINDOWS\System32\RPCRT4.dll
0x00007ffb2c880000 - 0x00007ffb2c889000 	C:\WINDOWS\SYSTEM32\WSOCK32.dll
0x00007ffb6c7e0000 - 0x00007ffb6c84b000 	C:\WINDOWS\System32\WS2_32.dll
0x00007ffb45bb0000 - 0x00007ffb45bd7000 	C:\WINDOWS\SYSTEM32\WINMM.dll
0x00007ffb63fb0000 - 0x00007ffb63fba000 	C:\WINDOWS\SYSTEM32\VERSION.dll
0x00007ffb6a390000 - 0x00007ffb6a3a2000 	C:\WINDOWS\SYSTEM32\kernel.appcore.dll
0x00007ffb55a30000 - 0x00007ffb55a3a000 	c:\Users\final\.vscode\extensions\redhat.java-1.21.0-win32-x64\jre\17.0.7-win32-x86_64\bin\jimage.dll
0x00007ffb69780000 - 0x00007ffb69964000 	C:\WINDOWS\SYSTEM32\DBGHELP.DLL
0x00007ffb59d90000 - 0x00007ffb59dc4000 	C:\WINDOWS\SYSTEM32\dbgcore.DLL
0x00007ffb6bf40000 - 0x00007ffb6bfc2000 	C:\WINDOWS\System32\bcryptPrimitives.dll
0x00007ffb51300000 - 0x00007ffb51325000 	c:\Users\final\.vscode\extensions\redhat.java-1.21.0-win32-x64\jre\17.0.7-win32-x86_64\bin\java.dll
0x00007ffb52070000 - 0x00007ffb52088000 	c:\Users\final\.vscode\extensions\redhat.java-1.21.0-win32-x64\jre\17.0.7-win32-x86_64\bin\zip.dll
0x00007ffb6d920000 - 0x00007ffb6e064000 	C:\WINDOWS\System32\SHELL32.dll
0x00007ffb69be0000 - 0x00007ffb6a374000 	C:\WINDOWS\SYSTEM32\windows.storage.dll
0x00007ffb6c970000 - 0x00007ffb6ccc4000 	C:\WINDOWS\System32\combase.dll
0x00007ffb6b590000 - 0x00007ffb6b5be000 	C:\WINDOWS\SYSTEM32\Wldp.dll
0x00007ffb6e100000 - 0x00007ffb6e1ad000 	C:\WINDOWS\System32\SHCORE.dll
0x00007ffb6ccd0000 - 0x00007ffb6cd25000 	C:\WINDOWS\System32\shlwapi.dll
0x00007ffb6ba80000 - 0x00007ffb6baa5000 	C:\WINDOWS\SYSTEM32\profapi.dll
0x00007ffb4f710000 - 0x00007ffb4f729000 	C:\Users\final\.vscode\extensions\redhat.java-1.21.0-win32-x64\jre\17.0.7-win32-x86_64\bin\net.dll
0x00007ffb61740000 - 0x00007ffb6184a000 	C:\WINDOWS\SYSTEM32\WINHTTP.dll
0x00007ffb6b2f0000 - 0x00007ffb6b35a000 	C:\WINDOWS\system32\mswsock.dll
0x00007ffb4f3f0000 - 0x00007ffb4f405000 	C:\Users\final\.vscode\extensions\redhat.java-1.21.0-win32-x64\jre\17.0.7-win32-x86_64\bin\nio.dll
0x00007ffb6b4f0000 - 0x00007ffb6b508000 	C:\WINDOWS\SYSTEM32\CRYPTSP.dll
0x00007ffb6aba0000 - 0x00007ffb6abd4000 	C:\WINDOWS\system32\rsaenh.dll
0x00007ffb6c3f0000 - 0x00007ffb6c417000 	C:\WINDOWS\System32\bcrypt.dll
0x00007ffb6ba40000 - 0x00007ffb6ba6e000 	C:\WINDOWS\SYSTEM32\USERENV.dll
0x00007ffb6b4e0000 - 0x00007ffb6b4ec000 	C:\WINDOWS\SYSTEM32\CRYPTBASE.dll
0x00007ffb6af90000 - 0x00007ffb6afcc000 	C:\WINDOWS\SYSTEM32\IPHLPAPI.DLL
0x00007ffb6e0f0000 - 0x00007ffb6e0f8000 	C:\WINDOWS\System32\NSI.dll
0x00007ffb638e0000 - 0x00007ffb638f7000 	C:\WINDOWS\SYSTEM32\dhcpcsvc6.DLL
0x00007ffb62b00000 - 0x00007ffb62b1d000 	C:\WINDOWS\SYSTEM32\dhcpcsvc.DLL
0x00007ffb6afd0000 - 0x00007ffb6b09a000 	C:\WINDOWS\SYSTEM32\DNSAPI.dll
0x00007ffb66000000 - 0x00007ffb66009000 	C:\Users\final\.vscode\extensions\redhat.java-1.21.0-win32-x64\jre\17.0.7-win32-x86_64\bin\management.dll
0x00007ffb65ff0000 - 0x00007ffb65ffb000 	C:\Users\final\.vscode\extensions\redhat.java-1.21.0-win32-x64\jre\17.0.7-win32-x86_64\bin\management_ext.dll
0x00007ffb6d090000 - 0x00007ffb6d098000 	C:\WINDOWS\System32\PSAPI.DLL

dbghelp: loaded successfully - version: 4.0.5 - missing functions: none
symbol engine: initialized successfully - sym options: 0x614 - pdb path: .;c:\Users\final\.vscode\extensions\redhat.java-1.21.0-win32-x64\jre\17.0.7-win32-x86_64\bin;C:\WINDOWS\SYSTEM32;C:\WINDOWS\WinSxS\amd64_microsoft.windows.common-controls_6595b64144ccf1df_6.0.19041.1110_none_60b5254171f9507e;c:\Users\final\.vscode\extensions\redhat.java-1.21.0-win32-x64\jre\17.0.7-win32-x86_64\bin\server

VM Arguments:
jvm_args: -XX:+HeapDumpOnOutOfMemoryError -Xmx1024m -Dsts.lsp.client=vscode -Dsts.log.file=/dev/null -XX:TieredStopAtLevel=1 -Xlog:jni+resolve=off -Dspring.config.location=file:c:\Users\final\.vscode\extensions\vmware.vscode-spring-boot-1.47.0\language-server\BOOT-INF\classes\application.properties 
java_command: org.springframework.ide.vscode.boot.app.BootLanguageServerBootApp
java_class_path (initial): c:\Users\final\.vscode\extensions\vmware.vscode-spring-boot-1.47.0\language-server\BOOT-INF\classes;c:\Users\final\.vscode\extensions\vmware.vscode-spring-boot-1.47.0\language-server\BOOT-INF\lib\annotations-24.0.1.jar;c:\Users\final\.vscode\extensions\vmware.vscode-spring-boot-1.47.0\language-server\BOOT-INF\lib\antlr-runtime-3.5.3.jar;c:\Users\final\.vscode\extensions\vmware.vscode-spring-boot-1.47.0\language-server\BOOT-INF\lib\antlr4-4.11.1.jar;c:\Users\final\.vscode\extensions\vmware.vscode-spring-boot-1.47.0\language-server\BOOT-INF\lib\antlr4-runtime-4.11.1.jar;c:\Users\final\.vscode\extensions\vmware.vscode-spring-boot-1.47.0\language-server\BOOT-INF\lib\aopalliance-1.0.jar;c:\Users\final\.vscode\extensions\vmware.vscode-spring-boot-1.47.0\language-server\BOOT-INF\lib\asm-9.5.jar;c:\Users\final\.vscode\extensions\vmware.vscode-spring-boot-1.47.0\language-server\BOOT-INF\lib\asm-analysis-9.5.jar;c:\Users\final\.vscode\extensions\vmware.vscode-spring-boot-1.47.0\language-server\BOOT-INF\lib\asm-tree-9.5.jar;c:\Users\final\.vscode\extensions\vmware.vscode-spring-boot-1.47.0\language-server\BOOT-INF\lib\asm-util-9.5.jar;c:\Users\final\.vscode\extensions\vmware.vscode-spring-boot-1.47.0\language-server\BOOT-INF\lib\auto-common-1.2.1.jar;c:\Users\final\.vscode\extensions\vmware.vscode-spring-boot-1.47.0\language-server\BOOT-INF\lib\auto-value-annotations-1.9.jar;c:\Users\final\.vscode\extensions\vmware.vscode-spring-boot-1.47.0\language-server\BOOT-INF\lib\caffeine-3.1.2.jar;c:\Users\final\.vscode\extensions\vmware.vscode-spring-boot-1.47.0\language-server\BOOT-INF\lib\checker-qual-3.12.0.jar;c:\Users\final\.vscode\extensions\vmware.vscode-spring-boot-1.47.0\language-server\BOOT-INF\lib\classgraph-4.8.149.jar;c:\Users\final\.vscode\extensions\vmware.vscode-spring-boot-1.47.0\language-server\BOOT-INF\lib\commons-codec-1.15.jar;c:\Users\final\.vscode\extensions\vmware.vscode-spring-boot-1.47.0\language-server\BOOT-INF\lib\commons-compres
Launcher Type: SUN_STANDARD

[Global flags]
     intx CICompilerCount                          = 4                                         {product} {ergonomic}
     uint ConcGCThreads                            = 2                                         {product} {ergonomic}
     uint G1ConcRefinementThreads                  = 8                                         {product} {ergonomic}
   size_t G1HeapRegionSize                         = 1048576                                   {product} {ergonomic}
    uintx GCDrainStackTargetSize                   = 64                                        {product} {ergonomic}
     bool HeapDumpOnOutOfMemoryError               = true                                   {manageable} {command line}
   size_t InitialHeapSize                          = 130023424                                 {product} {ergonomic}
   size_t MarkStackSize                            = 4194304                                   {product} {ergonomic}
   size_t MaxHeapSize                              = 1073741824                                {product} {command line}
   size_t MaxNewSize                               = 643825664                                 {product} {ergonomic}
   size_t MinHeapDeltaBytes                        = 1048576                                   {product} {ergonomic}
   size_t MinHeapSize                              = 8388608                                   {product} {ergonomic}
    uintx NonProfiledCodeHeapSize                  = 0                                      {pd product} {ergonomic}
     bool ProfileInterpreter                       = false                                  {pd product} {command line}
    uintx ProfiledCodeHeapSize                     = 0                                      {pd product} {ergonomic}
   size_t SoftMaxHeapSize                          = 1073741824                             {manageable} {ergonomic}
     intx TieredStopAtLevel                        = 1                                         {product} {command line}
     bool UseCompressedClassPointers               = true                           {product lp64_product} {ergonomic}
     bool UseCompressedOops                        = true                           {product lp64_product} {ergonomic}
     bool UseG1GC                                  = true                                      {product} {ergonomic}
     bool UseLargePagesIndividualAllocation        = false                                  {pd product} {ergonomic}

Logging:
Log output configuration:
 #0: stdout all=warning,jni+resolve=off uptime,level,tags
 #1: stderr all=off uptime,level,tags

Environment Variables:
JAVA_HOME=C:\Program Files\Java\jdk-20
CLASSPATH=C:\Program Files\SAP\SAP Business One DI API\JCO\LIB\sbowrapper.jar;C:\Program Files\SAP\SAP Business One DI API\JCO\LIB\sboapi.jar
PATH=C:\Program Files\Eclipse Adoptium\jdk-17.0.7.7-hotspot\bin;C:\Program Files\Common Files\Oracle\Java\javapath;C:\oraclexe\app\oracle\product\11.2.0\server\bin;C:\Program Files\Microsoft MPI\Bin\;D:\OracleBDD\bin;D:\Oracle\bin;C:\Oracle\bin;C:\ProgramData\Oracle\Java\javapath;C:\WINDOWS\system32;C:\WINDOWS;C:\WINDOWS\System32\Wbem;C:\WINDOWS\System32\WindowsPowerShell\v1.0\;C:\WINDOWS\System32\OpenSSH\;C:\Program Files\Microsoft SQL Server\Client SDK\ODBC\170\Tools\Binn\;C:\Program Files (x86)\Microsoft SQL Server\150\Tools\Binn\;C:\Program Files\Microsoft SQL Server\150\Tools\Binn\;C:\Program Files\Microsoft SQL Server\150\DTS\Binn\;C:\Program Files\dotnet\;C:\Program Files (x86)\Intel\Intel(R) Management Engine Components\DAL;C:\Program Files\Intel\Intel(R) Management Engine Components\DAL;C:\Program Files\Microsoft SQL Server\Client SDK\ODBC\130\Tools\Binn\;D:\Program Files\nodejs\;D:\Program Files\Java\jdk1.8.0_301\bin;C:\Program Files (x86)\Java\jdk-19.0.2\bin;C:\Program Files\SAP\SAP Business One DI API\JCO\LIB\;C:\Program Files\SAP\SAP Business One DI API\DI API 90;C:\Program Files\PuTTY\;C:\Program Files\Git\cmd;C:\Program Files\MongoDB\Server\5.0\bin;C:\Users\final\AppData\Local\Programs\Python\Python310\Scripts\;C:\Users\final\AppData\Local\Programs\Python\Python310\;C:\Users\final\AppData\Local\Microsoft\WindowsApps;C:\Users\final\.dotnet\tools;D:\Microsoft VS Code\bin;C:\Users\final\AppData\Roaming\npm;C:\Users\final\AppData\Roaming\Python\Python39\Scripts\;C:\Program Files\Git\bin;C:\Users\Public;C:\src\flutter\bin;C:\Program Files\Azure Data Studio\bin;C:\Program Files\Java\jdk-20\bin;C:\Users\final\AppData\Local\GitHubDesktop\bin
USERNAME=JERRY
OS=Windows_NT
PROCESSOR_IDENTIFIER=Intel64 Family 6 Model 142 Stepping 10, GenuineIntel
TMP=C:\Users\final\AppData\Local\Temp
TEMP=C:\Users\final\AppData\Local\Temp



---------------  S Y S T E M  ---------------

OS:
 Windows 10 , 64 bit Build 19041 (10.0.19041.3155)
OS uptime: 0 days 0:59 hours

CPU: total 8 (initial active 8) (4 cores per cpu, 2 threads per core) family 6 model 142 stepping 10 microcode 0xf0, cx8, cmov, fxsr, ht, mmx, 3dnowpref, sse, sse2, sse3, ssse3, sse4.1, sse4.2, popcnt, lzcnt, tsc, tscinvbit, avx, avx2, aes, erms, clmul, bmi1, bmi2, adx, fma, vzeroupper, clflush, clflushopt

Memory: 4k page, system-wide physical 7844M (905M free)
TotalPageFile size 9892M (AvailPageFile size 159M)
current process WorkingSet (physical memory assigned to process): 371M, peak: 371M
current process commit charge ("private bytes"): 446M, peak: 651M

vm_info: OpenJDK 64-Bit Server VM (17.0.7+7) for windows-amd64 JRE (17.0.7+7), built on Apr 18 2023 22:10:42 by "temurin" with MS VC++ 16.7 (VS2019)

END.
