#
# There is insufficient memory for the Java Runtime Environment to continue.
# Native memory allocation (mmap) failed to map 146800640 bytes for G1 virtual space
# Possible reasons:
#   The system is out of physical RAM or swap space
#   The process is running with CompressedOops enabled, and the Java Heap may be blocking the growth of the native heap
# Possible solutions:
#   Reduce memory load on the system
#   Increase physical memory or swap space
#   Check if swap backing store is full
#   Decrease Java heap size (-Xmx/-Xms)
#   Decrease number of Java threads
#   Decrease Java thread stack sizes (-Xss)
#   Set larger code cache with -XX:ReservedCodeCacheSize=
#   JVM is running with Unscaled Compressed Oops mode in which the Java heap is
#     placed in the first 4GB address space. The Java Heap base address is the
#     maximum limit for the native heap growth. Please use -XX:HeapBaseMinAddress
#     to set the Java Heap base and to place the Java Heap above 4GB virtual address.
# This output file may be truncated or incomplete.
#
#  Out of Memory Error (os_windows.cpp:3559), pid=11696, tid=6908
#
# JRE version: OpenJDK Runtime Environment Temurin-17.0.7+7 (17.0.7+7) (build 17.0.7+7)
# Java VM: OpenJDK 64-Bit Server VM Temurin-17.0.7+7 (17.0.7+7, mixed mode, emulated-client, tiered, compressed oops, compressed class ptrs, g1 gc, windows-amd64)
# No core dump will be written. Minidumps are not enabled by default on client versions of Windows
#

---------------  S U M M A R Y ------------

Command Line: -XX:+HeapDumpOnOutOfMemoryError -Xmx1024m -Dsts.lsp.client=vscode -Dsts.log.file=/dev/null -XX:TieredStopAtLevel=1 -Xlog:jni+resolve=off -Dspring.config.location=file:c:\Users\final\.vscode\extensions\vmware.vscode-spring-boot-1.47.0\language-server\BOOT-INF\classes\application.properties org.springframework.ide.vscode.boot.app.BootLanguageServerBootApp

Host: Intel(R) Core(TM) i7-8550U CPU @ 1.80GHz, 8 cores, 7G,  Windows 10 , 64 bit Build 19041 (10.0.19041.3155)
Time: Thu Jul 27 12:36:24 2023 Hora est. Pacífico, Sudamérica elapsed time: 7.683317 seconds (0d 0h 0m 7s)

---------------  T H R E A D  ---------------

Current thread (0x000001ef0abedab0):  VMThread "VM Thread" [stack: 0x000000bdec300000,0x000000bdec400000] [id=6908]

Stack: [0x000000bdec300000,0x000000bdec400000]
Native frames: (J=compiled Java code, j=interpreted, Vv=VM code, C=native code)
V  [jvm.dll+0x67754a]
V  [jvm.dll+0x834304]
V  [jvm.dll+0x835aae]
V  [jvm.dll+0x836113]
V  [jvm.dll+0x24696f]
V  [jvm.dll+0x6743f9]
V  [jvm.dll+0x668c8a]
V  [jvm.dll+0x3061bb]
V  [jvm.dll+0x30d6a6]
V  [jvm.dll+0x35cece]
V  [jvm.dll+0x35d0ff]
V  [jvm.dll+0x2dd048]
V  [jvm.dll+0x2db20c]
V  [jvm.dll+0x2da7dc]
V  [jvm.dll+0x31e6db]
V  [jvm.dll+0x83a5bb]
V  [jvm.dll+0x83b2f4]
V  [jvm.dll+0x83b80c]
V  [jvm.dll+0x83bbe4]
V  [jvm.dll+0x83bcb0]
V  [jvm.dll+0x7e4e7a]
V  [jvm.dll+0x676395]
C  [ucrtbase.dll+0x21bb2]
C  [KERNEL32.DLL+0x17614]
C  [ntdll.dll+0x526b1]

VM_Operation (0x000000bdee7fe130): G1CollectForAllocation, mode: safepoint, requested by thread 0x000001ef103e8080


---------------  P R O C E S S  ---------------

Threads class SMR info:
_java_thread_list=0x000001ef115afd90, length=47, elements={
0x000001ef0ac03740, 0x000001ef0ac042c0, 0x000001ef0ac31af0, 0x000001ef0ac32670,
0x000001ef0ac33f40, 0x000001ef0ac34800, 0x000001ef0ac35170, 0x000001ef0ac47010,
0x000001ef0f1e4160, 0x000001ef0f1f7940, 0x000001ef0f207550, 0x000001ef10064040,
0x000001ef10064550, 0x000001ef107b2040, 0x000001ef0f11ee00, 0x000001ef0f9f8030,
0x000001ef10478020, 0x000001ef7fd0ba00, 0x000001ef0fa380b0, 0x000001ef0fa37010,
0x000001ef0fb779a0, 0x000001ef0faa3650, 0x000001ef103eb0a0, 0x000001ef103e8a20,
0x000001ef103e8ef0, 0x000001ef103eba40, 0x000001ef103e93c0, 0x000001ef103e8080,
0x000001ef103eabd0, 0x000001ef103ea700, 0x000001ef103e8550, 0x000001ef103eb570,
0x000001ef103e9890, 0x000001ef103ea230, 0x000001ef103e9d60, 0x000001ef10954730,
0x000001ef10951710, 0x000001ef10951be0, 0x000001ef10956410, 0x000001ef109550d0,
0x000001ef109508a0, 0x000001ef109533f0, 0x000001ef109520b0, 0x000001ef109568e0,
0x000001ef10954c00, 0x000001ef10957c20, 0x000001ef109538c0
}

Java Threads: ( => current thread )
  0x000001ef0ac03740 JavaThread "Reference Handler" daemon [_thread_blocked, id=5032, stack(0x000000bdec400000,0x000000bdec500000)]
  0x000001ef0ac042c0 JavaThread "Finalizer" daemon [_thread_blocked, id=16440, stack(0x000000bdec500000,0x000000bdec600000)]
  0x000001ef0ac31af0 JavaThread "Signal Dispatcher" daemon [_thread_blocked, id=16824, stack(0x000000bdec600000,0x000000bdec700000)]
  0x000001ef0ac32670 JavaThread "Attach Listener" daemon [_thread_blocked, id=6228, stack(0x000000bdec700000,0x000000bdec800000)]
  0x000001ef0ac33f40 JavaThread "Service Thread" daemon [_thread_blocked, id=2464, stack(0x000000bdec800000,0x000000bdec900000)]
  0x000001ef0ac34800 JavaThread "Monitor Deflation Thread" daemon [_thread_blocked, id=4152, stack(0x000000bdec900000,0x000000bdeca00000)]
  0x000001ef0ac35170 JavaThread "C1 CompilerThread0" daemon [_thread_blocked, id=10812, stack(0x000000bdeca00000,0x000000bdecb00000)]
  0x000001ef0ac47010 JavaThread "Sweeper thread" daemon [_thread_blocked, id=7068, stack(0x000000bdecb00000,0x000000bdecc00000)]
  0x000001ef0f1e4160 JavaThread "C1 CompilerThread1" daemon [_thread_blocked, id=5100, stack(0x000000bdecc00000,0x000000bdecd00000)]
  0x000001ef0f1f7940 JavaThread "Notification Thread" daemon [_thread_blocked, id=8772, stack(0x000000bdecd00000,0x000000bdece00000)]
  0x000001ef0f207550 JavaThread "Common-Cleaner" daemon [_thread_blocked, id=12576, stack(0x000000bdecf00000,0x000000bded000000)]
  0x000001ef10064040 JavaThread "C1 CompilerThread2" daemon [_thread_blocked, id=5620, stack(0x000000bded800000,0x000000bded900000)]
  0x000001ef10064550 JavaThread "C1 CompilerThread3" daemon [_thread_blocked, id=4624, stack(0x000000bded900000,0x000000bdeda00000)]
  0x000001ef107b2040 JavaThread "boundedElastic-evictor-1" daemon [_thread_blocked, id=384, stack(0x000000bded700000,0x000000bded800000)]
  0x000001ef0f11ee00 JavaThread "boundedElastic-evictor-2" daemon [_thread_blocked, id=14416, stack(0x000000bdedb00000,0x000000bdedc00000)]
  0x000001ef0f9f8030 JavaThread "pool-10-thread-1" [_thread_blocked, id=13852, stack(0x000000bdedc00000,0x000000bdedd00000)]
  0x000001ef10478020 JavaThread "LanguageServerApp-lifecycle" [_thread_blocked, id=13804, stack(0x000000bdedd00000,0x000000bdede00000)]
  0x000001ef7fd0ba00 JavaThread "DestroyJavaVM" [_thread_blocked, id=1896, stack(0x000000bdebd00000,0x000000bdebe00000)]
  0x000001ef0fa380b0 JavaThread "pool-11-thread-1" [_thread_in_native, id=9916, stack(0x000000bdede00000,0x000000bdedf00000)]
  0x000001ef0fa37010 JavaThread "Simple-Language-Server main thread" daemon [_thread_blocked, id=14288, stack(0x000000bdedf00000,0x000000bdee000000)]
  0x000001ef0fb779a0 JavaThread "pool-2-thread-1" [_thread_blocked, id=11752, stack(0x000000bdee000000,0x000000bdee100000)]
  0x000001ef0faa3650 JavaThread "pool-2-thread-2" [_thread_blocked, id=14328, stack(0x000000bdee100000,0x000000bdee200000)]
  0x000001ef103eb0a0 JavaThread "pool-2-thread-3" [_thread_blocked, id=9256, stack(0x000000bdee200000,0x000000bdee300000)]
  0x000001ef103e8a20 JavaThread "pool-6-thread-1" [_thread_blocked, id=16968, stack(0x000000bdee300000,0x000000bdee400000)]
  0x000001ef103e8ef0 JavaThread "ForkJoinPool.commonPool-worker-1" daemon [_thread_blocked, id=7180, stack(0x000000bdee400000,0x000000bdee500000)]
  0x000001ef103eba40 JavaThread "ClassGraph-worker-0" daemon [_thread_blocked, id=13076, stack(0x000000bdee500000,0x000000bdee600000)]
  0x000001ef103e93c0 JavaThread "ClassGraph-worker-1" daemon [_thread_blocked, id=7272, stack(0x000000bdee600000,0x000000bdee700000)]
  0x000001ef103e8080 JavaThread "ClassGraph-worker-2" daemon [_thread_blocked, id=15880, stack(0x000000bdee700000,0x000000bdee800000)]
  0x000001ef103eabd0 JavaThread "ClassGraph-worker-3" daemon [_thread_blocked, id=8896, stack(0x000000bdee800000,0x000000bdee900000)]
  0x000001ef103ea700 JavaThread "ClassGraph-worker-4" daemon [_thread_blocked, id=6712, stack(0x000000bdee900000,0x000000bdeea00000)]
  0x000001ef103e8550 JavaThread "ClassGraph-worker-5" daemon [_thread_blocked, id=6672, stack(0x000000bdeea00000,0x000000bdeeb00000)]
  0x000001ef103eb570 JavaThread "ClassGraph-worker-6" daemon [_thread_blocked, id=8556, stack(0x000000bdeeb00000,0x000000bdeec00000)]
  0x000001ef103e9890 JavaThread "ClassGraph-worker-7" daemon [_thread_blocked, id=7332, stack(0x000000bdeec00000,0x000000bdeed00000)]
  0x000001ef103ea230 JavaThread "ClassGraph-worker-8" daemon [_thread_blocked, id=13448, stack(0x000000bdeed00000,0x000000bdeee00000)]
  0x000001ef103e9d60 JavaThread "ClassGraph-worker-9" daemon [_thread_blocked, id=9180, stack(0x000000bdeee00000,0x000000bdeef00000)]
  0x000001ef10954730 JavaThread "ClassGraph-worker-10" daemon [_thread_blocked, id=10672, stack(0x000000bdeef00000,0x000000bdef000000)]
  0x000001ef10951710 JavaThread "ClassGraph-worker-11" daemon [_thread_blocked, id=3524, stack(0x000000bdef000000,0x000000bdef100000)]
  0x000001ef10951be0 JavaThread "ClassGraph-worker-12" daemon [_thread_blocked, id=17304, stack(0x000000bdef100000,0x000000bdef200000)]
  0x000001ef10956410 JavaThread "ClassGraph-worker-13" daemon [_thread_blocked, id=14828, stack(0x000000bdef200000,0x000000bdef300000)]
  0x000001ef109550d0 JavaThread "parallel-1" daemon [_thread_blocked, id=8908, stack(0x000000bdef300000,0x000000bdef400000)]
  0x000001ef109508a0 JavaThread "pool-3-thread-1" [_thread_blocked, id=6064, stack(0x000000bdef400000,0x000000bdef500000)]
  0x000001ef109533f0 JavaThread "ForkJoinPool.commonPool-worker-2" daemon [_thread_blocked, id=8020, stack(0x000000bdef500000,0x000000bdef600000)]
  0x000001ef109520b0 JavaThread "pool-3-thread-2" [_thread_blocked, id=6680, stack(0x000000bdef600000,0x000000bdef700000)]
  0x000001ef109568e0 JavaThread "pool-4-thread-1" [_thread_blocked, id=8028, stack(0x000000bdef700000,0x000000bdef800000)]
  0x000001ef10954c00 JavaThread "parallel-2" daemon [_thread_blocked, id=16256, stack(0x000000bdef800000,0x000000bdef900000)]
  0x000001ef10957c20 JavaThread "Project-Reconciler-1" daemon [_thread_blocked, id=11956, stack(0x000000bdef900000,0x000000bdefa00000)]
  0x000001ef109538c0 JavaThread "ForkJoinPool.commonPool-worker-3" daemon [_thread_blocked, id=3956, stack(0x000000bdefa00000,0x000000bdefb00000)]

Other Threads:
=>0x000001ef0abedab0 VMThread "VM Thread" [stack: 0x000000bdec300000,0x000000bdec400000] [id=6908]
  0x000001ef0f1f7e10 WatcherThread [stack: 0x000000bdece00000,0x000000bdecf00000] [id=1636]
  0x000001ef7fd48a60 GCTaskThread "GC Thread#0" [stack: 0x000000bdebe00000,0x000000bdebf00000] [id=11496]
  0x000001ef0fc4f7f0 GCTaskThread "GC Thread#1" [stack: 0x000000bded000000,0x000000bded100000] [id=15908]
  0x000001ef0fafc580 GCTaskThread "GC Thread#2" [stack: 0x000000bded100000,0x000000bded200000] [id=5292]
  0x000001ef0fcd23b0 GCTaskThread "GC Thread#3" [stack: 0x000000bded200000,0x000000bded300000] [id=8088]
  0x000001ef0fef5f40 GCTaskThread "GC Thread#4" [stack: 0x000000bded300000,0x000000bded400000] [id=4748]
  0x000001ef0ff02430 GCTaskThread "GC Thread#5" [stack: 0x000000bded400000,0x000000bded500000] [id=14712]
  0x000001ef0ff0a6f0 GCTaskThread "GC Thread#6" [stack: 0x000000bded500000,0x000000bded600000] [id=10084]
  0x000001ef0ff0a9a0 GCTaskThread "GC Thread#7" [stack: 0x000000bded600000,0x000000bded700000] [id=2340]
  0x000001ef7fd518a0 ConcurrentGCThread "G1 Main Marker" [stack: 0x000000bdebf00000,0x000000bdec000000] [id=12320]
  0x000001ef7fd521b0 ConcurrentGCThread "G1 Conc#0" [stack: 0x000000bdec000000,0x000000bdec100000] [id=11444]
  0x000001ef10150b70 ConcurrentGCThread "G1 Conc#1" [stack: 0x000000bdeda00000,0x000000bdedb00000] [id=13188]
  0x000001ef7fdcaaf0 ConcurrentGCThread "G1 Refine#0" [stack: 0x000000bdec100000,0x000000bdec200000] [id=12984]
  0x000001ef11760af0 ConcurrentGCThread "G1 Refine#1" [stack: 0x000000bdefb00000,0x000000bdefc00000] [id=6344]
  0x000001ef7fdcb410 ConcurrentGCThread "G1 Service" [stack: 0x000000bdec200000,0x000000bdec300000] [id=2432]

Threads with active compile tasks:
C1 CompilerThread1     7713 4472       1       java.util.concurrent.locks.ReentrantLock$NonfairSync::tryAcquire (27 bytes)
C1 CompilerThread3     7714 4471       1       java.util.concurrent.locks.AbstractQueuedSynchronizer::acquireInterruptibly (36 bytes)

VM state: at safepoint (normal execution)

VM Mutex/Monitor currently owned by a thread:  ([mutex/lock_event])
[0x000001ef7fd071d0] Threads_lock - owner thread: 0x000001ef0abedab0
[0x000001ef7fd06210] Heap_lock - owner thread: 0x000001ef103e8080

Heap address: 0x00000000c0000000, size: 1024 MB, Compressed Oops mode: 32-bit

CDS archive(s) not mapped
Compressed class space mapped at: 0x0000000100000000-0x0000000140000000, reserved size: 1073741824
Narrow klass base: 0x0000000000000000, Narrow klass shift: 3, Narrow klass range: 0x140000000

GC Precious Log:
 CPUs: 8 total, 8 available
 Memory: 7844M
 Large Page Support: Disabled
 NUMA Support: Disabled
 Compressed Oops: Enabled (32-bit)
 Heap Region Size: 1M
 Heap Min Capacity: 8M
 Heap Initial Capacity: 124M
 Heap Max Capacity: 1G
 Pre-touch: Disabled
 Parallel Workers: 8
 Concurrent Workers: 2
 Concurrent Refinement Workers: 8
 Periodic GC: Disabled

Heap:
 garbage-first heap   total 334848K, used 109759K [0x00000000c0000000, 0x0000000100000000)
  region size 1024K, 12 young (12288K), 12 survivors (12288K)
 Metaspace       used 45134K, committed 45568K, reserved 1114112K
  class space    used 5689K, committed 5888K, reserved 1048576K

Heap Regions: E=young(eden), S=young(survivor), O=old, HS=humongous(starts), HC=humongous(continues), CS=collection set, F=free, OA=open archive, CA=closed archive, TAMS=top-at-mark-start (previous, next)
|   0|0x00000000c0000000, 0x00000000c0100000, 0x00000000c0100000|100%|HS|  |TAMS 0x00000000c0100000, 0x00000000c0000000| Complete 
|   1|0x00000000c0100000, 0x00000000c0200000, 0x00000000c0200000|100%| O|  |TAMS 0x00000000c0200000, 0x00000000c0100000| Untracked 
|   2|0x00000000c0200000, 0x00000000c0300000, 0x00000000c0300000|100%| O|  |TAMS 0x00000000c0300000, 0x00000000c0200000| Untracked 
|   3|0x00000000c0300000, 0x00000000c0400000, 0x00000000c0400000|100%| O|  |TAMS 0x00000000c0400000, 0x00000000c0300000| Untracked 
|   4|0x00000000c0400000, 0x00000000c0500000, 0x00000000c0500000|100%| O|  |TAMS 0x00000000c0500000, 0x00000000c0400000| Untracked 
|   5|0x00000000c0500000, 0x00000000c0600000, 0x00000000c0600000|100%| O|  |TAMS 0x00000000c0600000, 0x00000000c0500000| Untracked 
|   6|0x00000000c0600000, 0x00000000c0700000, 0x00000000c0700000|100%| O|  |TAMS 0x00000000c0700000, 0x00000000c0600000| Untracked 
|   7|0x00000000c0700000, 0x00000000c0800000, 0x00000000c0800000|100%| O|  |TAMS 0x00000000c0800000, 0x00000000c0700000| Untracked 
|   8|0x00000000c0800000, 0x00000000c0900000, 0x00000000c0900000|100%| O|  |TAMS 0x00000000c0900000, 0x00000000c0800000| Untracked 
|   9|0x00000000c0900000, 0x00000000c0a00000, 0x00000000c0a00000|100%| O|  |TAMS 0x00000000c0a00000, 0x00000000c0900000| Untracked 
|  10|0x00000000c0a00000, 0x00000000c0b00000, 0x00000000c0b00000|100%|HS|  |TAMS 0x00000000c0a00000, 0x00000000c0a00000| Complete 
|  11|0x00000000c0b00000, 0x00000000c0c00000, 0x00000000c0c00000|100%| O|  |TAMS 0x00000000c0c00000, 0x00000000c0b00000| Untracked 
|  12|0x00000000c0c00000, 0x00000000c0d00000, 0x00000000c0d00000|100%| O|  |TAMS 0x00000000c0d00000, 0x00000000c0c00000| Untracked 
|  13|0x00000000c0d00000, 0x00000000c0e00000, 0x00000000c0e00000|100%| O|  |TAMS 0x00000000c0e00000, 0x00000000c0d00000| Untracked 
|  14|0x00000000c0e00000, 0x00000000c0f00000, 0x00000000c0f00000|100%| O|  |TAMS 0x00000000c0f00000, 0x00000000c0e00000| Untracked 
|  15|0x00000000c0f00000, 0x00000000c1000000, 0x00000000c1000000|100%| O|  |TAMS 0x00000000c1000000, 0x00000000c0f00000| Untracked 
|  16|0x00000000c1000000, 0x00000000c1100000, 0x00000000c1100000|100%| O|  |TAMS 0x00000000c1100000, 0x00000000c1000000| Untracked 
|  17|0x00000000c1100000, 0x00000000c1200000, 0x00000000c1200000|100%| O|  |TAMS 0x00000000c1200000, 0x00000000c1100000| Untracked 
|  18|0x00000000c1200000, 0x00000000c1300000, 0x00000000c1300000|100%| O|  |TAMS 0x00000000c1300000, 0x00000000c1200000| Untracked 
|  19|0x00000000c1300000, 0x00000000c1400000, 0x00000000c1400000|100%| O|  |TAMS 0x00000000c1400000, 0x00000000c1300000| Untracked 
|  20|0x00000000c1400000, 0x00000000c1500000, 0x00000000c1500000|100%| O|  |TAMS 0x00000000c1500000, 0x00000000c1400000| Untracked 
|  21|0x00000000c1500000, 0x00000000c1600000, 0x00000000c1600000|100%| O|  |TAMS 0x00000000c1600000, 0x00000000c1500000| Untracked 
|  22|0x00000000c1600000, 0x00000000c1700000, 0x00000000c1700000|100%| O|  |TAMS 0x00000000c1700000, 0x00000000c1600000| Untracked 
|  23|0x00000000c1700000, 0x00000000c1800000, 0x00000000c1800000|100%| O|  |TAMS 0x00000000c1800000, 0x00000000c1700000| Untracked 
|  24|0x00000000c1800000, 0x00000000c1900000, 0x00000000c1900000|100%| O|  |TAMS 0x00000000c1900000, 0x00000000c1800000| Untracked 
|  25|0x00000000c1900000, 0x00000000c1a00000, 0x00000000c1a00000|100%| O|  |TAMS 0x00000000c1a00000, 0x00000000c1900000| Untracked 
|  26|0x00000000c1a00000, 0x00000000c1b00000, 0x00000000c1b00000|100%| O|  |TAMS 0x00000000c1b00000, 0x00000000c1a00000| Untracked 
|  27|0x00000000c1b00000, 0x00000000c1c00000, 0x00000000c1c00000|100%| O|  |TAMS 0x00000000c1c00000, 0x00000000c1b00000| Untracked 
|  28|0x00000000c1c00000, 0x00000000c1d00000, 0x00000000c1d00000|100%| O|  |TAMS 0x00000000c1d00000, 0x00000000c1c00000| Untracked 
|  29|0x00000000c1d00000, 0x00000000c1e00000, 0x00000000c1e00000|100%| O|  |TAMS 0x00000000c1e00000, 0x00000000c1d00000| Untracked 
|  30|0x00000000c1e00000, 0x00000000c1f00000, 0x00000000c1f00000|100%| O|  |TAMS 0x00000000c1f00000, 0x00000000c1e00000| Untracked 
|  31|0x00000000c1f00000, 0x00000000c2000000, 0x00000000c2000000|100%| O|  |TAMS 0x00000000c2000000, 0x00000000c1f00000| Untracked 
|  32|0x00000000c2000000, 0x00000000c2100000, 0x00000000c2100000|100%| O|  |TAMS 0x00000000c2100000, 0x00000000c2000000| Untracked 
|  33|0x00000000c2100000, 0x00000000c2200000, 0x00000000c2200000|100%| O|  |TAMS 0x00000000c2200000, 0x00000000c2100000| Untracked 
|  34|0x00000000c2200000, 0x00000000c2300000, 0x00000000c2300000|100%| O|  |TAMS 0x00000000c2300000, 0x00000000c2200000| Untracked 
|  35|0x00000000c2300000, 0x00000000c2400000, 0x00000000c2400000|100%| O|  |TAMS 0x00000000c2400000, 0x00000000c2300000| Untracked 
|  36|0x00000000c2400000, 0x00000000c2500000, 0x00000000c2500000|100%| O|  |TAMS 0x00000000c2500000, 0x00000000c2400000| Untracked 
|  37|0x00000000c2500000, 0x00000000c2600000, 0x00000000c2600000|100%| O|  |TAMS 0x00000000c2600000, 0x00000000c2500000| Untracked 
|  38|0x00000000c2600000, 0x00000000c2700000, 0x00000000c2700000|100%| O|  |TAMS 0x00000000c2700000, 0x00000000c2600000| Untracked 
|  39|0x00000000c2700000, 0x00000000c2800000, 0x00000000c2800000|100%| O|  |TAMS 0x00000000c2800000, 0x00000000c2700000| Untracked 
|  40|0x00000000c2800000, 0x00000000c2900000, 0x00000000c2900000|100%| O|  |TAMS 0x00000000c2900000, 0x00000000c2800000| Untracked 
|  41|0x00000000c2900000, 0x00000000c2a00000, 0x00000000c2a00000|100%| O|  |TAMS 0x00000000c2a00000, 0x00000000c2900000| Untracked 
|  42|0x00000000c2a00000, 0x00000000c2b00000, 0x00000000c2b00000|100%| O|  |TAMS 0x00000000c2b00000, 0x00000000c2a00000| Untracked 
|  43|0x00000000c2b00000, 0x00000000c2c00000, 0x00000000c2c00000|100%| O|  |TAMS 0x00000000c2c00000, 0x00000000c2b00000| Untracked 
|  44|0x00000000c2c00000, 0x00000000c2d00000, 0x00000000c2d00000|100%| O|  |TAMS 0x00000000c2d00000, 0x00000000c2c00000| Untracked 
|  45|0x00000000c2d00000, 0x00000000c2e00000, 0x00000000c2e00000|100%| O|  |TAMS 0x00000000c2e00000, 0x00000000c2d00000| Untracked 
|  46|0x00000000c2e00000, 0x00000000c2f00000, 0x00000000c2f00000|100%| O|  |TAMS 0x00000000c2f00000, 0x00000000c2e00000| Untracked 
|  47|0x00000000c2f00000, 0x00000000c3000000, 0x00000000c3000000|100%| O|  |TAMS 0x00000000c3000000, 0x00000000c2f00000| Untracked 
|  48|0x00000000c3000000, 0x00000000c3100000, 0x00000000c3100000|100%| O|  |TAMS 0x00000000c3100000, 0x00000000c3000000| Untracked 
|  49|0x00000000c3100000, 0x00000000c3200000, 0x00000000c3200000|100%| O|  |TAMS 0x00000000c3137200, 0x00000000c3100000| Untracked 
|  50|0x00000000c3200000, 0x00000000c3300000, 0x00000000c3300000|100%| O|  |TAMS 0x00000000c3200000, 0x00000000c3200000| Untracked 
|  51|0x00000000c3300000, 0x00000000c3400000, 0x00000000c3400000|100%| O|  |TAMS 0x00000000c3300000, 0x00000000c3300000| Untracked 
|  52|0x00000000c3400000, 0x00000000c3500000, 0x00000000c3500000|100%| O|  |TAMS 0x00000000c3400000, 0x00000000c3400000| Untracked 
|  53|0x00000000c3500000, 0x00000000c3600000, 0x00000000c3600000|100%| O|  |TAMS 0x00000000c3500000, 0x00000000c3500000| Untracked 
|  54|0x00000000c3600000, 0x00000000c3700000, 0x00000000c3700000|100%| O|  |TAMS 0x00000000c3600000, 0x00000000c3600000| Untracked 
|  55|0x00000000c3700000, 0x00000000c3800000, 0x00000000c3800000|100%| O|  |TAMS 0x00000000c3700000, 0x00000000c3700000| Untracked 
|  56|0x00000000c3800000, 0x00000000c3900000, 0x00000000c3900000|100%| O|  |TAMS 0x00000000c3800000, 0x00000000c3800000| Untracked 
|  57|0x00000000c3900000, 0x00000000c3a00000, 0x00000000c3a00000|100%| O|  |TAMS 0x00000000c3900000, 0x00000000c3900000| Untracked 
|  58|0x00000000c3a00000, 0x00000000c3b00000, 0x00000000c3b00000|100%| O|  |TAMS 0x00000000c3a00000, 0x00000000c3a00000| Untracked 
|  59|0x00000000c3b00000, 0x00000000c3c00000, 0x00000000c3c00000|100%| O|  |TAMS 0x00000000c3b00000, 0x00000000c3b00000| Untracked 
|  60|0x00000000c3c00000, 0x00000000c3d00000, 0x00000000c3d00000|100%| O|  |TAMS 0x00000000c3c00000, 0x00000000c3c00000| Untracked 
|  61|0x00000000c3d00000, 0x00000000c3e00000, 0x00000000c3e00000|100%| O|  |TAMS 0x00000000c3d00000, 0x00000000c3d00000| Untracked 
|  62|0x00000000c3e00000, 0x00000000c3f00000, 0x00000000c3f00000|100%| O|  |TAMS 0x00000000c3e00000, 0x00000000c3e00000| Untracked 
|  63|0x00000000c3f00000, 0x00000000c4000000, 0x00000000c4000000|100%|HS|  |TAMS 0x00000000c3f00000, 0x00000000c3f00000| Complete 
|  64|0x00000000c4000000, 0x00000000c4100000, 0x00000000c4100000|100%| O|  |TAMS 0x00000000c4000000, 0x00000000c4000000| Untracked 
|  65|0x00000000c4100000, 0x00000000c4200000, 0x00000000c4200000|100%| O|  |TAMS 0x00000000c4100000, 0x00000000c4100000| Untracked 
|  66|0x00000000c4200000, 0x00000000c4300000, 0x00000000c4300000|100%| O|  |TAMS 0x00000000c4200000, 0x00000000c4200000| Untracked 
|  67|0x00000000c4300000, 0x00000000c4400000, 0x00000000c4400000|100%| O|  |TAMS 0x00000000c4300000, 0x00000000c4300000| Untracked 
|  68|0x00000000c4400000, 0x00000000c4500000, 0x00000000c4500000|100%| O|  |TAMS 0x00000000c4400000, 0x00000000c4400000| Untracked 
|  69|0x00000000c4500000, 0x00000000c4600000, 0x00000000c4600000|100%| O|  |TAMS 0x00000000c4500000, 0x00000000c4500000| Untracked 
|  70|0x00000000c4600000, 0x00000000c4700000, 0x00000000c4700000|100%| O|  |TAMS 0x00000000c4600000, 0x00000000c4600000| Untracked 
|  71|0x00000000c4700000, 0x00000000c4800000, 0x00000000c4800000|100%| O|  |TAMS 0x00000000c4700000, 0x00000000c4700000| Untracked 
|  72|0x00000000c4800000, 0x00000000c4900000, 0x00000000c4900000|100%| O|  |TAMS 0x00000000c4800000, 0x00000000c4800000| Untracked 
|  73|0x00000000c4900000, 0x00000000c4a00000, 0x00000000c4a00000|100%| O|  |TAMS 0x00000000c4900000, 0x00000000c4900000| Untracked 
|  74|0x00000000c4a00000, 0x00000000c4b00000, 0x00000000c4b00000|100%| O|  |TAMS 0x00000000c4a00000, 0x00000000c4a00000| Untracked 
|  75|0x00000000c4b00000, 0x00000000c4c00000, 0x00000000c4c00000|100%| O|  |TAMS 0x00000000c4b00000, 0x00000000c4b00000| Untracked 
|  76|0x00000000c4c00000, 0x00000000c4d00000, 0x00000000c4d00000|100%| O|  |TAMS 0x00000000c4c00000, 0x00000000c4c00000| Untracked 
|  77|0x00000000c4d00000, 0x00000000c4e00000, 0x00000000c4e00000|100%| O|  |TAMS 0x00000000c4d00000, 0x00000000c4d00000| Untracked 
|  78|0x00000000c4e00000, 0x00000000c4f00000, 0x00000000c4f00000|100%| O|  |TAMS 0x00000000c4e00000, 0x00000000c4e00000| Untracked 
|  79|0x00000000c4f00000, 0x00000000c5000000, 0x00000000c5000000|100%| O|  |TAMS 0x00000000c4f00000, 0x00000000c4f00000| Untracked 
|  80|0x00000000c5000000, 0x00000000c5100000, 0x00000000c5100000|100%| O|  |TAMS 0x00000000c5000000, 0x00000000c5000000| Untracked 
|  81|0x00000000c5100000, 0x00000000c5200000, 0x00000000c5200000|100%| O|  |TAMS 0x00000000c5100000, 0x00000000c5100000| Untracked 
|  82|0x00000000c5200000, 0x00000000c5300000, 0x00000000c5300000|100%| O|  |TAMS 0x00000000c5200000, 0x00000000c5200000| Untracked 
|  83|0x00000000c5300000, 0x00000000c5400000, 0x00000000c5400000|100%| O|  |TAMS 0x00000000c5300000, 0x00000000c5300000| Untracked 
|  84|0x00000000c5400000, 0x00000000c5500000, 0x00000000c5500000|100%| O|  |TAMS 0x00000000c5400000, 0x00000000c5400000| Untracked 
|  85|0x00000000c5500000, 0x00000000c5600000, 0x00000000c5600000|100%| O|  |TAMS 0x00000000c5500000, 0x00000000c5500000| Untracked 
|  86|0x00000000c5600000, 0x00000000c5700000, 0x00000000c5700000|100%| O|  |TAMS 0x00000000c5600000, 0x00000000c5600000| Untracked 
|  87|0x00000000c5700000, 0x00000000c5800000, 0x00000000c5800000|100%| O|  |TAMS 0x00000000c5700000, 0x00000000c5700000| Untracked 
|  88|0x00000000c5800000, 0x00000000c5900000, 0x00000000c5900000|100%| O|  |TAMS 0x00000000c5800000, 0x00000000c5800000| Untracked 
|  89|0x00000000c5900000, 0x00000000c5a00000, 0x00000000c5a00000|100%| O|  |TAMS 0x00000000c5900000, 0x00000000c5900000| Untracked 
|  90|0x00000000c5a00000, 0x00000000c5b00000, 0x00000000c5b00000|100%| O|  |TAMS 0x00000000c5a00000, 0x00000000c5a00000| Untracked 
|  91|0x00000000c5b00000, 0x00000000c5c00000, 0x00000000c5c00000|100%| O|  |TAMS 0x00000000c5b00000, 0x00000000c5b00000| Untracked 
|  92|0x00000000c5c00000, 0x00000000c5d00000, 0x00000000c5d00000|100%| O|  |TAMS 0x00000000c5c00000, 0x00000000c5c00000| Untracked 
|  93|0x00000000c5d00000, 0x00000000c5e00000, 0x00000000c5e00000|100%| O|  |TAMS 0x00000000c5d00000, 0x00000000c5d00000| Untracked 
|  94|0x00000000c5e00000, 0x00000000c5f00000, 0x00000000c5f00000|100%| O|  |TAMS 0x00000000c5e00000, 0x00000000c5e00000| Untracked 
|  95|0x00000000c5f00000, 0x00000000c5f40408, 0x00000000c6000000| 25%| O|  |TAMS 0x00000000c5f00000, 0x00000000c5f00000| Untracked 
|  96|0x00000000c6000000, 0x00000000c6000000, 0x00000000c6100000|  0%| F|  |TAMS 0x00000000c6000000, 0x00000000c6000000| Untracked 
|  97|0x00000000c6100000, 0x00000000c6100000, 0x00000000c6200000|  0%| F|  |TAMS 0x00000000c6100000, 0x00000000c6100000| Untracked 
|  98|0x00000000c6200000, 0x00000000c6200000, 0x00000000c6300000|  0%| F|  |TAMS 0x00000000c6200000, 0x00000000c6200000| Untracked 
|  99|0x00000000c6300000, 0x00000000c6300000, 0x00000000c6400000|  0%| F|  |TAMS 0x00000000c6300000, 0x00000000c6300000| Untracked 
| 100|0x00000000c6400000, 0x00000000c6400000, 0x00000000c6500000|  0%| F|  |TAMS 0x00000000c6400000, 0x00000000c6400000| Untracked 
| 101|0x00000000c6500000, 0x00000000c6500000, 0x00000000c6600000|  0%| F|  |TAMS 0x00000000c6500000, 0x00000000c6500000| Untracked 
| 102|0x00000000c6600000, 0x00000000c6600000, 0x00000000c6700000|  0%| F|  |TAMS 0x00000000c6600000, 0x00000000c6600000| Untracked 
| 103|0x00000000c6700000, 0x00000000c6700000, 0x00000000c6800000|  0%| F|  |TAMS 0x00000000c6700000, 0x00000000c6700000| Untracked 
| 104|0x00000000c6800000, 0x00000000c6800000, 0x00000000c6900000|  0%| F|  |TAMS 0x00000000c6800000, 0x00000000c6800000| Untracked 
| 105|0x00000000c6900000, 0x00000000c6900000, 0x00000000c6a00000|  0%| F|  |TAMS 0x00000000c6900000, 0x00000000c6900000| Untracked 
| 106|0x00000000c6a00000, 0x00000000c6a00000, 0x00000000c6b00000|  0%| F|  |TAMS 0x00000000c6a00000, 0x00000000c6a00000| Untracked 
| 107|0x00000000c6b00000, 0x00000000c6b00000, 0x00000000c6c00000|  0%| F|  |TAMS 0x00000000c6b00000, 0x00000000c6b00000| Untracked 
| 108|0x00000000c6c00000, 0x00000000c6c00000, 0x00000000c6d00000|  0%| F|  |TAMS 0x00000000c6c00000, 0x00000000c6c00000| Untracked 
| 109|0x00000000c6d00000, 0x00000000c6d00000, 0x00000000c6e00000|  0%| F|  |TAMS 0x00000000c6d00000, 0x00000000c6d00000| Untracked 
| 110|0x00000000c6e00000, 0x00000000c6e00000, 0x00000000c6f00000|  0%| F|  |TAMS 0x00000000c6e00000, 0x00000000c6e00000| Untracked 
| 111|0x00000000c6f00000, 0x00000000c6f00000, 0x00000000c7000000|  0%| F|  |TAMS 0x00000000c6f00000, 0x00000000c6f00000| Untracked 
| 112|0x00000000c7000000, 0x00000000c7000000, 0x00000000c7100000|  0%| F|  |TAMS 0x00000000c7000000, 0x00000000c7000000| Untracked 
| 113|0x00000000c7100000, 0x00000000c7100000, 0x00000000c7200000|  0%| F|  |TAMS 0x00000000c7100000, 0x00000000c7100000| Untracked 
| 114|0x00000000c7200000, 0x00000000c7200000, 0x00000000c7300000|  0%| F|  |TAMS 0x00000000c7200000, 0x00000000c7200000| Untracked 
| 115|0x00000000c7300000, 0x00000000c7300000, 0x00000000c7400000|  0%| F|  |TAMS 0x00000000c7300000, 0x00000000c7300000| Untracked 
| 116|0x00000000c7400000, 0x00000000c7400000, 0x00000000c7500000|  0%| F|  |TAMS 0x00000000c7400000, 0x00000000c7400000| Untracked 
| 117|0x00000000c7500000, 0x00000000c7500000, 0x00000000c7600000|  0%| F|  |TAMS 0x00000000c7500000, 0x00000000c7500000| Untracked 
| 118|0x00000000c7600000, 0x00000000c7600000, 0x00000000c7700000|  0%| F|  |TAMS 0x00000000c7600000, 0x00000000c7600000| Untracked 
| 119|0x00000000c7700000, 0x00000000c7700000, 0x00000000c7800000|  0%| F|  |TAMS 0x00000000c7700000, 0x00000000c7700000| Untracked 
| 120|0x00000000c7800000, 0x00000000c7800000, 0x00000000c7900000|  0%| F|  |TAMS 0x00000000c7800000, 0x00000000c7800000| Untracked 
| 121|0x00000000c7900000, 0x00000000c7900000, 0x00000000c7a00000|  0%| F|  |TAMS 0x00000000c7900000, 0x00000000c7900000| Untracked 
| 122|0x00000000c7a00000, 0x00000000c7a00000, 0x00000000c7b00000|  0%| F|  |TAMS 0x00000000c7a00000, 0x00000000c7a00000| Untracked 
| 123|0x00000000c7b00000, 0x00000000c7b00000, 0x00000000c7c00000|  0%| F|  |TAMS 0x00000000c7b00000, 0x00000000c7b00000| Untracked 
| 124|0x00000000c7c00000, 0x00000000c7c00000, 0x00000000c7d00000|  0%| F|  |TAMS 0x00000000c7c00000, 0x00000000c7c00000| Untracked 
| 125|0x00000000c7d00000, 0x00000000c7d00000, 0x00000000c7e00000|  0%| F|  |TAMS 0x00000000c7d00000, 0x00000000c7d00000| Untracked 
| 126|0x00000000c7e00000, 0x00000000c7e00000, 0x00000000c7f00000|  0%| F|  |TAMS 0x00000000c7e00000, 0x00000000c7e00000| Untracked 
| 127|0x00000000c7f00000, 0x00000000c7f00000, 0x00000000c8000000|  0%| F|  |TAMS 0x00000000c7f00000, 0x00000000c7f00000| Untracked 
| 128|0x00000000c8000000, 0x00000000c8000000, 0x00000000c8100000|  0%| F|  |TAMS 0x00000000c8000000, 0x00000000c8000000| Untracked 
| 129|0x00000000c8100000, 0x00000000c8100000, 0x00000000c8200000|  0%| F|  |TAMS 0x00000000c8100000, 0x00000000c8100000| Untracked 
| 130|0x00000000c8200000, 0x00000000c8200000, 0x00000000c8300000|  0%| F|  |TAMS 0x00000000c8200000, 0x00000000c8200000| Untracked 
| 131|0x00000000c8300000, 0x00000000c8300000, 0x00000000c8400000|  0%| F|  |TAMS 0x00000000c8300000, 0x00000000c8300000| Untracked 
| 132|0x00000000c8400000, 0x00000000c8400000, 0x00000000c8500000|  0%| F|  |TAMS 0x00000000c8400000, 0x00000000c8400000| Untracked 
| 133|0x00000000c8500000, 0x00000000c8500000, 0x00000000c8600000|  0%| F|  |TAMS 0x00000000c8500000, 0x00000000c8500000| Untracked 
| 134|0x00000000c8600000, 0x00000000c8600000, 0x00000000c8700000|  0%| F|  |TAMS 0x00000000c8600000, 0x00000000c8600000| Untracked 
| 135|0x00000000c8700000, 0x00000000c8700000, 0x00000000c8800000|  0%| F|  |TAMS 0x00000000c8700000, 0x00000000c8700000| Untracked 
| 136|0x00000000c8800000, 0x00000000c8800000, 0x00000000c8900000|  0%| F|  |TAMS 0x00000000c8800000, 0x00000000c8800000| Untracked 
| 137|0x00000000c8900000, 0x00000000c8900000, 0x00000000c8a00000|  0%| F|  |TAMS 0x00000000c8900000, 0x00000000c8900000| Untracked 
| 138|0x00000000c8a00000, 0x00000000c8a00000, 0x00000000c8b00000|  0%| F|  |TAMS 0x00000000c8a00000, 0x00000000c8a00000| Untracked 
| 139|0x00000000c8b00000, 0x00000000c8b00000, 0x00000000c8c00000|  0%| F|  |TAMS 0x00000000c8b00000, 0x00000000c8b00000| Untracked 
| 140|0x00000000c8c00000, 0x00000000c8c00000, 0x00000000c8d00000|  0%| F|  |TAMS 0x00000000c8c00000, 0x00000000c8c00000| Untracked 
| 141|0x00000000c8d00000, 0x00000000c8d00000, 0x00000000c8e00000|  0%| F|  |TAMS 0x00000000c8d00000, 0x00000000c8d00000| Untracked 
| 142|0x00000000c8e00000, 0x00000000c8e00000, 0x00000000c8f00000|  0%| F|  |TAMS 0x00000000c8e00000, 0x00000000c8e00000| Untracked 
| 143|0x00000000c8f00000, 0x00000000c8f00000, 0x00000000c9000000|  0%| F|  |TAMS 0x00000000c8f00000, 0x00000000c8f00000| Untracked 
| 144|0x00000000c9000000, 0x00000000c9000000, 0x00000000c9100000|  0%| F|  |TAMS 0x00000000c9000000, 0x00000000c9000000| Untracked 
| 145|0x00000000c9100000, 0x00000000c9100000, 0x00000000c9200000|  0%| F|  |TAMS 0x00000000c9100000, 0x00000000c9100000| Untracked 
| 146|0x00000000c9200000, 0x00000000c9200000, 0x00000000c9300000|  0%| F|  |TAMS 0x00000000c9200000, 0x00000000c9200000| Untracked 
| 147|0x00000000c9300000, 0x00000000c9300000, 0x00000000c9400000|  0%| F|  |TAMS 0x00000000c9300000, 0x00000000c9300000| Untracked 
| 148|0x00000000c9400000, 0x00000000c9400000, 0x00000000c9500000|  0%| F|  |TAMS 0x00000000c9400000, 0x00000000c9400000| Untracked 
| 149|0x00000000c9500000, 0x00000000c9500000, 0x00000000c9600000|  0%| F|  |TAMS 0x00000000c9500000, 0x00000000c9500000| Untracked 
| 150|0x00000000c9600000, 0x00000000c9600000, 0x00000000c9700000|  0%| F|  |TAMS 0x00000000c9600000, 0x00000000c9600000| Untracked 
| 151|0x00000000c9700000, 0x00000000c9700000, 0x00000000c9800000|  0%| F|  |TAMS 0x00000000c9700000, 0x00000000c9700000| Untracked 
| 152|0x00000000c9800000, 0x00000000c9800000, 0x00000000c9900000|  0%| F|  |TAMS 0x00000000c9800000, 0x00000000c9800000| Untracked 
| 153|0x00000000c9900000, 0x00000000c9900000, 0x00000000c9a00000|  0%| F|  |TAMS 0x00000000c9900000, 0x00000000c9900000| Untracked 
| 154|0x00000000c9a00000, 0x00000000c9a00000, 0x00000000c9b00000|  0%| F|  |TAMS 0x00000000c9a00000, 0x00000000c9a00000| Untracked 
| 155|0x00000000c9b00000, 0x00000000c9b00000, 0x00000000c9c00000|  0%| F|  |TAMS 0x00000000c9b00000, 0x00000000c9b00000| Untracked 
| 156|0x00000000c9c00000, 0x00000000c9c00000, 0x00000000c9d00000|  0%| F|  |TAMS 0x00000000c9c00000, 0x00000000c9c00000| Untracked 
| 157|0x00000000c9d00000, 0x00000000c9d00000, 0x00000000c9e00000|  0%| F|  |TAMS 0x00000000c9d00000, 0x00000000c9d00000| Untracked 
| 158|0x00000000c9e00000, 0x00000000c9e00000, 0x00000000c9f00000|  0%| F|  |TAMS 0x00000000c9e00000, 0x00000000c9e00000| Untracked 
| 159|0x00000000c9f00000, 0x00000000c9f00000, 0x00000000ca000000|  0%| F|  |TAMS 0x00000000c9f00000, 0x00000000c9f00000| Untracked 
| 160|0x00000000ca000000, 0x00000000ca000000, 0x00000000ca100000|  0%| F|  |TAMS 0x00000000ca000000, 0x00000000ca000000| Untracked 
| 161|0x00000000ca100000, 0x00000000ca100000, 0x00000000ca200000|  0%| F|  |TAMS 0x00000000ca100000, 0x00000000ca100000| Untracked 
| 162|0x00000000ca200000, 0x00000000ca2ef920, 0x00000000ca300000| 93%| S|CS|TAMS 0x00000000ca200000, 0x00000000ca200000| Complete 
| 163|0x00000000ca300000, 0x00000000ca400000, 0x00000000ca400000|100%| S|CS|TAMS 0x00000000ca300000, 0x00000000ca300000| Complete 
| 164|0x00000000ca400000, 0x00000000ca500000, 0x00000000ca500000|100%| S|CS|TAMS 0x00000000ca400000, 0x00000000ca400000| Complete 
| 165|0x00000000ca500000, 0x00000000ca600000, 0x00000000ca600000|100%| S|CS|TAMS 0x00000000ca500000, 0x00000000ca500000| Complete 
| 166|0x00000000ca600000, 0x00000000ca700000, 0x00000000ca700000|100%| S|CS|TAMS 0x00000000ca600000, 0x00000000ca600000| Complete 
| 167|0x00000000ca700000, 0x00000000ca800000, 0x00000000ca800000|100%| S|CS|TAMS 0x00000000ca700000, 0x00000000ca700000| Complete 
| 168|0x00000000ca800000, 0x00000000ca900000, 0x00000000ca900000|100%| S|CS|TAMS 0x00000000ca800000, 0x00000000ca800000| Complete 
| 169|0x00000000ca900000, 0x00000000caa00000, 0x00000000caa00000|100%| S|CS|TAMS 0x00000000ca900000, 0x00000000ca900000| Complete 
| 170|0x00000000caa00000, 0x00000000cab00000, 0x00000000cab00000|100%| S|CS|TAMS 0x00000000caa00000, 0x00000000caa00000| Complete 
| 171|0x00000000cab00000, 0x00000000cac00000, 0x00000000cac00000|100%| S|CS|TAMS 0x00000000cab00000, 0x00000000cab00000| Complete 
| 172|0x00000000cac00000, 0x00000000cad00000, 0x00000000cad00000|100%| S|CS|TAMS 0x00000000cac00000, 0x00000000cac00000| Complete 
| 173|0x00000000cad00000, 0x00000000cae00000, 0x00000000cae00000|100%| S|CS|TAMS 0x00000000cad00000, 0x00000000cad00000| Complete 
| 174|0x00000000cae00000, 0x00000000cae00000, 0x00000000caf00000|  0%| F|  |TAMS 0x00000000cae00000, 0x00000000cae00000| Untracked 
| 175|0x00000000caf00000, 0x00000000caf00000, 0x00000000cb000000|  0%| F|  |TAMS 0x00000000caf00000, 0x00000000caf00000| Untracked 
| 176|0x00000000cb000000, 0x00000000cb000000, 0x00000000cb100000|  0%| F|  |TAMS 0x00000000cb000000, 0x00000000cb000000| Untracked 
| 177|0x00000000cb100000, 0x00000000cb100000, 0x00000000cb200000|  0%| F|  |TAMS 0x00000000cb100000, 0x00000000cb100000| Untracked 
| 178|0x00000000cb200000, 0x00000000cb200000, 0x00000000cb300000|  0%| F|  |TAMS 0x00000000cb200000, 0x00000000cb200000| Untracked 
| 179|0x00000000cb300000, 0x00000000cb300000, 0x00000000cb400000|  0%| F|  |TAMS 0x00000000cb300000, 0x00000000cb300000| Untracked 
| 180|0x00000000cb400000, 0x00000000cb400000, 0x00000000cb500000|  0%| F|  |TAMS 0x00000000cb400000, 0x00000000cb400000| Untracked 
| 181|0x00000000cb500000, 0x00000000cb500000, 0x00000000cb600000|  0%| F|  |TAMS 0x00000000cb500000, 0x00000000cb500000| Untracked 
| 182|0x00000000cb600000, 0x00000000cb600000, 0x00000000cb700000|  0%| F|  |TAMS 0x00000000cb600000, 0x00000000cb600000| Untracked 
| 183|0x00000000cb700000, 0x00000000cb700000, 0x00000000cb800000|  0%| F|  |TAMS 0x00000000cb700000, 0x00000000cb700000| Untracked 
| 184|0x00000000cb800000, 0x00000000cb800000, 0x00000000cb900000|  0%| F|  |TAMS 0x00000000cb800000, 0x00000000cb800000| Untracked 
| 185|0x00000000cb900000, 0x00000000cb900000, 0x00000000cba00000|  0%| F|  |TAMS 0x00000000cb900000, 0x00000000cb900000| Untracked 
| 186|0x00000000cba00000, 0x00000000cba00000, 0x00000000cbb00000|  0%| F|  |TAMS 0x00000000cba00000, 0x00000000cba00000| Untracked 
| 187|0x00000000cbb00000, 0x00000000cbb00000, 0x00000000cbc00000|  0%| F|  |TAMS 0x00000000cbb00000, 0x00000000cbb00000| Untracked 
| 188|0x00000000cbc00000, 0x00000000cbc00000, 0x00000000cbd00000|  0%| F|  |TAMS 0x00000000cbc00000, 0x00000000cbc00000| Untracked 
| 189|0x00000000cbd00000, 0x00000000cbd00000, 0x00000000cbe00000|  0%| F|  |TAMS 0x00000000cbd00000, 0x00000000cbd00000| Untracked 
| 190|0x00000000cbe00000, 0x00000000cbe00000, 0x00000000cbf00000|  0%| F|  |TAMS 0x00000000cbe00000, 0x00000000cbe00000| Untracked 
| 191|0x00000000cbf00000, 0x00000000cbf00000, 0x00000000cc000000|  0%| F|  |TAMS 0x00000000cbf00000, 0x00000000cbf00000| Untracked 
| 192|0x00000000cc000000, 0x00000000cc000000, 0x00000000cc100000|  0%| F|  |TAMS 0x00000000cc000000, 0x00000000cc000000| Untracked 
| 193|0x00000000cc100000, 0x00000000cc100000, 0x00000000cc200000|  0%| F|  |TAMS 0x00000000cc100000, 0x00000000cc100000| Untracked 
| 194|0x00000000cc200000, 0x00000000cc200000, 0x00000000cc300000|  0%| F|  |TAMS 0x00000000cc200000, 0x00000000cc200000| Untracked 
| 195|0x00000000cc300000, 0x00000000cc300000, 0x00000000cc400000|  0%| F|  |TAMS 0x00000000cc300000, 0x00000000cc300000| Untracked 
| 196|0x00000000cc400000, 0x00000000cc400000, 0x00000000cc500000|  0%| F|  |TAMS 0x00000000cc400000, 0x00000000cc400000| Untracked 
| 197|0x00000000cc500000, 0x00000000cc500000, 0x00000000cc600000|  0%| F|  |TAMS 0x00000000cc500000, 0x00000000cc500000| Untracked 
| 198|0x00000000cc600000, 0x00000000cc600000, 0x00000000cc700000|  0%| F|  |TAMS 0x00000000cc600000, 0x00000000cc600000| Untracked 
| 199|0x00000000cc700000, 0x00000000cc700000, 0x00000000cc800000|  0%| F|  |TAMS 0x00000000cc700000, 0x00000000cc700000| Untracked 
| 200|0x00000000cc800000, 0x00000000cc800000, 0x00000000cc900000|  0%| F|  |TAMS 0x00000000cc800000, 0x00000000cc800000| Untracked 
| 201|0x00000000cc900000, 0x00000000cc900000, 0x00000000cca00000|  0%| F|  |TAMS 0x00000000cc900000, 0x00000000cc900000| Untracked 
| 202|0x00000000cca00000, 0x00000000cca00000, 0x00000000ccb00000|  0%| F|  |TAMS 0x00000000cca00000, 0x00000000cca00000| Untracked 
| 203|0x00000000ccb00000, 0x00000000ccb00000, 0x00000000ccc00000|  0%| F|  |TAMS 0x00000000ccb00000, 0x00000000ccb00000| Untracked 
| 204|0x00000000ccc00000, 0x00000000ccc00000, 0x00000000ccd00000|  0%| F|  |TAMS 0x00000000ccc00000, 0x00000000ccc00000| Untracked 
| 205|0x00000000ccd00000, 0x00000000ccd00000, 0x00000000cce00000|  0%| F|  |TAMS 0x00000000ccd00000, 0x00000000ccd00000| Untracked 
| 206|0x00000000cce00000, 0x00000000cce00000, 0x00000000ccf00000|  0%| F|  |TAMS 0x00000000cce00000, 0x00000000cce00000| Untracked 
| 207|0x00000000ccf00000, 0x00000000ccf00000, 0x00000000cd000000|  0%| F|  |TAMS 0x00000000ccf00000, 0x00000000ccf00000| Untracked 
| 208|0x00000000cd000000, 0x00000000cd000000, 0x00000000cd100000|  0%| F|  |TAMS 0x00000000cd000000, 0x00000000cd000000| Untracked 
| 209|0x00000000cd100000, 0x00000000cd100000, 0x00000000cd200000|  0%| F|  |TAMS 0x00000000cd100000, 0x00000000cd100000| Untracked 
| 210|0x00000000cd200000, 0x00000000cd200000, 0x00000000cd300000|  0%| F|  |TAMS 0x00000000cd200000, 0x00000000cd200000| Untracked 
| 211|0x00000000cd300000, 0x00000000cd300000, 0x00000000cd400000|  0%| F|  |TAMS 0x00000000cd300000, 0x00000000cd300000| Untracked 
| 212|0x00000000cd400000, 0x00000000cd400000, 0x00000000cd500000|  0%| F|  |TAMS 0x00000000cd400000, 0x00000000cd400000| Untracked 
| 213|0x00000000cd500000, 0x00000000cd500000, 0x00000000cd600000|  0%| F|  |TAMS 0x00000000cd500000, 0x00000000cd500000| Untracked 
| 214|0x00000000cd600000, 0x00000000cd600000, 0x00000000cd700000|  0%| F|  |TAMS 0x00000000cd600000, 0x00000000cd600000| Untracked 
| 215|0x00000000cd700000, 0x00000000cd700000, 0x00000000cd800000|  0%| F|  |TAMS 0x00000000cd700000, 0x00000000cd700000| Untracked 
| 216|0x00000000cd800000, 0x00000000cd800000, 0x00000000cd900000|  0%| F|  |TAMS 0x00000000cd800000, 0x00000000cd800000| Untracked 
| 217|0x00000000cd900000, 0x00000000cd900000, 0x00000000cda00000|  0%| F|  |TAMS 0x00000000cd900000, 0x00000000cd900000| Untracked 
| 218|0x00000000cda00000, 0x00000000cda00000, 0x00000000cdb00000|  0%| F|  |TAMS 0x00000000cda00000, 0x00000000cda00000| Untracked 
| 219|0x00000000cdb00000, 0x00000000cdb00000, 0x00000000cdc00000|  0%| F|  |TAMS 0x00000000cdb00000, 0x00000000cdb00000| Untracked 
| 220|0x00000000cdc00000, 0x00000000cdc00000, 0x00000000cdd00000|  0%| F|  |TAMS 0x00000000cdc00000, 0x00000000cdc00000| Untracked 
| 221|0x00000000cdd00000, 0x00000000cdd00000, 0x00000000cde00000|  0%| F|  |TAMS 0x00000000cdd00000, 0x00000000cdd00000| Untracked 
| 222|0x00000000cde00000, 0x00000000cde00000, 0x00000000cdf00000|  0%| F|  |TAMS 0x00000000cde00000, 0x00000000cde00000| Untracked 
| 223|0x00000000cdf00000, 0x00000000cdf00000, 0x00000000ce000000|  0%| F|  |TAMS 0x00000000cdf00000, 0x00000000cdf00000| Untracked 
| 224|0x00000000ce000000, 0x00000000ce000000, 0x00000000ce100000|  0%| F|  |TAMS 0x00000000ce000000, 0x00000000ce000000| Untracked 
| 225|0x00000000ce100000, 0x00000000ce100000, 0x00000000ce200000|  0%| F|  |TAMS 0x00000000ce100000, 0x00000000ce100000| Untracked 
| 226|0x00000000ce200000, 0x00000000ce200000, 0x00000000ce300000|  0%| F|  |TAMS 0x00000000ce200000, 0x00000000ce200000| Untracked 
| 227|0x00000000ce300000, 0x00000000ce300000, 0x00000000ce400000|  0%| F|  |TAMS 0x00000000ce300000, 0x00000000ce300000| Untracked 
| 228|0x00000000ce400000, 0x00000000ce400000, 0x00000000ce500000|  0%| F|  |TAMS 0x00000000ce400000, 0x00000000ce400000| Untracked 
| 229|0x00000000ce500000, 0x00000000ce500000, 0x00000000ce600000|  0%| F|  |TAMS 0x00000000ce500000, 0x00000000ce500000| Untracked 
| 230|0x00000000ce600000, 0x00000000ce600000, 0x00000000ce700000|  0%| F|  |TAMS 0x00000000ce600000, 0x00000000ce600000| Untracked 
| 231|0x00000000ce700000, 0x00000000ce700000, 0x00000000ce800000|  0%| F|  |TAMS 0x00000000ce700000, 0x00000000ce700000| Untracked 
| 232|0x00000000ce800000, 0x00000000ce800000, 0x00000000ce900000|  0%| F|  |TAMS 0x00000000ce800000, 0x00000000ce800000| Untracked 
| 233|0x00000000ce900000, 0x00000000ce900000, 0x00000000cea00000|  0%| F|  |TAMS 0x00000000ce900000, 0x00000000ce900000| Untracked 
| 234|0x00000000cea00000, 0x00000000cea00000, 0x00000000ceb00000|  0%| F|  |TAMS 0x00000000cea00000, 0x00000000cea00000| Untracked 
| 235|0x00000000ceb00000, 0x00000000ceb00000, 0x00000000cec00000|  0%| F|  |TAMS 0x00000000ceb00000, 0x00000000ceb00000| Untracked 
| 236|0x00000000cec00000, 0x00000000cec00000, 0x00000000ced00000|  0%| F|  |TAMS 0x00000000cec00000, 0x00000000cec00000| Untracked 
| 237|0x00000000ced00000, 0x00000000ced00000, 0x00000000cee00000|  0%| F|  |TAMS 0x00000000ced00000, 0x00000000ced00000| Untracked 
| 238|0x00000000cee00000, 0x00000000cee00000, 0x00000000cef00000|  0%| F|  |TAMS 0x00000000cee00000, 0x00000000cee00000| Untracked 
| 239|0x00000000cef00000, 0x00000000cef00000, 0x00000000cf000000|  0%| F|  |TAMS 0x00000000cef00000, 0x00000000cef00000| Untracked 
| 240|0x00000000cf000000, 0x00000000cf000000, 0x00000000cf100000|  0%| F|  |TAMS 0x00000000cf000000, 0x00000000cf000000| Untracked 
| 241|0x00000000cf100000, 0x00000000cf100000, 0x00000000cf200000|  0%| F|  |TAMS 0x00000000cf100000, 0x00000000cf100000| Untracked 
| 242|0x00000000cf200000, 0x00000000cf200000, 0x00000000cf300000|  0%| F|  |TAMS 0x00000000cf200000, 0x00000000cf200000| Untracked 
| 243|0x00000000cf300000, 0x00000000cf300000, 0x00000000cf400000|  0%| F|  |TAMS 0x00000000cf300000, 0x00000000cf300000| Untracked 
| 244|0x00000000cf400000, 0x00000000cf400000, 0x00000000cf500000|  0%| F|  |TAMS 0x00000000cf400000, 0x00000000cf400000| Untracked 
| 245|0x00000000cf500000, 0x00000000cf500000, 0x00000000cf600000|  0%| F|  |TAMS 0x00000000cf500000, 0x00000000cf500000| Untracked 
| 246|0x00000000cf600000, 0x00000000cf600000, 0x00000000cf700000|  0%| F|  |TAMS 0x00000000cf600000, 0x00000000cf600000| Untracked 
| 247|0x00000000cf700000, 0x00000000cf700000, 0x00000000cf800000|  0%| F|  |TAMS 0x00000000cf700000, 0x00000000cf700000| Untracked 
| 248|0x00000000cf800000, 0x00000000cf800000, 0x00000000cf900000|  0%| F|  |TAMS 0x00000000cf800000, 0x00000000cf800000| Untracked 
| 249|0x00000000cf900000, 0x00000000cf900000, 0x00000000cfa00000|  0%| F|  |TAMS 0x00000000cf900000, 0x00000000cf900000| Untracked 
| 250|0x00000000cfa00000, 0x00000000cfa00000, 0x00000000cfb00000|  0%| F|  |TAMS 0x00000000cfa00000, 0x00000000cfa00000| Untracked 
| 251|0x00000000cfb00000, 0x00000000cfb00000, 0x00000000cfc00000|  0%| F|  |TAMS 0x00000000cfb00000, 0x00000000cfb00000| Untracked 
| 252|0x00000000cfc00000, 0x00000000cfc00000, 0x00000000cfd00000|  0%| F|  |TAMS 0x00000000cfc00000, 0x00000000cfc00000| Untracked 
| 253|0x00000000cfd00000, 0x00000000cfd00000, 0x00000000cfe00000|  0%| F|  |TAMS 0x00000000cfd00000, 0x00000000cfd00000| Untracked 
| 254|0x00000000cfe00000, 0x00000000cfe00000, 0x00000000cff00000|  0%| F|  |TAMS 0x00000000cfe00000, 0x00000000cfe00000| Untracked 
| 255|0x00000000cff00000, 0x00000000cff00000, 0x00000000d0000000|  0%| F|  |TAMS 0x00000000cff00000, 0x00000000cff00000| Untracked 
| 256|0x00000000d0000000, 0x00000000d0000000, 0x00000000d0100000|  0%| F|  |TAMS 0x00000000d0000000, 0x00000000d0000000| Untracked 
| 257|0x00000000d0100000, 0x00000000d0100000, 0x00000000d0200000|  0%| F|  |TAMS 0x00000000d0100000, 0x00000000d0100000| Untracked 
| 258|0x00000000d0200000, 0x00000000d0200000, 0x00000000d0300000|  0%| F|  |TAMS 0x00000000d0200000, 0x00000000d0200000| Untracked 
| 259|0x00000000d0300000, 0x00000000d0300000, 0x00000000d0400000|  0%| F|  |TAMS 0x00000000d0300000, 0x00000000d0300000| Untracked 
| 260|0x00000000d0400000, 0x00000000d0400000, 0x00000000d0500000|  0%| F|  |TAMS 0x00000000d0400000, 0x00000000d0400000| Untracked 
| 261|0x00000000d0500000, 0x00000000d0500000, 0x00000000d0600000|  0%| F|  |TAMS 0x00000000d0500000, 0x00000000d0500000| Untracked 
| 262|0x00000000d0600000, 0x00000000d0600000, 0x00000000d0700000|  0%| F|  |TAMS 0x00000000d0600000, 0x00000000d0600000| Untracked 
| 263|0x00000000d0700000, 0x00000000d0700000, 0x00000000d0800000|  0%| F|  |TAMS 0x00000000d0700000, 0x00000000d0700000| Untracked 
| 264|0x00000000d0800000, 0x00000000d0800000, 0x00000000d0900000|  0%| F|  |TAMS 0x00000000d0800000, 0x00000000d0800000| Untracked 
| 265|0x00000000d0900000, 0x00000000d0900000, 0x00000000d0a00000|  0%| F|  |TAMS 0x00000000d0900000, 0x00000000d0900000| Untracked 
| 266|0x00000000d0a00000, 0x00000000d0a00000, 0x00000000d0b00000|  0%| F|  |TAMS 0x00000000d0a00000, 0x00000000d0a00000| Untracked 
| 267|0x00000000d0b00000, 0x00000000d0b00000, 0x00000000d0c00000|  0%| F|  |TAMS 0x00000000d0b00000, 0x00000000d0b00000| Untracked 
| 268|0x00000000d0c00000, 0x00000000d0c00000, 0x00000000d0d00000|  0%| F|  |TAMS 0x00000000d0c00000, 0x00000000d0c00000| Untracked 
| 269|0x00000000d0d00000, 0x00000000d0d00000, 0x00000000d0e00000|  0%| F|  |TAMS 0x00000000d0d00000, 0x00000000d0d00000| Untracked 
| 270|0x00000000d0e00000, 0x00000000d0e00000, 0x00000000d0f00000|  0%| F|  |TAMS 0x00000000d0e00000, 0x00000000d0e00000| Untracked 
| 271|0x00000000d0f00000, 0x00000000d0f00000, 0x00000000d1000000|  0%| F|  |TAMS 0x00000000d0f00000, 0x00000000d0f00000| Untracked 
| 272|0x00000000d1000000, 0x00000000d1000000, 0x00000000d1100000|  0%| F|  |TAMS 0x00000000d1000000, 0x00000000d1000000| Untracked 
| 273|0x00000000d1100000, 0x00000000d1100000, 0x00000000d1200000|  0%| F|  |TAMS 0x00000000d1100000, 0x00000000d1100000| Untracked 
| 274|0x00000000d1200000, 0x00000000d1200000, 0x00000000d1300000|  0%| F|  |TAMS 0x00000000d1200000, 0x00000000d1200000| Untracked 
| 275|0x00000000d1300000, 0x00000000d1300000, 0x00000000d1400000|  0%| F|  |TAMS 0x00000000d1300000, 0x00000000d1300000| Untracked 
| 276|0x00000000d1400000, 0x00000000d1400000, 0x00000000d1500000|  0%| F|  |TAMS 0x00000000d1400000, 0x00000000d1400000| Untracked 
| 277|0x00000000d1500000, 0x00000000d1500000, 0x00000000d1600000|  0%| F|  |TAMS 0x00000000d1500000, 0x00000000d1500000| Untracked 
| 278|0x00000000d1600000, 0x00000000d1600000, 0x00000000d1700000|  0%| F|  |TAMS 0x00000000d1600000, 0x00000000d1600000| Untracked 
| 279|0x00000000d1700000, 0x00000000d1700000, 0x00000000d1800000|  0%| F|  |TAMS 0x00000000d1700000, 0x00000000d1700000| Untracked 
| 280|0x00000000d1800000, 0x00000000d1800000, 0x00000000d1900000|  0%| F|  |TAMS 0x00000000d1800000, 0x00000000d1800000| Untracked 
| 281|0x00000000d1900000, 0x00000000d1900000, 0x00000000d1a00000|  0%| F|  |TAMS 0x00000000d1900000, 0x00000000d1900000| Untracked 
| 282|0x00000000d1a00000, 0x00000000d1a00000, 0x00000000d1b00000|  0%| F|  |TAMS 0x00000000d1a00000, 0x00000000d1a00000| Untracked 
| 283|0x00000000d1b00000, 0x00000000d1b00000, 0x00000000d1c00000|  0%| F|  |TAMS 0x00000000d1b00000, 0x00000000d1b00000| Untracked 
| 284|0x00000000d1c00000, 0x00000000d1c00000, 0x00000000d1d00000|  0%| F|  |TAMS 0x00000000d1c00000, 0x00000000d1c00000| Untracked 
| 285|0x00000000d1d00000, 0x00000000d1d00000, 0x00000000d1e00000|  0%| F|  |TAMS 0x00000000d1d00000, 0x00000000d1d00000| Untracked 
| 286|0x00000000d1e00000, 0x00000000d1e00000, 0x00000000d1f00000|  0%| F|  |TAMS 0x00000000d1e00000, 0x00000000d1e00000| Untracked 
| 287|0x00000000d1f00000, 0x00000000d1f00000, 0x00000000d2000000|  0%| F|  |TAMS 0x00000000d1f00000, 0x00000000d1f00000| Untracked 
| 288|0x00000000d2000000, 0x00000000d2000000, 0x00000000d2100000|  0%| F|  |TAMS 0x00000000d2000000, 0x00000000d2000000| Untracked 
| 289|0x00000000d2100000, 0x00000000d2100000, 0x00000000d2200000|  0%| F|  |TAMS 0x00000000d2100000, 0x00000000d2100000| Untracked 
| 290|0x00000000d2200000, 0x00000000d2200000, 0x00000000d2300000|  0%| F|  |TAMS 0x00000000d2200000, 0x00000000d2200000| Untracked 
| 291|0x00000000d2300000, 0x00000000d2300000, 0x00000000d2400000|  0%| F|  |TAMS 0x00000000d2300000, 0x00000000d2300000| Untracked 
| 292|0x00000000d2400000, 0x00000000d2400000, 0x00000000d2500000|  0%| F|  |TAMS 0x00000000d2400000, 0x00000000d2400000| Untracked 
| 293|0x00000000d2500000, 0x00000000d2500000, 0x00000000d2600000|  0%| F|  |TAMS 0x00000000d2500000, 0x00000000d2500000| Untracked 
| 294|0x00000000d2600000, 0x00000000d2600000, 0x00000000d2700000|  0%| F|  |TAMS 0x00000000d2600000, 0x00000000d2600000| Untracked 
| 295|0x00000000d2700000, 0x00000000d2700000, 0x00000000d2800000|  0%| F|  |TAMS 0x00000000d2700000, 0x00000000d2700000| Untracked 
| 296|0x00000000d2800000, 0x00000000d2800000, 0x00000000d2900000|  0%| F|  |TAMS 0x00000000d2800000, 0x00000000d2800000| Untracked 
| 297|0x00000000d2900000, 0x00000000d2900000, 0x00000000d2a00000|  0%| F|  |TAMS 0x00000000d2900000, 0x00000000d2900000| Untracked 
| 298|0x00000000d2a00000, 0x00000000d2a00000, 0x00000000d2b00000|  0%| F|  |TAMS 0x00000000d2a00000, 0x00000000d2a00000| Untracked 
| 299|0x00000000d2b00000, 0x00000000d2b00000, 0x00000000d2c00000|  0%| F|  |TAMS 0x00000000d2b00000, 0x00000000d2b00000| Untracked 
| 300|0x00000000d2c00000, 0x00000000d2c00000, 0x00000000d2d00000|  0%| F|  |TAMS 0x00000000d2c00000, 0x00000000d2c00000| Untracked 
| 301|0x00000000d2d00000, 0x00000000d2d00000, 0x00000000d2e00000|  0%| F|  |TAMS 0x00000000d2d00000, 0x00000000d2d00000| Untracked 
| 302|0x00000000d2e00000, 0x00000000d2e00000, 0x00000000d2f00000|  0%| F|  |TAMS 0x00000000d2e00000, 0x00000000d2e00000| Untracked 
| 303|0x00000000d2f00000, 0x00000000d2f00000, 0x00000000d3000000|  0%| F|  |TAMS 0x00000000d2f00000, 0x00000000d2f00000| Untracked 
| 304|0x00000000d3000000, 0x00000000d3000000, 0x00000000d3100000|  0%| F|  |TAMS 0x00000000d3000000, 0x00000000d3000000| Untracked 
| 305|0x00000000d3100000, 0x00000000d3100000, 0x00000000d3200000|  0%| F|  |TAMS 0x00000000d3100000, 0x00000000d3100000| Untracked 
| 306|0x00000000d3200000, 0x00000000d3200000, 0x00000000d3300000|  0%| F|  |TAMS 0x00000000d3200000, 0x00000000d3200000| Untracked 
| 307|0x00000000d3300000, 0x00000000d3300000, 0x00000000d3400000|  0%| F|  |TAMS 0x00000000d3300000, 0x00000000d3300000| Untracked 
| 308|0x00000000d3400000, 0x00000000d3400000, 0x00000000d3500000|  0%| F|  |TAMS 0x00000000d3400000, 0x00000000d3400000| Untracked 
| 309|0x00000000d3500000, 0x00000000d3500000, 0x00000000d3600000|  0%| F|  |TAMS 0x00000000d3500000, 0x00000000d3500000| Untracked 
| 310|0x00000000d3600000, 0x00000000d3600000, 0x00000000d3700000|  0%| F|  |TAMS 0x00000000d3600000, 0x00000000d3600000| Untracked 
| 311|0x00000000d3700000, 0x00000000d3700000, 0x00000000d3800000|  0%| F|  |TAMS 0x00000000d3700000, 0x00000000d3700000| Untracked 
| 312|0x00000000d3800000, 0x00000000d3800000, 0x00000000d3900000|  0%| F|  |TAMS 0x00000000d3800000, 0x00000000d3800000| Untracked 
| 313|0x00000000d3900000, 0x00000000d3900000, 0x00000000d3a00000|  0%| F|  |TAMS 0x00000000d3900000, 0x00000000d3900000| Untracked 
| 314|0x00000000d3a00000, 0x00000000d3a00000, 0x00000000d3b00000|  0%| F|  |TAMS 0x00000000d3a00000, 0x00000000d3a00000| Untracked 
| 315|0x00000000d3b00000, 0x00000000d3b00000, 0x00000000d3c00000|  0%| F|  |TAMS 0x00000000d3b00000, 0x00000000d3b00000| Untracked 
| 316|0x00000000d3c00000, 0x00000000d3c00000, 0x00000000d3d00000|  0%| F|  |TAMS 0x00000000d3c00000, 0x00000000d3c00000| Untracked 
| 317|0x00000000d3d00000, 0x00000000d3d00000, 0x00000000d3e00000|  0%| F|  |TAMS 0x00000000d3d00000, 0x00000000d3d00000| Untracked 
| 318|0x00000000d3e00000, 0x00000000d3e00000, 0x00000000d3f00000|  0%| F|  |TAMS 0x00000000d3e00000, 0x00000000d3e00000| Untracked 
| 319|0x00000000d3f00000, 0x00000000d3f00000, 0x00000000d4000000|  0%| F|  |TAMS 0x00000000d3f00000, 0x00000000d3f00000| Untracked 
| 320|0x00000000d4000000, 0x00000000d4000000, 0x00000000d4100000|  0%| F|  |TAMS 0x00000000d4000000, 0x00000000d4000000| Untracked 
| 321|0x00000000d4100000, 0x00000000d4100000, 0x00000000d4200000|  0%| F|  |TAMS 0x00000000d4100000, 0x00000000d4100000| Untracked 
| 322|0x00000000d4200000, 0x00000000d4200000, 0x00000000d4300000|  0%| F|  |TAMS 0x00000000d4200000, 0x00000000d4200000| Untracked 
| 323|0x00000000d4300000, 0x00000000d4300000, 0x00000000d4400000|  0%| F|  |TAMS 0x00000000d4300000, 0x00000000d4300000| Untracked 
| 324|0x00000000d4400000, 0x00000000d4400000, 0x00000000d4500000|  0%| F|  |TAMS 0x00000000d4400000, 0x00000000d4400000| Untracked 
| 325|0x00000000d4500000, 0x00000000d4500000, 0x00000000d4600000|  0%| F|  |TAMS 0x00000000d4500000, 0x00000000d4500000| Untracked 
| 326|0x00000000d4600000, 0x00000000d4600000, 0x00000000d4700000|  0%| F|  |TAMS 0x00000000d4600000, 0x00000000d4600000| Untracked 

Card table byte_map: [0x000001ef05dc0000,0x000001ef05fc0000] _byte_map_base: 0x000001ef057c0000

Marking Bits (Prev, Next): (CMBitMap*) 0x000001ef7fd48f70, (CMBitMap*) 0x000001ef7fd48fb0
 Prev Bits: [0x000001ef061c0000, 0x000001ef071c0000)
 Next Bits: [0x000001ef071c0000, 0x000001ef081c0000)

Polling page: 0x000001ef7f4d0000

Metaspace:

Usage:
  Non-class:     38.52 MB used.
      Class:      5.56 MB used.
       Both:     44.08 MB used.

Virtual space:
  Non-class space:       64.00 MB reserved,      38.75 MB ( 61%) committed,  1 nodes.
      Class space:        1.00 GB reserved,       5.75 MB ( <1%) committed,  1 nodes.
             Both:        1.06 GB reserved,      44.50 MB (  4%) committed. 

Chunk freelists:
   Non-Class:  9.27 MB
       Class:  10.27 MB
        Both:  19.53 MB

MaxMetaspaceSize: unlimited
CompressedClassSpaceSize: 1.00 GB
Initial GC threshold: 21.00 MB
Current GC threshold: 68.38 MB
CDS: off
MetaspaceReclaimPolicy: balanced
 - commit_granule_bytes: 65536.
 - commit_granule_words: 8192.
 - virtual_space_node_default_size: 8388608.
 - enlarge_chunks_in_place: 1.
 - new_chunks_are_fully_committed: 0.
 - uncommit_free_chunks: 1.
 - use_allocation_guard: 0.
 - handle_deallocations: 1.


Internal statistics:

num_allocs_failed_limit: 6.
num_arena_births: 530.
num_arena_deaths: 0.
num_vsnodes_births: 2.
num_vsnodes_deaths: 0.
num_space_committed: 712.
num_space_uncommitted: 0.
num_chunks_returned_to_freelist: 6.
num_chunks_taken_from_freelist: 1926.
num_chunk_merges: 6.
num_chunk_splits: 1324.
num_chunks_enlarged: 996.
num_inconsistent_stats: 0.

CodeCache: size=49152Kb used=10219Kb max_used=10219Kb free=38932Kb
 bounds [0x000001ef02bc0000, 0x000001ef035c0000, 0x000001ef05bc0000]
 total_blobs=5048 nmethods=4469 adapters=503
 compilation: enabled
              stopped_count=0, restarted_count=0
 full_count=0

Compilation events (20 events):
Event: 7.595 Thread 0x000001ef0f1e4160 nmethod 4462 0x000001ef035b3590 code [0x000001ef035b3740, 0x000001ef035b39c8]
Event: 7.595 Thread 0x000001ef10064040 nmethod 4459 0x000001ef035b3b90 code [0x000001ef035b3e20, 0x000001ef035b48c8]
Event: 7.595 Thread 0x000001ef0f1e4160 4463   !   1       java.security.Provider::implRemoveService (180 bytes)
Event: 7.595 Thread 0x000001ef10064040 4465       1       sun.security.util.SecurityProviderConstants::getAliases (65 bytes)
Event: 7.596 Thread 0x000001ef10064550 nmethod 4461 0x000001ef035b4d10 code [0x000001ef035b5000, 0x000001ef035b5ad8]
Event: 7.596 Thread 0x000001ef0ac35170 nmethod 4464 0x000001ef035b6110 code [0x000001ef035b64a0, 0x000001ef035b7318]
Event: 7.596 Thread 0x000001ef0f1e4160 nmethod 4463 0x000001ef035b7b90 code [0x000001ef035b7de0, 0x000001ef035b8398]
Event: 7.597 Thread 0x000001ef10064040 nmethod 4465 0x000001ef035b8790 code [0x000001ef035b89a0, 0x000001ef035b8ec8]
Event: 7.625 Thread 0x000001ef10064550 4466       1       java.util.regex.Pattern$CharPredicate$$Lambda$101/0x0000000100151880::is (11 bytes)
Event: 7.625 Thread 0x000001ef10064040 4467       1       java.util.regex.Pattern$CharPredicate::lambda$negate$3 (16 bytes)
Event: 7.625 Thread 0x000001ef10064550 nmethod 4466 0x000001ef035b9110 code [0x000001ef035b92c0, 0x000001ef035b9428]
Event: 7.625 Thread 0x000001ef10064040 nmethod 4467 0x000001ef035b9510 code [0x000001ef035b96a0, 0x000001ef035b97a8]
Event: 7.627 Thread 0x000001ef10064040 4468       1       java.nio.CharBuffer::arrayOffset (35 bytes)
Event: 7.628 Thread 0x000001ef0ac35170 4469       1       java.util.Vector::add (23 bytes)
Event: 7.631 Thread 0x000001ef10064040 nmethod 4468 0x000001ef035b9810 code [0x000001ef035b99c0, 0x000001ef035b9bd8]
Event: 7.637 Thread 0x000001ef0ac35170 nmethod 4469 0x000001ef035ba610 code [0x000001ef035ba7c0, 0x000001ef035ba9a8]
Event: 7.640 Thread 0x000001ef0ac35170 4470       1       sun.security.jca.ProviderList::getProvider (22 bytes)
Event: 7.642 Thread 0x000001ef10064550 4471       1       java.util.concurrent.locks.AbstractQueuedSynchronizer::acquireInterruptibly (36 bytes)
Event: 7.657 Thread 0x000001ef0f1e4160 4472       1       java.util.concurrent.locks.ReentrantLock$NonfairSync::tryAcquire (27 bytes)
Event: 7.672 Thread 0x000001ef0ac35170 nmethod 4470 0x000001ef035bab10 code [0x000001ef035bacc0, 0x000001ef035bade8]

GC Heap History (20 events):
Event: 6.901 GC heap after
{Heap after GC invocations=13 (full 0):
 garbage-first heap   total 93184K, used 39885K [0x00000000c0000000, 0x0000000100000000)
  region size 1024K, 3 young (3072K), 3 survivors (3072K)
 Metaspace       used 39437K, committed 39808K, reserved 1114112K
  class space    used 5181K, committed 5376K, reserved 1048576K
}
Event: 7.038 GC heap before
{Heap before GC invocations=14 (full 0):
 garbage-first heap   total 93184K, used 67533K [0x00000000c0000000, 0x0000000100000000)
  region size 1024K, 30 young (30720K), 3 survivors (3072K)
 Metaspace       used 40113K, committed 40576K, reserved 1114112K
  class space    used 5239K, committed 5440K, reserved 1048576K
}
Event: 7.045 GC heap after
{Heap after GC invocations=15 (full 0):
 garbage-first heap   total 93184K, used 44203K [0x00000000c0000000, 0x0000000100000000)
  region size 1024K, 4 young (4096K), 4 survivors (4096K)
 Metaspace       used 40113K, committed 40576K, reserved 1114112K
  class space    used 5239K, committed 5440K, reserved 1048576K
}
Event: 7.102 GC heap before
{Heap before GC invocations=15 (full 0):
 garbage-first heap   total 93184K, used 68779K [0x00000000c0000000, 0x0000000100000000)
  region size 1024K, 29 young (29696K), 4 survivors (4096K)
 Metaspace       used 40452K, committed 40896K, reserved 1114112K
  class space    used 5283K, committed 5504K, reserved 1048576K
}
Event: 7.113 GC heap after
{Heap after GC invocations=16 (full 0):
 garbage-first heap   total 93184K, used 53640K [0x00000000c0000000, 0x0000000100000000)
  region size 1024K, 4 young (4096K), 4 survivors (4096K)
 Metaspace       used 40452K, committed 40896K, reserved 1114112K
  class space    used 5283K, committed 5504K, reserved 1048576K
}
Event: 7.160 GC heap before
{Heap before GC invocations=16 (full 0):
 garbage-first heap   total 93184K, used 69000K [0x00000000c0000000, 0x0000000100000000)
  region size 1024K, 19 young (19456K), 4 survivors (4096K)
 Metaspace       used 40836K, committed 41216K, reserved 1114112K
  class space    used 5309K, committed 5504K, reserved 1048576K
}
Event: 7.165 GC heap after
{Heap after GC invocations=17 (full 0):
 garbage-first heap   total 93184K, used 56685K [0x00000000c0000000, 0x0000000100000000)
  region size 1024K, 3 young (3072K), 3 survivors (3072K)
 Metaspace       used 40836K, committed 41216K, reserved 1114112K
  class space    used 5309K, committed 5504K, reserved 1048576K
}
Event: 7.211 GC heap before
{Heap before GC invocations=17 (full 0):
 garbage-first heap   total 93184K, used 69997K [0x00000000c0000000, 0x0000000100000000)
  region size 1024K, 17 young (17408K), 3 survivors (3072K)
 Metaspace       used 41354K, committed 41728K, reserved 1114112K
  class space    used 5322K, committed 5504K, reserved 1048576K
}
Event: 7.214 GC heap after
{Heap after GC invocations=18 (full 0):
 garbage-first heap   total 93184K, used 59091K [0x00000000c0000000, 0x0000000100000000)
  region size 1024K, 3 young (3072K), 3 survivors (3072K)
 Metaspace       used 41354K, committed 41728K, reserved 1114112K
  class space    used 5322K, committed 5504K, reserved 1048576K
}
Event: 7.256 GC heap before
{Heap before GC invocations=19 (full 0):
 garbage-first heap   total 111616K, used 71379K [0x00000000c0000000, 0x0000000100000000)
  region size 1024K, 16 young (16384K), 3 survivors (3072K)
 Metaspace       used 41646K, committed 42112K, reserved 1114112K
  class space    used 5352K, committed 5568K, reserved 1048576K
}
Event: 7.261 GC heap after
{Heap after GC invocations=20 (full 0):
 garbage-first heap   total 111616K, used 63196K [0x00000000c0000000, 0x0000000100000000)
  region size 1024K, 2 young (2048K), 2 survivors (2048K)
 Metaspace       used 41646K, committed 42112K, reserved 1114112K
  class space    used 5352K, committed 5568K, reserved 1048576K
}
Event: 7.291 GC heap before
{Heap before GC invocations=20 (full 0):
 garbage-first heap   total 111616K, used 66268K [0x00000000c0000000, 0x0000000100000000)
  region size 1024K, 5 young (5120K), 2 survivors (2048K)
 Metaspace       used 41826K, committed 42304K, reserved 1114112K
  class space    used 5370K, committed 5568K, reserved 1048576K
}
Event: 7.296 GC heap after
{Heap after GC invocations=21 (full 0):
 garbage-first heap   total 334848K, used 63791K [0x00000000c0000000, 0x0000000100000000)
  region size 1024K, 1 young (1024K), 1 survivors (1024K)
 Metaspace       used 41826K, committed 42304K, reserved 1114112K
  class space    used 5370K, committed 5568K, reserved 1048576K
}
Event: 7.507 GC heap before
{Heap before GC invocations=21 (full 0):
 garbage-first heap   total 334848K, used 226607K [0x00000000c0000000, 0x0000000100000000)
  region size 1024K, 159 young (162816K), 1 survivors (1024K)
 Metaspace       used 44708K, committed 45184K, reserved 1114112K
  class space    used 5645K, committed 5888K, reserved 1048576K
}
Event: 7.538 GC heap after
{Heap after GC invocations=22 (full 0):
 garbage-first heap   total 334848K, used 92402K [0x00000000c0000000, 0x0000000100000000)
  region size 1024K, 20 young (20480K), 20 survivors (20480K)
 Metaspace       used 44708K, committed 45184K, reserved 1114112K
  class space    used 5645K, committed 5888K, reserved 1048576K
}
Event: 7.579 GC heap before
{Heap before GC invocations=22 (full 0):
 garbage-first heap   total 334848K, used 224498K [0x00000000c0000000, 0x0000000100000000)
  region size 1024K, 150 young (153600K), 20 survivors (20480K)
 Metaspace       used 44844K, committed 45312K, reserved 1114112K
  class space    used 5660K, committed 5888K, reserved 1048576K
}
Event: 7.589 GC heap after
{Heap after GC invocations=23 (full 0):
 garbage-first heap   total 334848K, used 98728K [0x00000000c0000000, 0x0000000100000000)
  region size 1024K, 7 young (7168K), 7 survivors (7168K)
 Metaspace       used 44844K, committed 45312K, reserved 1114112K
  class space    used 5660K, committed 5888K, reserved 1048576K
}
Event: 7.632 GC heap before
{Heap before GC invocations=23 (full 0):
 garbage-first heap   total 334848K, used 234920K [0x00000000c0000000, 0x0000000100000000)
  region size 1024K, 141 young (144384K), 7 survivors (7168K)
 Metaspace       used 45023K, committed 45504K, reserved 1114112K
  class space    used 5678K, committed 5888K, reserved 1048576K
}
Event: 7.637 GC heap after
{Heap after GC invocations=24 (full 0):
 garbage-first heap   total 334848K, used 103895K [0x00000000c0000000, 0x0000000100000000)
  region size 1024K, 12 young (12288K), 12 survivors (12288K)
 Metaspace       used 45023K, committed 45504K, reserved 1114112K
  class space    used 5678K, committed 5888K, reserved 1048576K
}
Event: 7.673 GC heap before
{Heap before GC invocations=24 (full 0):
 garbage-first heap   total 334848K, used 247255K [0x00000000c0000000, 0x0000000100000000)
  region size 1024K, 153 young (156672K), 12 survivors (12288K)
 Metaspace       used 45134K, committed 45568K, reserved 1114112K
  class space    used 5689K, committed 5888K, reserved 1048576K
}

Dll operation events (7 events):
Event: 0.016 Loaded shared library c:\Users\final\.vscode\extensions\redhat.java-1.20.0-win32-x64\jre\17.0.7-win32-x86_64\bin\java.dll
Event: 0.701 Loaded shared library C:\Users\final\.vscode\extensions\redhat.java-1.20.0-win32-x64\jre\17.0.7-win32-x86_64\bin\net.dll
Event: 0.704 Loaded shared library C:\Users\final\.vscode\extensions\redhat.java-1.20.0-win32-x64\jre\17.0.7-win32-x86_64\bin\nio.dll
Event: 0.719 Loaded shared library C:\Users\final\.vscode\extensions\redhat.java-1.20.0-win32-x64\jre\17.0.7-win32-x86_64\bin\zip.dll
Event: 1.333 Loaded shared library C:\Users\final\.vscode\extensions\redhat.java-1.20.0-win32-x64\jre\17.0.7-win32-x86_64\bin\jimage.dll
Event: 6.040 Loaded shared library C:\Users\final\.vscode\extensions\redhat.java-1.20.0-win32-x64\jre\17.0.7-win32-x86_64\bin\management.dll
Event: 6.042 Loaded shared library C:\Users\final\.vscode\extensions\redhat.java-1.20.0-win32-x64\jre\17.0.7-win32-x86_64\bin\management_ext.dll

Deoptimization events (12 events):
Event: 4.660 Thread 0x000001ef7fd0ba00 DEOPT PACKING pc=0x000001ef031bbe99 sp=0x000000bdebdfd2e0
Event: 4.660 Thread 0x000001ef7fd0ba00 DEOPT UNPACKING pc=0x000001ef02c17143 sp=0x000000bdebdfc7c0 mode 3
Event: 6.225 Thread 0x000001ef0fa37010 DEOPT PACKING pc=0x000001ef0339e5b5 sp=0x000000bdedffd1f0
Event: 6.225 Thread 0x000001ef0fa37010 DEOPT UNPACKING pc=0x000001ef02c17143 sp=0x000000bdedffc718 mode 3
Event: 6.276 Thread 0x000001ef0fa380b0 DEOPT PACKING pc=0x000001ef0315e081 sp=0x000000bdedefda30
Event: 6.276 Thread 0x000001ef0fa380b0 DEOPT UNPACKING pc=0x000001ef02c17143 sp=0x000000bdedefcec0 mode 3
Event: 6.289 Thread 0x000001ef0fa37010 DEOPT PACKING pc=0x000001ef03138d17 sp=0x000000bdedffee90
Event: 6.289 Thread 0x000001ef0fa37010 DEOPT UNPACKING pc=0x000001ef02c17143 sp=0x000000bdedffe2e8 mode 3
Event: 6.422 Thread 0x000001ef103e8ef0 DEOPT PACKING pc=0x000001ef033c45ab sp=0x000000bdee4fe660
Event: 6.422 Thread 0x000001ef103e8ef0 DEOPT UNPACKING pc=0x000001ef02c17143 sp=0x000000bdee4fdba8 mode 3
Event: 7.440 Thread 0x000001ef109538c0 DEOPT PACKING pc=0x000001ef02dada0c sp=0x000000bdefafe620
Event: 7.440 Thread 0x000001ef109538c0 DEOPT UNPACKING pc=0x000001ef02c17143 sp=0x000000bdefafdae8 mode 0

Classes unloaded (0 events):
No events

Classes redefined (0 events):
No events

Internal exceptions (20 events):
Event: 6.502 Thread 0x000001ef103eba40 Exception <a 'sun/nio/fs/WindowsException'{0x00000000c332ee28}> (0x00000000c332ee28) 
thrown [s\src\hotspot\share\prims\jni.cpp, line 516]
Event: 6.502 Thread 0x000001ef103eba40 Exception <a 'sun/nio/fs/WindowsException'{0x00000000c332f1e0}> (0x00000000c332f1e0) 
thrown [s\src\hotspot\share\prims\jni.cpp, line 516]
Event: 6.502 Thread 0x000001ef103eba40 Exception <a 'sun/nio/fs/WindowsException'{0x00000000c332fbf0}> (0x00000000c332fbf0) 
thrown [s\src\hotspot\share\prims\jni.cpp, line 516]
Event: 6.502 Thread 0x000001ef103eba40 Exception <a 'sun/nio/fs/WindowsException'{0x00000000c332ffc8}> (0x00000000c332ffc8) 
thrown [s\src\hotspot\share\prims\jni.cpp, line 516]
Event: 6.502 Thread 0x000001ef103eba40 Exception <a 'sun/nio/fs/WindowsException'{0x00000000c33309f0}> (0x00000000c33309f0) 
thrown [s\src\hotspot\share\prims\jni.cpp, line 516]
Event: 6.502 Thread 0x000001ef103eba40 Exception <a 'sun/nio/fs/WindowsException'{0x00000000c3330de0}> (0x00000000c3330de0) 
thrown [s\src\hotspot\share\prims\jni.cpp, line 516]
Event: 6.502 Thread 0x000001ef103eba40 Exception <a 'sun/nio/fs/WindowsException'{0x00000000c3331800}> (0x00000000c3331800) 
thrown [s\src\hotspot\share\prims\jni.cpp, line 516]
Event: 6.502 Thread 0x000001ef103eba40 Exception <a 'sun/nio/fs/WindowsException'{0x00000000c3331be8}> (0x00000000c3331be8) 
thrown [s\src\hotspot\share\prims\jni.cpp, line 516]
Event: 6.608 Thread 0x000001ef0fa380b0 Exception <a 'java/lang/NoSuchMethodError'{0x00000000c3accbf8}: 'int java.lang.invoke.DirectMethodHandle$Holder.invokeStatic(java.lang.Object)'> (0x00000000c3accbf8) 
thrown [s\src\hotspot\share\interpreter\linkResolver.cpp, line 759]
Event: 6.608 Thread 0x000001ef0fa380b0 Exception <a 'java/lang/NoSuchMethodError'{0x00000000c3ad02a0}: 'int java.lang.invoke.DirectMethodHandle$Holder.invokeStaticInit(java.lang.Object)'> (0x00000000c3ad02a0) 
thrown [s\src\hotspot\share\interpreter\linkResolver.cpp, line 759]
Event: 6.808 Thread 0x000001ef103e8080 Exception <a 'sun/nio/fs/WindowsException'{0x00000000c5e3aa38}> (0x00000000c5e3aa38) 
thrown [s\src\hotspot\share\prims\jni.cpp, line 516]
Event: 6.808 Thread 0x000001ef10951710 Exception <a 'sun/nio/fs/WindowsException'{0x00000000c5e81008}> (0x00000000c5e81008) 
thrown [s\src\hotspot\share\prims\jni.cpp, line 516]
Event: 6.811 Thread 0x000001ef103e9890 Exception <a 'sun/nio/fs/WindowsException'{0x00000000c5ff97c8}> (0x00000000c5ff97c8) 
thrown [s\src\hotspot\share\prims\jni.cpp, line 516]
Event: 6.814 Thread 0x000001ef10951710 Exception <a 'sun/nio/fs/WindowsException'{0x00000000c5ebdc70}> (0x00000000c5ebdc70) 
thrown [s\src\hotspot\share\prims\jni.cpp, line 516]
Event: 6.818 Thread 0x000001ef103e8080 Exception <a 'sun/nio/fs/WindowsException'{0x00000000c5df1fe8}> (0x00000000c5df1fe8) 
thrown [s\src\hotspot\share\prims\jni.cpp, line 516]
Event: 6.822 Thread 0x000001ef103e8550 Exception <a 'sun/nio/fs/WindowsException'{0x00000000c5ecc340}> (0x00000000c5ecc340) 
thrown [s\src\hotspot\share\prims\jni.cpp, line 516]
Event: 6.850 Thread 0x000001ef0fa37010 Exception <a 'java/lang/NoSuchMethodError'{0x00000000c3d4a300}: 'java.lang.Object java.lang.invoke.DirectMethodHandle$Holder.newInvokeSpecial(java.lang.Object, java.lang.Object, int)'> (0x00000000c3d4a300) 
thrown [s\src\hotspot\share\interpreter\linkResolver.cpp, line 759]
Event: 7.315 Thread 0x000001ef109533f0 Exception <a 'java/lang/NoSuchMethodError'{0x00000000d44058c8}: 'java.lang.Object java.lang.invoke.Invokers$Holder.invoke_MT(java.lang.Object, java.lang.Object, java.lang.Object)'> (0x00000000d44058c8) 
thrown [s\src\hotspot\share\interpreter\linkResolver.cpp, line 759]
Event: 7.383 Thread 0x000001ef109538c0 Exception <a 'java/lang/NoSuchMethodError'{0x00000000d307b750}: 'void java.lang.invoke.DirectMethodHandle$Holder.invokeVirtual(java.lang.Object, java.lang.Object, java.lang.Object, java.lang.Object)'> (0x00000000d307b750) 
thrown [s\src\hotspot\share\interpreter\linkResolver.cpp, line 759]
Event: 7.598 Thread 0x000001ef109538c0 Exception <a 'sun/nio/fs/WindowsException'{0x00000000d38814c8}> (0x00000000d38814c8) 
thrown [s\src\hotspot\share\prims\jni.cpp, line 516]

VM Operations (20 events):
Event: 7.448 Executing VM operation: HandshakeAllThreads done
Event: 7.505 Executing VM operation: G1CollectForAllocation
Event: 7.506 Executing VM operation: G1CollectForAllocation done
Event: 7.506 Executing VM operation: G1CollectForAllocation
Event: 7.538 Executing VM operation: G1CollectForAllocation done
Event: 7.572 Executing VM operation: HandshakeAllThreads
Event: 7.572 Executing VM operation: HandshakeAllThreads done
Event: 7.577 Executing VM operation: G1CollectForAllocation
Event: 7.578 Executing VM operation: G1CollectForAllocation done
Event: 7.578 Executing VM operation: G1CollectForAllocation
Event: 7.589 Executing VM operation: G1CollectForAllocation done
Event: 7.600 Executing VM operation: HandshakeAllThreads
Event: 7.624 Executing VM operation: HandshakeAllThreads done
Event: 7.631 Executing VM operation: G1CollectForAllocation
Event: 7.632 Executing VM operation: G1CollectForAllocation done
Event: 7.632 Executing VM operation: G1CollectForAllocation
Event: 7.637 Executing VM operation: G1CollectForAllocation done
Event: 7.672 Executing VM operation: G1CollectForAllocation
Event: 7.673 Executing VM operation: G1CollectForAllocation done
Event: 7.673 Executing VM operation: G1CollectForAllocation

Events (20 events):
Event: 7.639 loading class com/sun/crypto/provider/CipherCore
Event: 7.639 loading class com/sun/crypto/provider/CipherCore done
Event: 7.639 loading class com/sun/crypto/provider/DESCrypt
Event: 7.639 loading class com/sun/crypto/provider/DESConstants
Event: 7.639 loading class com/sun/crypto/provider/DESConstants done
Event: 7.639 loading class com/sun/crypto/provider/SymmetricCipher
Event: 7.639 loading class com/sun/crypto/provider/SymmetricCipher done
Event: 7.639 loading class com/sun/crypto/provider/DESCrypt done
Event: 7.640 loading class com/sun/crypto/provider/ElectronicCodeBook
Event: 7.640 loading class com/sun/crypto/provider/FeedbackCipher
Event: 7.640 loading class com/sun/crypto/provider/FeedbackCipher done
Event: 7.640 loading class com/sun/crypto/provider/ElectronicCodeBook done
Event: 7.640 loading class com/sun/crypto/provider/PKCS5Padding
Event: 7.640 loading class com/sun/crypto/provider/Padding
Event: 7.640 loading class com/sun/crypto/provider/Padding done
Event: 7.640 loading class com/sun/crypto/provider/PKCS5Padding done
Event: 7.640 loading class com/sun/crypto/provider/CipherBlockChaining
Event: 7.640 loading class com/sun/crypto/provider/CipherBlockChaining done
Event: 7.640 loading class sun/security/ssl/SSLCipher$T11BlockReadCipherGenerator
Event: 7.640 loading class sun/security/ssl/SSLCipher$T11BlockReadCipherGenerator done


Dynamic libraries:
0x00007ff6794c0000 - 0x00007ff6794ce000 	c:\Users\final\.vscode\extensions\redhat.java-1.20.0-win32-x64\jre\17.0.7-win32-x86_64\bin\java.exe
0x00007ffafa670000 - 0x00007ffafa868000 	C:\WINDOWS\SYSTEM32\ntdll.dll
0x00007ffafa4f0000 - 0x00007ffafa5af000 	C:\WINDOWS\System32\KERNEL32.DLL
0x00007ffaf8490000 - 0x00007ffaf8786000 	C:\WINDOWS\System32\KERNELBASE.dll
0x00007ffaf7f80000 - 0x00007ffaf8080000 	C:\WINDOWS\System32\ucrtbase.dll
0x00007ffae11d0000 - 0x00007ffae11e9000 	c:\Users\final\.vscode\extensions\redhat.java-1.20.0-win32-x64\jre\17.0.7-win32-x86_64\bin\VCRUNTIME140.dll
0x00007ffae2df0000 - 0x00007ffae2e07000 	c:\Users\final\.vscode\extensions\redhat.java-1.20.0-win32-x64\jre\17.0.7-win32-x86_64\bin\jli.dll
0x00007ffafa320000 - 0x00007ffafa4bd000 	C:\WINDOWS\System32\USER32.dll
0x00007ffacce30000 - 0x00007ffacd0ca000 	C:\WINDOWS\WinSxS\amd64_microsoft.windows.common-controls_6595b64144ccf1df_6.0.19041.1110_none_60b5254171f9507e\COMCTL32.dll
0x00007ffaf9890000 - 0x00007ffaf992e000 	C:\WINDOWS\System32\msvcrt.dll
0x00007ffaf8790000 - 0x00007ffaf87b2000 	C:\WINDOWS\System32\win32u.dll
0x00007ffafa4c0000 - 0x00007ffafa4ec000 	C:\WINDOWS\System32\GDI32.dll
0x00007ffaf8210000 - 0x00007ffaf8325000 	C:\WINDOWS\System32\gdi32full.dll
0x00007ffaf7e70000 - 0x00007ffaf7f0d000 	C:\WINDOWS\System32\msvcp_win.dll
0x00007ffaf9710000 - 0x00007ffaf9740000 	C:\WINDOWS\System32\IMM32.DLL
0x00007ffae05f0000 - 0x00007ffae05fc000 	c:\Users\final\.vscode\extensions\redhat.java-1.20.0-win32-x64\jre\17.0.7-win32-x86_64\bin\vcruntime140_1.dll
0x00007ffadedd0000 - 0x00007ffadee61000 	c:\Users\final\.vscode\extensions\redhat.java-1.20.0-win32-x64\jre\17.0.7-win32-x86_64\bin\msvcp140.dll
0x00007ffa99c50000 - 0x00007ffa9a898000 	c:\Users\final\.vscode\extensions\redhat.java-1.20.0-win32-x64\jre\17.0.7-win32-x86_64\bin\server\jvm.dll
0x00007ffaf99f0000 - 0x00007ffaf9a9f000 	C:\WINDOWS\System32\ADVAPI32.dll
0x00007ffaf8ff0000 - 0x00007ffaf908c000 	C:\WINDOWS\System32\sechost.dll
0x00007ffafa1f0000 - 0x00007ffafa316000 	C:\WINDOWS\System32\RPCRT4.dll
0x00007ffabfd20000 - 0x00007ffabfd29000 	C:\WINDOWS\SYSTEM32\WSOCK32.dll
0x00007ffad14b0000 - 0x00007ffad14d7000 	C:\WINDOWS\SYSTEM32\WINMM.dll
0x00007ffaf9150000 - 0x00007ffaf91bb000 	C:\WINDOWS\System32\WS2_32.dll
0x00007ffaefd70000 - 0x00007ffaefd7a000 	C:\WINDOWS\SYSTEM32\VERSION.dll
0x00007ffaf5cf0000 - 0x00007ffaf5d02000 	C:\WINDOWS\SYSTEM32\kernel.appcore.dll
0x00007ffae05e0000 - 0x00007ffae05ea000 	c:\Users\final\.vscode\extensions\redhat.java-1.20.0-win32-x64\jre\17.0.7-win32-x86_64\bin\jimage.dll
0x00007ffaf3bc0000 - 0x00007ffaf3da4000 	C:\WINDOWS\SYSTEM32\DBGHELP.DLL
0x00007ffae6240000 - 0x00007ffae6274000 	C:\WINDOWS\SYSTEM32\dbgcore.DLL
0x00007ffaf8180000 - 0x00007ffaf8202000 	C:\WINDOWS\System32\bcryptPrimitives.dll
0x00007ffadb760000 - 0x00007ffadb785000 	c:\Users\final\.vscode\extensions\redhat.java-1.20.0-win32-x64\jre\17.0.7-win32-x86_64\bin\java.dll
0x00007ffadedb0000 - 0x00007ffadedc8000 	c:\Users\final\.vscode\extensions\redhat.java-1.20.0-win32-x64\jre\17.0.7-win32-x86_64\bin\zip.dll
0x00007ffaf9aa0000 - 0x00007ffafa1e4000 	C:\WINDOWS\System32\SHELL32.dll
0x00007ffaf5ef0000 - 0x00007ffaf6684000 	C:\WINDOWS\SYSTEM32\windows.storage.dll
0x00007ffaf8c90000 - 0x00007ffaf8fe4000 	C:\WINDOWS\System32\combase.dll
0x00007ffaf7880000 - 0x00007ffaf78ae000 	C:\WINDOWS\SYSTEM32\Wldp.dll
0x00007ffaf8960000 - 0x00007ffaf8a0d000 	C:\WINDOWS\System32\SHCORE.dll
0x00007ffaf9990000 - 0x00007ffaf99e5000 	C:\WINDOWS\System32\shlwapi.dll
0x00007ffaf7d70000 - 0x00007ffaf7d95000 	C:\WINDOWS\SYSTEM32\profapi.dll
0x00007ffaded90000 - 0x00007ffadeda9000 	C:\Users\final\.vscode\extensions\redhat.java-1.20.0-win32-x64\jre\17.0.7-win32-x86_64\bin\net.dll
0x00007ffaed520000 - 0x00007ffaed62a000 	C:\WINDOWS\SYSTEM32\WINHTTP.dll
0x00007ffaf75e0000 - 0x00007ffaf764a000 	C:\WINDOWS\system32\mswsock.dll
0x00007ffaded70000 - 0x00007ffaded85000 	C:\Users\final\.vscode\extensions\redhat.java-1.20.0-win32-x64\jre\17.0.7-win32-x86_64\bin\nio.dll
0x00007ffaf77e0000 - 0x00007ffaf77f8000 	C:\WINDOWS\SYSTEM32\CRYPTSP.dll
0x00007ffaf6e90000 - 0x00007ffaf6ec4000 	C:\WINDOWS\system32\rsaenh.dll
0x00007ffaf7e40000 - 0x00007ffaf7e67000 	C:\WINDOWS\System32\bcrypt.dll
0x00007ffaf7d30000 - 0x00007ffaf7d5e000 	C:\WINDOWS\SYSTEM32\USERENV.dll
0x00007ffaf77d0000 - 0x00007ffaf77dc000 	C:\WINDOWS\SYSTEM32\CRYPTBASE.dll
0x00007ffaf7280000 - 0x00007ffaf72bc000 	C:\WINDOWS\SYSTEM32\IPHLPAPI.DLL
0x00007ffaf8940000 - 0x00007ffaf8948000 	C:\WINDOWS\System32\NSI.dll
0x00007ffaeece0000 - 0x00007ffaeecf7000 	C:\WINDOWS\SYSTEM32\dhcpcsvc6.DLL
0x00007ffaef250000 - 0x00007ffaef26d000 	C:\WINDOWS\SYSTEM32\dhcpcsvc.DLL
0x00007ffaf72c0000 - 0x00007ffaf738a000 	C:\WINDOWS\SYSTEM32\DNSAPI.dll
0x00007ffae3740000 - 0x00007ffae3749000 	C:\Users\final\.vscode\extensions\redhat.java-1.20.0-win32-x64\jre\17.0.7-win32-x86_64\bin\management.dll
0x00007ffae3730000 - 0x00007ffae373b000 	C:\Users\final\.vscode\extensions\redhat.java-1.20.0-win32-x64\jre\17.0.7-win32-x86_64\bin\management_ext.dll
0x00007ffaf9140000 - 0x00007ffaf9148000 	C:\WINDOWS\System32\PSAPI.DLL

dbghelp: loaded successfully - version: 4.0.5 - missing functions: none
symbol engine: initialized successfully - sym options: 0x614 - pdb path: .;c:\Users\final\.vscode\extensions\redhat.java-1.20.0-win32-x64\jre\17.0.7-win32-x86_64\bin;C:\WINDOWS\SYSTEM32;C:\WINDOWS\WinSxS\amd64_microsoft.windows.common-controls_6595b64144ccf1df_6.0.19041.1110_none_60b5254171f9507e;c:\Users\final\.vscode\extensions\redhat.java-1.20.0-win32-x64\jre\17.0.7-win32-x86_64\bin\server

VM Arguments:
jvm_args: -XX:+HeapDumpOnOutOfMemoryError -Xmx1024m -Dsts.lsp.client=vscode -Dsts.log.file=/dev/null -XX:TieredStopAtLevel=1 -Xlog:jni+resolve=off -Dspring.config.location=file:c:\Users\final\.vscode\extensions\vmware.vscode-spring-boot-1.47.0\language-server\BOOT-INF\classes\application.properties 
java_command: org.springframework.ide.vscode.boot.app.BootLanguageServerBootApp
java_class_path (initial): c:\Users\final\.vscode\extensions\vmware.vscode-spring-boot-1.47.0\language-server\BOOT-INF\classes;c:\Users\final\.vscode\extensions\vmware.vscode-spring-boot-1.47.0\language-server\BOOT-INF\lib\annotations-24.0.1.jar;c:\Users\final\.vscode\extensions\vmware.vscode-spring-boot-1.47.0\language-server\BOOT-INF\lib\antlr-runtime-3.5.3.jar;c:\Users\final\.vscode\extensions\vmware.vscode-spring-boot-1.47.0\language-server\BOOT-INF\lib\antlr4-4.11.1.jar;c:\Users\final\.vscode\extensions\vmware.vscode-spring-boot-1.47.0\language-server\BOOT-INF\lib\antlr4-runtime-4.11.1.jar;c:\Users\final\.vscode\extensions\vmware.vscode-spring-boot-1.47.0\language-server\BOOT-INF\lib\aopalliance-1.0.jar;c:\Users\final\.vscode\extensions\vmware.vscode-spring-boot-1.47.0\language-server\BOOT-INF\lib\asm-9.5.jar;c:\Users\final\.vscode\extensions\vmware.vscode-spring-boot-1.47.0\language-server\BOOT-INF\lib\asm-analysis-9.5.jar;c:\Users\final\.vscode\extensions\vmware.vscode-spring-boot-1.47.0\language-server\BOOT-INF\lib\asm-tree-9.5.jar;c:\Users\final\.vscode\extensions\vmware.vscode-spring-boot-1.47.0\language-server\BOOT-INF\lib\asm-util-9.5.jar;c:\Users\final\.vscode\extensions\vmware.vscode-spring-boot-1.47.0\language-server\BOOT-INF\lib\auto-common-1.2.1.jar;c:\Users\final\.vscode\extensions\vmware.vscode-spring-boot-1.47.0\language-server\BOOT-INF\lib\auto-value-annotations-1.9.jar;c:\Users\final\.vscode\extensions\vmware.vscode-spring-boot-1.47.0\language-server\BOOT-INF\lib\caffeine-3.1.2.jar;c:\Users\final\.vscode\extensions\vmware.vscode-spring-boot-1.47.0\language-server\BOOT-INF\lib\checker-qual-3.12.0.jar;c:\Users\final\.vscode\extensions\vmware.vscode-spring-boot-1.47.0\language-server\BOOT-INF\lib\classgraph-4.8.149.jar;c:\Users\final\.vscode\extensions\vmware.vscode-spring-boot-1.47.0\language-server\BOOT-INF\lib\commons-codec-1.15.jar;c:\Users\final\.vscode\extensions\vmware.vscode-spring-boot-1.47.0\language-server\BOOT-INF\lib\commons-compres
Launcher Type: SUN_STANDARD

[Global flags]
     intx CICompilerCount                          = 4                                         {product} {ergonomic}
     uint ConcGCThreads                            = 2                                         {product} {ergonomic}
     uint G1ConcRefinementThreads                  = 8                                         {product} {ergonomic}
   size_t G1HeapRegionSize                         = 1048576                                   {product} {ergonomic}
    uintx GCDrainStackTargetSize                   = 64                                        {product} {ergonomic}
     bool HeapDumpOnOutOfMemoryError               = true                                   {manageable} {command line}
   size_t InitialHeapSize                          = 130023424                                 {product} {ergonomic}
   size_t MarkStackSize                            = 4194304                                   {product} {ergonomic}
   size_t MaxHeapSize                              = 1073741824                                {product} {command line}
   size_t MaxNewSize                               = 643825664                                 {product} {ergonomic}
   size_t MinHeapDeltaBytes                        = 1048576                                   {product} {ergonomic}
   size_t MinHeapSize                              = 8388608                                   {product} {ergonomic}
    uintx NonProfiledCodeHeapSize                  = 0                                      {pd product} {ergonomic}
     bool ProfileInterpreter                       = false                                  {pd product} {command line}
    uintx ProfiledCodeHeapSize                     = 0                                      {pd product} {ergonomic}
   size_t SoftMaxHeapSize                          = 1073741824                             {manageable} {ergonomic}
     intx TieredStopAtLevel                        = 1                                         {product} {command line}
     bool UseCompressedClassPointers               = true                           {product lp64_product} {ergonomic}
     bool UseCompressedOops                        = true                           {product lp64_product} {ergonomic}
     bool UseG1GC                                  = true                                      {product} {ergonomic}
     bool UseLargePagesIndividualAllocation        = false                                  {pd product} {ergonomic}

Logging:
Log output configuration:
 #0: stdout all=warning,jni+resolve=off uptime,level,tags
 #1: stderr all=off uptime,level,tags

Environment Variables:
JAVA_HOME=C:\Program Files\Java\jdk-20
CLASSPATH=C:\Program Files\SAP\SAP Business One DI API\JCO\LIB\sbowrapper.jar;C:\Program Files\SAP\SAP Business One DI API\JCO\LIB\sboapi.jar
PATH=C:\Program Files\Eclipse Adoptium\jdk-17.0.7.7-hotspot\bin;C:\Program Files\Common Files\Oracle\Java\javapath;C:\oraclexe\app\oracle\product\11.2.0\server\bin;C:\Program Files\Microsoft MPI\Bin\;D:\OracleBDD\bin;D:\Oracle\bin;C:\Oracle\bin;C:\ProgramData\Oracle\Java\javapath;C:\WINDOWS\system32;C:\WINDOWS;C:\WINDOWS\System32\Wbem;C:\WINDOWS\System32\WindowsPowerShell\v1.0\;C:\WINDOWS\System32\OpenSSH\;C:\Program Files\Microsoft SQL Server\Client SDK\ODBC\170\Tools\Binn\;C:\Program Files (x86)\Microsoft SQL Server\150\Tools\Binn\;C:\Program Files\Microsoft SQL Server\150\Tools\Binn\;C:\Program Files\Microsoft SQL Server\150\DTS\Binn\;C:\Program Files\dotnet\;C:\Program Files (x86)\Intel\Intel(R) Management Engine Components\DAL;C:\Program Files\Intel\Intel(R) Management Engine Components\DAL;C:\Program Files\Microsoft SQL Server\Client SDK\ODBC\130\Tools\Binn\;D:\Program Files\nodejs\;D:\Program Files\Java\jdk1.8.0_301\bin;C:\Program Files (x86)\Java\jdk-19.0.2\bin;C:\Program Files\SAP\SAP Business One DI API\JCO\LIB\;C:\Program Files\SAP\SAP Business One DI API\DI API 90;C:\Program Files\PuTTY\;C:\Program Files\Git\cmd;C:\Program Files\MongoDB\Server\5.0\bin;C:\Users\final\AppData\Local\Programs\Python\Python310\Scripts\;C:\Users\final\AppData\Local\Programs\Python\Python310\;C:\Users\final\AppData\Local\Microsoft\WindowsApps;C:\Users\final\.dotnet\tools;D:\Microsoft VS Code\bin;C:\Users\final\AppData\Roaming\npm;C:\Users\final\AppData\Roaming\Python\Python39\Scripts\;C:\Program Files\Git\bin;C:\Users\Public;C:\src\flutter\bin;C:\Program Files\Azure Data Studio\bin;C:\Program Files\Java\jdk-20\bin;C:\Users\final\AppData\Local\GitHubDesktop\bin
USERNAME=JERRY
OS=Windows_NT
PROCESSOR_IDENTIFIER=Intel64 Family 6 Model 142 Stepping 10, GenuineIntel
TMP=C:\Users\final\AppData\Local\Temp
TEMP=C:\Users\final\AppData\Local\Temp



---------------  S Y S T E M  ---------------

OS:
 Windows 10 , 64 bit Build 19041 (10.0.19041.3155)
OS uptime: 0 days 5:08 hours

CPU: total 8 (initial active 8) (4 cores per cpu, 2 threads per core) family 6 model 142 stepping 10 microcode 0xf0, cx8, cmov, fxsr, ht, mmx, 3dnowpref, sse, sse2, sse3, ssse3, sse4.1, sse4.2, popcnt, lzcnt, tsc, tscinvbit, avx, avx2, aes, erms, clmul, bmi1, bmi2, adx, fma, vzeroupper, clflush, clflushopt

Memory: 4k page, system-wide physical 7844M (782M free)
TotalPageFile size 9892M (AvailPageFile size 116M)
current process WorkingSet (physical memory assigned to process): 411M, peak: 411M
current process commit charge ("private bytes"): 491M, peak: 631M

vm_info: OpenJDK 64-Bit Server VM (17.0.7+7) for windows-amd64 JRE (17.0.7+7), built on Apr 18 2023 22:10:42 by "temurin" with MS VC++ 16.7 (VS2019)

END.
