#
# There is insufficient memory for the Java Runtime Environment to continue.
# Native memory allocation (mmap) failed to map 252706816 bytes for G1 virtual space
# Possible reasons:
#   The system is out of physical RAM or swap space
#   The process is running with CompressedOops enabled, and the Java Heap may be blocking the growth of the native heap
# Possible solutions:
#   Reduce memory load on the system
#   Increase physical memory or swap space
#   Check if swap backing store is full
#   Decrease Java heap size (-Xmx/-Xms)
#   Decrease number of Java threads
#   Decrease Java thread stack sizes (-Xss)
#   Set larger code cache with -XX:ReservedCodeCacheSize=
#   JVM is running with Unscaled Compressed Oops mode in which the Java heap is
#     placed in the first 4GB address space. The Java Heap base address is the
#     maximum limit for the native heap growth. Please use -XX:HeapBaseMinAddress
#     to set the Java Heap base and to place the Java Heap above 4GB virtual address.
# This output file may be truncated or incomplete.
#
#  Out of Memory Error (os_windows.cpp:3559), pid=13376, tid=11828
#
# JRE version: OpenJDK Runtime Environment Temurin-17.0.7+7 (17.0.7+7) (build 17.0.7+7)
# Java VM: OpenJDK 64-Bit Server VM Temurin-17.0.7+7 (17.0.7+7, mixed mode, emulated-client, tiered, compressed oops, compressed class ptrs, g1 gc, windows-amd64)
# No core dump will be written. Minidumps are not enabled by default on client versions of Windows
#

---------------  S U M M A R Y ------------

Command Line: -XX:+HeapDumpOnOutOfMemoryError -Xmx1024m -Dsts.lsp.client=vscode -Dsts.log.file=/dev/null -XX:TieredStopAtLevel=1 -Xlog:jni+resolve=off -Dspring.config.location=file:c:\Users\final\.vscode\extensions\vmware.vscode-spring-boot-1.47.0\language-server\BOOT-INF\classes\application.properties org.springframework.ide.vscode.boot.app.BootLanguageServerBootApp

Host: Intel(R) Core(TM) i7-8550U CPU @ 1.80GHz, 8 cores, 7G,  Windows 10 , 64 bit Build 19041 (10.0.19041.3155)
Time: Fri Jul 28 19:05:00 2023 Hora est. Pacífico, Sudamérica elapsed time: 5.035406 seconds (0d 0h 0m 5s)

---------------  T H R E A D  ---------------

Current thread (0x000002afa0c2d0f0):  VMThread "VM Thread" [stack: 0x000000ca98200000,0x000000ca98300000] [id=11828]

Stack: [0x000000ca98200000,0x000000ca98300000]
Native frames: (J=compiled Java code, j=interpreted, Vv=VM code, C=native code)
V  [jvm.dll+0x67754a]
V  [jvm.dll+0x834304]
V  [jvm.dll+0x835aae]
V  [jvm.dll+0x836113]
V  [jvm.dll+0x24696f]
V  [jvm.dll+0x6743f9]
V  [jvm.dll+0x668c8a]
V  [jvm.dll+0x3061bb]
V  [jvm.dll+0x30d6a6]
V  [jvm.dll+0x35cece]
V  [jvm.dll+0x35d0ff]
V  [jvm.dll+0x2dd048]
V  [jvm.dll+0x2db20c]
V  [jvm.dll+0x2da7dc]
V  [jvm.dll+0x31e6db]
V  [jvm.dll+0x83a5bb]
V  [jvm.dll+0x83b2f4]
V  [jvm.dll+0x83b80c]
V  [jvm.dll+0x83bbe4]
V  [jvm.dll+0x83bcb0]
V  [jvm.dll+0x7e4e7a]
V  [jvm.dll+0x676395]
C  [ucrtbase.dll+0x21bb2]
C  [KERNEL32.DLL+0x17614]
C  [ntdll.dll+0x526b1]

VM_Operation (0x000000ca9a7fe020): G1CollectForAllocation, mode: safepoint, requested by thread 0x000002afa6951540


---------------  P R O C E S S  ---------------

Threads class SMR info:
_java_thread_list=0x000002afa76f6bd0, length=46, elements={
0x000002afa0c41730, 0x000002afa0c425a0, 0x000002afa0c80410, 0x000002afa0c81190,
0x000002afa0c84c60, 0x000002afa0c85610, 0x000002afa0c86070, 0x000002afa0c86a60,
0x000002afa51f8a10, 0x000002afa52001f0, 0x000002afa51fe580, 0x000002afa520e6f0,
0x000002afa60ad4f0, 0x000002afa6714d50, 0x000002afa67613f0, 0x000002afa67fb2a0,
0x000002afa68550b0, 0x000002af95e28dc0, 0x000002afa68d8590, 0x000002afa68fe490,
0x000002afa691ee70, 0x000002afa691f340, 0x000002afa69536f0, 0x000002afa6954a30,
0x000002afa69523b0, 0x000002afa6953bc0, 0x000002afa6951070, 0x000002afa6954090,
0x000002afa6951540, 0x000002afa6951a10, 0x000002afa6953220, 0x000002afa6954560,
0x000002afa6951ee0, 0x000002afa6952d50, 0x000002afa6952880, 0x000002afa6a69930,
0x000002afa6a625b0, 0x000002afa6a65aa0, 0x000002afa6a672b0, 0x000002afa6a68f90,
0x000002afa6a67780, 0x000002afa6a69460, 0x000002afa6a620e0, 0x000002afa6a62a80,
0x000002afa6a64290, 0x000002afa6a64c30
}

Java Threads: ( => current thread )
  0x000002afa0c41730 JavaThread "Reference Handler" daemon [_thread_blocked, id=14468, stack(0x000000ca98300000,0x000000ca98400000)]
  0x000002afa0c425a0 JavaThread "Finalizer" daemon [_thread_blocked, id=18180, stack(0x000000ca98400000,0x000000ca98500000)]
  0x000002afa0c80410 JavaThread "Signal Dispatcher" daemon [_thread_blocked, id=14244, stack(0x000000ca98500000,0x000000ca98600000)]
  0x000002afa0c81190 JavaThread "Attach Listener" daemon [_thread_blocked, id=9244, stack(0x000000ca98600000,0x000000ca98700000)]
  0x000002afa0c84c60 JavaThread "Service Thread" daemon [_thread_blocked, id=4072, stack(0x000000ca98700000,0x000000ca98800000)]
  0x000002afa0c85610 JavaThread "Monitor Deflation Thread" daemon [_thread_blocked, id=9868, stack(0x000000ca98800000,0x000000ca98900000)]
  0x000002afa0c86070 JavaThread "C1 CompilerThread0" daemon [_thread_blocked, id=10624, stack(0x000000ca98900000,0x000000ca98a00000)]
  0x000002afa0c86a60 JavaThread "Sweeper thread" daemon [_thread_blocked, id=7212, stack(0x000000ca98a00000,0x000000ca98b00000)]
  0x000002afa51f8a10 JavaThread "C1 CompilerThread1" daemon [_thread_blocked, id=17644, stack(0x000000ca98b00000,0x000000ca98c00000)]
  0x000002afa52001f0 JavaThread "C1 CompilerThread2" daemon [_thread_blocked, id=16960, stack(0x000000ca98c00000,0x000000ca98d00000)]
  0x000002afa51fe580 JavaThread "Notification Thread" daemon [_thread_blocked, id=11600, stack(0x000000ca98d00000,0x000000ca98e00000)]
  0x000002afa520e6f0 JavaThread "Common-Cleaner" daemon [_thread_blocked, id=12244, stack(0x000000ca98f00000,0x000000ca99000000)]
  0x000002afa60ad4f0 JavaThread "C1 CompilerThread3" daemon [_thread_blocked, id=5776, stack(0x000000ca99800000,0x000000ca99900000)]
  0x000002afa6714d50 JavaThread "boundedElastic-evictor-1" daemon [_thread_blocked, id=8588, stack(0x000000ca99700000,0x000000ca99800000)]
  0x000002afa67613f0 JavaThread "boundedElastic-evictor-2" daemon [_thread_blocked, id=2428, stack(0x000000ca99a00000,0x000000ca99b00000)]
  0x000002afa67fb2a0 JavaThread "pool-10-thread-1" [_thread_blocked, id=12668, stack(0x000000ca99b00000,0x000000ca99c00000)]
  0x000002afa68550b0 JavaThread "LanguageServerApp-lifecycle" [_thread_blocked, id=15228, stack(0x000000ca99c00000,0x000000ca99d00000)]
  0x000002af95e28dc0 JavaThread "DestroyJavaVM" [_thread_blocked, id=16028, stack(0x000000ca97c00000,0x000000ca97d00000)]
  0x000002afa68d8590 JavaThread "pool-11-thread-1" [_thread_in_native, id=6756, stack(0x000000ca99d00000,0x000000ca99e00000)]
  0x000002afa68fe490 JavaThread "Simple-Language-Server main thread" daemon [_thread_blocked, id=4564, stack(0x000000ca99e00000,0x000000ca99f00000)]
  0x000002afa691ee70 JavaThread "pool-2-thread-1" [_thread_blocked, id=12788, stack(0x000000ca99f00000,0x000000ca9a000000)]
  0x000002afa691f340 JavaThread "pool-2-thread-2" [_thread_blocked, id=16560, stack(0x000000ca9a000000,0x000000ca9a100000)]
  0x000002afa69536f0 JavaThread "pool-2-thread-3" [_thread_blocked, id=14548, stack(0x000000ca9a100000,0x000000ca9a200000)]
  0x000002afa6954a30 JavaThread "pool-6-thread-1" [_thread_blocked, id=404, stack(0x000000ca9a200000,0x000000ca9a300000)]
  0x000002afa69523b0 JavaThread "ForkJoinPool.commonPool-worker-1" daemon [_thread_blocked, id=5548, stack(0x000000ca9a300000,0x000000ca9a400000)]
  0x000002afa6953bc0 JavaThread "pool-3-thread-1" [_thread_blocked, id=4164, stack(0x000000ca9a400000,0x000000ca9a500000)]
  0x000002afa6951070 JavaThread "ForkJoinPool.commonPool-worker-2" daemon [_thread_blocked, id=7192, stack(0x000000ca9a500000,0x000000ca9a600000)]
  0x000002afa6954090 JavaThread "ClassGraph-worker-0" daemon [_thread_blocked, id=6136, stack(0x000000ca9a600000,0x000000ca9a700000)]
  0x000002afa6951540 JavaThread "ClassGraph-worker-1" daemon [_thread_blocked, id=4356, stack(0x000000ca9a700000,0x000000ca9a800000)]
  0x000002afa6951a10 JavaThread "ClassGraph-worker-2" daemon [_thread_blocked, id=6600, stack(0x000000ca9a800000,0x000000ca9a900000)]
  0x000002afa6953220 JavaThread "ClassGraph-worker-3" daemon [_thread_blocked, id=6892, stack(0x000000ca9a900000,0x000000ca9aa00000)]
  0x000002afa6954560 JavaThread "ClassGraph-worker-4" daemon [_thread_blocked, id=10752, stack(0x000000ca9aa00000,0x000000ca9ab00000)]
  0x000002afa6951ee0 JavaThread "ClassGraph-worker-5" daemon [_thread_blocked, id=5608, stack(0x000000ca9ab00000,0x000000ca9ac00000)]
  0x000002afa6952d50 JavaThread "ClassGraph-worker-6" daemon [_thread_blocked, id=12604, stack(0x000000ca9ac00000,0x000000ca9ad00000)]
  0x000002afa6952880 JavaThread "ClassGraph-worker-7" daemon [_thread_blocked, id=14988, stack(0x000000ca9ad00000,0x000000ca9ae00000)]
  0x000002afa6a69930 JavaThread "ClassGraph-worker-8" daemon [_thread_blocked, id=17008, stack(0x000000ca9ae00000,0x000000ca9af00000)]
  0x000002afa6a625b0 JavaThread "ClassGraph-worker-9" daemon [_thread_blocked, id=4016, stack(0x000000ca9af00000,0x000000ca9b000000)]
  0x000002afa6a65aa0 JavaThread "ClassGraph-worker-10" daemon [_thread_blocked, id=5484, stack(0x000000ca9b000000,0x000000ca9b100000)]
  0x000002afa6a672b0 JavaThread "ClassGraph-worker-11" daemon [_thread_blocked, id=8776, stack(0x000000ca9b100000,0x000000ca9b200000)]
  0x000002afa6a68f90 JavaThread "ClassGraph-worker-12" daemon [_thread_blocked, id=8440, stack(0x000000ca9b200000,0x000000ca9b300000)]
  0x000002afa6a67780 JavaThread "ClassGraph-worker-13" daemon [_thread_blocked, id=5456, stack(0x000000ca9b300000,0x000000ca9b400000)]
  0x000002afa6a69460 JavaThread "parallel-1" daemon [_thread_blocked, id=16732, stack(0x000000ca9b400000,0x000000ca9b500000)]
  0x000002afa6a620e0 JavaThread "pool-4-thread-1" [_thread_blocked, id=9500, stack(0x000000ca9b600000,0x000000ca9b700000)]
  0x000002afa6a62a80 JavaThread "parallel-2" daemon [_thread_blocked, id=12592, stack(0x000000ca9b700000,0x000000ca9b800000)]
  0x000002afa6a64290 JavaThread "Project-Reconciler-1" daemon [_thread_blocked, id=17556, stack(0x000000ca9bb00000,0x000000ca9bc00000)]
  0x000002afa6a64c30 JavaThread "ForkJoinPool.commonPool-worker-3" daemon [_thread_in_native, id=7692, stack(0x000000ca9bc00000,0x000000ca9bd00000)]

Other Threads:
=>0x000002afa0c2d0f0 VMThread "VM Thread" [stack: 0x000000ca98200000,0x000000ca98300000] [id=11828]
  0x000002afa51fea50 WatcherThread [stack: 0x000000ca98e00000,0x000000ca98f00000] [id=3972]
  0x000002af95e662c0 GCTaskThread "GC Thread#0" [stack: 0x000000ca97d00000,0x000000ca97e00000] [id=10776]
  0x000002afa5c71b90 GCTaskThread "GC Thread#1" [stack: 0x000000ca99000000,0x000000ca99100000] [id=4896]
  0x000002afa5cde9b0 GCTaskThread "GC Thread#2" [stack: 0x000000ca99100000,0x000000ca99200000] [id=16656]
  0x000002afa5cdec60 GCTaskThread "GC Thread#3" [stack: 0x000000ca99200000,0x000000ca99300000] [id=11024]
  0x000002afa5db3f20 GCTaskThread "GC Thread#4" [stack: 0x000000ca99300000,0x000000ca99400000] [id=13908]
  0x000002afa5f17010 GCTaskThread "GC Thread#5" [stack: 0x000000ca99400000,0x000000ca99500000] [id=9456]
  0x000002afa5f1b2d0 GCTaskThread "GC Thread#6" [stack: 0x000000ca99500000,0x000000ca99600000] [id=8052]
  0x000002afa5f1b580 GCTaskThread "GC Thread#7" [stack: 0x000000ca99600000,0x000000ca99700000] [id=15932]
  0x000002af95e6f200 ConcurrentGCThread "G1 Main Marker" [stack: 0x000000ca97e00000,0x000000ca97f00000] [id=6576]
  0x000002af95e6fc10 ConcurrentGCThread "G1 Conc#0" [stack: 0x000000ca97f00000,0x000000ca98000000] [id=8752]
  0x000002afa6189860 ConcurrentGCThread "G1 Conc#1" [stack: 0x000000ca99900000,0x000000ca99a00000] [id=4144]
  0x000002af95ee7580 ConcurrentGCThread "G1 Refine#0" [stack: 0x000000ca98000000,0x000000ca98100000] [id=17044]
  0x000002afa6b0b700 ConcurrentGCThread "G1 Refine#1" [stack: 0x000000ca9b500000,0x000000ca9b600000] [id=6796]
  0x000002afa76d2770 ConcurrentGCThread "G1 Refine#2" [stack: 0x000000ca9b800000,0x000000ca9b900000] [id=8700]
  0x000002afa6bac970 ConcurrentGCThread "G1 Refine#3" [stack: 0x000000ca9b900000,0x000000ca9ba00000] [id=16200]
  0x000002afa76f29b0 ConcurrentGCThread "G1 Refine#4" [stack: 0x000000ca9ba00000,0x000000ca9bb00000] [id=16280]
  0x000002af95ee7fa0 ConcurrentGCThread "G1 Service" [stack: 0x000000ca98100000,0x000000ca98200000] [id=10380]

Threads with active compile tasks:

VM state: at safepoint (normal execution)

VM Mutex/Monitor currently owned by a thread:  ([mutex/lock_event])
[0x000002af93d1c2d0] Threads_lock - owner thread: 0x000002afa0c2d0f0
[0x000002af95e261f0] Heap_lock - owner thread: 0x000002afa6951540

Heap address: 0x00000000c0000000, size: 1024 MB, Compressed Oops mode: 32-bit

CDS archive(s) not mapped
Compressed class space mapped at: 0x0000000100000000-0x0000000140000000, reserved size: 1073741824
Narrow klass base: 0x0000000000000000, Narrow klass shift: 3, Narrow klass range: 0x140000000

GC Precious Log:
 CPUs: 8 total, 8 available
 Memory: 7844M
 Large Page Support: Disabled
 NUMA Support: Disabled
 Compressed Oops: Enabled (32-bit)
 Heap Region Size: 1M
 Heap Min Capacity: 8M
 Heap Initial Capacity: 124M
 Heap Max Capacity: 1G
 Pre-touch: Disabled
 Parallel Workers: 8
 Concurrent Workers: 2
 Concurrent Refinement Workers: 8
 Periodic GC: Disabled

Heap:
 garbage-first heap   total 347136K, used 120904K [0x00000000c0000000, 0x0000000100000000)
  region size 1024K, 16 young (16384K), 16 survivors (16384K)
 Metaspace       used 49274K, committed 49728K, reserved 1114112K
  class space    used 6213K, committed 6400K, reserved 1048576K

Heap Regions: E=young(eden), S=young(survivor), O=old, HS=humongous(starts), HC=humongous(continues), CS=collection set, F=free, OA=open archive, CA=closed archive, TAMS=top-at-mark-start (previous, next)
|   0|0x00000000c0000000, 0x00000000c0100000, 0x00000000c0100000|100%|HS|  |TAMS 0x00000000c0100000, 0x00000000c0000000| Complete 
|   1|0x00000000c0100000, 0x00000000c0200000, 0x00000000c0200000|100%| O|  |TAMS 0x00000000c0200000, 0x00000000c0100000| Untracked 
|   2|0x00000000c0200000, 0x00000000c0300000, 0x00000000c0300000|100%| O|  |TAMS 0x00000000c0300000, 0x00000000c0200000| Untracked 
|   3|0x00000000c0300000, 0x00000000c0400000, 0x00000000c0400000|100%| O|  |TAMS 0x00000000c0400000, 0x00000000c0300000| Untracked 
|   4|0x00000000c0400000, 0x00000000c0500000, 0x00000000c0500000|100%| O|  |TAMS 0x00000000c0500000, 0x00000000c0400000| Untracked 
|   5|0x00000000c0500000, 0x00000000c0600000, 0x00000000c0600000|100%| O|  |TAMS 0x00000000c0600000, 0x00000000c0500000| Untracked 
|   6|0x00000000c0600000, 0x00000000c0700000, 0x00000000c0700000|100%| O|  |TAMS 0x00000000c0700000, 0x00000000c0600000| Untracked 
|   7|0x00000000c0700000, 0x00000000c0800000, 0x00000000c0800000|100%| O|  |TAMS 0x00000000c0800000, 0x00000000c0700000| Untracked 
|   8|0x00000000c0800000, 0x00000000c0900000, 0x00000000c0900000|100%| O|  |TAMS 0x00000000c0900000, 0x00000000c0800000| Untracked 
|   9|0x00000000c0900000, 0x00000000c09fbe00, 0x00000000c0a00000| 98%| O|  |TAMS 0x00000000c09fbe00, 0x00000000c0900000| Untracked 
|  10|0x00000000c0a00000, 0x00000000c0b00000, 0x00000000c0b00000|100%| O|  |TAMS 0x00000000c0b00000, 0x00000000c0a00000| Untracked 
|  11|0x00000000c0b00000, 0x00000000c0c00000, 0x00000000c0c00000|100%| O|  |TAMS 0x00000000c0c00000, 0x00000000c0b00000| Untracked 
|  12|0x00000000c0c00000, 0x00000000c0d00000, 0x00000000c0d00000|100%| O|  |TAMS 0x00000000c0d00000, 0x00000000c0c00000| Untracked 
|  13|0x00000000c0d00000, 0x00000000c0e00000, 0x00000000c0e00000|100%| O|  |TAMS 0x00000000c0e00000, 0x00000000c0d00000| Untracked 
|  14|0x00000000c0e00000, 0x00000000c0f00000, 0x00000000c0f00000|100%| O|  |TAMS 0x00000000c0f00000, 0x00000000c0e00000| Untracked 
|  15|0x00000000c0f00000, 0x00000000c1000000, 0x00000000c1000000|100%| O|  |TAMS 0x00000000c1000000, 0x00000000c0f00000| Untracked 
|  16|0x00000000c1000000, 0x00000000c1100000, 0x00000000c1100000|100%| O|  |TAMS 0x00000000c1000000, 0x00000000c1000000| Untracked 
|  17|0x00000000c1100000, 0x00000000c1200000, 0x00000000c1200000|100%| O|  |TAMS 0x00000000c1200000, 0x00000000c1100000| Untracked 
|  18|0x00000000c1200000, 0x00000000c1300000, 0x00000000c1300000|100%| O|  |TAMS 0x00000000c1300000, 0x00000000c1200000| Untracked 
|  19|0x00000000c1300000, 0x00000000c1400000, 0x00000000c1400000|100%| O|  |TAMS 0x00000000c1400000, 0x00000000c1300000| Untracked 
|  20|0x00000000c1400000, 0x00000000c1500000, 0x00000000c1500000|100%| O|  |TAMS 0x00000000c1500000, 0x00000000c1400000| Untracked 
|  21|0x00000000c1500000, 0x00000000c1600000, 0x00000000c1600000|100%| O|  |TAMS 0x00000000c1600000, 0x00000000c1500000| Untracked 
|  22|0x00000000c1600000, 0x00000000c1700000, 0x00000000c1700000|100%| O|  |TAMS 0x00000000c1700000, 0x00000000c1600000| Untracked 
|  23|0x00000000c1700000, 0x00000000c1800000, 0x00000000c1800000|100%| O|  |TAMS 0x00000000c1800000, 0x00000000c1700000| Untracked 
|  24|0x00000000c1800000, 0x00000000c1900000, 0x00000000c1900000|100%| O|  |TAMS 0x00000000c1900000, 0x00000000c1800000| Untracked 
|  25|0x00000000c1900000, 0x00000000c1a00000, 0x00000000c1a00000|100%| O|  |TAMS 0x00000000c1900000, 0x00000000c1900000| Untracked 
|  26|0x00000000c1a00000, 0x00000000c1b00000, 0x00000000c1b00000|100%| O|  |TAMS 0x00000000c1b00000, 0x00000000c1a00000| Untracked 
|  27|0x00000000c1b00000, 0x00000000c1c00000, 0x00000000c1c00000|100%| O|  |TAMS 0x00000000c1c00000, 0x00000000c1b00000| Untracked 
|  28|0x00000000c1c00000, 0x00000000c1d00000, 0x00000000c1d00000|100%| O|  |TAMS 0x00000000c1d00000, 0x00000000c1c00000| Untracked 
|  29|0x00000000c1d00000, 0x00000000c1e00000, 0x00000000c1e00000|100%| O|  |TAMS 0x00000000c1e00000, 0x00000000c1d00000| Untracked 
|  30|0x00000000c1e00000, 0x00000000c1f00000, 0x00000000c1f00000|100%| O|  |TAMS 0x00000000c1f00000, 0x00000000c1e00000| Untracked 
|  31|0x00000000c1f00000, 0x00000000c2000000, 0x00000000c2000000|100%| O|  |TAMS 0x00000000c2000000, 0x00000000c1f00000| Untracked 
|  32|0x00000000c2000000, 0x00000000c2100000, 0x00000000c2100000|100%| O|  |TAMS 0x00000000c2100000, 0x00000000c2000000| Untracked 
|  33|0x00000000c2100000, 0x00000000c2200000, 0x00000000c2200000|100%| O|  |TAMS 0x00000000c2200000, 0x00000000c2100000| Untracked 
|  34|0x00000000c2200000, 0x00000000c2300000, 0x00000000c2300000|100%| O|  |TAMS 0x00000000c2300000, 0x00000000c2200000| Untracked 
|  35|0x00000000c2300000, 0x00000000c2400000, 0x00000000c2400000|100%| O|  |TAMS 0x00000000c2400000, 0x00000000c2300000| Untracked 
|  36|0x00000000c2400000, 0x00000000c2500000, 0x00000000c2500000|100%| O|  |TAMS 0x00000000c2500000, 0x00000000c2400000| Untracked 
|  37|0x00000000c2500000, 0x00000000c2600000, 0x00000000c2600000|100%| O|  |TAMS 0x00000000c2600000, 0x00000000c2500000| Untracked 
|  38|0x00000000c2600000, 0x00000000c2700000, 0x00000000c2700000|100%| O|  |TAMS 0x00000000c2700000, 0x00000000c2600000| Untracked 
|  39|0x00000000c2700000, 0x00000000c2800000, 0x00000000c2800000|100%| O|  |TAMS 0x00000000c2800000, 0x00000000c2700000| Untracked 
|  40|0x00000000c2800000, 0x00000000c2900000, 0x00000000c2900000|100%| O|  |TAMS 0x00000000c2900000, 0x00000000c2800000| Untracked 
|  41|0x00000000c2900000, 0x00000000c2a00000, 0x00000000c2a00000|100%| O|  |TAMS 0x00000000c2a00000, 0x00000000c2900000| Untracked 
|  42|0x00000000c2a00000, 0x00000000c2b00000, 0x00000000c2b00000|100%| O|  |TAMS 0x00000000c2a00000, 0x00000000c2a00000| Untracked 
|  43|0x00000000c2b00000, 0x00000000c2c00000, 0x00000000c2c00000|100%| O|  |TAMS 0x00000000c2c00000, 0x00000000c2b00000| Untracked 
|  44|0x00000000c2c00000, 0x00000000c2d00000, 0x00000000c2d00000|100%| O|  |TAMS 0x00000000c2d00000, 0x00000000c2c00000| Untracked 
|  45|0x00000000c2d00000, 0x00000000c2e00000, 0x00000000c2e00000|100%| O|  |TAMS 0x00000000c2e00000, 0x00000000c2d00000| Untracked 
|  46|0x00000000c2e00000, 0x00000000c2f00000, 0x00000000c2f00000|100%| O|  |TAMS 0x00000000c2f00000, 0x00000000c2e00000| Untracked 
|  47|0x00000000c2f00000, 0x00000000c3000000, 0x00000000c3000000|100%| O|  |TAMS 0x00000000c3000000, 0x00000000c2f00000| Untracked 
|  48|0x00000000c3000000, 0x00000000c3100000, 0x00000000c3100000|100%| O|  |TAMS 0x00000000c3100000, 0x00000000c3000000| Untracked 
|  49|0x00000000c3100000, 0x00000000c3200000, 0x00000000c3200000|100%| O|  |TAMS 0x00000000c3200000, 0x00000000c3100000| Untracked 
|  50|0x00000000c3200000, 0x00000000c3300000, 0x00000000c3300000|100%| O|  |TAMS 0x00000000c3300000, 0x00000000c3200000| Untracked 
|  51|0x00000000c3300000, 0x00000000c3400000, 0x00000000c3400000|100%| O|  |TAMS 0x00000000c3400000, 0x00000000c3300000| Untracked 
|  52|0x00000000c3400000, 0x00000000c3500000, 0x00000000c3500000|100%| O|  |TAMS 0x00000000c3500000, 0x00000000c3400000| Untracked 
|  53|0x00000000c3500000, 0x00000000c3600000, 0x00000000c3600000|100%| O|  |TAMS 0x00000000c3600000, 0x00000000c3500000| Untracked 
|  54|0x00000000c3600000, 0x00000000c3700000, 0x00000000c3700000|100%| O|  |TAMS 0x00000000c3700000, 0x00000000c3600000| Untracked 
|  55|0x00000000c3700000, 0x00000000c3800000, 0x00000000c3800000|100%| O|  |TAMS 0x00000000c3800000, 0x00000000c3700000| Untracked 
|  56|0x00000000c3800000, 0x00000000c3900000, 0x00000000c3900000|100%|HS|  |TAMS 0x00000000c3900000, 0x00000000c3800000| Complete 
|  57|0x00000000c3900000, 0x00000000c3a00000, 0x00000000c3a00000|100%| O|  |TAMS 0x00000000c3a00000, 0x00000000c3900000| Untracked 
|  58|0x00000000c3a00000, 0x00000000c3b00000, 0x00000000c3b00000|100%| O|  |TAMS 0x00000000c3b00000, 0x00000000c3a00000| Untracked 
|  59|0x00000000c3b00000, 0x00000000c3c00000, 0x00000000c3c00000|100%| O|  |TAMS 0x00000000c3c00000, 0x00000000c3b00000| Untracked 
|  60|0x00000000c3c00000, 0x00000000c3d00000, 0x00000000c3d00000|100%| O|  |TAMS 0x00000000c3d00000, 0x00000000c3c00000| Untracked 
|  61|0x00000000c3d00000, 0x00000000c3e00000, 0x00000000c3e00000|100%| O|  |TAMS 0x00000000c3e00000, 0x00000000c3d00000| Untracked 
|  62|0x00000000c3e00000, 0x00000000c3f00000, 0x00000000c3f00000|100%| O|  |TAMS 0x00000000c3f00000, 0x00000000c3e00000| Untracked 
|  63|0x00000000c3f00000, 0x00000000c4000000, 0x00000000c4000000|100%| O|  |TAMS 0x00000000c4000000, 0x00000000c3f00000| Untracked 
|  64|0x00000000c4000000, 0x00000000c4100000, 0x00000000c4100000|100%| O|  |TAMS 0x00000000c4100000, 0x00000000c4000000| Untracked 
|  65|0x00000000c4100000, 0x00000000c4200000, 0x00000000c4200000|100%| O|  |TAMS 0x00000000c4200000, 0x00000000c4100000| Untracked 
|  66|0x00000000c4200000, 0x00000000c4300000, 0x00000000c4300000|100%| O|  |TAMS 0x00000000c4300000, 0x00000000c4200000| Untracked 
|  67|0x00000000c4300000, 0x00000000c4400000, 0x00000000c4400000|100%| O|  |TAMS 0x00000000c4400000, 0x00000000c4300000| Untracked 
|  68|0x00000000c4400000, 0x00000000c4500000, 0x00000000c4500000|100%| O|  |TAMS 0x00000000c4500000, 0x00000000c4400000| Untracked 
|  69|0x00000000c4500000, 0x00000000c4600000, 0x00000000c4600000|100%| O|  |TAMS 0x00000000c4600000, 0x00000000c4500000| Untracked 
|  70|0x00000000c4600000, 0x00000000c4700000, 0x00000000c4700000|100%| O|  |TAMS 0x00000000c4700000, 0x00000000c4600000| Untracked 
|  71|0x00000000c4700000, 0x00000000c4800000, 0x00000000c4800000|100%| O|  |TAMS 0x00000000c4800000, 0x00000000c4700000| Untracked 
|  72|0x00000000c4800000, 0x00000000c4900000, 0x00000000c4900000|100%| O|  |TAMS 0x00000000c4900000, 0x00000000c4800000| Untracked 
|  73|0x00000000c4900000, 0x00000000c4a00000, 0x00000000c4a00000|100%| O|  |TAMS 0x00000000c4a00000, 0x00000000c4900000| Untracked 
|  74|0x00000000c4a00000, 0x00000000c4b00000, 0x00000000c4b00000|100%| O|  |TAMS 0x00000000c4b00000, 0x00000000c4a00000| Untracked 
|  75|0x00000000c4b00000, 0x00000000c4c00000, 0x00000000c4c00000|100%| O|  |TAMS 0x00000000c4c00000, 0x00000000c4b00000| Untracked 
|  76|0x00000000c4c00000, 0x00000000c4d00000, 0x00000000c4d00000|100%| O|  |TAMS 0x00000000c4cd5a00, 0x00000000c4c00000| Untracked 
|  77|0x00000000c4d00000, 0x00000000c4e00000, 0x00000000c4e00000|100%| O|  |TAMS 0x00000000c4d00000, 0x00000000c4d00000| Untracked 
|  78|0x00000000c4e00000, 0x00000000c4f00000, 0x00000000c4f00000|100%| O|  |TAMS 0x00000000c4e00000, 0x00000000c4e00000| Untracked 
|  79|0x00000000c4f00000, 0x00000000c5000000, 0x00000000c5000000|100%| O|  |TAMS 0x00000000c4f00000, 0x00000000c4f00000| Untracked 
|  80|0x00000000c5000000, 0x00000000c5100000, 0x00000000c5100000|100%| O|  |TAMS 0x00000000c5000000, 0x00000000c5000000| Untracked 
|  81|0x00000000c5100000, 0x00000000c5200000, 0x00000000c5200000|100%| O|  |TAMS 0x00000000c5100000, 0x00000000c5100000| Untracked 
|  82|0x00000000c5200000, 0x00000000c5300000, 0x00000000c5300000|100%| O|  |TAMS 0x00000000c5200000, 0x00000000c5200000| Untracked 
|  83|0x00000000c5300000, 0x00000000c5400000, 0x00000000c5400000|100%| O|  |TAMS 0x00000000c5300000, 0x00000000c5300000| Untracked 
|  84|0x00000000c5400000, 0x00000000c5500000, 0x00000000c5500000|100%| O|  |TAMS 0x00000000c5400000, 0x00000000c5400000| Untracked 
|  85|0x00000000c5500000, 0x00000000c5600000, 0x00000000c5600000|100%| O|  |TAMS 0x00000000c5500000, 0x00000000c5500000| Untracked 
|  86|0x00000000c5600000, 0x00000000c5700000, 0x00000000c5700000|100%| O|  |TAMS 0x00000000c5600000, 0x00000000c5600000| Untracked 
|  87|0x00000000c5700000, 0x00000000c5800000, 0x00000000c5800000|100%| O|  |TAMS 0x00000000c5700000, 0x00000000c5700000| Untracked 
|  88|0x00000000c5800000, 0x00000000c5900000, 0x00000000c5900000|100%| O|  |TAMS 0x00000000c5800000, 0x00000000c5800000| Untracked 
|  89|0x00000000c5900000, 0x00000000c5a00000, 0x00000000c5a00000|100%| O|  |TAMS 0x00000000c5900000, 0x00000000c5900000| Untracked 
|  90|0x00000000c5a00000, 0x00000000c5b00000, 0x00000000c5b00000|100%| O|  |TAMS 0x00000000c5a00000, 0x00000000c5a00000| Untracked 
|  91|0x00000000c5b00000, 0x00000000c5c00000, 0x00000000c5c00000|100%| O|  |TAMS 0x00000000c5b00000, 0x00000000c5b00000| Untracked 
|  92|0x00000000c5c00000, 0x00000000c5d00000, 0x00000000c5d00000|100%| O|  |TAMS 0x00000000c5c00000, 0x00000000c5c00000| Untracked 
|  93|0x00000000c5d00000, 0x00000000c5e00000, 0x00000000c5e00000|100%| O|  |TAMS 0x00000000c5d00000, 0x00000000c5d00000| Untracked 
|  94|0x00000000c5e00000, 0x00000000c5f00000, 0x00000000c5f00000|100%| O|  |TAMS 0x00000000c5e00000, 0x00000000c5e00000| Untracked 
|  95|0x00000000c5f00000, 0x00000000c6000000, 0x00000000c6000000|100%| O|  |TAMS 0x00000000c5f00000, 0x00000000c5f00000| Untracked 
|  96|0x00000000c6000000, 0x00000000c6100000, 0x00000000c6100000|100%| O|  |TAMS 0x00000000c6000000, 0x00000000c6000000| Untracked 
|  97|0x00000000c6100000, 0x00000000c6200000, 0x00000000c6200000|100%| O|  |TAMS 0x00000000c6100000, 0x00000000c6100000| Untracked 
|  98|0x00000000c6200000, 0x00000000c6300000, 0x00000000c6300000|100%| O|  |TAMS 0x00000000c6200000, 0x00000000c6200000| Untracked 
|  99|0x00000000c6300000, 0x00000000c6400000, 0x00000000c6400000|100%| O|  |TAMS 0x00000000c6300000, 0x00000000c6300000| Untracked 
| 100|0x00000000c6400000, 0x00000000c6500000, 0x00000000c6500000|100%| O|  |TAMS 0x00000000c6400000, 0x00000000c6400000| Untracked 
| 101|0x00000000c6500000, 0x00000000c6600000, 0x00000000c6600000|100%| O|  |TAMS 0x00000000c6500000, 0x00000000c6500000| Untracked 
| 102|0x00000000c6600000, 0x00000000c6616400, 0x00000000c6700000|  8%| O|  |TAMS 0x00000000c6600000, 0x00000000c6600000| Untracked 
| 103|0x00000000c6700000, 0x00000000c6700000, 0x00000000c6800000|  0%| F|  |TAMS 0x00000000c6700000, 0x00000000c6700000| Untracked 
| 104|0x00000000c6800000, 0x00000000c6800000, 0x00000000c6900000|  0%| F|  |TAMS 0x00000000c6800000, 0x00000000c6800000| Untracked 
| 105|0x00000000c6900000, 0x00000000c6900000, 0x00000000c6a00000|  0%| F|  |TAMS 0x00000000c6900000, 0x00000000c6900000| Untracked 
| 106|0x00000000c6a00000, 0x00000000c6a00000, 0x00000000c6b00000|  0%| F|  |TAMS 0x00000000c6a00000, 0x00000000c6a00000| Untracked 
| 107|0x00000000c6b00000, 0x00000000c6b00000, 0x00000000c6c00000|  0%| F|  |TAMS 0x00000000c6b00000, 0x00000000c6b00000| Untracked 
| 108|0x00000000c6c00000, 0x00000000c6c00000, 0x00000000c6d00000|  0%| F|  |TAMS 0x00000000c6c00000, 0x00000000c6c00000| Untracked 
| 109|0x00000000c6d00000, 0x00000000c6d00000, 0x00000000c6e00000|  0%| F|  |TAMS 0x00000000c6d00000, 0x00000000c6d00000| Untracked 
| 110|0x00000000c6e00000, 0x00000000c6e00000, 0x00000000c6f00000|  0%| F|  |TAMS 0x00000000c6e00000, 0x00000000c6e00000| Untracked 
| 111|0x00000000c6f00000, 0x00000000c6f00000, 0x00000000c7000000|  0%| F|  |TAMS 0x00000000c6f00000, 0x00000000c6f00000| Untracked 
| 112|0x00000000c7000000, 0x00000000c7000000, 0x00000000c7100000|  0%| F|  |TAMS 0x00000000c7000000, 0x00000000c7000000| Untracked 
| 113|0x00000000c7100000, 0x00000000c7100000, 0x00000000c7200000|  0%| F|  |TAMS 0x00000000c7100000, 0x00000000c7100000| Untracked 
| 114|0x00000000c7200000, 0x00000000c7200000, 0x00000000c7300000|  0%| F|  |TAMS 0x00000000c7200000, 0x00000000c7200000| Untracked 
| 115|0x00000000c7300000, 0x00000000c7300000, 0x00000000c7400000|  0%| F|  |TAMS 0x00000000c7300000, 0x00000000c7300000| Untracked 
| 116|0x00000000c7400000, 0x00000000c7400000, 0x00000000c7500000|  0%| F|  |TAMS 0x00000000c7400000, 0x00000000c7400000| Untracked 
| 117|0x00000000c7500000, 0x00000000c7500000, 0x00000000c7600000|  0%| F|  |TAMS 0x00000000c7500000, 0x00000000c7500000| Untracked 
| 118|0x00000000c7600000, 0x00000000c7600000, 0x00000000c7700000|  0%| F|  |TAMS 0x00000000c7600000, 0x00000000c7600000| Untracked 
| 119|0x00000000c7700000, 0x00000000c7700000, 0x00000000c7800000|  0%| F|  |TAMS 0x00000000c7700000, 0x00000000c7700000| Untracked 
| 120|0x00000000c7800000, 0x00000000c7800000, 0x00000000c7900000|  0%| F|  |TAMS 0x00000000c7800000, 0x00000000c7800000| Untracked 
| 121|0x00000000c7900000, 0x00000000c7900000, 0x00000000c7a00000|  0%| F|  |TAMS 0x00000000c7900000, 0x00000000c7900000| Untracked 
| 122|0x00000000c7a00000, 0x00000000c7a00000, 0x00000000c7b00000|  0%| F|  |TAMS 0x00000000c7a00000, 0x00000000c7a00000| Untracked 
| 123|0x00000000c7b00000, 0x00000000c7b00000, 0x00000000c7c00000|  0%| F|  |TAMS 0x00000000c7b00000, 0x00000000c7b00000| Untracked 
| 124|0x00000000c7c00000, 0x00000000c7c00000, 0x00000000c7d00000|  0%| F|  |TAMS 0x00000000c7c00000, 0x00000000c7c00000| Untracked 
| 125|0x00000000c7d00000, 0x00000000c7d00000, 0x00000000c7e00000|  0%| F|  |TAMS 0x00000000c7d00000, 0x00000000c7d00000| Untracked 
| 126|0x00000000c7e00000, 0x00000000c7e00000, 0x00000000c7f00000|  0%| F|  |TAMS 0x00000000c7e00000, 0x00000000c7e00000| Untracked 
| 127|0x00000000c7f00000, 0x00000000c7f00000, 0x00000000c8000000|  0%| F|  |TAMS 0x00000000c7f00000, 0x00000000c7f00000| Untracked 
| 128|0x00000000c8000000, 0x00000000c8000000, 0x00000000c8100000|  0%| F|  |TAMS 0x00000000c8000000, 0x00000000c8000000| Untracked 
| 129|0x00000000c8100000, 0x00000000c8100000, 0x00000000c8200000|  0%| F|  |TAMS 0x00000000c8100000, 0x00000000c8100000| Untracked 
| 130|0x00000000c8200000, 0x00000000c8200000, 0x00000000c8300000|  0%| F|  |TAMS 0x00000000c8200000, 0x00000000c8200000| Untracked 
| 131|0x00000000c8300000, 0x00000000c8300000, 0x00000000c8400000|  0%| F|  |TAMS 0x00000000c8300000, 0x00000000c8300000| Untracked 
| 132|0x00000000c8400000, 0x00000000c8400000, 0x00000000c8500000|  0%| F|  |TAMS 0x00000000c8400000, 0x00000000c8400000| Untracked 
| 133|0x00000000c8500000, 0x00000000c8500000, 0x00000000c8600000|  0%| F|  |TAMS 0x00000000c8500000, 0x00000000c8500000| Untracked 
| 134|0x00000000c8600000, 0x00000000c8600000, 0x00000000c8700000|  0%| F|  |TAMS 0x00000000c8600000, 0x00000000c8600000| Untracked 
| 135|0x00000000c8700000, 0x00000000c8700000, 0x00000000c8800000|  0%| F|  |TAMS 0x00000000c8700000, 0x00000000c8700000| Untracked 
| 136|0x00000000c8800000, 0x00000000c8800000, 0x00000000c8900000|  0%| F|  |TAMS 0x00000000c8800000, 0x00000000c8800000| Untracked 
| 137|0x00000000c8900000, 0x00000000c8900000, 0x00000000c8a00000|  0%| F|  |TAMS 0x00000000c8900000, 0x00000000c8900000| Untracked 
| 138|0x00000000c8a00000, 0x00000000c8a00000, 0x00000000c8b00000|  0%| F|  |TAMS 0x00000000c8a00000, 0x00000000c8a00000| Untracked 
| 139|0x00000000c8b00000, 0x00000000c8b00000, 0x00000000c8c00000|  0%| F|  |TAMS 0x00000000c8b00000, 0x00000000c8b00000| Untracked 
| 140|0x00000000c8c00000, 0x00000000c8c00000, 0x00000000c8d00000|  0%| F|  |TAMS 0x00000000c8c00000, 0x00000000c8c00000| Untracked 
| 141|0x00000000c8d00000, 0x00000000c8d00000, 0x00000000c8e00000|  0%| F|  |TAMS 0x00000000c8d00000, 0x00000000c8d00000| Untracked 
| 142|0x00000000c8e00000, 0x00000000c8e00000, 0x00000000c8f00000|  0%| F|  |TAMS 0x00000000c8e00000, 0x00000000c8e00000| Untracked 
| 143|0x00000000c8f00000, 0x00000000c8f00000, 0x00000000c9000000|  0%| F|  |TAMS 0x00000000c8f00000, 0x00000000c8f00000| Untracked 
| 144|0x00000000c9000000, 0x00000000c9100000, 0x00000000c9100000|100%| S|CS|TAMS 0x00000000c9000000, 0x00000000c9000000| Complete 
| 145|0x00000000c9100000, 0x00000000c9200000, 0x00000000c9200000|100%| S|CS|TAMS 0x00000000c9100000, 0x00000000c9100000| Complete 
| 146|0x00000000c9200000, 0x00000000c9300000, 0x00000000c9300000|100%| S|CS|TAMS 0x00000000c9200000, 0x00000000c9200000| Complete 
| 147|0x00000000c9300000, 0x00000000c9400000, 0x00000000c9400000|100%| S|CS|TAMS 0x00000000c9300000, 0x00000000c9300000| Complete 
| 148|0x00000000c9400000, 0x00000000c9500000, 0x00000000c9500000|100%| S|CS|TAMS 0x00000000c9400000, 0x00000000c9400000| Complete 
| 149|0x00000000c9500000, 0x00000000c9500000, 0x00000000c9600000|  0%| F|  |TAMS 0x00000000c9500000, 0x00000000c9500000| Untracked 
| 150|0x00000000c9600000, 0x00000000c9600000, 0x00000000c9700000|  0%| F|  |TAMS 0x00000000c9600000, 0x00000000c9600000| Untracked 
| 151|0x00000000c9700000, 0x00000000c9700000, 0x00000000c9800000|  0%| F|  |TAMS 0x00000000c9700000, 0x00000000c9700000| Untracked 
| 152|0x00000000c9800000, 0x00000000c9800000, 0x00000000c9900000|  0%| F|  |TAMS 0x00000000c9800000, 0x00000000c9800000| Untracked 
| 153|0x00000000c9900000, 0x00000000c9900000, 0x00000000c9a00000|  0%| F|  |TAMS 0x00000000c9900000, 0x00000000c9900000| Untracked 
| 154|0x00000000c9a00000, 0x00000000c9a00000, 0x00000000c9b00000|  0%| F|  |TAMS 0x00000000c9a00000, 0x00000000c9a00000| Untracked 
| 155|0x00000000c9b00000, 0x00000000c9b00000, 0x00000000c9c00000|  0%| F|  |TAMS 0x00000000c9b00000, 0x00000000c9b00000| Untracked 
| 156|0x00000000c9c00000, 0x00000000c9c00000, 0x00000000c9d00000|  0%| F|  |TAMS 0x00000000c9c00000, 0x00000000c9c00000| Untracked 
| 157|0x00000000c9d00000, 0x00000000c9d00000, 0x00000000c9e00000|  0%| F|  |TAMS 0x00000000c9d00000, 0x00000000c9d00000| Untracked 
| 158|0x00000000c9e00000, 0x00000000c9e00000, 0x00000000c9f00000|  0%| F|  |TAMS 0x00000000c9e00000, 0x00000000c9e00000| Untracked 
| 159|0x00000000c9f00000, 0x00000000c9f00000, 0x00000000ca000000|  0%| F|  |TAMS 0x00000000c9f00000, 0x00000000c9f00000| Untracked 
| 160|0x00000000ca000000, 0x00000000ca000000, 0x00000000ca100000|  0%| F|  |TAMS 0x00000000ca000000, 0x00000000ca000000| Untracked 
| 161|0x00000000ca100000, 0x00000000ca100000, 0x00000000ca200000|  0%| F|  |TAMS 0x00000000ca100000, 0x00000000ca100000| Untracked 
| 162|0x00000000ca200000, 0x00000000ca200000, 0x00000000ca300000|  0%| F|  |TAMS 0x00000000ca200000, 0x00000000ca200000| Untracked 
| 163|0x00000000ca300000, 0x00000000ca400000, 0x00000000ca400000|100%| S|CS|TAMS 0x00000000ca300000, 0x00000000ca300000| Complete 
| 164|0x00000000ca400000, 0x00000000ca500000, 0x00000000ca500000|100%| S|CS|TAMS 0x00000000ca400000, 0x00000000ca400000| Complete 
| 165|0x00000000ca500000, 0x00000000ca600000, 0x00000000ca600000|100%| S|CS|TAMS 0x00000000ca500000, 0x00000000ca500000| Complete 
| 166|0x00000000ca600000, 0x00000000ca700000, 0x00000000ca700000|100%| S|CS|TAMS 0x00000000ca600000, 0x00000000ca600000| Complete 
| 167|0x00000000ca700000, 0x00000000ca800000, 0x00000000ca800000|100%| S|CS|TAMS 0x00000000ca700000, 0x00000000ca700000| Complete 
| 168|0x00000000ca800000, 0x00000000ca900000, 0x00000000ca900000|100%| S|CS|TAMS 0x00000000ca800000, 0x00000000ca800000| Complete 
| 169|0x00000000ca900000, 0x00000000caa00000, 0x00000000caa00000|100%| S|CS|TAMS 0x00000000ca900000, 0x00000000ca900000| Complete 
| 170|0x00000000caa00000, 0x00000000cab00000, 0x00000000cab00000|100%| S|CS|TAMS 0x00000000caa00000, 0x00000000caa00000| Complete 
| 171|0x00000000cab00000, 0x00000000cab00000, 0x00000000cac00000|  0%| F|  |TAMS 0x00000000cab00000, 0x00000000cab00000| Untracked 
| 172|0x00000000cac00000, 0x00000000cac00000, 0x00000000cad00000|  0%| F|  |TAMS 0x00000000cac00000, 0x00000000cac00000| Untracked 
| 173|0x00000000cad00000, 0x00000000cae00000, 0x00000000cae00000|100%| S|CS|TAMS 0x00000000cad00000, 0x00000000cad00000| Complete 
| 174|0x00000000cae00000, 0x00000000caf00000, 0x00000000caf00000|100%| S|CS|TAMS 0x00000000cae00000, 0x00000000cae00000| Complete 
| 175|0x00000000caf00000, 0x00000000cb000000, 0x00000000cb000000|100%| S|CS|TAMS 0x00000000caf00000, 0x00000000caf00000| Complete 
| 176|0x00000000cb000000, 0x00000000cb000000, 0x00000000cb100000|  0%| F|  |TAMS 0x00000000cb000000, 0x00000000cb000000| Untracked 
| 177|0x00000000cb100000, 0x00000000cb100000, 0x00000000cb200000|  0%| F|  |TAMS 0x00000000cb100000, 0x00000000cb100000| Untracked 
| 178|0x00000000cb200000, 0x00000000cb200000, 0x00000000cb300000|  0%| F|  |TAMS 0x00000000cb200000, 0x00000000cb200000| Untracked 
| 179|0x00000000cb300000, 0x00000000cb300000, 0x00000000cb400000|  0%| F|  |TAMS 0x00000000cb300000, 0x00000000cb300000| Untracked 
| 180|0x00000000cb400000, 0x00000000cb400000, 0x00000000cb500000|  0%| F|  |TAMS 0x00000000cb400000, 0x00000000cb400000| Untracked 
| 181|0x00000000cb500000, 0x00000000cb500000, 0x00000000cb600000|  0%| F|  |TAMS 0x00000000cb500000, 0x00000000cb500000| Untracked 
| 182|0x00000000cb600000, 0x00000000cb600000, 0x00000000cb700000|  0%| F|  |TAMS 0x00000000cb600000, 0x00000000cb600000| Untracked 
| 183|0x00000000cb700000, 0x00000000cb700000, 0x00000000cb800000|  0%| F|  |TAMS 0x00000000cb700000, 0x00000000cb700000| Untracked 
| 184|0x00000000cb800000, 0x00000000cb800000, 0x00000000cb900000|  0%| F|  |TAMS 0x00000000cb800000, 0x00000000cb800000| Untracked 
| 185|0x00000000cb900000, 0x00000000cb900000, 0x00000000cba00000|  0%| F|  |TAMS 0x00000000cb900000, 0x00000000cb900000| Untracked 
| 186|0x00000000cba00000, 0x00000000cba00000, 0x00000000cbb00000|  0%| F|  |TAMS 0x00000000cba00000, 0x00000000cba00000| Untracked 
| 187|0x00000000cbb00000, 0x00000000cbb00000, 0x00000000cbc00000|  0%| F|  |TAMS 0x00000000cbb00000, 0x00000000cbb00000| Untracked 
| 188|0x00000000cbc00000, 0x00000000cbc00000, 0x00000000cbd00000|  0%| F|  |TAMS 0x00000000cbc00000, 0x00000000cbc00000| Untracked 
| 189|0x00000000cbd00000, 0x00000000cbd00000, 0x00000000cbe00000|  0%| F|  |TAMS 0x00000000cbd00000, 0x00000000cbd00000| Untracked 
| 190|0x00000000cbe00000, 0x00000000cbe00000, 0x00000000cbf00000|  0%| F|  |TAMS 0x00000000cbe00000, 0x00000000cbe00000| Untracked 
| 191|0x00000000cbf00000, 0x00000000cbf00000, 0x00000000cc000000|  0%| F|  |TAMS 0x00000000cbf00000, 0x00000000cbf00000| Untracked 
| 192|0x00000000cc000000, 0x00000000cc000000, 0x00000000cc100000|  0%| F|  |TAMS 0x00000000cc000000, 0x00000000cc000000| Untracked 
| 193|0x00000000cc100000, 0x00000000cc100000, 0x00000000cc200000|  0%| F|  |TAMS 0x00000000cc100000, 0x00000000cc100000| Untracked 
| 194|0x00000000cc200000, 0x00000000cc200000, 0x00000000cc300000|  0%| F|  |TAMS 0x00000000cc200000, 0x00000000cc200000| Untracked 
| 195|0x00000000cc300000, 0x00000000cc300000, 0x00000000cc400000|  0%| F|  |TAMS 0x00000000cc300000, 0x00000000cc300000| Untracked 
| 196|0x00000000cc400000, 0x00000000cc400000, 0x00000000cc500000|  0%| F|  |TAMS 0x00000000cc400000, 0x00000000cc400000| Untracked 
| 197|0x00000000cc500000, 0x00000000cc500000, 0x00000000cc600000|  0%| F|  |TAMS 0x00000000cc500000, 0x00000000cc500000| Untracked 
| 198|0x00000000cc600000, 0x00000000cc600000, 0x00000000cc700000|  0%| F|  |TAMS 0x00000000cc600000, 0x00000000cc600000| Untracked 
| 199|0x00000000cc700000, 0x00000000cc700000, 0x00000000cc800000|  0%| F|  |TAMS 0x00000000cc700000, 0x00000000cc700000| Untracked 
| 200|0x00000000cc800000, 0x00000000cc800000, 0x00000000cc900000|  0%| F|  |TAMS 0x00000000cc800000, 0x00000000cc800000| Untracked 
| 201|0x00000000cc900000, 0x00000000cc900000, 0x00000000cca00000|  0%| F|  |TAMS 0x00000000cc900000, 0x00000000cc900000| Untracked 
| 202|0x00000000cca00000, 0x00000000cca00000, 0x00000000ccb00000|  0%| F|  |TAMS 0x00000000cca00000, 0x00000000cca00000| Untracked 
| 203|0x00000000ccb00000, 0x00000000ccb00000, 0x00000000ccc00000|  0%| F|  |TAMS 0x00000000ccb00000, 0x00000000ccb00000| Untracked 
| 204|0x00000000ccc00000, 0x00000000ccc00000, 0x00000000ccd00000|  0%| F|  |TAMS 0x00000000ccc00000, 0x00000000ccc00000| Untracked 
| 205|0x00000000ccd00000, 0x00000000ccd00000, 0x00000000cce00000|  0%| F|  |TAMS 0x00000000ccd00000, 0x00000000ccd00000| Untracked 
| 206|0x00000000cce00000, 0x00000000cce00000, 0x00000000ccf00000|  0%| F|  |TAMS 0x00000000cce00000, 0x00000000cce00000| Untracked 
| 207|0x00000000ccf00000, 0x00000000ccf00000, 0x00000000cd000000|  0%| F|  |TAMS 0x00000000ccf00000, 0x00000000ccf00000| Untracked 
| 208|0x00000000cd000000, 0x00000000cd000000, 0x00000000cd100000|  0%| F|  |TAMS 0x00000000cd000000, 0x00000000cd000000| Untracked 
| 209|0x00000000cd100000, 0x00000000cd100000, 0x00000000cd200000|  0%| F|  |TAMS 0x00000000cd100000, 0x00000000cd100000| Untracked 
| 210|0x00000000cd200000, 0x00000000cd200000, 0x00000000cd300000|  0%| F|  |TAMS 0x00000000cd200000, 0x00000000cd200000| Untracked 
| 211|0x00000000cd300000, 0x00000000cd300000, 0x00000000cd400000|  0%| F|  |TAMS 0x00000000cd300000, 0x00000000cd300000| Untracked 
| 212|0x00000000cd400000, 0x00000000cd400000, 0x00000000cd500000|  0%| F|  |TAMS 0x00000000cd400000, 0x00000000cd400000| Untracked 
| 213|0x00000000cd500000, 0x00000000cd500000, 0x00000000cd600000|  0%| F|  |TAMS 0x00000000cd500000, 0x00000000cd500000| Untracked 
| 214|0x00000000cd600000, 0x00000000cd600000, 0x00000000cd700000|  0%| F|  |TAMS 0x00000000cd600000, 0x00000000cd600000| Untracked 
| 215|0x00000000cd700000, 0x00000000cd700000, 0x00000000cd800000|  0%| F|  |TAMS 0x00000000cd700000, 0x00000000cd700000| Untracked 
| 216|0x00000000cd800000, 0x00000000cd800000, 0x00000000cd900000|  0%| F|  |TAMS 0x00000000cd800000, 0x00000000cd800000| Untracked 
| 217|0x00000000cd900000, 0x00000000cd900000, 0x00000000cda00000|  0%| F|  |TAMS 0x00000000cd900000, 0x00000000cd900000| Untracked 
| 218|0x00000000cda00000, 0x00000000cda00000, 0x00000000cdb00000|  0%| F|  |TAMS 0x00000000cda00000, 0x00000000cda00000| Untracked 
| 219|0x00000000cdb00000, 0x00000000cdb00000, 0x00000000cdc00000|  0%| F|  |TAMS 0x00000000cdb00000, 0x00000000cdb00000| Untracked 
| 220|0x00000000cdc00000, 0x00000000cdc00000, 0x00000000cdd00000|  0%| F|  |TAMS 0x00000000cdc00000, 0x00000000cdc00000| Untracked 
| 221|0x00000000cdd00000, 0x00000000cdd00000, 0x00000000cde00000|  0%| F|  |TAMS 0x00000000cdd00000, 0x00000000cdd00000| Untracked 
| 222|0x00000000cde00000, 0x00000000cde00000, 0x00000000cdf00000|  0%| F|  |TAMS 0x00000000cde00000, 0x00000000cde00000| Untracked 
| 223|0x00000000cdf00000, 0x00000000cdf00000, 0x00000000ce000000|  0%| F|  |TAMS 0x00000000cdf00000, 0x00000000cdf00000| Untracked 
| 224|0x00000000ce000000, 0x00000000ce000000, 0x00000000ce100000|  0%| F|  |TAMS 0x00000000ce000000, 0x00000000ce000000| Untracked 
| 225|0x00000000ce100000, 0x00000000ce100000, 0x00000000ce200000|  0%| F|  |TAMS 0x00000000ce100000, 0x00000000ce100000| Untracked 
| 226|0x00000000ce200000, 0x00000000ce200000, 0x00000000ce300000|  0%| F|  |TAMS 0x00000000ce200000, 0x00000000ce200000| Untracked 
| 227|0x00000000ce300000, 0x00000000ce300000, 0x00000000ce400000|  0%| F|  |TAMS 0x00000000ce300000, 0x00000000ce300000| Untracked 
| 228|0x00000000ce400000, 0x00000000ce400000, 0x00000000ce500000|  0%| F|  |TAMS 0x00000000ce400000, 0x00000000ce400000| Untracked 
| 229|0x00000000ce500000, 0x00000000ce500000, 0x00000000ce600000|  0%| F|  |TAMS 0x00000000ce500000, 0x00000000ce500000| Untracked 
| 230|0x00000000ce600000, 0x00000000ce600000, 0x00000000ce700000|  0%| F|  |TAMS 0x00000000ce600000, 0x00000000ce600000| Untracked 
| 231|0x00000000ce700000, 0x00000000ce700000, 0x00000000ce800000|  0%| F|  |TAMS 0x00000000ce700000, 0x00000000ce700000| Untracked 
| 232|0x00000000ce800000, 0x00000000ce800000, 0x00000000ce900000|  0%| F|  |TAMS 0x00000000ce800000, 0x00000000ce800000| Untracked 
| 233|0x00000000ce900000, 0x00000000ce900000, 0x00000000cea00000|  0%| F|  |TAMS 0x00000000ce900000, 0x00000000ce900000| Untracked 
| 234|0x00000000cea00000, 0x00000000cea00000, 0x00000000ceb00000|  0%| F|  |TAMS 0x00000000cea00000, 0x00000000cea00000| Untracked 
| 235|0x00000000ceb00000, 0x00000000ceb00000, 0x00000000cec00000|  0%| F|  |TAMS 0x00000000ceb00000, 0x00000000ceb00000| Untracked 
| 236|0x00000000cec00000, 0x00000000cec00000, 0x00000000ced00000|  0%| F|  |TAMS 0x00000000cec00000, 0x00000000cec00000| Untracked 
| 237|0x00000000ced00000, 0x00000000ced00000, 0x00000000cee00000|  0%| F|  |TAMS 0x00000000ced00000, 0x00000000ced00000| Untracked 
| 238|0x00000000cee00000, 0x00000000cee00000, 0x00000000cef00000|  0%| F|  |TAMS 0x00000000cee00000, 0x00000000cee00000| Untracked 
| 239|0x00000000cef00000, 0x00000000cef00000, 0x00000000cf000000|  0%| F|  |TAMS 0x00000000cef00000, 0x00000000cef00000| Untracked 
| 240|0x00000000cf000000, 0x00000000cf000000, 0x00000000cf100000|  0%| F|  |TAMS 0x00000000cf000000, 0x00000000cf000000| Untracked 
| 241|0x00000000cf100000, 0x00000000cf100000, 0x00000000cf200000|  0%| F|  |TAMS 0x00000000cf100000, 0x00000000cf100000| Untracked 
| 242|0x00000000cf200000, 0x00000000cf200000, 0x00000000cf300000|  0%| F|  |TAMS 0x00000000cf200000, 0x00000000cf200000| Untracked 
| 243|0x00000000cf300000, 0x00000000cf300000, 0x00000000cf400000|  0%| F|  |TAMS 0x00000000cf300000, 0x00000000cf300000| Untracked 
| 244|0x00000000cf400000, 0x00000000cf400000, 0x00000000cf500000|  0%| F|  |TAMS 0x00000000cf400000, 0x00000000cf400000| Untracked 
| 245|0x00000000cf500000, 0x00000000cf500000, 0x00000000cf600000|  0%| F|  |TAMS 0x00000000cf500000, 0x00000000cf500000| Untracked 
| 246|0x00000000cf600000, 0x00000000cf600000, 0x00000000cf700000|  0%| F|  |TAMS 0x00000000cf600000, 0x00000000cf600000| Untracked 
| 247|0x00000000cf700000, 0x00000000cf700000, 0x00000000cf800000|  0%| F|  |TAMS 0x00000000cf700000, 0x00000000cf700000| Untracked 
| 248|0x00000000cf800000, 0x00000000cf800000, 0x00000000cf900000|  0%| F|  |TAMS 0x00000000cf800000, 0x00000000cf800000| Untracked 
| 249|0x00000000cf900000, 0x00000000cf900000, 0x00000000cfa00000|  0%| F|  |TAMS 0x00000000cf900000, 0x00000000cf900000| Untracked 
| 250|0x00000000cfa00000, 0x00000000cfa00000, 0x00000000cfb00000|  0%| F|  |TAMS 0x00000000cfa00000, 0x00000000cfa00000| Untracked 
| 251|0x00000000cfb00000, 0x00000000cfb00000, 0x00000000cfc00000|  0%| F|  |TAMS 0x00000000cfb00000, 0x00000000cfb00000| Untracked 
| 252|0x00000000cfc00000, 0x00000000cfc00000, 0x00000000cfd00000|  0%| F|  |TAMS 0x00000000cfc00000, 0x00000000cfc00000| Untracked 
| 253|0x00000000cfd00000, 0x00000000cfd00000, 0x00000000cfe00000|  0%| F|  |TAMS 0x00000000cfd00000, 0x00000000cfd00000| Untracked 
| 254|0x00000000cfe00000, 0x00000000cfe00000, 0x00000000cff00000|  0%| F|  |TAMS 0x00000000cfe00000, 0x00000000cfe00000| Untracked 
| 255|0x00000000cff00000, 0x00000000cff00000, 0x00000000d0000000|  0%| F|  |TAMS 0x00000000cff00000, 0x00000000cff00000| Untracked 
| 256|0x00000000d0000000, 0x00000000d0000000, 0x00000000d0100000|  0%| F|  |TAMS 0x00000000d0000000, 0x00000000d0000000| Untracked 
| 257|0x00000000d0100000, 0x00000000d0100000, 0x00000000d0200000|  0%| F|  |TAMS 0x00000000d0100000, 0x00000000d0100000| Untracked 
| 258|0x00000000d0200000, 0x00000000d0200000, 0x00000000d0300000|  0%| F|  |TAMS 0x00000000d0200000, 0x00000000d0200000| Untracked 
| 259|0x00000000d0300000, 0x00000000d0300000, 0x00000000d0400000|  0%| F|  |TAMS 0x00000000d0300000, 0x00000000d0300000| Untracked 
| 260|0x00000000d0400000, 0x00000000d0400000, 0x00000000d0500000|  0%| F|  |TAMS 0x00000000d0400000, 0x00000000d0400000| Untracked 
| 261|0x00000000d0500000, 0x00000000d0500000, 0x00000000d0600000|  0%| F|  |TAMS 0x00000000d0500000, 0x00000000d0500000| Untracked 
| 262|0x00000000d0600000, 0x00000000d0600000, 0x00000000d0700000|  0%| F|  |TAMS 0x00000000d0600000, 0x00000000d0600000| Untracked 
| 263|0x00000000d0700000, 0x00000000d0700000, 0x00000000d0800000|  0%| F|  |TAMS 0x00000000d0700000, 0x00000000d0700000| Untracked 
| 264|0x00000000d0800000, 0x00000000d0800000, 0x00000000d0900000|  0%| F|  |TAMS 0x00000000d0800000, 0x00000000d0800000| Untracked 
| 265|0x00000000d0900000, 0x00000000d0900000, 0x00000000d0a00000|  0%| F|  |TAMS 0x00000000d0900000, 0x00000000d0900000| Untracked 
| 266|0x00000000d0a00000, 0x00000000d0a00000, 0x00000000d0b00000|  0%| F|  |TAMS 0x00000000d0a00000, 0x00000000d0a00000| Untracked 
| 267|0x00000000d0b00000, 0x00000000d0b00000, 0x00000000d0c00000|  0%| F|  |TAMS 0x00000000d0b00000, 0x00000000d0b00000| Untracked 
| 268|0x00000000d0c00000, 0x00000000d0c00000, 0x00000000d0d00000|  0%| F|  |TAMS 0x00000000d0c00000, 0x00000000d0c00000| Untracked 
| 269|0x00000000d0d00000, 0x00000000d0d00000, 0x00000000d0e00000|  0%| F|  |TAMS 0x00000000d0d00000, 0x00000000d0d00000| Untracked 
| 270|0x00000000d0e00000, 0x00000000d0e00000, 0x00000000d0f00000|  0%| F|  |TAMS 0x00000000d0e00000, 0x00000000d0e00000| Untracked 
| 271|0x00000000d0f00000, 0x00000000d0f00000, 0x00000000d1000000|  0%| F|  |TAMS 0x00000000d0f00000, 0x00000000d0f00000| Untracked 
| 272|0x00000000d1000000, 0x00000000d1000000, 0x00000000d1100000|  0%| F|  |TAMS 0x00000000d1000000, 0x00000000d1000000| Untracked 
| 273|0x00000000d1100000, 0x00000000d1100000, 0x00000000d1200000|  0%| F|  |TAMS 0x00000000d1100000, 0x00000000d1100000| Untracked 
| 274|0x00000000d1200000, 0x00000000d1200000, 0x00000000d1300000|  0%| F|  |TAMS 0x00000000d1200000, 0x00000000d1200000| Untracked 
| 275|0x00000000d1300000, 0x00000000d1300000, 0x00000000d1400000|  0%| F|  |TAMS 0x00000000d1300000, 0x00000000d1300000| Untracked 
| 276|0x00000000d1400000, 0x00000000d1400000, 0x00000000d1500000|  0%| F|  |TAMS 0x00000000d1400000, 0x00000000d1400000| Untracked 
| 277|0x00000000d1500000, 0x00000000d1500000, 0x00000000d1600000|  0%| F|  |TAMS 0x00000000d1500000, 0x00000000d1500000| Untracked 
| 278|0x00000000d1600000, 0x00000000d1600000, 0x00000000d1700000|  0%| F|  |TAMS 0x00000000d1600000, 0x00000000d1600000| Untracked 
| 279|0x00000000d1700000, 0x00000000d1700000, 0x00000000d1800000|  0%| F|  |TAMS 0x00000000d1700000, 0x00000000d1700000| Untracked 
| 280|0x00000000d1800000, 0x00000000d1800000, 0x00000000d1900000|  0%| F|  |TAMS 0x00000000d1800000, 0x00000000d1800000| Untracked 
| 281|0x00000000d1900000, 0x00000000d1900000, 0x00000000d1a00000|  0%| F|  |TAMS 0x00000000d1900000, 0x00000000d1900000| Untracked 
| 282|0x00000000d1a00000, 0x00000000d1a00000, 0x00000000d1b00000|  0%| F|  |TAMS 0x00000000d1a00000, 0x00000000d1a00000| Untracked 
| 283|0x00000000d1b00000, 0x00000000d1b00000, 0x00000000d1c00000|  0%| F|  |TAMS 0x00000000d1b00000, 0x00000000d1b00000| Untracked 
| 284|0x00000000d1c00000, 0x00000000d1c00000, 0x00000000d1d00000|  0%| F|  |TAMS 0x00000000d1c00000, 0x00000000d1c00000| Untracked 
| 285|0x00000000d1d00000, 0x00000000d1d00000, 0x00000000d1e00000|  0%| F|  |TAMS 0x00000000d1d00000, 0x00000000d1d00000| Untracked 
| 286|0x00000000d1e00000, 0x00000000d1e00000, 0x00000000d1f00000|  0%| F|  |TAMS 0x00000000d1e00000, 0x00000000d1e00000| Untracked 
| 287|0x00000000d1f00000, 0x00000000d1f00000, 0x00000000d2000000|  0%| F|  |TAMS 0x00000000d1f00000, 0x00000000d1f00000| Untracked 
| 288|0x00000000d2000000, 0x00000000d2000000, 0x00000000d2100000|  0%| F|  |TAMS 0x00000000d2000000, 0x00000000d2000000| Untracked 
| 289|0x00000000d2100000, 0x00000000d2100000, 0x00000000d2200000|  0%| F|  |TAMS 0x00000000d2100000, 0x00000000d2100000| Untracked 
| 290|0x00000000d2200000, 0x00000000d2200000, 0x00000000d2300000|  0%| F|  |TAMS 0x00000000d2200000, 0x00000000d2200000| Untracked 
| 291|0x00000000d2300000, 0x00000000d2300000, 0x00000000d2400000|  0%| F|  |TAMS 0x00000000d2300000, 0x00000000d2300000| Untracked 
| 292|0x00000000d2400000, 0x00000000d2400000, 0x00000000d2500000|  0%| F|  |TAMS 0x00000000d2400000, 0x00000000d2400000| Untracked 
| 293|0x00000000d2500000, 0x00000000d2500000, 0x00000000d2600000|  0%| F|  |TAMS 0x00000000d2500000, 0x00000000d2500000| Untracked 
| 294|0x00000000d2600000, 0x00000000d2600000, 0x00000000d2700000|  0%| F|  |TAMS 0x00000000d2600000, 0x00000000d2600000| Untracked 
| 295|0x00000000d2700000, 0x00000000d2700000, 0x00000000d2800000|  0%| F|  |TAMS 0x00000000d2700000, 0x00000000d2700000| Untracked 
| 296|0x00000000d2800000, 0x00000000d2800000, 0x00000000d2900000|  0%| F|  |TAMS 0x00000000d2800000, 0x00000000d2800000| Untracked 
| 297|0x00000000d2900000, 0x00000000d2900000, 0x00000000d2a00000|  0%| F|  |TAMS 0x00000000d2900000, 0x00000000d2900000| Untracked 
| 298|0x00000000d2a00000, 0x00000000d2a00000, 0x00000000d2b00000|  0%| F|  |TAMS 0x00000000d2a00000, 0x00000000d2a00000| Untracked 
| 299|0x00000000d2b00000, 0x00000000d2b00000, 0x00000000d2c00000|  0%| F|  |TAMS 0x00000000d2b00000, 0x00000000d2b00000| Untracked 
| 300|0x00000000d2c00000, 0x00000000d2c00000, 0x00000000d2d00000|  0%| F|  |TAMS 0x00000000d2c00000, 0x00000000d2c00000| Untracked 
| 301|0x00000000d2d00000, 0x00000000d2d00000, 0x00000000d2e00000|  0%| F|  |TAMS 0x00000000d2d00000, 0x00000000d2d00000| Untracked 
| 302|0x00000000d2e00000, 0x00000000d2e00000, 0x00000000d2f00000|  0%| F|  |TAMS 0x00000000d2e00000, 0x00000000d2e00000| Untracked 
| 303|0x00000000d2f00000, 0x00000000d2f00000, 0x00000000d3000000|  0%| F|  |TAMS 0x00000000d2f00000, 0x00000000d2f00000| Untracked 
| 304|0x00000000d3000000, 0x00000000d3000000, 0x00000000d3100000|  0%| F|  |TAMS 0x00000000d3000000, 0x00000000d3000000| Untracked 
| 305|0x00000000d3100000, 0x00000000d3100000, 0x00000000d3200000|  0%| F|  |TAMS 0x00000000d3100000, 0x00000000d3100000| Untracked 
| 306|0x00000000d3200000, 0x00000000d3200000, 0x00000000d3300000|  0%| F|  |TAMS 0x00000000d3200000, 0x00000000d3200000| Untracked 
| 307|0x00000000d3300000, 0x00000000d3300000, 0x00000000d3400000|  0%| F|  |TAMS 0x00000000d3300000, 0x00000000d3300000| Untracked 
| 308|0x00000000d3400000, 0x00000000d3400000, 0x00000000d3500000|  0%| F|  |TAMS 0x00000000d3400000, 0x00000000d3400000| Untracked 
| 309|0x00000000d3500000, 0x00000000d3500000, 0x00000000d3600000|  0%| F|  |TAMS 0x00000000d3500000, 0x00000000d3500000| Untracked 
| 310|0x00000000d3600000, 0x00000000d3600000, 0x00000000d3700000|  0%| F|  |TAMS 0x00000000d3600000, 0x00000000d3600000| Untracked 
| 311|0x00000000d3700000, 0x00000000d3700000, 0x00000000d3800000|  0%| F|  |TAMS 0x00000000d3700000, 0x00000000d3700000| Untracked 
| 312|0x00000000d3800000, 0x00000000d3800000, 0x00000000d3900000|  0%| F|  |TAMS 0x00000000d3800000, 0x00000000d3800000| Untracked 
| 313|0x00000000d3900000, 0x00000000d3900000, 0x00000000d3a00000|  0%| F|  |TAMS 0x00000000d3900000, 0x00000000d3900000| Untracked 
| 314|0x00000000d3a00000, 0x00000000d3a00000, 0x00000000d3b00000|  0%| F|  |TAMS 0x00000000d3a00000, 0x00000000d3a00000| Untracked 
| 315|0x00000000d3b00000, 0x00000000d3b00000, 0x00000000d3c00000|  0%| F|  |TAMS 0x00000000d3b00000, 0x00000000d3b00000| Untracked 
| 316|0x00000000d3c00000, 0x00000000d3c00000, 0x00000000d3d00000|  0%| F|  |TAMS 0x00000000d3c00000, 0x00000000d3c00000| Untracked 
| 317|0x00000000d3d00000, 0x00000000d3d00000, 0x00000000d3e00000|  0%| F|  |TAMS 0x00000000d3d00000, 0x00000000d3d00000| Untracked 
| 318|0x00000000d3e00000, 0x00000000d3e00000, 0x00000000d3f00000|  0%| F|  |TAMS 0x00000000d3e00000, 0x00000000d3e00000| Untracked 
| 319|0x00000000d3f00000, 0x00000000d3f00000, 0x00000000d4000000|  0%| F|  |TAMS 0x00000000d3f00000, 0x00000000d3f00000| Untracked 
| 320|0x00000000d4000000, 0x00000000d4000000, 0x00000000d4100000|  0%| F|  |TAMS 0x00000000d4000000, 0x00000000d4000000| Untracked 
| 321|0x00000000d4100000, 0x00000000d4100000, 0x00000000d4200000|  0%| F|  |TAMS 0x00000000d4100000, 0x00000000d4100000| Untracked 
| 322|0x00000000d4200000, 0x00000000d4200000, 0x00000000d4300000|  0%| F|  |TAMS 0x00000000d4200000, 0x00000000d4200000| Untracked 
| 323|0x00000000d4300000, 0x00000000d4300000, 0x00000000d4400000|  0%| F|  |TAMS 0x00000000d4300000, 0x00000000d4300000| Untracked 
| 324|0x00000000d4400000, 0x00000000d4400000, 0x00000000d4500000|  0%| F|  |TAMS 0x00000000d4400000, 0x00000000d4400000| Untracked 
| 325|0x00000000d4500000, 0x00000000d4500000, 0x00000000d4600000|  0%| F|  |TAMS 0x00000000d4500000, 0x00000000d4500000| Untracked 
| 326|0x00000000d4600000, 0x00000000d4600000, 0x00000000d4700000|  0%| F|  |TAMS 0x00000000d4600000, 0x00000000d4600000| Untracked 
| 327|0x00000000d4700000, 0x00000000d4700000, 0x00000000d4800000|  0%| F|  |TAMS 0x00000000d4700000, 0x00000000d4700000| Untracked 
| 328|0x00000000d4800000, 0x00000000d4800000, 0x00000000d4900000|  0%| F|  |TAMS 0x00000000d4800000, 0x00000000d4800000| Untracked 
| 329|0x00000000d4900000, 0x00000000d4900000, 0x00000000d4a00000|  0%| F|  |TAMS 0x00000000d4900000, 0x00000000d4900000| Untracked 
| 330|0x00000000d4a00000, 0x00000000d4a00000, 0x00000000d4b00000|  0%| F|  |TAMS 0x00000000d4a00000, 0x00000000d4a00000| Untracked 
| 331|0x00000000d4b00000, 0x00000000d4b00000, 0x00000000d4c00000|  0%| F|  |TAMS 0x00000000d4b00000, 0x00000000d4b00000| Untracked 
| 332|0x00000000d4c00000, 0x00000000d4c00000, 0x00000000d4d00000|  0%| F|  |TAMS 0x00000000d4c00000, 0x00000000d4c00000| Untracked 
| 333|0x00000000d4d00000, 0x00000000d4d00000, 0x00000000d4e00000|  0%| F|  |TAMS 0x00000000d4d00000, 0x00000000d4d00000| Untracked 
| 334|0x00000000d4e00000, 0x00000000d4e00000, 0x00000000d4f00000|  0%| F|  |TAMS 0x00000000d4e00000, 0x00000000d4e00000| Untracked 
| 335|0x00000000d4f00000, 0x00000000d4f00000, 0x00000000d5000000|  0%| F|  |TAMS 0x00000000d4f00000, 0x00000000d4f00000| Untracked 
| 336|0x00000000d5000000, 0x00000000d5000000, 0x00000000d5100000|  0%| F|  |TAMS 0x00000000d5000000, 0x00000000d5000000| Untracked 
| 337|0x00000000d5100000, 0x00000000d5100000, 0x00000000d5200000|  0%| F|  |TAMS 0x00000000d5100000, 0x00000000d5100000| Untracked 
| 338|0x00000000d5200000, 0x00000000d5200000, 0x00000000d5300000|  0%| F|  |TAMS 0x00000000d5200000, 0x00000000d5200000| Untracked 

Card table byte_map: [0x000002af9bdc0000,0x000002af9bfc0000] _byte_map_base: 0x000002af9b7c0000

Marking Bits (Prev, Next): (CMBitMap*) 0x000002af95e66910, (CMBitMap*) 0x000002af95e668d0
 Prev Bits: [0x000002af9d1c0000, 0x000002af9e1c0000)
 Next Bits: [0x000002af9c1c0000, 0x000002af9d1c0000)

Polling page: 0x000002af955f0000

Metaspace:

Usage:
  Non-class:     42.05 MB used.
      Class:      6.07 MB used.
       Both:     48.12 MB used.

Virtual space:
  Non-class space:       64.00 MB reserved,      42.31 MB ( 66%) committed,  1 nodes.
      Class space:        1.00 GB reserved,       6.25 MB ( <1%) committed,  1 nodes.
             Both:        1.06 GB reserved,      48.56 MB (  4%) committed. 

Chunk freelists:
   Non-Class:  4.80 MB
       Class:  9.56 MB
        Both:  14.36 MB

MaxMetaspaceSize: unlimited
CompressedClassSpaceSize: 1.00 GB
Initial GC threshold: 21.00 MB
Current GC threshold: 72.81 MB
CDS: off
MetaspaceReclaimPolicy: balanced
 - commit_granule_bytes: 65536.
 - commit_granule_words: 8192.
 - virtual_space_node_default_size: 8388608.
 - enlarge_chunks_in_place: 1.
 - new_chunks_are_fully_committed: 0.
 - uncommit_free_chunks: 1.
 - use_allocation_guard: 0.
 - handle_deallocations: 1.


Internal statistics:

num_allocs_failed_limit: 8.
num_arena_births: 550.
num_arena_deaths: 0.
num_vsnodes_births: 2.
num_vsnodes_deaths: 0.
num_space_committed: 777.
num_space_uncommitted: 0.
num_chunks_returned_to_freelist: 8.
num_chunks_taken_from_freelist: 2076.
num_chunk_merges: 8.
num_chunk_splits: 1415.
num_chunks_enlarged: 1063.
num_inconsistent_stats: 0.

CodeCache: size=49152Kb used=10577Kb max_used=10577Kb free=38574Kb
 bounds [0x000002af98ab0000, 0x000002af99510000, 0x000002af9bab0000]
 total_blobs=5244 nmethods=4636 adapters=532
 compilation: enabled
              stopped_count=0, restarted_count=0
 full_count=0

Compilation events (20 events):
Event: 4.954 Thread 0x000002afa52001f0 4627       1       java.util.concurrent.ConcurrentHashMap::resizeStamp (9 bytes)
Event: 4.955 Thread 0x000002afa52001f0 nmethod 4627 0x000002af994faf10 code [0x000002af994fb0a0, 0x000002af994fb168]
Event: 4.956 Thread 0x000002afa52001f0 4628   !   1       io.github.classgraph.ModuleReaderProxy::<init> (74 bytes)
Event: 4.957 Thread 0x000002afa52001f0 nmethod 4628 0x000002af994fb210 code [0x000002af994fb420, 0x000002af994fb998]
Event: 4.974 Thread 0x000002afa51f8a10 4629   !   1       java.util.regex.Pattern::RemoveQEQuoting (370 bytes)
Event: 4.976 Thread 0x000002afa51f8a10 nmethod 4629 0x000002af994fd190 code [0x000002af994fd3c0, 0x000002af994fde68]
Event: 4.980 Thread 0x000002afa51f8a10 4630       1       java.util.Objects::checkFromToIndex (8 bytes)
Event: 4.980 Thread 0x000002afa60ad4f0 4631       1       jdk.internal.util.Preconditions::checkFromToIndex (24 bytes)
Event: 4.981 Thread 0x000002afa51f8a10 nmethod 4630 0x000002af994fee10 code [0x000002af994fefa0, 0x000002af994ff0a8]
Event: 4.981 Thread 0x000002afa60ad4f0 nmethod 4631 0x000002af994ff990 code [0x000002af994ffb60, 0x000002af994fffb8]
Event: 4.982 Thread 0x000002afa51f8a10 4632       1       java.math.BigInteger::<init> (38 bytes)
Event: 4.983 Thread 0x000002afa51f8a10 nmethod 4632 0x000002af99500190 code [0x000002af99500340, 0x000002af99500568]
Event: 4.984 Thread 0x000002afa0c86070 4633       1       java.math.MutableBigInteger::<init> (21 bytes)
Event: 4.984 Thread 0x000002afa0c86070 nmethod 4633 0x000002af99501610 code [0x000002af995017a0, 0x000002af995018b8]
Event: 4.985 Thread 0x000002afa0c86070 4634       1       java.math.MutableBigInteger::compare (106 bytes)
Event: 4.986 Thread 0x000002afa0c86070 nmethod 4634 0x000002af99501d90 code [0x000002af99501f40, 0x000002af99502198]
Event: 4.989 Thread 0x000002afa0c86070 4635   !   1       sun.security.jca.GetInstance::getInstance (130 bytes)
Event: 4.989 Thread 0x000002afa51f8a10 4636       1       sun.security.jca.ProviderList::getService (120 bytes)
Event: 4.990 Thread 0x000002afa51f8a10 nmethod 4636 0x000002af99502610 code [0x000002af99502840, 0x000002af99502d08]
Event: 4.990 Thread 0x000002afa0c86070 nmethod 4635 0x000002af99503110 code [0x000002af995033c0, 0x000002af99503ec8]

GC Heap History (20 events):
Event: 3.865 GC heap after
{Heap after GC invocations=13 (full 0):
 garbage-first heap   total 163840K, used 36100K [0x00000000c0000000, 0x0000000100000000)
  region size 1024K, 4 young (4096K), 4 survivors (4096K)
 Metaspace       used 39036K, committed 39488K, reserved 1114112K
  class space    used 5130K, committed 5312K, reserved 1048576K
}
Event: 4.024 GC heap before
{Heap before GC invocations=13 (full 0):
 garbage-first heap   total 163840K, used 108804K [0x00000000c0000000, 0x0000000100000000)
  region size 1024K, 76 young (77824K), 4 survivors (4096K)
 Metaspace       used 40188K, committed 40640K, reserved 1114112K
  class space    used 5247K, committed 5440K, reserved 1048576K
}
Event: 4.039 GC heap after
{Heap after GC invocations=14 (full 0):
 garbage-first heap   total 163840K, used 53155K [0x00000000c0000000, 0x0000000100000000)
  region size 1024K, 10 young (10240K), 10 survivors (10240K)
 Metaspace       used 40188K, committed 40640K, reserved 1114112K
  class space    used 5247K, committed 5440K, reserved 1048576K
}
Event: 4.255 GC heap before
{Heap before GC invocations=14 (full 0):
 garbage-first heap   total 163840K, used 111523K [0x00000000c0000000, 0x0000000100000000)
  region size 1024K, 67 young (68608K), 10 survivors (10240K)
 Metaspace       used 42346K, committed 42816K, reserved 1114112K
  class space    used 5428K, committed 5632K, reserved 1048576K
}
Event: 4.270 GC heap after
{Heap after GC invocations=15 (full 0):
 garbage-first heap   total 163840K, used 66369K [0x00000000c0000000, 0x0000000100000000)
  region size 1024K, 9 young (9216K), 9 survivors (9216K)
 Metaspace       used 42346K, committed 42816K, reserved 1114112K
  class space    used 5428K, committed 5632K, reserved 1048576K
}
Event: 4.357 GC heap before
{Heap before GC invocations=15 (full 0):
 garbage-first heap   total 163840K, used 116545K [0x00000000c0000000, 0x0000000100000000)
  region size 1024K, 58 young (59392K), 9 survivors (9216K)
 Metaspace       used 43477K, committed 43968K, reserved 1114112K
  class space    used 5499K, committed 5696K, reserved 1048576K
}
Event: 4.395 GC heap after
{Heap after GC invocations=16 (full 0):
 garbage-first heap   total 163840K, used 86854K [0x00000000c0000000, 0x0000000100000000)
  region size 1024K, 8 young (8192K), 8 survivors (8192K)
 Metaspace       used 43477K, committed 43968K, reserved 1114112K
  class space    used 5499K, committed 5696K, reserved 1048576K
}
Event: 4.413 GC heap before
{Heap before GC invocations=16 (full 0):
 garbage-first heap   total 163840K, used 118598K [0x00000000c0000000, 0x0000000100000000)
  region size 1024K, 40 young (40960K), 8 survivors (8192K)
 Metaspace       used 43510K, committed 43968K, reserved 1114112K
  class space    used 5508K, committed 5696K, reserved 1048576K
}
Event: 4.421 GC heap after
{Heap after GC invocations=17 (full 0):
 garbage-first heap   total 327680K, used 89227K [0x00000000c0000000, 0x0000000100000000)
  region size 1024K, 3 young (3072K), 3 survivors (3072K)
 Metaspace       used 43510K, committed 43968K, reserved 1114112K
  class space    used 5508K, committed 5696K, reserved 1048576K
}
Event: 4.556 GC heap before
{Heap before GC invocations=17 (full 0):
 garbage-first heap   total 347136K, used 220299K [0x00000000c0000000, 0x0000000100000000)
  region size 1024K, 134 young (137216K), 3 survivors (3072K)
 Metaspace       used 44343K, committed 44736K, reserved 1114112K
  class space    used 5585K, committed 5760K, reserved 1048576K
}
Event: 4.562 GC heap after
{Heap after GC invocations=18 (full 0):
 garbage-first heap   total 347136K, used 91863K [0x00000000c0000000, 0x0000000100000000)
  region size 1024K, 7 young (7168K), 7 survivors (7168K)
 Metaspace       used 44343K, committed 44736K, reserved 1114112K
  class space    used 5585K, committed 5760K, reserved 1048576K
}
Event: 4.662 GC heap before
{Heap before GC invocations=19 (full 0):
 garbage-first heap   total 347136K, used 259799K [0x00000000c0000000, 0x0000000100000000)
  region size 1024K, 172 young (176128K), 7 survivors (7168K)
 Metaspace       used 45411K, committed 45824K, reserved 1114112K
  class space    used 5705K, committed 5888K, reserved 1048576K
}
Event: 4.674 GC heap after
{Heap after GC invocations=20 (full 0):
 garbage-first heap   total 347136K, used 98425K [0x00000000c0000000, 0x0000000100000000)
  region size 1024K, 14 young (14336K), 14 survivors (14336K)
 Metaspace       used 45411K, committed 45824K, reserved 1114112K
  class space    used 5705K, committed 5888K, reserved 1048576K
}
Event: 4.676 GC heap before
{Heap before GC invocations=20 (full 0):
 garbage-first heap   total 347136K, used 99449K [0x00000000c0000000, 0x0000000100000000)
  region size 1024K, 16 young (16384K), 14 survivors (14336K)
 Metaspace       used 45421K, committed 45824K, reserved 1114112K
  class space    used 5707K, committed 5888K, reserved 1048576K
}
Event: 4.682 GC heap after
{Heap after GC invocations=21 (full 0):
 garbage-first heap   total 347136K, used 99286K [0x00000000c0000000, 0x0000000100000000)
  region size 1024K, 2 young (2048K), 2 survivors (2048K)
 Metaspace       used 45421K, committed 45824K, reserved 1114112K
  class space    used 5707K, committed 5888K, reserved 1048576K
}
Event: 4.791 GC heap before
{Heap before GC invocations=21 (full 0):
 garbage-first heap   total 347136K, used 268246K [0x00000000c0000000, 0x0000000100000000)
  region size 1024K, 168 young (172032K), 2 survivors (2048K)
 Metaspace       used 46692K, committed 47168K, reserved 1114112K
  class space    used 5865K, committed 6080K, reserved 1048576K
}
Event: 4.796 GC heap after
{Heap after GC invocations=22 (full 0):
 garbage-first heap   total 347136K, used 104833K [0x00000000c0000000, 0x0000000100000000)
  region size 1024K, 8 young (8192K), 8 survivors (8192K)
 Metaspace       used 46692K, committed 47168K, reserved 1114112K
  class space    used 5865K, committed 6080K, reserved 1048576K
}
Event: 4.904 GC heap before
{Heap before GC invocations=22 (full 0):
 garbage-first heap   total 347136K, used 273793K [0x00000000c0000000, 0x0000000100000000)
  region size 1024K, 174 young (178176K), 8 survivors (8192K)
 Metaspace       used 47650K, committed 48064K, reserved 1114112K
  class space    used 5999K, committed 6208K, reserved 1048576K
}
Event: 4.913 GC heap after
{Heap after GC invocations=23 (full 0):
 garbage-first heap   total 347136K, used 112892K [0x00000000c0000000, 0x0000000100000000)
  region size 1024K, 16 young (16384K), 16 survivors (16384K)
 Metaspace       used 47650K, committed 48064K, reserved 1114112K
  class space    used 5999K, committed 6208K, reserved 1048576K
}
Event: 4.995 GC heap before
{Heap before GC invocations=23 (full 0):
 garbage-first heap   total 347136K, used 278780K [0x00000000c0000000, 0x0000000100000000)
  region size 1024K, 179 young (183296K), 16 survivors (16384K)
 Metaspace       used 49274K, committed 49728K, reserved 1114112K
  class space    used 6213K, committed 6400K, reserved 1048576K
}

Dll operation events (8 events):
Event: 0.013 Loaded shared library c:\Users\final\.vscode\extensions\redhat.java-1.21.0-win32-x64\jre\17.0.7-win32-x86_64\bin\java.dll
Event: 0.415 Loaded shared library C:\Users\final\.vscode\extensions\redhat.java-1.21.0-win32-x64\jre\17.0.7-win32-x86_64\bin\net.dll
Event: 0.417 Loaded shared library C:\Users\final\.vscode\extensions\redhat.java-1.21.0-win32-x64\jre\17.0.7-win32-x86_64\bin\nio.dll
Event: 0.429 Loaded shared library C:\Users\final\.vscode\extensions\redhat.java-1.21.0-win32-x64\jre\17.0.7-win32-x86_64\bin\zip.dll
Event: 0.828 Loaded shared library C:\Users\final\.vscode\extensions\redhat.java-1.21.0-win32-x64\jre\17.0.7-win32-x86_64\bin\jimage.dll
Event: 3.355 Loaded shared library C:\Users\final\.vscode\extensions\redhat.java-1.21.0-win32-x64\jre\17.0.7-win32-x86_64\bin\management.dll
Event: 3.357 Loaded shared library C:\Users\final\.vscode\extensions\redhat.java-1.21.0-win32-x64\jre\17.0.7-win32-x86_64\bin\management_ext.dll
Event: 4.964 Loaded shared library C:\Users\final\.vscode\extensions\redhat.java-1.21.0-win32-x64\jre\17.0.7-win32-x86_64\bin\sunmscapi.dll

Deoptimization events (12 events):
Event: 2.281 Thread 0x000002af95e28dc0 DEOPT PACKING pc=0x000002af990a5b19 sp=0x000000ca97cfd740
Event: 2.281 Thread 0x000002af95e28dc0 DEOPT UNPACKING pc=0x000002af98b07143 sp=0x000000ca97cfcc20 mode 3
Event: 3.588 Thread 0x000002afa68fe490 DEOPT PACKING pc=0x000002af9928f2b5 sp=0x000000ca99efe040
Event: 3.588 Thread 0x000002afa68fe490 DEOPT UNPACKING pc=0x000002af98b07143 sp=0x000000ca99efd568 mode 3
Event: 3.682 Thread 0x000002afa69523b0 DEOPT PACKING pc=0x000002af992af3ab sp=0x000000ca9a3fe8b0
Event: 3.682 Thread 0x000002afa69523b0 DEOPT UNPACKING pc=0x000002af98b07143 sp=0x000000ca9a3fddf8 mode 3
Event: 3.812 Thread 0x000002afa68d8590 DEOPT PACKING pc=0x000002af99047a01 sp=0x000000ca99dfd7c0
Event: 3.812 Thread 0x000002afa68d8590 DEOPT UNPACKING pc=0x000002af98b07143 sp=0x000000ca99dfcc50 mode 3
Event: 3.841 Thread 0x000002afa68fe490 DEOPT PACKING pc=0x000002af99020a17 sp=0x000000ca99eff080
Event: 3.841 Thread 0x000002afa68fe490 DEOPT UNPACKING pc=0x000002af98b07143 sp=0x000000ca99efe4d8 mode 3
Event: 4.675 Thread 0x000002afa6a64c30 DEOPT PACKING pc=0x000002af98d2730c sp=0x000000ca9bcfe4f0
Event: 4.675 Thread 0x000002afa6a64c30 DEOPT UNPACKING pc=0x000002af98b07143 sp=0x000000ca9bcfd9b8 mode 0

Classes unloaded (0 events):
No events

Classes redefined (0 events):
No events

Internal exceptions (20 events):
Event: 3.716 Thread 0x000002afa6951540 Exception <a 'sun/nio/fs/WindowsException'{0x00000000c36c7fe8}> (0x00000000c36c7fe8) 
thrown [s\src\hotspot\share\prims\jni.cpp, line 516]
Event: 3.716 Thread 0x000002afa6951540 Exception <a 'sun/nio/fs/WindowsException'{0x00000000c36c83a0}> (0x00000000c36c83a0) 
thrown [s\src\hotspot\share\prims\jni.cpp, line 516]
Event: 3.716 Thread 0x000002afa6951540 Exception <a 'sun/nio/fs/WindowsException'{0x00000000c36c8db0}> (0x00000000c36c8db0) 
thrown [s\src\hotspot\share\prims\jni.cpp, line 516]
Event: 3.716 Thread 0x000002afa6951540 Exception <a 'sun/nio/fs/WindowsException'{0x00000000c36c9188}> (0x00000000c36c9188) 
thrown [s\src\hotspot\share\prims\jni.cpp, line 516]
Event: 3.716 Thread 0x000002afa6951540 Exception <a 'sun/nio/fs/WindowsException'{0x00000000c36c9bb0}> (0x00000000c36c9bb0) 
thrown [s\src\hotspot\share\prims\jni.cpp, line 516]
Event: 3.716 Thread 0x000002afa6951540 Exception <a 'sun/nio/fs/WindowsException'{0x00000000c36c9fa0}> (0x00000000c36c9fa0) 
thrown [s\src\hotspot\share\prims\jni.cpp, line 516]
Event: 3.716 Thread 0x000002afa6951540 Exception <a 'sun/nio/fs/WindowsException'{0x00000000c36ca9c0}> (0x00000000c36ca9c0) 
thrown [s\src\hotspot\share\prims\jni.cpp, line 516]
Event: 3.716 Thread 0x000002afa6951540 Exception <a 'sun/nio/fs/WindowsException'{0x00000000c36cada8}> (0x00000000c36cada8) 
thrown [s\src\hotspot\share\prims\jni.cpp, line 516]
Event: 3.727 Thread 0x000002afa68fe490 Exception <a 'java/lang/NoSuchMethodError'{0x00000000c3358200}: 'int java.lang.invoke.DirectMethodHandle$Holder.invokeStatic(java.lang.Object)'> (0x00000000c3358200) 
thrown [s\src\hotspot\share\interpreter\linkResolver.cpp, line 759]
Event: 3.728 Thread 0x000002afa68fe490 Exception <a 'java/lang/NoSuchMethodError'{0x00000000c335bb50}: 'int java.lang.invoke.DirectMethodHandle$Holder.invokeStaticInit(java.lang.Object)'> (0x00000000c335bb50) 
thrown [s\src\hotspot\share\interpreter\linkResolver.cpp, line 759]
Event: 3.835 Thread 0x000002afa68fe490 Exception <a 'java/lang/NoSuchMethodError'{0x00000000c3b3b158}: 'java.lang.Object java.lang.invoke.DirectMethodHandle$Holder.newInvokeSpecial(java.lang.Object, java.lang.Object, int)'> (0x00000000c3b3b158) 
thrown [s\src\hotspot\share\interpreter\linkResolver.cpp, line 759]
Event: 3.870 Thread 0x000002afa6954090 Exception <a 'sun/nio/fs/WindowsException'{0x00000000c9b0a268}> (0x00000000c9b0a268) 
thrown [s\src\hotspot\share\prims\jni.cpp, line 516]
Event: 3.870 Thread 0x000002afa6951a10 Exception <a 'sun/nio/fs/WindowsException'{0x00000000c9a36510}> (0x00000000c9a36510) 
thrown [s\src\hotspot\share\prims\jni.cpp, line 516]
Event: 3.870 Thread 0x000002afa6a672b0 Exception <a 'sun/nio/fs/WindowsException'{0x00000000c9a6ff68}> (0x00000000c9a6ff68) 
thrown [s\src\hotspot\share\prims\jni.cpp, line 516]
Event: 3.871 Thread 0x000002afa6953220 Exception <a 'sun/nio/fs/WindowsException'{0x00000000c9ac8ff0}> (0x00000000c9ac8ff0) 
thrown [s\src\hotspot\share\prims\jni.cpp, line 516]
Event: 3.871 Thread 0x000002afa6952880 Exception <a 'sun/nio/fs/WindowsException'{0x00000000c9cca4c0}> (0x00000000c9cca4c0) 
thrown [s\src\hotspot\share\prims\jni.cpp, line 516]
Event: 3.872 Thread 0x000002afa6954560 Exception <a 'sun/nio/fs/WindowsException'{0x00000000c9bc26e0}> (0x00000000c9bc26e0) 
thrown [s\src\hotspot\share\prims\jni.cpp, line 516]
Event: 4.212 Thread 0x000002afa6951070 Exception <a 'java/lang/NoSuchMethodError'{0x00000000c74f1c10}: 'java.lang.Object java.lang.invoke.Invokers$Holder.invoke_MT(java.lang.Object, java.lang.Object, java.lang.Object)'> (0x00000000c74f1c10) 
thrown [s\src\hotspot\share\interpreter\linkResolver.cpp, line 759]
Event: 4.511 Thread 0x000002afa6a64c30 Exception <a 'java/lang/NoSuchMethodError'{0x00000000ced62248}: 'void java.lang.invoke.DirectMethodHandle$Holder.invokeVirtual(java.lang.Object, java.lang.Object, java.lang.Object, java.lang.Object)'> (0x00000000ced62248) 
thrown [s\src\hotspot\share\interpreter\linkResolver.cpp, line 759]
Event: 4.745 Thread 0x000002afa6a64c30 Exception <a 'sun/nio/fs/WindowsException'{0x00000000cf586300}> (0x00000000cf586300) 
thrown [s\src\hotspot\share\prims\jni.cpp, line 516]

VM Operations (20 events):
Event: 4.676 Executing VM operation: G1CollectForAllocation done
Event: 4.676 Executing VM operation: HandshakeAllThreads
Event: 4.676 Executing VM operation: HandshakeAllThreads done
Event: 4.676 Executing VM operation: G1CollectForAllocation
Event: 4.682 Executing VM operation: G1CollectForAllocation done
Event: 4.694 Executing VM operation: HandshakeAllThreads
Event: 4.695 Executing VM operation: HandshakeAllThreads done
Event: 4.746 Executing VM operation: HandshakeAllThreads
Event: 4.747 Executing VM operation: HandshakeAllThreads done
Event: 4.789 Executing VM operation: G1CollectForAllocation
Event: 4.791 Executing VM operation: G1CollectForAllocation done
Event: 4.791 Executing VM operation: G1CollectForAllocation
Event: 4.796 Executing VM operation: G1CollectForAllocation done
Event: 4.903 Executing VM operation: G1CollectForAllocation
Event: 4.904 Executing VM operation: G1CollectForAllocation done
Event: 4.904 Executing VM operation: G1CollectForAllocation
Event: 4.913 Executing VM operation: G1CollectForAllocation done
Event: 4.995 Executing VM operation: G1CollectForAllocation
Event: 4.995 Executing VM operation: G1CollectForAllocation done
Event: 4.995 Executing VM operation: G1CollectForAllocation

Events (20 events):
Event: 4.989 loading class sun/security/provider/DSA done
Event: 4.989 loading class sun/security/provider/DSA$SHA256withDSA done
Event: 4.990 loading class sun/security/provider/SHA2$SHA224
Event: 4.990 loading class sun/security/provider/SHA2$SHA224 done
Event: 4.990 loading class sun/security/rsa/RSASignature$SHA224withRSA
Event: 4.990 loading class sun/security/rsa/RSASignature$SHA224withRSA done
Event: 4.990 loading class sun/security/provider/DSA$SHA224withDSA
Event: 4.990 loading class sun/security/provider/DSA$SHA224withDSA done
Event: 4.990 loading class sun/security/ssl/SessionId
Event: 4.990 loading class sun/security/ssl/SessionId done
Event: 4.991 loading class java/util/concurrent/ConcurrentSkipListMap$KeySet
Event: 4.991 loading class java/util/concurrent/ConcurrentSkipListMap$KeySet done
Event: 4.991 loading class java/util/concurrent/ConcurrentSkipListMap$KeyIterator
Event: 4.991 loading class java/util/concurrent/ConcurrentSkipListMap$Iter
Event: 4.991 loading class java/util/concurrent/ConcurrentSkipListMap$Iter done
Event: 4.991 loading class java/util/concurrent/ConcurrentSkipListMap$KeyIterator done
Event: 4.991 loading class java/net/InetAddress$NameServiceAddresses
Event: 4.991 loading class java/net/InetAddress$Addresses
Event: 4.991 loading class java/net/InetAddress$Addresses done
Event: 4.991 loading class java/net/InetAddress$NameServiceAddresses done


Dynamic libraries:
0x00007ff7078a0000 - 0x00007ff7078ae000 	c:\Users\final\.vscode\extensions\redhat.java-1.21.0-win32-x64\jre\17.0.7-win32-x86_64\bin\java.exe
0x00007ffb6e410000 - 0x00007ffb6e608000 	C:\WINDOWS\SYSTEM32\ntdll.dll
0x00007ffb6d250000 - 0x00007ffb6d30f000 	C:\WINDOWS\System32\KERNEL32.DLL
0x00007ffb6c0f0000 - 0x00007ffb6c3e6000 	C:\WINDOWS\System32\KERNELBASE.dll
0x00007ffb6bb80000 - 0x00007ffb6bc80000 	C:\WINDOWS\System32\ucrtbase.dll
0x00007ffb55b00000 - 0x00007ffb55b17000 	c:\Users\final\.vscode\extensions\redhat.java-1.21.0-win32-x64\jre\17.0.7-win32-x86_64\bin\jli.dll
0x00007ffb559e0000 - 0x00007ffb559f9000 	c:\Users\final\.vscode\extensions\redhat.java-1.21.0-win32-x64\jre\17.0.7-win32-x86_64\bin\VCRUNTIME140.dll
0x00007ffb6d310000 - 0x00007ffb6d4ad000 	C:\WINDOWS\System32\USER32.dll
0x00007ffb6bb50000 - 0x00007ffb6bb72000 	C:\WINDOWS\System32\win32u.dll
0x00007ffb40080000 - 0x00007ffb4031a000 	C:\WINDOWS\WinSxS\amd64_microsoft.windows.common-controls_6595b64144ccf1df_6.0.19041.1110_none_60b5254171f9507e\COMCTL32.dll
0x00007ffb6e0a0000 - 0x00007ffb6e0cc000 	C:\WINDOWS\System32\GDI32.dll
0x00007ffb6c4d0000 - 0x00007ffb6c56e000 	C:\WINDOWS\System32\msvcrt.dll
0x00007ffb6bfd0000 - 0x00007ffb6c0e5000 	C:\WINDOWS\System32\gdi32full.dll
0x00007ffb6bea0000 - 0x00007ffb6bf3d000 	C:\WINDOWS\System32\msvcp_win.dll
0x00007ffb6e070000 - 0x00007ffb6e0a0000 	C:\WINDOWS\System32\IMM32.DLL
0x00007ffb65910000 - 0x00007ffb6591c000 	c:\Users\final\.vscode\extensions\redhat.java-1.21.0-win32-x64\jre\17.0.7-win32-x86_64\bin\vcruntime140_1.dll
0x00007ffb51fc0000 - 0x00007ffb52051000 	c:\Users\final\.vscode\extensions\redhat.java-1.21.0-win32-x64\jre\17.0.7-win32-x86_64\bin\msvcp140.dll
0x00007ffafa9b0000 - 0x00007ffafb5f8000 	c:\Users\final\.vscode\extensions\redhat.java-1.21.0-win32-x64\jre\17.0.7-win32-x86_64\bin\server\jvm.dll
0x00007ffb6d1a0000 - 0x00007ffb6d24f000 	C:\WINDOWS\System32\ADVAPI32.dll
0x00007ffb6d0a0000 - 0x00007ffb6d13c000 	C:\WINDOWS\System32\sechost.dll
0x00007ffb6c6a0000 - 0x00007ffb6c7c6000 	C:\WINDOWS\System32\RPCRT4.dll
0x00007ffb45bb0000 - 0x00007ffb45bd7000 	C:\WINDOWS\SYSTEM32\WINMM.dll
0x00007ffb2c880000 - 0x00007ffb2c889000 	C:\WINDOWS\SYSTEM32\WSOCK32.dll
0x00007ffb63fb0000 - 0x00007ffb63fba000 	C:\WINDOWS\SYSTEM32\VERSION.dll
0x00007ffb6c7e0000 - 0x00007ffb6c84b000 	C:\WINDOWS\System32\WS2_32.dll
0x00007ffb6a390000 - 0x00007ffb6a3a2000 	C:\WINDOWS\SYSTEM32\kernel.appcore.dll
0x00007ffb56ce0000 - 0x00007ffb56cea000 	c:\Users\final\.vscode\extensions\redhat.java-1.21.0-win32-x64\jre\17.0.7-win32-x86_64\bin\jimage.dll
0x00007ffb69780000 - 0x00007ffb69964000 	C:\WINDOWS\SYSTEM32\DBGHELP.DLL
0x00007ffb59d90000 - 0x00007ffb59dc4000 	C:\WINDOWS\SYSTEM32\dbgcore.DLL
0x00007ffb6bf40000 - 0x00007ffb6bfc2000 	C:\WINDOWS\System32\bcryptPrimitives.dll
0x00007ffb538e0000 - 0x00007ffb53905000 	c:\Users\final\.vscode\extensions\redhat.java-1.21.0-win32-x64\jre\17.0.7-win32-x86_64\bin\java.dll
0x00007ffb554b0000 - 0x00007ffb554c8000 	c:\Users\final\.vscode\extensions\redhat.java-1.21.0-win32-x64\jre\17.0.7-win32-x86_64\bin\zip.dll
0x00007ffb6d920000 - 0x00007ffb6e064000 	C:\WINDOWS\System32\SHELL32.dll
0x00007ffb69be0000 - 0x00007ffb6a374000 	C:\WINDOWS\SYSTEM32\windows.storage.dll
0x00007ffb6c970000 - 0x00007ffb6ccc4000 	C:\WINDOWS\System32\combase.dll
0x00007ffb6b590000 - 0x00007ffb6b5be000 	C:\WINDOWS\SYSTEM32\Wldp.dll
0x00007ffb6e100000 - 0x00007ffb6e1ad000 	C:\WINDOWS\System32\SHCORE.dll
0x00007ffb6ccd0000 - 0x00007ffb6cd25000 	C:\WINDOWS\System32\shlwapi.dll
0x00007ffb6ba80000 - 0x00007ffb6baa5000 	C:\WINDOWS\SYSTEM32\profapi.dll
0x00007ffb53330000 - 0x00007ffb53349000 	C:\Users\final\.vscode\extensions\redhat.java-1.21.0-win32-x64\jre\17.0.7-win32-x86_64\bin\net.dll
0x00007ffb61740000 - 0x00007ffb6184a000 	C:\WINDOWS\SYSTEM32\WINHTTP.dll
0x00007ffb6b2f0000 - 0x00007ffb6b35a000 	C:\WINDOWS\system32\mswsock.dll
0x00007ffb52fb0000 - 0x00007ffb52fc5000 	C:\Users\final\.vscode\extensions\redhat.java-1.21.0-win32-x64\jre\17.0.7-win32-x86_64\bin\nio.dll
0x00007ffb6b4f0000 - 0x00007ffb6b508000 	C:\WINDOWS\SYSTEM32\CRYPTSP.dll
0x00007ffb6aba0000 - 0x00007ffb6abd4000 	C:\WINDOWS\system32\rsaenh.dll
0x00007ffb6c3f0000 - 0x00007ffb6c417000 	C:\WINDOWS\System32\bcrypt.dll
0x00007ffb6ba40000 - 0x00007ffb6ba6e000 	C:\WINDOWS\SYSTEM32\USERENV.dll
0x00007ffb6b4e0000 - 0x00007ffb6b4ec000 	C:\WINDOWS\SYSTEM32\CRYPTBASE.dll
0x00007ffb6af90000 - 0x00007ffb6afcc000 	C:\WINDOWS\SYSTEM32\IPHLPAPI.DLL
0x00007ffb6e0f0000 - 0x00007ffb6e0f8000 	C:\WINDOWS\System32\NSI.dll
0x00007ffb638e0000 - 0x00007ffb638f7000 	C:\WINDOWS\SYSTEM32\dhcpcsvc6.DLL
0x00007ffb62b00000 - 0x00007ffb62b1d000 	C:\WINDOWS\SYSTEM32\dhcpcsvc.DLL
0x00007ffb6afd0000 - 0x00007ffb6b09a000 	C:\WINDOWS\SYSTEM32\DNSAPI.dll
0x00007ffb56b30000 - 0x00007ffb56b39000 	C:\Users\final\.vscode\extensions\redhat.java-1.21.0-win32-x64\jre\17.0.7-win32-x86_64\bin\management.dll
0x00007ffb56aa0000 - 0x00007ffb56aab000 	C:\Users\final\.vscode\extensions\redhat.java-1.21.0-win32-x64\jre\17.0.7-win32-x86_64\bin\management_ext.dll
0x00007ffb6d090000 - 0x00007ffb6d098000 	C:\WINDOWS\System32\PSAPI.DLL
0x00007ffb56a80000 - 0x00007ffb56a8e000 	C:\Users\final\.vscode\extensions\redhat.java-1.21.0-win32-x64\jre\17.0.7-win32-x86_64\bin\sunmscapi.dll
0x00007ffb6bc80000 - 0x00007ffb6bdde000 	C:\WINDOWS\System32\CRYPT32.dll
0x00007ffb6b600000 - 0x00007ffb6b628000 	C:\WINDOWS\SYSTEM32\ncrypt.dll
0x00007ffb6b5c0000 - 0x00007ffb6b5fb000 	C:\WINDOWS\SYSTEM32\NTASN1.dll
0x00007ffb5f870000 - 0x00007ffb5f87a000 	C:\Windows\System32\rasadhlp.dll

dbghelp: loaded successfully - version: 4.0.5 - missing functions: none
symbol engine: initialized successfully - sym options: 0x614 - pdb path: .;c:\Users\final\.vscode\extensions\redhat.java-1.21.0-win32-x64\jre\17.0.7-win32-x86_64\bin;C:\WINDOWS\SYSTEM32;C:\WINDOWS\WinSxS\amd64_microsoft.windows.common-controls_6595b64144ccf1df_6.0.19041.1110_none_60b5254171f9507e;c:\Users\final\.vscode\extensions\redhat.java-1.21.0-win32-x64\jre\17.0.7-win32-x86_64\bin\server

VM Arguments:
jvm_args: -XX:+HeapDumpOnOutOfMemoryError -Xmx1024m -Dsts.lsp.client=vscode -Dsts.log.file=/dev/null -XX:TieredStopAtLevel=1 -Xlog:jni+resolve=off -Dspring.config.location=file:c:\Users\final\.vscode\extensions\vmware.vscode-spring-boot-1.47.0\language-server\BOOT-INF\classes\application.properties 
java_command: org.springframework.ide.vscode.boot.app.BootLanguageServerBootApp
java_class_path (initial): c:\Users\final\.vscode\extensions\vmware.vscode-spring-boot-1.47.0\language-server\BOOT-INF\classes;c:\Users\final\.vscode\extensions\vmware.vscode-spring-boot-1.47.0\language-server\BOOT-INF\lib\annotations-24.0.1.jar;c:\Users\final\.vscode\extensions\vmware.vscode-spring-boot-1.47.0\language-server\BOOT-INF\lib\antlr-runtime-3.5.3.jar;c:\Users\final\.vscode\extensions\vmware.vscode-spring-boot-1.47.0\language-server\BOOT-INF\lib\antlr4-4.11.1.jar;c:\Users\final\.vscode\extensions\vmware.vscode-spring-boot-1.47.0\language-server\BOOT-INF\lib\antlr4-runtime-4.11.1.jar;c:\Users\final\.vscode\extensions\vmware.vscode-spring-boot-1.47.0\language-server\BOOT-INF\lib\aopalliance-1.0.jar;c:\Users\final\.vscode\extensions\vmware.vscode-spring-boot-1.47.0\language-server\BOOT-INF\lib\asm-9.5.jar;c:\Users\final\.vscode\extensions\vmware.vscode-spring-boot-1.47.0\language-server\BOOT-INF\lib\asm-analysis-9.5.jar;c:\Users\final\.vscode\extensions\vmware.vscode-spring-boot-1.47.0\language-server\BOOT-INF\lib\asm-tree-9.5.jar;c:\Users\final\.vscode\extensions\vmware.vscode-spring-boot-1.47.0\language-server\BOOT-INF\lib\asm-util-9.5.jar;c:\Users\final\.vscode\extensions\vmware.vscode-spring-boot-1.47.0\language-server\BOOT-INF\lib\auto-common-1.2.1.jar;c:\Users\final\.vscode\extensions\vmware.vscode-spring-boot-1.47.0\language-server\BOOT-INF\lib\auto-value-annotations-1.9.jar;c:\Users\final\.vscode\extensions\vmware.vscode-spring-boot-1.47.0\language-server\BOOT-INF\lib\caffeine-3.1.2.jar;c:\Users\final\.vscode\extensions\vmware.vscode-spring-boot-1.47.0\language-server\BOOT-INF\lib\checker-qual-3.12.0.jar;c:\Users\final\.vscode\extensions\vmware.vscode-spring-boot-1.47.0\language-server\BOOT-INF\lib\classgraph-4.8.149.jar;c:\Users\final\.vscode\extensions\vmware.vscode-spring-boot-1.47.0\language-server\BOOT-INF\lib\commons-codec-1.15.jar;c:\Users\final\.vscode\extensions\vmware.vscode-spring-boot-1.47.0\language-server\BOOT-INF\lib\commons-compres
Launcher Type: SUN_STANDARD

[Global flags]
     intx CICompilerCount                          = 4                                         {product} {ergonomic}
     uint ConcGCThreads                            = 2                                         {product} {ergonomic}
     uint G1ConcRefinementThreads                  = 8                                         {product} {ergonomic}
   size_t G1HeapRegionSize                         = 1048576                                   {product} {ergonomic}
    uintx GCDrainStackTargetSize                   = 64                                        {product} {ergonomic}
     bool HeapDumpOnOutOfMemoryError               = true                                   {manageable} {command line}
   size_t InitialHeapSize                          = 130023424                                 {product} {ergonomic}
   size_t MarkStackSize                            = 4194304                                   {product} {ergonomic}
   size_t MaxHeapSize                              = 1073741824                                {product} {command line}
   size_t MaxNewSize                               = 643825664                                 {product} {ergonomic}
   size_t MinHeapDeltaBytes                        = 1048576                                   {product} {ergonomic}
   size_t MinHeapSize                              = 8388608                                   {product} {ergonomic}
    uintx NonProfiledCodeHeapSize                  = 0                                      {pd product} {ergonomic}
     bool ProfileInterpreter                       = false                                  {pd product} {command line}
    uintx ProfiledCodeHeapSize                     = 0                                      {pd product} {ergonomic}
   size_t SoftMaxHeapSize                          = 1073741824                             {manageable} {ergonomic}
     intx TieredStopAtLevel                        = 1                                         {product} {command line}
     bool UseCompressedClassPointers               = true                           {product lp64_product} {ergonomic}
     bool UseCompressedOops                        = true                           {product lp64_product} {ergonomic}
     bool UseG1GC                                  = true                                      {product} {ergonomic}
     bool UseLargePagesIndividualAllocation        = false                                  {pd product} {ergonomic}

Logging:
Log output configuration:
 #0: stdout all=warning,jni+resolve=off uptime,level,tags
 #1: stderr all=off uptime,level,tags

Environment Variables:
JAVA_HOME=C:\Program Files\Java\jdk-20
CLASSPATH=C:\Program Files\SAP\SAP Business One DI API\JCO\LIB\sbowrapper.jar;C:\Program Files\SAP\SAP Business One DI API\JCO\LIB\sboapi.jar
PATH=C:\Program Files\Eclipse Adoptium\jdk-17.0.7.7-hotspot\bin;C:\Program Files\Common Files\Oracle\Java\javapath;C:\oraclexe\app\oracle\product\11.2.0\server\bin;C:\Program Files\Microsoft MPI\Bin\;D:\OracleBDD\bin;D:\Oracle\bin;C:\Oracle\bin;C:\ProgramData\Oracle\Java\javapath;C:\WINDOWS\system32;C:\WINDOWS;C:\WINDOWS\System32\Wbem;C:\WINDOWS\System32\WindowsPowerShell\v1.0\;C:\WINDOWS\System32\OpenSSH\;C:\Program Files\Microsoft SQL Server\Client SDK\ODBC\170\Tools\Binn\;C:\Program Files (x86)\Microsoft SQL Server\150\Tools\Binn\;C:\Program Files\Microsoft SQL Server\150\Tools\Binn\;C:\Program Files\Microsoft SQL Server\150\DTS\Binn\;C:\Program Files\dotnet\;C:\Program Files (x86)\Intel\Intel(R) Management Engine Components\DAL;C:\Program Files\Intel\Intel(R) Management Engine Components\DAL;C:\Program Files\Microsoft SQL Server\Client SDK\ODBC\130\Tools\Binn\;D:\Program Files\nodejs\;D:\Program Files\Java\jdk1.8.0_301\bin;C:\Program Files (x86)\Java\jdk-19.0.2\bin;C:\Program Files\SAP\SAP Business One DI API\JCO\LIB\;C:\Program Files\SAP\SAP Business One DI API\DI API 90;C:\Program Files\PuTTY\;C:\Program Files\Git\cmd;C:\Program Files\MongoDB\Server\5.0\bin;C:\Users\final\AppData\Local\Programs\Python\Python310\Scripts\;C:\Users\final\AppData\Local\Programs\Python\Python310\;C:\Users\final\AppData\Local\Microsoft\WindowsApps;C:\Users\final\.dotnet\tools;D:\Microsoft VS Code\bin;C:\Users\final\AppData\Roaming\npm;C:\Users\final\AppData\Roaming\Python\Python39\Scripts\;C:\Program Files\Git\bin;C:\Users\Public;C:\src\flutter\bin;C:\Program Files\Azure Data Studio\bin;C:\Program Files\Java\jdk-20\bin;C:\Users\final\AppData\Local\GitHubDesktop\bin
USERNAME=JERRY
OS=Windows_NT
PROCESSOR_IDENTIFIER=Intel64 Family 6 Model 142 Stepping 10, GenuineIntel
TMP=C:\Users\final\AppData\Local\Temp
TEMP=C:\Users\final\AppData\Local\Temp



---------------  S Y S T E M  ---------------

OS:
 Windows 10 , 64 bit Build 19041 (10.0.19041.3155)
OS uptime: 0 days 3:23 hours

CPU: total 8 (initial active 8) (4 cores per cpu, 2 threads per core) family 6 model 142 stepping 10 microcode 0xf0, cx8, cmov, fxsr, ht, mmx, 3dnowpref, sse, sse2, sse3, ssse3, sse4.1, sse4.2, popcnt, lzcnt, tsc, tscinvbit, avx, avx2, aes, erms, clmul, bmi1, bmi2, adx, fma, vzeroupper, clflush, clflushopt

Memory: 4k page, system-wide physical 7844M (776M free)
TotalPageFile size 9892M (AvailPageFile size 220M)
current process WorkingSet (physical memory assigned to process): 485M, peak: 485M
current process commit charge ("private bytes"): 511M, peak: 752M

vm_info: OpenJDK 64-Bit Server VM (17.0.7+7) for windows-amd64 JRE (17.0.7+7), built on Apr 18 2023 22:10:42 by "temurin" with MS VC++ 16.7 (VS2019)

END.
