#
# There is insufficient memory for the Java Runtime Environment to continue.
# Native memory allocation (mmap) failed to map 209715200 bytes for G1 virtual space
# Possible reasons:
#   The system is out of physical RAM or swap space
#   The process is running with CompressedOops enabled, and the Java Heap may be blocking the growth of the native heap
# Possible solutions:
#   Reduce memory load on the system
#   Increase physical memory or swap space
#   Check if swap backing store is full
#   Decrease Java heap size (-Xmx/-Xms)
#   Decrease number of Java threads
#   Decrease Java thread stack sizes (-Xss)
#   Set larger code cache with -XX:ReservedCodeCacheSize=
#   JVM is running with Unscaled Compressed Oops mode in which the Java heap is
#     placed in the first 4GB address space. The Java Heap base address is the
#     maximum limit for the native heap growth. Please use -XX:HeapBaseMinAddress
#     to set the Java Heap base and to place the Java Heap above 4GB virtual address.
# This output file may be truncated or incomplete.
#
#  Out of Memory Error (os_windows.cpp:3559), pid=15964, tid=11800
#
# JRE version: OpenJDK Runtime Environment Temurin-17.0.7+7 (17.0.7+7) (build 17.0.7+7)
# Java VM: OpenJDK 64-Bit Server VM Temurin-17.0.7+7 (17.0.7+7, mixed mode, emulated-client, tiered, compressed oops, compressed class ptrs, g1 gc, windows-amd64)
# No core dump will be written. Minidumps are not enabled by default on client versions of Windows
#

---------------  S U M M A R Y ------------

Command Line: -XX:+HeapDumpOnOutOfMemoryError -Xmx1024m -Dsts.lsp.client=vscode -Dsts.log.file=/dev/null -XX:TieredStopAtLevel=1 -Xlog:jni+resolve=off -Dspring.config.location=file:c:\Users\final\.vscode\extensions\vmware.vscode-spring-boot-1.47.0\language-server\BOOT-INF\classes\application.properties org.springframework.ide.vscode.boot.app.BootLanguageServerBootApp

Host: Intel(R) Core(TM) i7-8550U CPU @ 1.80GHz, 8 cores, 7G,  Windows 10 , 64 bit Build 19041 (10.0.19041.3155)
Time: Fri Jul 28 13:29:52 2023 Hora est. Pacífico, Sudamérica elapsed time: 3.828327 seconds (0d 0h 0m 3s)

---------------  T H R E A D  ---------------

Current thread (0x000001f822630ed0):  VMThread "VM Thread" [stack: 0x000000321f400000,0x000000321f500000] [id=11800]

Stack: [0x000000321f400000,0x000000321f500000]
Native frames: (J=compiled Java code, j=interpreted, Vv=VM code, C=native code)
V  [jvm.dll+0x67754a]
V  [jvm.dll+0x834304]
V  [jvm.dll+0x835aae]
V  [jvm.dll+0x836113]
V  [jvm.dll+0x24696f]
V  [jvm.dll+0x6743f9]
V  [jvm.dll+0x668c8a]
V  [jvm.dll+0x3061bb]
V  [jvm.dll+0x30d6a6]
V  [jvm.dll+0x35cece]
V  [jvm.dll+0x35d0ff]
V  [jvm.dll+0x2dd048]
V  [jvm.dll+0x2db20c]
V  [jvm.dll+0x2da7dc]
V  [jvm.dll+0x31e6db]
V  [jvm.dll+0x83a5bb]
V  [jvm.dll+0x83b2f4]
V  [jvm.dll+0x83b80c]
V  [jvm.dll+0x83bbe4]
V  [jvm.dll+0x83bcb0]
V  [jvm.dll+0x7e4e7a]
V  [jvm.dll+0x676395]
C  [ucrtbase.dll+0x21bb2]
C  [KERNEL32.DLL+0x17614]
C  [ntdll.dll+0x526b1]

VM_Operation (0x0000003221cfdfb0): G1CollectForAllocation, mode: safepoint, requested by thread 0x000001f8285d53e0


---------------  P R O C E S S  ---------------

Threads class SMR info:
_java_thread_list=0x000001f822b98360, length=38, elements={
0x000001f822644370, 0x000001f8226450f0, 0x000001f82266ac10, 0x000001f82266e650,
0x000001f82266ef10, 0x000001f82266f7d0, 0x000001f822670090, 0x000001f8227d1aa0,
0x000001f8229a27e0, 0x000001f8229af4b0, 0x000001f8229b0de0, 0x000001f8229b5890,
0x000001f827b70060, 0x000001f82829cbd0, 0x000001f8281b0300, 0x000001f8281b07d0,
0x000001f8281b1560, 0x000001f81781a160, 0x000001f828411250, 0x000001f8284507a0,
0x000001f8282b43b0, 0x000001f8282b4880, 0x000001f8282b3070, 0x000001f8282b3540,
0x000001f8282b3a10, 0x000001f8282b3ee0, 0x000001f8285cfd40, 0x000001f8285cea00,
0x000001f8285ceed0, 0x000001f8285d23c0, 0x000001f8285cf3a0, 0x000001f8285d53e0,
0x000001f8285d4f10, 0x000001f8285d58b0, 0x000001f8285d2890, 0x000001f8285d3700,
0x000001f8285d0210, 0x000001f8285cf870
}

Java Threads: ( => current thread )
  0x000001f822644370 JavaThread "Reference Handler" daemon [_thread_blocked, id=14056, stack(0x000000321f500000,0x000000321f600000)]
  0x000001f8226450f0 JavaThread "Finalizer" daemon [_thread_blocked, id=7180, stack(0x000000321f600000,0x000000321f700000)]
  0x000001f82266ac10 JavaThread "Signal Dispatcher" daemon [_thread_blocked, id=15524, stack(0x000000321f700000,0x000000321f800000)]
  0x000001f82266e650 JavaThread "Attach Listener" daemon [_thread_blocked, id=1856, stack(0x000000321f800000,0x000000321f900000)]
  0x000001f82266ef10 JavaThread "Service Thread" daemon [_thread_blocked, id=12944, stack(0x000000321f900000,0x000000321fa00000)]
  0x000001f82266f7d0 JavaThread "Monitor Deflation Thread" daemon [_thread_blocked, id=14360, stack(0x000000321fa00000,0x000000321fb00000)]
  0x000001f822670090 JavaThread "C1 CompilerThread0" daemon [_thread_blocked, id=14816, stack(0x000000321fb00000,0x000000321fc00000)]
  0x000001f8227d1aa0 JavaThread "Sweeper thread" daemon [_thread_blocked, id=1672, stack(0x000000321fc00000,0x000000321fd00000)]
  0x000001f8229a27e0 JavaThread "C1 CompilerThread1" daemon [_thread_blocked, id=11996, stack(0x000000321fd00000,0x000000321fe00000)]
  0x000001f8229af4b0 JavaThread "C1 CompilerThread2" daemon [_thread_blocked, id=15628, stack(0x000000321fe00000,0x000000321ff00000)]
  0x000001f8229b0de0 JavaThread "Notification Thread" daemon [_thread_blocked, id=16228, stack(0x000000321ff00000,0x0000003220000000)]
  0x000001f8229b5890 JavaThread "Common-Cleaner" daemon [_thread_blocked, id=15364, stack(0x0000003220100000,0x0000003220200000)]
  0x000001f827b70060 JavaThread "C1 CompilerThread3" daemon [_thread_blocked, id=2948, stack(0x0000003220a00000,0x0000003220b00000)]
  0x000001f82829cbd0 JavaThread "boundedElastic-evictor-1" daemon [_thread_blocked, id=16088, stack(0x0000003220900000,0x0000003220a00000)]
  0x000001f8281b0300 JavaThread "boundedElastic-evictor-2" daemon [_thread_blocked, id=11944, stack(0x0000003220c00000,0x0000003220d00000)]
  0x000001f8281b07d0 JavaThread "pool-10-thread-1" [_thread_blocked, id=12236, stack(0x0000003220d00000,0x0000003220e00000)]
  0x000001f8281b1560 JavaThread "LanguageServerApp-lifecycle" [_thread_blocked, id=15460, stack(0x0000003220e00000,0x0000003220f00000)]
  0x000001f81781a160 JavaThread "DestroyJavaVM" [_thread_blocked, id=1272, stack(0x000000321ee00000,0x000000321ef00000)]
  0x000001f828411250 JavaThread "pool-11-thread-1" [_thread_in_native, id=13796, stack(0x0000003220f00000,0x0000003221000000)]
  0x000001f8284507a0 JavaThread "Simple-Language-Server main thread" daemon [_thread_blocked, id=4892, stack(0x0000003221000000,0x0000003221100000)]
  0x000001f8282b43b0 JavaThread "pool-6-thread-1" [_thread_blocked, id=8804, stack(0x0000003221100000,0x0000003221200000)]
  0x000001f8282b4880 JavaThread "ForkJoinPool.commonPool-worker-1" daemon [_thread_blocked, id=14580, stack(0x0000003221200000,0x0000003221300000)]
  0x000001f8282b3070 JavaThread "ClassGraph-worker-0" daemon [_thread_blocked, id=2720, stack(0x0000003221300000,0x0000003221400000)]
  0x000001f8282b3540 JavaThread "ClassGraph-worker-1" daemon [_thread_blocked, id=2576, stack(0x0000003221400000,0x0000003221500000)]
  0x000001f8282b3a10 JavaThread "ClassGraph-worker-2" daemon [_thread_blocked, id=14656, stack(0x0000003221500000,0x0000003221600000)]
  0x000001f8282b3ee0 JavaThread "ClassGraph-worker-3" daemon [_thread_blocked, id=11780, stack(0x0000003221600000,0x0000003221700000)]
  0x000001f8285cfd40 JavaThread "ClassGraph-worker-4" daemon [_thread_blocked, id=2752, stack(0x0000003221700000,0x0000003221800000)]
  0x000001f8285cea00 JavaThread "ClassGraph-worker-5" daemon [_thread_blocked, id=4092, stack(0x0000003221800000,0x0000003221900000)]
  0x000001f8285ceed0 JavaThread "ClassGraph-worker-6" daemon [_thread_blocked, id=16056, stack(0x0000003221900000,0x0000003221a00000)]
  0x000001f8285d23c0 JavaThread "ClassGraph-worker-7" daemon [_thread_blocked, id=8732, stack(0x0000003221a00000,0x0000003221b00000)]
  0x000001f8285cf3a0 JavaThread "ClassGraph-worker-8" daemon [_thread_blocked, id=4152, stack(0x0000003221b00000,0x0000003221c00000)]
  0x000001f8285d53e0 JavaThread "ClassGraph-worker-9" daemon [_thread_blocked, id=6856, stack(0x0000003221c00000,0x0000003221d00000)]
  0x000001f8285d4f10 JavaThread "ClassGraph-worker-10" daemon [_thread_blocked, id=1932, stack(0x0000003221d00000,0x0000003221e00000)]
  0x000001f8285d58b0 JavaThread "ClassGraph-worker-11" daemon [_thread_blocked, id=10900, stack(0x0000003221e00000,0x0000003221f00000)]
  0x000001f8285d2890 JavaThread "ClassGraph-worker-12" daemon [_thread_blocked, id=11960, stack(0x0000003221f00000,0x0000003222000000)]
  0x000001f8285d3700 JavaThread "ClassGraph-worker-13" daemon [_thread_blocked, id=8952, stack(0x0000003222000000,0x0000003222100000)]
  0x000001f8285d0210 JavaThread "parallel-1" daemon [_thread_blocked, id=14968, stack(0x0000003222100000,0x0000003222200000)]
  0x000001f8285cf870 JavaThread "pool-3-thread-1" [_thread_blocked, id=11576, stack(0x0000003222200000,0x0000003222300000)]

Other Threads:
=>0x000001f822630ed0 VMThread "VM Thread" [stack: 0x000000321f400000,0x000000321f500000] [id=11800]
  0x000001f8178777a0 WatcherThread [stack: 0x0000003220000000,0x0000003220100000] [id=10280]
  0x000001f817856570 GCTaskThread "GC Thread#0" [stack: 0x000000321ef00000,0x000000321f000000] [id=6084]
  0x000001f8278eefc0 GCTaskThread "GC Thread#1" [stack: 0x0000003220200000,0x0000003220300000] [id=11588]
  0x000001f8276da620 GCTaskThread "GC Thread#2" [stack: 0x0000003220300000,0x0000003220400000] [id=2636]
  0x000001f8279299b0 GCTaskThread "GC Thread#3" [stack: 0x0000003220400000,0x0000003220500000] [id=13160]
  0x000001f8279ec290 GCTaskThread "GC Thread#4" [stack: 0x0000003220500000,0x0000003220600000] [id=16244]
  0x000001f8279ec540 GCTaskThread "GC Thread#5" [stack: 0x0000003220600000,0x0000003220700000] [id=14528]
  0x000001f8279ec7f0 GCTaskThread "GC Thread#6" [stack: 0x0000003220700000,0x0000003220800000] [id=1872]
  0x000001f8279ecaa0 GCTaskThread "GC Thread#7" [stack: 0x0000003220800000,0x0000003220900000] [id=8284]
  0x000001f8178603d0 ConcurrentGCThread "G1 Main Marker" [stack: 0x000000321f000000,0x000000321f100000] [id=15596]
  0x000001f817860cf0 ConcurrentGCThread "G1 Conc#0" [stack: 0x000000321f100000,0x000000321f200000] [id=4328]
  0x000001f827c5a4b0 ConcurrentGCThread "G1 Conc#1" [stack: 0x0000003220b00000,0x0000003220c00000] [id=6600]
  0x000001f8178cd9d0 ConcurrentGCThread "G1 Refine#0" [stack: 0x000000321f200000,0x000000321f300000] [id=12124]
  0x000001f8290f0eb0 ConcurrentGCThread "G1 Refine#1" [stack: 0x0000003222300000,0x0000003222400000] [id=16000]
  0x000001f8290f1190 ConcurrentGCThread "G1 Refine#2" [stack: 0x0000003222400000,0x0000003222500000] [id=3708]
  0x000001f8290f08f0 ConcurrentGCThread "G1 Refine#3" [stack: 0x0000003222500000,0x0000003222600000] [id=8068]
  0x000001f8290f0bd0 ConcurrentGCThread "G1 Refine#4" [stack: 0x0000003222600000,0x0000003222700000] [id=13912]
  0x000001f8290f1470 ConcurrentGCThread "G1 Refine#5" [stack: 0x0000003222700000,0x0000003222800000] [id=5188]
  0x000001f8178ce300 ConcurrentGCThread "G1 Service" [stack: 0x000000321f300000,0x000000321f400000] [id=7384]

Threads with active compile tasks:

VM state: at safepoint (normal execution)

VM Mutex/Monitor currently owned by a thread:  ([mutex/lock_event])
[0x000001f8156864a0] Threads_lock - owner thread: 0x000001f822630ed0
[0x000001f817816b10] Heap_lock - owner thread: 0x000001f8285d53e0

Heap address: 0x00000000c0000000, size: 1024 MB, Compressed Oops mode: 32-bit

CDS archive(s) not mapped
Compressed class space mapped at: 0x0000000100000000-0x0000000140000000, reserved size: 1073741824
Narrow klass base: 0x0000000000000000, Narrow klass shift: 3, Narrow klass range: 0x140000000

GC Precious Log:
 CPUs: 8 total, 8 available
 Memory: 7844M
 Large Page Support: Disabled
 NUMA Support: Disabled
 Compressed Oops: Enabled (32-bit)
 Heap Region Size: 1M
 Heap Min Capacity: 8M
 Heap Initial Capacity: 124M
 Heap Max Capacity: 1G
 Pre-touch: Disabled
 Parallel Workers: 8
 Concurrent Workers: 2
 Concurrent Refinement Workers: 8
 Periodic GC: Disabled

Heap:
 garbage-first heap   total 250880K, used 92064K [0x00000000c0000000, 0x0000000100000000)
  region size 1024K, 11 young (11264K), 11 survivors (11264K)
 Metaspace       used 39245K, committed 39616K, reserved 1114112K
  class space    used 5158K, committed 5312K, reserved 1048576K

Heap Regions: E=young(eden), S=young(survivor), O=old, HS=humongous(starts), HC=humongous(continues), CS=collection set, F=free, OA=open archive, CA=closed archive, TAMS=top-at-mark-start (previous, next)
|   0|0x00000000c0000000, 0x00000000c0100000, 0x00000000c0100000|100%|HS|  |TAMS 0x00000000c0100000, 0x00000000c0000000| Complete 
|   1|0x00000000c0100000, 0x00000000c0200000, 0x00000000c0200000|100%| O|  |TAMS 0x00000000c0200000, 0x00000000c0100000| Untracked 
|   2|0x00000000c0200000, 0x00000000c0300000, 0x00000000c0300000|100%| O|  |TAMS 0x00000000c0300000, 0x00000000c0200000| Untracked 
|   3|0x00000000c0300000, 0x00000000c0400000, 0x00000000c0400000|100%| O|  |TAMS 0x00000000c0400000, 0x00000000c0300000| Untracked 
|   4|0x00000000c0400000, 0x00000000c0500000, 0x00000000c0500000|100%| O|  |TAMS 0x00000000c0500000, 0x00000000c0400000| Untracked 
|   5|0x00000000c0500000, 0x00000000c0600000, 0x00000000c0600000|100%| O|  |TAMS 0x00000000c0600000, 0x00000000c0500000| Untracked 
|   6|0x00000000c0600000, 0x00000000c0700000, 0x00000000c0700000|100%| O|  |TAMS 0x00000000c0700000, 0x00000000c0600000| Untracked 
|   7|0x00000000c0700000, 0x00000000c0800000, 0x00000000c0800000|100%| O|  |TAMS 0x00000000c0800000, 0x00000000c0700000| Untracked 
|   8|0x00000000c0800000, 0x00000000c0900000, 0x00000000c0900000|100%| O|  |TAMS 0x00000000c0900000, 0x00000000c0800000| Untracked 
|   9|0x00000000c0900000, 0x00000000c0a00000, 0x00000000c0a00000|100%| O|  |TAMS 0x00000000c0a00000, 0x00000000c0900000| Untracked 
|  10|0x00000000c0a00000, 0x00000000c0a00000, 0x00000000c0b00000|  0%| F|  |TAMS 0x00000000c0a00000, 0x00000000c0a00000| Untracked 
|  11|0x00000000c0b00000, 0x00000000c0c00000, 0x00000000c0c00000|100%| O|  |TAMS 0x00000000c0c00000, 0x00000000c0b00000| Untracked 
|  12|0x00000000c0c00000, 0x00000000c0d00000, 0x00000000c0d00000|100%| O|  |TAMS 0x00000000c0d00000, 0x00000000c0c00000| Untracked 
|  13|0x00000000c0d00000, 0x00000000c0e00000, 0x00000000c0e00000|100%| O|  |TAMS 0x00000000c0e00000, 0x00000000c0d00000| Untracked 
|  14|0x00000000c0e00000, 0x00000000c0f00000, 0x00000000c0f00000|100%| O|  |TAMS 0x00000000c0f00000, 0x00000000c0e00000| Untracked 
|  15|0x00000000c0f00000, 0x00000000c1000000, 0x00000000c1000000|100%| O|  |TAMS 0x00000000c1000000, 0x00000000c0f00000| Untracked 
|  16|0x00000000c1000000, 0x00000000c1100000, 0x00000000c1100000|100%| O|  |TAMS 0x00000000c1100000, 0x00000000c1000000| Untracked 
|  17|0x00000000c1100000, 0x00000000c1200000, 0x00000000c1200000|100%| O|  |TAMS 0x00000000c1200000, 0x00000000c1100000| Untracked 
|  18|0x00000000c1200000, 0x00000000c1300000, 0x00000000c1300000|100%| O|  |TAMS 0x00000000c1300000, 0x00000000c1200000| Untracked 
|  19|0x00000000c1300000, 0x00000000c1400000, 0x00000000c1400000|100%| O|  |TAMS 0x00000000c1400000, 0x00000000c1300000| Untracked 
|  20|0x00000000c1400000, 0x00000000c1500000, 0x00000000c1500000|100%| O|  |TAMS 0x00000000c1500000, 0x00000000c1400000| Untracked 
|  21|0x00000000c1500000, 0x00000000c1600000, 0x00000000c1600000|100%| O|  |TAMS 0x00000000c1600000, 0x00000000c1500000| Untracked 
|  22|0x00000000c1600000, 0x00000000c1700000, 0x00000000c1700000|100%| O|  |TAMS 0x00000000c1700000, 0x00000000c1600000| Untracked 
|  23|0x00000000c1700000, 0x00000000c1800000, 0x00000000c1800000|100%| O|  |TAMS 0x00000000c1800000, 0x00000000c1700000| Untracked 
|  24|0x00000000c1800000, 0x00000000c1900000, 0x00000000c1900000|100%| O|  |TAMS 0x00000000c1900000, 0x00000000c1800000| Untracked 
|  25|0x00000000c1900000, 0x00000000c1a00000, 0x00000000c1a00000|100%| O|  |TAMS 0x00000000c1a00000, 0x00000000c1900000| Untracked 
|  26|0x00000000c1a00000, 0x00000000c1b00000, 0x00000000c1b00000|100%| O|  |TAMS 0x00000000c1b00000, 0x00000000c1a00000| Untracked 
|  27|0x00000000c1b00000, 0x00000000c1c00000, 0x00000000c1c00000|100%| O|  |TAMS 0x00000000c1c00000, 0x00000000c1b00000| Untracked 
|  28|0x00000000c1c00000, 0x00000000c1d00000, 0x00000000c1d00000|100%| O|  |TAMS 0x00000000c1d00000, 0x00000000c1c00000| Untracked 
|  29|0x00000000c1d00000, 0x00000000c1e00000, 0x00000000c1e00000|100%| O|  |TAMS 0x00000000c1e00000, 0x00000000c1d00000| Untracked 
|  30|0x00000000c1e00000, 0x00000000c1f00000, 0x00000000c1f00000|100%| O|  |TAMS 0x00000000c1f00000, 0x00000000c1e00000| Untracked 
|  31|0x00000000c1f00000, 0x00000000c2000000, 0x00000000c2000000|100%| O|  |TAMS 0x00000000c2000000, 0x00000000c1f00000| Untracked 
|  32|0x00000000c2000000, 0x00000000c2100000, 0x00000000c2100000|100%| O|  |TAMS 0x00000000c2100000, 0x00000000c2000000| Untracked 
|  33|0x00000000c2100000, 0x00000000c2200000, 0x00000000c2200000|100%| O|  |TAMS 0x00000000c2200000, 0x00000000c2100000| Untracked 
|  34|0x00000000c2200000, 0x00000000c2300000, 0x00000000c2300000|100%| O|  |TAMS 0x00000000c2300000, 0x00000000c2200000| Untracked 
|  35|0x00000000c2300000, 0x00000000c2400000, 0x00000000c2400000|100%| O|  |TAMS 0x00000000c2400000, 0x00000000c2300000| Untracked 
|  36|0x00000000c2400000, 0x00000000c2500000, 0x00000000c2500000|100%| O|  |TAMS 0x00000000c2500000, 0x00000000c2400000| Untracked 
|  37|0x00000000c2500000, 0x00000000c2600000, 0x00000000c2600000|100%| O|  |TAMS 0x00000000c2600000, 0x00000000c2500000| Untracked 
|  38|0x00000000c2600000, 0x00000000c2700000, 0x00000000c2700000|100%| O|  |TAMS 0x00000000c2700000, 0x00000000c2600000| Untracked 
|  39|0x00000000c2700000, 0x00000000c2800000, 0x00000000c2800000|100%| O|  |TAMS 0x00000000c2800000, 0x00000000c2700000| Untracked 
|  40|0x00000000c2800000, 0x00000000c2900000, 0x00000000c2900000|100%| O|  |TAMS 0x00000000c2900000, 0x00000000c2800000| Untracked 
|  41|0x00000000c2900000, 0x00000000c2a00000, 0x00000000c2a00000|100%| O|  |TAMS 0x00000000c2a00000, 0x00000000c2900000| Untracked 
|  42|0x00000000c2a00000, 0x00000000c2b00000, 0x00000000c2b00000|100%| O|  |TAMS 0x00000000c2b00000, 0x00000000c2a00000| Untracked 
|  43|0x00000000c2b00000, 0x00000000c2c00000, 0x00000000c2c00000|100%| O|  |TAMS 0x00000000c2c00000, 0x00000000c2b00000| Untracked 
|  44|0x00000000c2c00000, 0x00000000c2d00000, 0x00000000c2d00000|100%| O|  |TAMS 0x00000000c2d00000, 0x00000000c2c00000| Untracked 
|  45|0x00000000c2d00000, 0x00000000c2e00000, 0x00000000c2e00000|100%| O|  |TAMS 0x00000000c2e00000, 0x00000000c2d00000| Untracked 
|  46|0x00000000c2e00000, 0x00000000c2f00000, 0x00000000c2f00000|100%| O|  |TAMS 0x00000000c2f00000, 0x00000000c2e00000| Untracked 
|  47|0x00000000c2f00000, 0x00000000c3000000, 0x00000000c3000000|100%| O|  |TAMS 0x00000000c3000000, 0x00000000c2f00000| Untracked 
|  48|0x00000000c3000000, 0x00000000c3100000, 0x00000000c3100000|100%| O|  |TAMS 0x00000000c3100000, 0x00000000c3000000| Untracked 
|  49|0x00000000c3100000, 0x00000000c3200000, 0x00000000c3200000|100%| O|  |TAMS 0x00000000c3200000, 0x00000000c3100000| Untracked 
|  50|0x00000000c3200000, 0x00000000c3300000, 0x00000000c3300000|100%| O|  |TAMS 0x00000000c3288a00, 0x00000000c3200000| Untracked 
|  51|0x00000000c3300000, 0x00000000c3400000, 0x00000000c3400000|100%| O|  |TAMS 0x00000000c3300000, 0x00000000c3300000| Untracked 
|  52|0x00000000c3400000, 0x00000000c3500000, 0x00000000c3500000|100%| O|  |TAMS 0x00000000c3400000, 0x00000000c3400000| Untracked 
|  53|0x00000000c3500000, 0x00000000c3600000, 0x00000000c3600000|100%| O|  |TAMS 0x00000000c3500000, 0x00000000c3500000| Untracked 
|  54|0x00000000c3600000, 0x00000000c3700000, 0x00000000c3700000|100%| O|  |TAMS 0x00000000c3600000, 0x00000000c3600000| Untracked 
|  55|0x00000000c3700000, 0x00000000c3800000, 0x00000000c3800000|100%| O|  |TAMS 0x00000000c3700000, 0x00000000c3700000| Untracked 
|  56|0x00000000c3800000, 0x00000000c3900000, 0x00000000c3900000|100%| O|  |TAMS 0x00000000c3800000, 0x00000000c3800000| Untracked 
|  57|0x00000000c3900000, 0x00000000c3a00000, 0x00000000c3a00000|100%|HS|  |TAMS 0x00000000c3900000, 0x00000000c3900000| Complete 
|  58|0x00000000c3a00000, 0x00000000c3b00000, 0x00000000c3b00000|100%|HS|  |TAMS 0x00000000c3a00000, 0x00000000c3a00000| Complete 
|  59|0x00000000c3b00000, 0x00000000c3c00000, 0x00000000c3c00000|100%| O|  |TAMS 0x00000000c3b00000, 0x00000000c3b00000| Untracked 
|  60|0x00000000c3c00000, 0x00000000c3d00000, 0x00000000c3d00000|100%| O|  |TAMS 0x00000000c3c00000, 0x00000000c3c00000| Untracked 
|  61|0x00000000c3d00000, 0x00000000c3e00000, 0x00000000c3e00000|100%| O|  |TAMS 0x00000000c3d00000, 0x00000000c3d00000| Untracked 
|  62|0x00000000c3e00000, 0x00000000c3f00000, 0x00000000c3f00000|100%| O|  |TAMS 0x00000000c3e00000, 0x00000000c3e00000| Untracked 
|  63|0x00000000c3f00000, 0x00000000c4000000, 0x00000000c4000000|100%| O|  |TAMS 0x00000000c3f00000, 0x00000000c3f00000| Untracked 
|  64|0x00000000c4000000, 0x00000000c4100000, 0x00000000c4100000|100%| O|  |TAMS 0x00000000c4000000, 0x00000000c4000000| Untracked 
|  65|0x00000000c4100000, 0x00000000c4200000, 0x00000000c4200000|100%| O|  |TAMS 0x00000000c4100000, 0x00000000c4100000| Untracked 
|  66|0x00000000c4200000, 0x00000000c4300000, 0x00000000c4300000|100%| O|  |TAMS 0x00000000c4200000, 0x00000000c4200000| Untracked 
|  67|0x00000000c4300000, 0x00000000c4400000, 0x00000000c4400000|100%| O|  |TAMS 0x00000000c4300000, 0x00000000c4300000| Untracked 
|  68|0x00000000c4400000, 0x00000000c4500000, 0x00000000c4500000|100%| O|  |TAMS 0x00000000c4400000, 0x00000000c4400000| Untracked 
|  69|0x00000000c4500000, 0x00000000c4600000, 0x00000000c4600000|100%| O|  |TAMS 0x00000000c4500000, 0x00000000c4500000| Untracked 
|  70|0x00000000c4600000, 0x00000000c4700000, 0x00000000c4700000|100%| O|  |TAMS 0x00000000c4600000, 0x00000000c4600000| Untracked 
|  71|0x00000000c4700000, 0x00000000c4800000, 0x00000000c4800000|100%| O|  |TAMS 0x00000000c4700000, 0x00000000c4700000| Untracked 
|  72|0x00000000c4800000, 0x00000000c4900000, 0x00000000c4900000|100%| O|  |TAMS 0x00000000c4800000, 0x00000000c4800000| Untracked 
|  73|0x00000000c4900000, 0x00000000c4a00000, 0x00000000c4a00000|100%| O|  |TAMS 0x00000000c4900000, 0x00000000c4900000| Untracked 
|  74|0x00000000c4a00000, 0x00000000c4b00000, 0x00000000c4b00000|100%| O|  |TAMS 0x00000000c4a00000, 0x00000000c4a00000| Untracked 
|  75|0x00000000c4b00000, 0x00000000c4c00000, 0x00000000c4c00000|100%| O|  |TAMS 0x00000000c4b00000, 0x00000000c4b00000| Untracked 
|  76|0x00000000c4c00000, 0x00000000c4d00000, 0x00000000c4d00000|100%| O|  |TAMS 0x00000000c4c00000, 0x00000000c4c00000| Untracked 
|  77|0x00000000c4d00000, 0x00000000c4e00000, 0x00000000c4e00000|100%| O|  |TAMS 0x00000000c4d00000, 0x00000000c4d00000| Untracked 
|  78|0x00000000c4e00000, 0x00000000c4f00000, 0x00000000c4f00000|100%| O|  |TAMS 0x00000000c4e00000, 0x00000000c4e00000| Untracked 
|  79|0x00000000c4f00000, 0x00000000c4fe8200, 0x00000000c5000000| 90%| O|  |TAMS 0x00000000c4f00000, 0x00000000c4f00000| Untracked 
|  80|0x00000000c5000000, 0x00000000c5000000, 0x00000000c5100000|  0%| F|  |TAMS 0x00000000c5000000, 0x00000000c5000000| Untracked 
|  81|0x00000000c5100000, 0x00000000c5100000, 0x00000000c5200000|  0%| F|  |TAMS 0x00000000c5100000, 0x00000000c5100000| Untracked 
|  82|0x00000000c5200000, 0x00000000c5200000, 0x00000000c5300000|  0%| F|  |TAMS 0x00000000c5200000, 0x00000000c5200000| Untracked 
|  83|0x00000000c5300000, 0x00000000c5300000, 0x00000000c5400000|  0%| F|  |TAMS 0x00000000c5300000, 0x00000000c5300000| Untracked 
|  84|0x00000000c5400000, 0x00000000c5400000, 0x00000000c5500000|  0%| F|  |TAMS 0x00000000c5400000, 0x00000000c5400000| Untracked 
|  85|0x00000000c5500000, 0x00000000c5500000, 0x00000000c5600000|  0%| F|  |TAMS 0x00000000c5500000, 0x00000000c5500000| Untracked 
|  86|0x00000000c5600000, 0x00000000c5600000, 0x00000000c5700000|  0%| F|  |TAMS 0x00000000c5600000, 0x00000000c5600000| Untracked 
|  87|0x00000000c5700000, 0x00000000c5700000, 0x00000000c5800000|  0%| F|  |TAMS 0x00000000c5700000, 0x00000000c5700000| Untracked 
|  88|0x00000000c5800000, 0x00000000c5800000, 0x00000000c5900000|  0%| F|  |TAMS 0x00000000c5800000, 0x00000000c5800000| Untracked 
|  89|0x00000000c5900000, 0x00000000c5900000, 0x00000000c5a00000|  0%| F|  |TAMS 0x00000000c5900000, 0x00000000c5900000| Untracked 
|  90|0x00000000c5a00000, 0x00000000c5a00000, 0x00000000c5b00000|  0%| F|  |TAMS 0x00000000c5a00000, 0x00000000c5a00000| Untracked 
|  91|0x00000000c5b00000, 0x00000000c5b00000, 0x00000000c5c00000|  0%| F|  |TAMS 0x00000000c5b00000, 0x00000000c5b00000| Untracked 
|  92|0x00000000c5c00000, 0x00000000c5c00000, 0x00000000c5d00000|  0%| F|  |TAMS 0x00000000c5c00000, 0x00000000c5c00000| Untracked 
|  93|0x00000000c5d00000, 0x00000000c5d00000, 0x00000000c5e00000|  0%| F|  |TAMS 0x00000000c5d00000, 0x00000000c5d00000| Untracked 
|  94|0x00000000c5e00000, 0x00000000c5e00000, 0x00000000c5f00000|  0%| F|  |TAMS 0x00000000c5e00000, 0x00000000c5e00000| Untracked 
|  95|0x00000000c5f00000, 0x00000000c5f00000, 0x00000000c6000000|  0%| F|  |TAMS 0x00000000c5f00000, 0x00000000c5f00000| Untracked 
|  96|0x00000000c6000000, 0x00000000c6000000, 0x00000000c6100000|  0%| F|  |TAMS 0x00000000c6000000, 0x00000000c6000000| Untracked 
|  97|0x00000000c6100000, 0x00000000c6100000, 0x00000000c6200000|  0%| F|  |TAMS 0x00000000c6100000, 0x00000000c6100000| Untracked 
|  98|0x00000000c6200000, 0x00000000c6200000, 0x00000000c6300000|  0%| F|  |TAMS 0x00000000c6200000, 0x00000000c6200000| Untracked 
|  99|0x00000000c6300000, 0x00000000c6300000, 0x00000000c6400000|  0%| F|  |TAMS 0x00000000c6300000, 0x00000000c6300000| Untracked 
| 100|0x00000000c6400000, 0x00000000c6400000, 0x00000000c6500000|  0%| F|  |TAMS 0x00000000c6400000, 0x00000000c6400000| Untracked 
| 101|0x00000000c6500000, 0x00000000c6500000, 0x00000000c6600000|  0%| F|  |TAMS 0x00000000c6500000, 0x00000000c6500000| Untracked 
| 102|0x00000000c6600000, 0x00000000c6600000, 0x00000000c6700000|  0%| F|  |TAMS 0x00000000c6600000, 0x00000000c6600000| Untracked 
| 103|0x00000000c6700000, 0x00000000c6700000, 0x00000000c6800000|  0%| F|  |TAMS 0x00000000c6700000, 0x00000000c6700000| Untracked 
| 104|0x00000000c6800000, 0x00000000c6800000, 0x00000000c6900000|  0%| F|  |TAMS 0x00000000c6800000, 0x00000000c6800000| Untracked 
| 105|0x00000000c6900000, 0x00000000c6900000, 0x00000000c6a00000|  0%| F|  |TAMS 0x00000000c6900000, 0x00000000c6900000| Untracked 
| 106|0x00000000c6a00000, 0x00000000c6a00000, 0x00000000c6b00000|  0%| F|  |TAMS 0x00000000c6a00000, 0x00000000c6a00000| Untracked 
| 107|0x00000000c6b00000, 0x00000000c6b00000, 0x00000000c6c00000|  0%| F|  |TAMS 0x00000000c6b00000, 0x00000000c6b00000| Untracked 
| 108|0x00000000c6c00000, 0x00000000c6c00000, 0x00000000c6d00000|  0%| F|  |TAMS 0x00000000c6c00000, 0x00000000c6c00000| Untracked 
| 109|0x00000000c6d00000, 0x00000000c6d00000, 0x00000000c6e00000|  0%| F|  |TAMS 0x00000000c6d00000, 0x00000000c6d00000| Untracked 
| 110|0x00000000c6e00000, 0x00000000c6e00000, 0x00000000c6f00000|  0%| F|  |TAMS 0x00000000c6e00000, 0x00000000c6e00000| Untracked 
| 111|0x00000000c6f00000, 0x00000000c6f00000, 0x00000000c7000000|  0%| F|  |TAMS 0x00000000c6f00000, 0x00000000c6f00000| Untracked 
| 112|0x00000000c7000000, 0x00000000c7000000, 0x00000000c7100000|  0%| F|  |TAMS 0x00000000c7000000, 0x00000000c7000000| Untracked 
| 113|0x00000000c7100000, 0x00000000c7100000, 0x00000000c7200000|  0%| F|  |TAMS 0x00000000c7100000, 0x00000000c7100000| Untracked 
| 114|0x00000000c7200000, 0x00000000c7200000, 0x00000000c7300000|  0%| F|  |TAMS 0x00000000c7200000, 0x00000000c7200000| Untracked 
| 115|0x00000000c7300000, 0x00000000c7300000, 0x00000000c7400000|  0%| F|  |TAMS 0x00000000c7300000, 0x00000000c7300000| Untracked 
| 116|0x00000000c7400000, 0x00000000c7400000, 0x00000000c7500000|  0%| F|  |TAMS 0x00000000c7400000, 0x00000000c7400000| Untracked 
| 117|0x00000000c7500000, 0x00000000c7500000, 0x00000000c7600000|  0%| F|  |TAMS 0x00000000c7500000, 0x00000000c7500000| Untracked 
| 118|0x00000000c7600000, 0x00000000c7600000, 0x00000000c7700000|  0%| F|  |TAMS 0x00000000c7600000, 0x00000000c7600000| Untracked 
| 119|0x00000000c7700000, 0x00000000c7700000, 0x00000000c7800000|  0%| F|  |TAMS 0x00000000c7700000, 0x00000000c7700000| Untracked 
| 120|0x00000000c7800000, 0x00000000c7800000, 0x00000000c7900000|  0%| F|  |TAMS 0x00000000c7800000, 0x00000000c7800000| Untracked 
| 121|0x00000000c7900000, 0x00000000c7900000, 0x00000000c7a00000|  0%| F|  |TAMS 0x00000000c7900000, 0x00000000c7900000| Untracked 
| 122|0x00000000c7a00000, 0x00000000c7a00000, 0x00000000c7b00000|  0%| F|  |TAMS 0x00000000c7a00000, 0x00000000c7a00000| Untracked 
| 123|0x00000000c7b00000, 0x00000000c7b00000, 0x00000000c7c00000|  0%| F|  |TAMS 0x00000000c7b00000, 0x00000000c7b00000| Untracked 
| 124|0x00000000c7c00000, 0x00000000c7c00000, 0x00000000c7d00000|  0%| F|  |TAMS 0x00000000c7c00000, 0x00000000c7c00000| Untracked 
| 125|0x00000000c7d00000, 0x00000000c7e00000, 0x00000000c7e00000|100%| S|CS|TAMS 0x00000000c7d00000, 0x00000000c7d00000| Complete 
| 126|0x00000000c7e00000, 0x00000000c7f00000, 0x00000000c7f00000|100%| S|CS|TAMS 0x00000000c7e00000, 0x00000000c7e00000| Complete 
| 127|0x00000000c7f00000, 0x00000000c8000000, 0x00000000c8000000|100%| S|CS|TAMS 0x00000000c7f00000, 0x00000000c7f00000| Complete 
| 128|0x00000000c8000000, 0x00000000c8100000, 0x00000000c8100000|100%| S|CS|TAMS 0x00000000c8000000, 0x00000000c8000000| Complete 
| 129|0x00000000c8100000, 0x00000000c8200000, 0x00000000c8200000|100%| S|CS|TAMS 0x00000000c8100000, 0x00000000c8100000| Complete 
| 130|0x00000000c8200000, 0x00000000c8300000, 0x00000000c8300000|100%| S|CS|TAMS 0x00000000c8200000, 0x00000000c8200000| Complete 
| 131|0x00000000c8300000, 0x00000000c8400000, 0x00000000c8400000|100%| S|CS|TAMS 0x00000000c8300000, 0x00000000c8300000| Complete 
| 132|0x00000000c8400000, 0x00000000c8400000, 0x00000000c8500000|  0%| F|  |TAMS 0x00000000c8400000, 0x00000000c8400000| Untracked 
| 133|0x00000000c8500000, 0x00000000c8500000, 0x00000000c8600000|  0%| F|  |TAMS 0x00000000c8500000, 0x00000000c8500000| Untracked 
| 134|0x00000000c8600000, 0x00000000c8600000, 0x00000000c8700000|  0%| F|  |TAMS 0x00000000c8600000, 0x00000000c8600000| Untracked 
| 135|0x00000000c8700000, 0x00000000c8700000, 0x00000000c8800000|  0%| F|  |TAMS 0x00000000c8700000, 0x00000000c8700000| Untracked 
| 136|0x00000000c8800000, 0x00000000c8800000, 0x00000000c8900000|  0%| F|  |TAMS 0x00000000c8800000, 0x00000000c8800000| Untracked 
| 137|0x00000000c8900000, 0x00000000c8900000, 0x00000000c8a00000|  0%| F|  |TAMS 0x00000000c8900000, 0x00000000c8900000| Untracked 
| 138|0x00000000c8a00000, 0x00000000c8a00000, 0x00000000c8b00000|  0%| F|  |TAMS 0x00000000c8a00000, 0x00000000c8a00000| Untracked 
| 139|0x00000000c8b00000, 0x00000000c8b00000, 0x00000000c8c00000|  0%| F|  |TAMS 0x00000000c8b00000, 0x00000000c8b00000| Untracked 
| 140|0x00000000c8c00000, 0x00000000c8d00000, 0x00000000c8d00000|100%| S|CS|TAMS 0x00000000c8c00000, 0x00000000c8c00000| Complete 
| 141|0x00000000c8d00000, 0x00000000c8e00000, 0x00000000c8e00000|100%| S|CS|TAMS 0x00000000c8d00000, 0x00000000c8d00000| Complete 
| 142|0x00000000c8e00000, 0x00000000c8f00000, 0x00000000c8f00000|100%| S|CS|TAMS 0x00000000c8e00000, 0x00000000c8e00000| Complete 
| 143|0x00000000c8f00000, 0x00000000c9000000, 0x00000000c9000000|100%| S|CS|TAMS 0x00000000c8f00000, 0x00000000c8f00000| Complete 
| 144|0x00000000c9000000, 0x00000000c9000000, 0x00000000c9100000|  0%| F|  |TAMS 0x00000000c9000000, 0x00000000c9000000| Untracked 
| 145|0x00000000c9100000, 0x00000000c9100000, 0x00000000c9200000|  0%| F|  |TAMS 0x00000000c9100000, 0x00000000c9100000| Untracked 
| 146|0x00000000c9200000, 0x00000000c9200000, 0x00000000c9300000|  0%| F|  |TAMS 0x00000000c9200000, 0x00000000c9200000| Untracked 
| 147|0x00000000c9300000, 0x00000000c9300000, 0x00000000c9400000|  0%| F|  |TAMS 0x00000000c9300000, 0x00000000c9300000| Untracked 
| 148|0x00000000c9400000, 0x00000000c9400000, 0x00000000c9500000|  0%| F|  |TAMS 0x00000000c9400000, 0x00000000c9400000| Untracked 
| 149|0x00000000c9500000, 0x00000000c9500000, 0x00000000c9600000|  0%| F|  |TAMS 0x00000000c9500000, 0x00000000c9500000| Untracked 
| 150|0x00000000c9600000, 0x00000000c9600000, 0x00000000c9700000|  0%| F|  |TAMS 0x00000000c9600000, 0x00000000c9600000| Untracked 
| 151|0x00000000c9700000, 0x00000000c9700000, 0x00000000c9800000|  0%| F|  |TAMS 0x00000000c9700000, 0x00000000c9700000| Untracked 
| 152|0x00000000c9800000, 0x00000000c9800000, 0x00000000c9900000|  0%| F|  |TAMS 0x00000000c9800000, 0x00000000c9800000| Untracked 
| 153|0x00000000c9900000, 0x00000000c9900000, 0x00000000c9a00000|  0%| F|  |TAMS 0x00000000c9900000, 0x00000000c9900000| Untracked 
| 154|0x00000000c9a00000, 0x00000000c9a00000, 0x00000000c9b00000|  0%| F|  |TAMS 0x00000000c9a00000, 0x00000000c9a00000| Untracked 
| 155|0x00000000c9b00000, 0x00000000c9b00000, 0x00000000c9c00000|  0%| F|  |TAMS 0x00000000c9b00000, 0x00000000c9b00000| Untracked 
| 156|0x00000000c9c00000, 0x00000000c9c00000, 0x00000000c9d00000|  0%| F|  |TAMS 0x00000000c9c00000, 0x00000000c9c00000| Untracked 
| 157|0x00000000c9d00000, 0x00000000c9d00000, 0x00000000c9e00000|  0%| F|  |TAMS 0x00000000c9d00000, 0x00000000c9d00000| Untracked 
| 158|0x00000000c9e00000, 0x00000000c9e00000, 0x00000000c9f00000|  0%| F|  |TAMS 0x00000000c9e00000, 0x00000000c9e00000| Untracked 
| 159|0x00000000c9f00000, 0x00000000c9f00000, 0x00000000ca000000|  0%| F|  |TAMS 0x00000000c9f00000, 0x00000000c9f00000| Untracked 
| 160|0x00000000ca000000, 0x00000000ca000000, 0x00000000ca100000|  0%| F|  |TAMS 0x00000000ca000000, 0x00000000ca000000| Untracked 
| 161|0x00000000ca100000, 0x00000000ca100000, 0x00000000ca200000|  0%| F|  |TAMS 0x00000000ca100000, 0x00000000ca100000| Untracked 
| 162|0x00000000ca200000, 0x00000000ca200000, 0x00000000ca300000|  0%| F|  |TAMS 0x00000000ca200000, 0x00000000ca200000| Untracked 
| 163|0x00000000ca300000, 0x00000000ca300000, 0x00000000ca400000|  0%| F|  |TAMS 0x00000000ca300000, 0x00000000ca300000| Untracked 
| 164|0x00000000ca400000, 0x00000000ca400000, 0x00000000ca500000|  0%| F|  |TAMS 0x00000000ca400000, 0x00000000ca400000| Untracked 
| 165|0x00000000ca500000, 0x00000000ca500000, 0x00000000ca600000|  0%| F|  |TAMS 0x00000000ca500000, 0x00000000ca500000| Untracked 
| 166|0x00000000ca600000, 0x00000000ca600000, 0x00000000ca700000|  0%| F|  |TAMS 0x00000000ca600000, 0x00000000ca600000| Untracked 
| 167|0x00000000ca700000, 0x00000000ca700000, 0x00000000ca800000|  0%| F|  |TAMS 0x00000000ca700000, 0x00000000ca700000| Untracked 
| 168|0x00000000ca800000, 0x00000000ca800000, 0x00000000ca900000|  0%| F|  |TAMS 0x00000000ca800000, 0x00000000ca800000| Untracked 
| 169|0x00000000ca900000, 0x00000000ca900000, 0x00000000caa00000|  0%| F|  |TAMS 0x00000000ca900000, 0x00000000ca900000| Untracked 
| 170|0x00000000caa00000, 0x00000000caa00000, 0x00000000cab00000|  0%| F|  |TAMS 0x00000000caa00000, 0x00000000caa00000| Untracked 
| 171|0x00000000cab00000, 0x00000000cab00000, 0x00000000cac00000|  0%| F|  |TAMS 0x00000000cab00000, 0x00000000cab00000| Untracked 
| 172|0x00000000cac00000, 0x00000000cac00000, 0x00000000cad00000|  0%| F|  |TAMS 0x00000000cac00000, 0x00000000cac00000| Untracked 
| 173|0x00000000cad00000, 0x00000000cad00000, 0x00000000cae00000|  0%| F|  |TAMS 0x00000000cad00000, 0x00000000cad00000| Untracked 
| 174|0x00000000cae00000, 0x00000000cae00000, 0x00000000caf00000|  0%| F|  |TAMS 0x00000000cae00000, 0x00000000cae00000| Untracked 
| 175|0x00000000caf00000, 0x00000000caf00000, 0x00000000cb000000|  0%| F|  |TAMS 0x00000000caf00000, 0x00000000caf00000| Untracked 
| 176|0x00000000cb000000, 0x00000000cb000000, 0x00000000cb100000|  0%| F|  |TAMS 0x00000000cb000000, 0x00000000cb000000| Untracked 
| 177|0x00000000cb100000, 0x00000000cb100000, 0x00000000cb200000|  0%| F|  |TAMS 0x00000000cb100000, 0x00000000cb100000| Untracked 
| 178|0x00000000cb200000, 0x00000000cb200000, 0x00000000cb300000|  0%| F|  |TAMS 0x00000000cb200000, 0x00000000cb200000| Untracked 
| 179|0x00000000cb300000, 0x00000000cb300000, 0x00000000cb400000|  0%| F|  |TAMS 0x00000000cb300000, 0x00000000cb300000| Untracked 
| 180|0x00000000cb400000, 0x00000000cb400000, 0x00000000cb500000|  0%| F|  |TAMS 0x00000000cb400000, 0x00000000cb400000| Untracked 
| 181|0x00000000cb500000, 0x00000000cb500000, 0x00000000cb600000|  0%| F|  |TAMS 0x00000000cb500000, 0x00000000cb500000| Untracked 
| 182|0x00000000cb600000, 0x00000000cb600000, 0x00000000cb700000|  0%| F|  |TAMS 0x00000000cb600000, 0x00000000cb600000| Untracked 
| 183|0x00000000cb700000, 0x00000000cb700000, 0x00000000cb800000|  0%| F|  |TAMS 0x00000000cb700000, 0x00000000cb700000| Untracked 
| 184|0x00000000cb800000, 0x00000000cb800000, 0x00000000cb900000|  0%| F|  |TAMS 0x00000000cb800000, 0x00000000cb800000| Untracked 
| 185|0x00000000cb900000, 0x00000000cb900000, 0x00000000cba00000|  0%| F|  |TAMS 0x00000000cb900000, 0x00000000cb900000| Untracked 
| 186|0x00000000cba00000, 0x00000000cba00000, 0x00000000cbb00000|  0%| F|  |TAMS 0x00000000cba00000, 0x00000000cba00000| Untracked 
| 187|0x00000000cbb00000, 0x00000000cbb00000, 0x00000000cbc00000|  0%| F|  |TAMS 0x00000000cbb00000, 0x00000000cbb00000| Untracked 
| 188|0x00000000cbc00000, 0x00000000cbc00000, 0x00000000cbd00000|  0%| F|  |TAMS 0x00000000cbc00000, 0x00000000cbc00000| Untracked 
| 189|0x00000000cbd00000, 0x00000000cbd00000, 0x00000000cbe00000|  0%| F|  |TAMS 0x00000000cbd00000, 0x00000000cbd00000| Untracked 
| 190|0x00000000cbe00000, 0x00000000cbe00000, 0x00000000cbf00000|  0%| F|  |TAMS 0x00000000cbe00000, 0x00000000cbe00000| Untracked 
| 191|0x00000000cbf00000, 0x00000000cbf00000, 0x00000000cc000000|  0%| F|  |TAMS 0x00000000cbf00000, 0x00000000cbf00000| Untracked 
| 192|0x00000000cc000000, 0x00000000cc000000, 0x00000000cc100000|  0%| F|  |TAMS 0x00000000cc000000, 0x00000000cc000000| Untracked 
| 193|0x00000000cc100000, 0x00000000cc100000, 0x00000000cc200000|  0%| F|  |TAMS 0x00000000cc100000, 0x00000000cc100000| Untracked 
| 194|0x00000000cc200000, 0x00000000cc200000, 0x00000000cc300000|  0%| F|  |TAMS 0x00000000cc200000, 0x00000000cc200000| Untracked 
| 195|0x00000000cc300000, 0x00000000cc300000, 0x00000000cc400000|  0%| F|  |TAMS 0x00000000cc300000, 0x00000000cc300000| Untracked 
| 196|0x00000000cc400000, 0x00000000cc400000, 0x00000000cc500000|  0%| F|  |TAMS 0x00000000cc400000, 0x00000000cc400000| Untracked 
| 197|0x00000000cc500000, 0x00000000cc500000, 0x00000000cc600000|  0%| F|  |TAMS 0x00000000cc500000, 0x00000000cc500000| Untracked 
| 198|0x00000000cc600000, 0x00000000cc600000, 0x00000000cc700000|  0%| F|  |TAMS 0x00000000cc600000, 0x00000000cc600000| Untracked 
| 199|0x00000000cc700000, 0x00000000cc700000, 0x00000000cc800000|  0%| F|  |TAMS 0x00000000cc700000, 0x00000000cc700000| Untracked 
| 200|0x00000000cc800000, 0x00000000cc800000, 0x00000000cc900000|  0%| F|  |TAMS 0x00000000cc800000, 0x00000000cc800000| Untracked 
| 201|0x00000000cc900000, 0x00000000cc900000, 0x00000000cca00000|  0%| F|  |TAMS 0x00000000cc900000, 0x00000000cc900000| Untracked 
| 202|0x00000000cca00000, 0x00000000cca00000, 0x00000000ccb00000|  0%| F|  |TAMS 0x00000000cca00000, 0x00000000cca00000| Untracked 
| 203|0x00000000ccb00000, 0x00000000ccb00000, 0x00000000ccc00000|  0%| F|  |TAMS 0x00000000ccb00000, 0x00000000ccb00000| Untracked 
| 204|0x00000000ccc00000, 0x00000000ccc00000, 0x00000000ccd00000|  0%| F|  |TAMS 0x00000000ccc00000, 0x00000000ccc00000| Untracked 
| 205|0x00000000ccd00000, 0x00000000ccd00000, 0x00000000cce00000|  0%| F|  |TAMS 0x00000000ccd00000, 0x00000000ccd00000| Untracked 
| 206|0x00000000cce00000, 0x00000000cce00000, 0x00000000ccf00000|  0%| F|  |TAMS 0x00000000cce00000, 0x00000000cce00000| Untracked 
| 207|0x00000000ccf00000, 0x00000000ccf00000, 0x00000000cd000000|  0%| F|  |TAMS 0x00000000ccf00000, 0x00000000ccf00000| Untracked 
| 208|0x00000000cd000000, 0x00000000cd000000, 0x00000000cd100000|  0%| F|  |TAMS 0x00000000cd000000, 0x00000000cd000000| Untracked 
| 209|0x00000000cd100000, 0x00000000cd100000, 0x00000000cd200000|  0%| F|  |TAMS 0x00000000cd100000, 0x00000000cd100000| Untracked 
| 210|0x00000000cd200000, 0x00000000cd200000, 0x00000000cd300000|  0%| F|  |TAMS 0x00000000cd200000, 0x00000000cd200000| Untracked 
| 211|0x00000000cd300000, 0x00000000cd300000, 0x00000000cd400000|  0%| F|  |TAMS 0x00000000cd300000, 0x00000000cd300000| Untracked 
| 212|0x00000000cd400000, 0x00000000cd400000, 0x00000000cd500000|  0%| F|  |TAMS 0x00000000cd400000, 0x00000000cd400000| Untracked 
| 213|0x00000000cd500000, 0x00000000cd500000, 0x00000000cd600000|  0%| F|  |TAMS 0x00000000cd500000, 0x00000000cd500000| Untracked 
| 214|0x00000000cd600000, 0x00000000cd600000, 0x00000000cd700000|  0%| F|  |TAMS 0x00000000cd600000, 0x00000000cd600000| Untracked 
| 215|0x00000000cd700000, 0x00000000cd700000, 0x00000000cd800000|  0%| F|  |TAMS 0x00000000cd700000, 0x00000000cd700000| Untracked 
| 216|0x00000000cd800000, 0x00000000cd800000, 0x00000000cd900000|  0%| F|  |TAMS 0x00000000cd800000, 0x00000000cd800000| Untracked 
| 217|0x00000000cd900000, 0x00000000cd900000, 0x00000000cda00000|  0%| F|  |TAMS 0x00000000cd900000, 0x00000000cd900000| Untracked 
| 218|0x00000000cda00000, 0x00000000cda00000, 0x00000000cdb00000|  0%| F|  |TAMS 0x00000000cda00000, 0x00000000cda00000| Untracked 
| 219|0x00000000cdb00000, 0x00000000cdb00000, 0x00000000cdc00000|  0%| F|  |TAMS 0x00000000cdb00000, 0x00000000cdb00000| Untracked 
| 220|0x00000000cdc00000, 0x00000000cdc00000, 0x00000000cdd00000|  0%| F|  |TAMS 0x00000000cdc00000, 0x00000000cdc00000| Untracked 
| 221|0x00000000cdd00000, 0x00000000cdd00000, 0x00000000cde00000|  0%| F|  |TAMS 0x00000000cdd00000, 0x00000000cdd00000| Untracked 
| 222|0x00000000cde00000, 0x00000000cde00000, 0x00000000cdf00000|  0%| F|  |TAMS 0x00000000cde00000, 0x00000000cde00000| Untracked 
| 223|0x00000000cdf00000, 0x00000000cdf00000, 0x00000000ce000000|  0%| F|  |TAMS 0x00000000cdf00000, 0x00000000cdf00000| Untracked 
| 224|0x00000000ce000000, 0x00000000ce000000, 0x00000000ce100000|  0%| F|  |TAMS 0x00000000ce000000, 0x00000000ce000000| Untracked 
| 225|0x00000000ce100000, 0x00000000ce100000, 0x00000000ce200000|  0%| F|  |TAMS 0x00000000ce100000, 0x00000000ce100000| Untracked 
| 226|0x00000000ce200000, 0x00000000ce200000, 0x00000000ce300000|  0%| F|  |TAMS 0x00000000ce200000, 0x00000000ce200000| Untracked 
| 227|0x00000000ce300000, 0x00000000ce300000, 0x00000000ce400000|  0%| F|  |TAMS 0x00000000ce300000, 0x00000000ce300000| Untracked 
| 228|0x00000000ce400000, 0x00000000ce400000, 0x00000000ce500000|  0%| F|  |TAMS 0x00000000ce400000, 0x00000000ce400000| Untracked 
| 229|0x00000000ce500000, 0x00000000ce500000, 0x00000000ce600000|  0%| F|  |TAMS 0x00000000ce500000, 0x00000000ce500000| Untracked 
| 230|0x00000000ce600000, 0x00000000ce600000, 0x00000000ce700000|  0%| F|  |TAMS 0x00000000ce600000, 0x00000000ce600000| Untracked 
| 231|0x00000000ce700000, 0x00000000ce700000, 0x00000000ce800000|  0%| F|  |TAMS 0x00000000ce700000, 0x00000000ce700000| Untracked 
| 232|0x00000000ce800000, 0x00000000ce800000, 0x00000000ce900000|  0%| F|  |TAMS 0x00000000ce800000, 0x00000000ce800000| Untracked 
| 233|0x00000000ce900000, 0x00000000ce900000, 0x00000000cea00000|  0%| F|  |TAMS 0x00000000ce900000, 0x00000000ce900000| Untracked 
| 234|0x00000000cea00000, 0x00000000cea00000, 0x00000000ceb00000|  0%| F|  |TAMS 0x00000000cea00000, 0x00000000cea00000| Untracked 
| 235|0x00000000ceb00000, 0x00000000ceb00000, 0x00000000cec00000|  0%| F|  |TAMS 0x00000000ceb00000, 0x00000000ceb00000| Untracked 
| 236|0x00000000cec00000, 0x00000000cec00000, 0x00000000ced00000|  0%| F|  |TAMS 0x00000000cec00000, 0x00000000cec00000| Untracked 
| 237|0x00000000ced00000, 0x00000000ced00000, 0x00000000cee00000|  0%| F|  |TAMS 0x00000000ced00000, 0x00000000ced00000| Untracked 
| 238|0x00000000cee00000, 0x00000000cee00000, 0x00000000cef00000|  0%| F|  |TAMS 0x00000000cee00000, 0x00000000cee00000| Untracked 
| 239|0x00000000cef00000, 0x00000000cef00000, 0x00000000cf000000|  0%| F|  |TAMS 0x00000000cef00000, 0x00000000cef00000| Untracked 
| 240|0x00000000cf000000, 0x00000000cf000000, 0x00000000cf100000|  0%| F|  |TAMS 0x00000000cf000000, 0x00000000cf000000| Untracked 
| 241|0x00000000cf100000, 0x00000000cf100000, 0x00000000cf200000|  0%| F|  |TAMS 0x00000000cf100000, 0x00000000cf100000| Untracked 
| 242|0x00000000cf200000, 0x00000000cf200000, 0x00000000cf300000|  0%| F|  |TAMS 0x00000000cf200000, 0x00000000cf200000| Untracked 
| 243|0x00000000cf300000, 0x00000000cf300000, 0x00000000cf400000|  0%| F|  |TAMS 0x00000000cf300000, 0x00000000cf300000| Untracked 
| 244|0x00000000cf400000, 0x00000000cf400000, 0x00000000cf500000|  0%| F|  |TAMS 0x00000000cf400000, 0x00000000cf400000| Untracked 

Card table byte_map: [0x000001f81d7b0000,0x000001f81d9b0000] _byte_map_base: 0x000001f81d1b0000

Marking Bits (Prev, Next): (CMBitMap*) 0x000001f817856a90, (CMBitMap*) 0x000001f817856ad0
 Prev Bits: [0x000001f81dbb0000, 0x000001f81ebb0000)
 Next Bits: [0x000001f81ebb0000, 0x000001f81fbb0000)

Polling page: 0x000001f8157e0000

Metaspace:

Usage:
  Non-class:     33.29 MB used.
      Class:      5.04 MB used.
       Both:     38.33 MB used.

Virtual space:
  Non-class space:       64.00 MB reserved,      33.50 MB ( 52%) committed,  1 nodes.
      Class space:        1.00 GB reserved,       5.19 MB ( <1%) committed,  1 nodes.
             Both:        1.06 GB reserved,      38.69 MB (  4%) committed. 

Chunk freelists:
   Non-Class:  13.91 MB
       Class:  10.70 MB
        Both:  24.61 MB

MaxMetaspaceSize: unlimited
CompressedClassSpaceSize: 1.00 GB
Initial GC threshold: 21.00 MB
Current GC threshold: 64.19 MB
CDS: off
MetaspaceReclaimPolicy: balanced
 - commit_granule_bytes: 65536.
 - commit_granule_words: 8192.
 - virtual_space_node_default_size: 8388608.
 - enlarge_chunks_in_place: 1.
 - new_chunks_are_fully_committed: 0.
 - uncommit_free_chunks: 1.
 - use_allocation_guard: 0.
 - handle_deallocations: 1.


Internal statistics:

num_allocs_failed_limit: 8.
num_arena_births: 498.
num_arena_deaths: 0.
num_vsnodes_births: 2.
num_vsnodes_deaths: 0.
num_space_committed: 619.
num_space_uncommitted: 0.
num_chunks_returned_to_freelist: 8.
num_chunks_taken_from_freelist: 1699.
num_chunk_merges: 8.
num_chunk_splits: 1144.
num_chunks_enlarged: 846.
num_inconsistent_stats: 0.

CodeCache: size=49152Kb used=9491Kb max_used=9491Kb free=39660Kb
 bounds [0x000001f81a490000, 0x000001f81ade0000, 0x000001f81d490000]
 total_blobs=4570 nmethods=4023 adapters=471
 compilation: enabled
              stopped_count=0, restarted_count=0
 full_count=0

Compilation events (20 events):
Event: 3.707 Thread 0x000001f827b70060 nmethod 4014 0x000001f81adcec90 code [0x000001f81adcee80, 0x000001f81adcf218]
Event: 3.707 Thread 0x000001f827b70060 4016       1       jdk.internal.jimage.ImageReader::findLocation (14 bytes)
Event: 3.707 Thread 0x000001f827b70060 nmethod 4016 0x000001f81adcf410 code [0x000001f81adcf5c0, 0x000001f81adcf758]
Event: 3.707 Thread 0x000001f8229a27e0 nmethod 4020 0x000001f81adcf890 code [0x000001f81adcfa40, 0x000001f81adcfcf8]
Event: 3.707 Thread 0x000001f827b70060 4008       1       jdk.internal.module.SystemModuleFinders$SystemModuleReader$$Lambda$206/0x00000001001d2e60::apply (12 bytes)
Event: 3.707 Thread 0x000001f8229a27e0 4009   !   1       jdk.internal.module.SystemModuleFinders$SystemModuleReader::toInputStream (43 bytes)
Event: 3.707 Thread 0x000001f822670090 nmethod 4007 0x000001f81adcfe10 code [0x000001f81adcffe0, 0x000001f81add02d8]
Event: 3.707 Thread 0x000001f827b70060 nmethod 4008 0x000001f81add0490 code [0x000001f81add0620, 0x000001f81add0748]
Event: 3.707 Thread 0x000001f822670090 4012       1       jdk.internal.jimage.BasicImageReader::findLocation (57 bytes)
Event: 3.707 Thread 0x000001f827b70060 4002       1       jdk.internal.jimage.ImageLocation::verify (38 bytes)
Event: 3.707 Thread 0x000001f8229af4b0 nmethod 4019 0x000001f81add0810 code [0x000001f81add0a20, 0x000001f81add0fe8]
Event: 3.708 Thread 0x000001f827b70060 nmethod 4002 0x000001f81add1310 code [0x000001f81add14c0, 0x000001f81add1748]
Event: 3.708 Thread 0x000001f8229a27e0 nmethod 4009 0x000001f81add1910 code [0x000001f81add1b00, 0x000001f81add2028]
Event: 3.708 Thread 0x000001f822670090 nmethod 4012 0x000001f81add2310 code [0x000001f81add2520, 0x000001f81add2a48]
Event: 3.722 Thread 0x000001f822670090 4021  s!   1       jdk.internal.loader.URLClassPath::getLoader (196 bytes)
Event: 3.723 Thread 0x000001f822670090 nmethod 4021 0x000001f81add3010 code [0x000001f81add32c0, 0x000001f81add3de8]
Event: 3.770 Thread 0x000001f822670090 4022       1       java.util.concurrent.ConcurrentHashMap::resizeStamp (9 bytes)
Event: 3.770 Thread 0x000001f827b70060 4023       1       java.util.concurrent.ConcurrentHashMap::helpTransfer (123 bytes)
Event: 3.771 Thread 0x000001f827b70060 nmethod 4023 0x000001f81add4710 code [0x000001f81add48c0, 0x000001f81add4b38]
Event: 3.771 Thread 0x000001f822670090 nmethod 4022 0x000001f81add4c90 code [0x000001f81add4e20, 0x000001f81add4ee8]

GC Heap History (20 events):
Event: 3.173 GC heap after
{Heap after GC invocations=12 (full 0):
 garbage-first heap   total 70656K, used 35941K [0x00000000c0000000, 0x0000000100000000)
  region size 1024K, 3 young (3072K), 3 survivors (3072K)
 Metaspace       used 38955K, committed 39424K, reserved 1114112K
  class space    used 5117K, committed 5312K, reserved 1048576K
}
Event: 3.221 GC heap before
{Heap before GC invocations=12 (full 0):
 garbage-first heap   total 70656K, used 53349K [0x00000000c0000000, 0x0000000100000000)
  region size 1024K, 20 young (20480K), 3 survivors (3072K)
 Metaspace       used 39041K, committed 39424K, reserved 1114112K
  class space    used 5133K, committed 5312K, reserved 1048576K
}
Event: 3.225 GC heap after
{Heap after GC invocations=13 (full 0):
 garbage-first heap   total 105472K, used 39484K [0x00000000c0000000, 0x0000000100000000)
  region size 1024K, 3 young (3072K), 3 survivors (3072K)
 Metaspace       used 39041K, committed 39424K, reserved 1114112K
  class space    used 5133K, committed 5312K, reserved 1048576K
}
Event: 3.323 GC heap before
{Heap before GC invocations=14 (full 0):
 garbage-first heap   total 105472K, used 75324K [0x00000000c0000000, 0x0000000100000000)
  region size 1024K, 38 young (38912K), 3 survivors (3072K)
 Metaspace       used 39044K, committed 39424K, reserved 1114112K
  class space    used 5134K, committed 5312K, reserved 1048576K
}
Event: 3.330 GC heap after
{Heap after GC invocations=15 (full 0):
 garbage-first heap   total 105472K, used 46353K [0x00000000c0000000, 0x0000000100000000)
  region size 1024K, 5 young (5120K), 5 survivors (5120K)
 Metaspace       used 39044K, committed 39424K, reserved 1114112K
  class space    used 5134K, committed 5312K, reserved 1048576K
}
Event: 3.379 GC heap before
{Heap before GC invocations=15 (full 0):
 garbage-first heap   total 105472K, used 77073K [0x00000000c0000000, 0x0000000100000000)
  region size 1024K, 35 young (35840K), 5 survivors (5120K)
 Metaspace       used 39044K, committed 39424K, reserved 1114112K
  class space    used 5134K, committed 5312K, reserved 1048576K
}
Event: 3.388 GC heap after
{Heap after GC invocations=16 (full 0):
 garbage-first heap   total 105472K, used 55944K [0x00000000c0000000, 0x0000000100000000)
  region size 1024K, 5 young (5120K), 5 survivors (5120K)
 Metaspace       used 39044K, committed 39424K, reserved 1114112K
  class space    used 5134K, committed 5312K, reserved 1048576K
}
Event: 3.551 GC heap before
{Heap before GC invocations=16 (full 0):
 garbage-first heap   total 105472K, used 72328K [0x00000000c0000000, 0x0000000100000000)
  region size 1024K, 23 young (23552K), 5 survivors (5120K)
 Metaspace       used 39044K, committed 39424K, reserved 1114112K
  class space    used 5134K, committed 5312K, reserved 1048576K
}
Event: 3.558 GC heap after
{Heap after GC invocations=17 (full 0):
 garbage-first heap   total 105472K, used 61298K [0x00000000c0000000, 0x0000000100000000)
  region size 1024K, 4 young (4096K), 4 survivors (4096K)
 Metaspace       used 39044K, committed 39424K, reserved 1114112K
  class space    used 5134K, committed 5312K, reserved 1048576K
}
Event: 3.619 GC heap before
{Heap before GC invocations=17 (full 0):
 garbage-first heap   total 132096K, used 80754K [0x00000000c0000000, 0x0000000100000000)
  region size 1024K, 22 young (22528K), 4 survivors (4096K)
 Metaspace       used 39045K, committed 39424K, reserved 1114112K
  class space    used 5134K, committed 5312K, reserved 1048576K
}
Event: 3.628 GC heap after
{Heap after GC invocations=18 (full 0):
 garbage-first heap   total 132096K, used 72960K [0x00000000c0000000, 0x0000000100000000)
  region size 1024K, 3 young (3072K), 3 survivors (3072K)
 Metaspace       used 39045K, committed 39424K, reserved 1114112K
  class space    used 5134K, committed 5312K, reserved 1048576K
}
Event: 3.673 GC heap before
{Heap before GC invocations=19 (full 0):
 garbage-first heap   total 132096K, used 95488K [0x00000000c0000000, 0x0000000100000000)
  region size 1024K, 26 young (26624K), 3 survivors (3072K)
 Metaspace       used 39134K, committed 39552K, reserved 1114112K
  class space    used 5144K, committed 5312K, reserved 1048576K
}
Event: 3.693 GC heap after
{Heap after GC invocations=20 (full 0):
 garbage-first heap   total 250880K, used 80408K [0x00000000c0000000, 0x0000000100000000)
  region size 1024K, 4 young (4096K), 4 survivors (4096K)
 Metaspace       used 39134K, committed 39552K, reserved 1114112K
  class space    used 5144K, committed 5312K, reserved 1048576K
}
Event: 3.703 GC heap before
{Heap before GC invocations=20 (full 0):
 garbage-first heap   total 250880K, used 87576K [0x00000000c0000000, 0x0000000100000000)
  region size 1024K, 12 young (12288K), 4 survivors (4096K)
 Metaspace       used 39134K, committed 39552K, reserved 1114112K
  class space    used 5144K, committed 5312K, reserved 1048576K
}
Event: 3.706 GC heap after
{Heap after GC invocations=21 (full 0):
 garbage-first heap   total 250880K, used 81354K [0x00000000c0000000, 0x0000000100000000)
  region size 1024K, 1 young (1024K), 1 survivors (1024K)
 Metaspace       used 39134K, committed 39552K, reserved 1114112K
  class space    used 5144K, committed 5312K, reserved 1048576K
}
Event: 3.744 GC heap before
{Heap before GC invocations=21 (full 0):
 garbage-first heap   total 250880K, used 155082K [0x00000000c0000000, 0x0000000100000000)
  region size 1024K, 74 young (75776K), 1 survivors (1024K)
 Metaspace       used 39245K, committed 39616K, reserved 1114112K
  class space    used 5158K, committed 5312K, reserved 1048576K
}
Event: 3.747 GC heap after
{Heap after GC invocations=22 (full 0):
 garbage-first heap   total 250880K, used 83904K [0x00000000c0000000, 0x0000000100000000)
  region size 1024K, 4 young (4096K), 4 survivors (4096K)
 Metaspace       used 39245K, committed 39616K, reserved 1114112K
  class space    used 5158K, committed 5312K, reserved 1048576K
}
Event: 3.786 GC heap before
{Heap before GC invocations=22 (full 0):
 garbage-first heap   total 250880K, used 186304K [0x00000000c0000000, 0x0000000100000000)
  region size 1024K, 105 young (107520K), 4 survivors (4096K)
 Metaspace       used 39245K, committed 39616K, reserved 1114112K
  class space    used 5158K, committed 5312K, reserved 1048576K
}
Event: 3.791 GC heap after
{Heap after GC invocations=23 (full 0):
 garbage-first heap   total 250880K, used 87947K [0x00000000c0000000, 0x0000000100000000)
  region size 1024K, 8 young (8192K), 8 survivors (8192K)
 Metaspace       used 39245K, committed 39616K, reserved 1114112K
  class space    used 5158K, committed 5312K, reserved 1048576K
}
Event: 3.821 GC heap before
{Heap before GC invocations=23 (full 0):
 garbage-first heap   total 250880K, used 190347K [0x00000000c0000000, 0x0000000100000000)
  region size 1024K, 109 young (111616K), 8 survivors (8192K)
 Metaspace       used 39245K, committed 39616K, reserved 1114112K
  class space    used 5158K, committed 5312K, reserved 1048576K
}

Dll operation events (7 events):
Event: 0.008 Loaded shared library c:\Users\final\.vscode\extensions\redhat.java-1.21.0-win32-x64\jre\17.0.7-win32-x86_64\bin\java.dll
Event: 0.213 Loaded shared library C:\Users\final\.vscode\extensions\redhat.java-1.21.0-win32-x64\jre\17.0.7-win32-x86_64\bin\net.dll
Event: 0.214 Loaded shared library C:\Users\final\.vscode\extensions\redhat.java-1.21.0-win32-x64\jre\17.0.7-win32-x86_64\bin\nio.dll
Event: 0.222 Loaded shared library C:\Users\final\.vscode\extensions\redhat.java-1.21.0-win32-x64\jre\17.0.7-win32-x86_64\bin\zip.dll
Event: 0.420 Loaded shared library C:\Users\final\.vscode\extensions\redhat.java-1.21.0-win32-x64\jre\17.0.7-win32-x86_64\bin\jimage.dll
Event: 2.676 Loaded shared library C:\Users\final\.vscode\extensions\redhat.java-1.21.0-win32-x64\jre\17.0.7-win32-x86_64\bin\management.dll
Event: 2.681 Loaded shared library C:\Users\final\.vscode\extensions\redhat.java-1.21.0-win32-x64\jre\17.0.7-win32-x86_64\bin\management_ext.dll

Deoptimization events (10 events):
Event: 1.524 Thread 0x000001f81781a160 DEOPT PACKING pc=0x000001f81aa89899 sp=0x000000321eefd320
Event: 1.524 Thread 0x000001f81781a160 DEOPT UNPACKING pc=0x000001f81a4e7143 sp=0x000000321eefc800 mode 3
Event: 2.895 Thread 0x000001f8284507a0 DEOPT PACKING pc=0x000001f81ac69fb5 sp=0x00000032210fd0f0
Event: 2.895 Thread 0x000001f8284507a0 DEOPT UNPACKING pc=0x000001f81a4e7143 sp=0x00000032210fc618 mode 3
Event: 2.926 Thread 0x000001f828411250 DEOPT PACKING pc=0x000001f81aa2f081 sp=0x0000003220ffdb20
Event: 2.926 Thread 0x000001f828411250 DEOPT UNPACKING pc=0x000001f81a4e7143 sp=0x0000003220ffcfb0 mode 3
Event: 2.929 Thread 0x000001f8284507a0 DEOPT PACKING pc=0x000001f81aa0ae97 sp=0x00000032210fed90
Event: 2.929 Thread 0x000001f8284507a0 DEOPT UNPACKING pc=0x000001f81a4e7143 sp=0x00000032210fe1e8 mode 3
Event: 2.995 Thread 0x000001f8282b4880 DEOPT PACKING pc=0x000001f81ac8822b sp=0x00000032212fe440
Event: 2.995 Thread 0x000001f8282b4880 DEOPT UNPACKING pc=0x000001f81a4e7143 sp=0x00000032212fd988 mode 3

Classes unloaded (0 events):
No events

Classes redefined (0 events):
No events

Internal exceptions (20 events):
Event: 3.026 Thread 0x000001f8282b3540 Exception <a 'sun/nio/fs/WindowsException'{0x00000000c33af0f8}> (0x00000000c33af0f8) 
thrown [s\src\hotspot\share\prims\jni.cpp, line 516]
Event: 3.026 Thread 0x000001f8282b3540 Exception <a 'sun/nio/fs/WindowsException'{0x00000000c33af4b0}> (0x00000000c33af4b0) 
thrown [s\src\hotspot\share\prims\jni.cpp, line 516]
Event: 3.026 Thread 0x000001f8282b3540 Exception <a 'sun/nio/fs/WindowsException'{0x00000000c33afe98}> (0x00000000c33afe98) 
thrown [s\src\hotspot\share\prims\jni.cpp, line 516]
Event: 3.026 Thread 0x000001f8282b3540 Exception <a 'sun/nio/fs/WindowsException'{0x00000000c33b0240}> (0x00000000c33b0240) 
thrown [s\src\hotspot\share\prims\jni.cpp, line 516]
Event: 3.027 Thread 0x000001f8282b3540 Exception <a 'sun/nio/fs/WindowsException'{0x00000000c33b0c38}> (0x00000000c33b0c38) 
thrown [s\src\hotspot\share\prims\jni.cpp, line 516]
Event: 3.027 Thread 0x000001f828411250 Exception <a 'java/lang/NoSuchMethodError'{0x00000000c3121cd8}: 'int java.lang.invoke.DirectMethodHandle$Holder.invokeStatic(java.lang.Object)'> (0x00000000c3121cd8) 
thrown [s\src\hotspot\share\interpreter\linkResolver.cpp, line 759]
Event: 3.027 Thread 0x000001f8282b3540 Exception <a 'sun/nio/fs/WindowsException'{0x00000000c33b0ff0}> (0x00000000c33b0ff0) 
thrown [s\src\hotspot\share\prims\jni.cpp, line 516]
Event: 3.027 Thread 0x000001f8282b3540 Exception <a 'sun/nio/fs/WindowsException'{0x00000000c33b1a00}> (0x00000000c33b1a00) 
thrown [s\src\hotspot\share\prims\jni.cpp, line 516]
Event: 3.027 Thread 0x000001f8282b3540 Exception <a 'sun/nio/fs/WindowsException'{0x00000000c33b1dd8}> (0x00000000c33b1dd8) 
thrown [s\src\hotspot\share\prims\jni.cpp, line 516]
Event: 3.027 Thread 0x000001f8282b3540 Exception <a 'sun/nio/fs/WindowsException'{0x00000000c33b2800}> (0x00000000c33b2800) 
thrown [s\src\hotspot\share\prims\jni.cpp, line 516]
Event: 3.027 Thread 0x000001f828411250 Exception <a 'java/lang/NoSuchMethodError'{0x00000000c3125380}: 'int java.lang.invoke.DirectMethodHandle$Holder.invokeStaticInit(java.lang.Object)'> (0x00000000c3125380) 
thrown [s\src\hotspot\share\interpreter\linkResolver.cpp, line 759]
Event: 3.027 Thread 0x000001f8282b3540 Exception <a 'sun/nio/fs/WindowsException'{0x00000000c33b2bf0}> (0x00000000c33b2bf0) 
thrown [s\src\hotspot\share\prims\jni.cpp, line 516]
Event: 3.027 Thread 0x000001f8282b3540 Exception <a 'sun/nio/fs/WindowsException'{0x00000000c33b3610}> (0x00000000c33b3610) 
thrown [s\src\hotspot\share\prims\jni.cpp, line 516]
Event: 3.027 Thread 0x000001f8282b3540 Exception <a 'sun/nio/fs/WindowsException'{0x00000000c33b39f8}> (0x00000000c33b39f8) 
thrown [s\src\hotspot\share\prims\jni.cpp, line 516]
Event: 3.173 Thread 0x000001f8285cea00 Exception <a 'sun/nio/fs/WindowsException'{0x00000000c7b221a0}> (0x00000000c7b221a0) 
thrown [s\src\hotspot\share\prims\jni.cpp, line 516]
Event: 3.174 Thread 0x000001f8285cf3a0 Exception <a 'sun/nio/fs/WindowsException'{0x00000000c7b0ae80}> (0x00000000c7b0ae80) 
thrown [s\src\hotspot\share\prims\jni.cpp, line 516]
Event: 3.175 Thread 0x000001f8285cea00 Exception <a 'sun/nio/fs/WindowsException'{0x00000000c7b24998}> (0x00000000c7b24998) 
thrown [s\src\hotspot\share\prims\jni.cpp, line 516]
Event: 3.176 Thread 0x000001f8282b3070 Exception <a 'sun/nio/fs/WindowsException'{0x00000000c62c9948}> (0x00000000c62c9948) 
thrown [s\src\hotspot\share\prims\jni.cpp, line 516]
Event: 3.176 Thread 0x000001f8282b3540 Exception <a 'sun/nio/fs/WindowsException'{0x00000000c5c4bcd0}> (0x00000000c5c4bcd0) 
thrown [s\src\hotspot\share\prims\jni.cpp, line 516]
Event: 3.176 Thread 0x000001f8282b3ee0 Exception <a 'sun/nio/fs/WindowsException'{0x00000000c7b31e48}> (0x00000000c7b31e48) 
thrown [s\src\hotspot\share\prims\jni.cpp, line 516]

VM Operations (20 events):
Event: 3.673 Executing VM operation: G1CollectForAllocation done
Event: 3.673 Executing VM operation: G1CollectForAllocation
Event: 3.693 Executing VM operation: G1CollectForAllocation done
Event: 3.702 Executing VM operation: G1CollectForAllocation
Event: 3.702 Executing VM operation: G1CollectForAllocation done
Event: 3.702 Executing VM operation: G1CollectForAllocation
Event: 3.706 Executing VM operation: G1CollectForAllocation done
Event: 3.718 Executing VM operation: HandshakeAllThreads
Event: 3.718 Executing VM operation: HandshakeAllThreads done
Event: 3.744 Executing VM operation: G1CollectForAllocation
Event: 3.744 Executing VM operation: G1CollectForAllocation done
Event: 3.744 Executing VM operation: G1CollectForAllocation
Event: 3.747 Executing VM operation: G1CollectForAllocation done
Event: 3.786 Executing VM operation: G1CollectForAllocation
Event: 3.786 Executing VM operation: G1CollectForAllocation done
Event: 3.786 Executing VM operation: G1CollectForAllocation
Event: 3.791 Executing VM operation: G1CollectForAllocation done
Event: 3.821 Executing VM operation: G1CollectForAllocation
Event: 3.821 Executing VM operation: G1CollectForAllocation done
Event: 3.821 Executing VM operation: G1CollectForAllocation

Events (20 events):
Event: 3.180 loading class java/util/DoubleSummaryStatistics
Event: 3.180 loading class java/util/function/DoubleConsumer
Event: 3.180 loading class java/util/function/DoubleConsumer done
Event: 3.180 loading class java/util/DoubleSummaryStatistics done
Event: 3.180 loading class java/util/stream/Collectors$1PairBox
Event: 3.180 loading class java/util/stream/Collectors$1PairBox done
Event: 3.180 loading class java/util/concurrent/locks/AbstractQueuedSynchronizer$SharedNode
Event: 3.180 loading class java/util/concurrent/locks/AbstractQueuedSynchronizer$SharedNode done
Event: 3.180 loading class jdk/internal/module/SystemModuleFinders$ModuleContentSpliterator
Event: 3.181 loading class jdk/internal/module/SystemModuleFinders$ModuleContentSpliterator done
Event: 3.181 loading class jdk/internal/jimage/ImageReader$Directory
Event: 3.181 loading class jdk/internal/jimage/ImageReader$Node
Event: 3.181 loading class jdk/internal/jimage/ImageReader$Node done
Event: 3.181 loading class jdk/internal/jimage/ImageReader$Directory done
Event: 3.181 loading class jdk/internal/jimage/ImageReader$SharedImageReader$LocationVisitor
Event: 3.181 loading class jdk/internal/jimage/ImageReader$SharedImageReader$LocationVisitor done
Event: 3.182 loading class java/nio/ByteBufferAsIntBufferL
Event: 3.182 loading class java/nio/ByteBufferAsIntBufferL done
Event: 3.184 loading class jdk/internal/jimage/ImageReader$Resource
Event: 3.184 loading class jdk/internal/jimage/ImageReader$Resource done


Dynamic libraries:
0x00007ff720940000 - 0x00007ff72094e000 	c:\Users\final\.vscode\extensions\redhat.java-1.21.0-win32-x64\jre\17.0.7-win32-x86_64\bin\java.exe
0x00007ffb4e6d0000 - 0x00007ffb4e8c8000 	C:\WINDOWS\SYSTEM32\ntdll.dll
0x00007ffb4e5d0000 - 0x00007ffb4e68f000 	C:\WINDOWS\System32\KERNEL32.DLL
0x00007ffb4be10000 - 0x00007ffb4c106000 	C:\WINDOWS\System32\KERNELBASE.dll
0x00007ffb48200000 - 0x00007ffb48291000 	C:\WINDOWS\SYSTEM32\apphelp.dll
0x00007ffb4c220000 - 0x00007ffb4c320000 	C:\WINDOWS\System32\ucrtbase.dll
0x00007ffb463a0000 - 0x00007ffb463b7000 	c:\Users\final\.vscode\extensions\redhat.java-1.21.0-win32-x64\jre\17.0.7-win32-x86_64\bin\jli.dll
0x00007ffb463c0000 - 0x00007ffb463d9000 	c:\Users\final\.vscode\extensions\redhat.java-1.21.0-win32-x64\jre\17.0.7-win32-x86_64\bin\VCRUNTIME140.dll
0x00007ffb4ce90000 - 0x00007ffb4d02d000 	C:\WINDOWS\System32\USER32.dll
0x00007ffb4c110000 - 0x00007ffb4c132000 	C:\WINDOWS\System32\win32u.dll
0x00007ffb4d190000 - 0x00007ffb4d1bc000 	C:\WINDOWS\System32\GDI32.dll
0x00007ffb21290000 - 0x00007ffb2152a000 	C:\WINDOWS\WinSxS\amd64_microsoft.windows.common-controls_6595b64144ccf1df_6.0.19041.1110_none_60b5254171f9507e\COMCTL32.dll
0x00007ffb4c320000 - 0x00007ffb4c435000 	C:\WINDOWS\System32\gdi32full.dll
0x00007ffb4ca80000 - 0x00007ffb4cb1e000 	C:\WINDOWS\System32\msvcrt.dll
0x00007ffb4c5a0000 - 0x00007ffb4c63d000 	C:\WINDOWS\System32\msvcp_win.dll
0x00007ffb4d160000 - 0x00007ffb4d190000 	C:\WINDOWS\System32\IMM32.DLL
0x00007ffb463f0000 - 0x00007ffb463fc000 	c:\Users\final\.vscode\extensions\redhat.java-1.21.0-win32-x64\jre\17.0.7-win32-x86_64\bin\vcruntime140_1.dll
0x00007ffb308c0000 - 0x00007ffb30951000 	c:\Users\final\.vscode\extensions\redhat.java-1.21.0-win32-x64\jre\17.0.7-win32-x86_64\bin\msvcp140.dll
0x00007ffaf91f0000 - 0x00007ffaf9e38000 	c:\Users\final\.vscode\extensions\redhat.java-1.21.0-win32-x64\jre\17.0.7-win32-x86_64\bin\server\jvm.dll
0x00007ffb4d8a0000 - 0x00007ffb4d94f000 	C:\WINDOWS\System32\ADVAPI32.dll
0x00007ffb4d800000 - 0x00007ffb4d89c000 	C:\WINDOWS\System32\sechost.dll
0x00007ffb4d030000 - 0x00007ffb4d156000 	C:\WINDOWS\System32\RPCRT4.dll
0x00007ffb11fe0000 - 0x00007ffb11fe9000 	C:\WINDOWS\SYSTEM32\WSOCK32.dll
0x00007ffb24eb0000 - 0x00007ffb24ed7000 	C:\WINDOWS\SYSTEM32\WINMM.dll
0x00007ffb43030000 - 0x00007ffb4303a000 	C:\WINDOWS\SYSTEM32\VERSION.dll
0x00007ffb4d780000 - 0x00007ffb4d7eb000 	C:\WINDOWS\System32\WS2_32.dll
0x00007ffb4a650000 - 0x00007ffb4a662000 	C:\WINDOWS\SYSTEM32\kernel.appcore.dll
0x00007ffb45ed0000 - 0x00007ffb45eda000 	c:\Users\final\.vscode\extensions\redhat.java-1.21.0-win32-x64\jre\17.0.7-win32-x86_64\bin\jimage.dll
0x00007ffb49bd0000 - 0x00007ffb49db4000 	C:\WINDOWS\SYSTEM32\DBGHELP.DLL
0x00007ffb3a210000 - 0x00007ffb3a244000 	C:\WINDOWS\SYSTEM32\dbgcore.DLL
0x00007ffb4c700000 - 0x00007ffb4c782000 	C:\WINDOWS\System32\bcryptPrimitives.dll
0x00007ffb34f10000 - 0x00007ffb34f35000 	c:\Users\final\.vscode\extensions\redhat.java-1.21.0-win32-x64\jre\17.0.7-win32-x86_64\bin\java.dll
0x00007ffb34eb0000 - 0x00007ffb34ec8000 	c:\Users\final\.vscode\extensions\redhat.java-1.21.0-win32-x64\jre\17.0.7-win32-x86_64\bin\zip.dll
0x00007ffb4dac0000 - 0x00007ffb4e204000 	C:\WINDOWS\System32\SHELL32.dll
0x00007ffb49ea0000 - 0x00007ffb4a634000 	C:\WINDOWS\SYSTEM32\windows.storage.dll
0x00007ffb4e270000 - 0x00007ffb4e5c4000 	C:\WINDOWS\System32\combase.dll
0x00007ffb4b850000 - 0x00007ffb4b87e000 	C:\WINDOWS\SYSTEM32\Wldp.dll
0x00007ffb4c8c0000 - 0x00007ffb4c96d000 	C:\WINDOWS\System32\SHCORE.dll
0x00007ffb4ca20000 - 0x00007ffb4ca75000 	C:\WINDOWS\System32\shlwapi.dll
0x00007ffb4bd40000 - 0x00007ffb4bd65000 	C:\WINDOWS\SYSTEM32\profapi.dll
0x00007ffb359a0000 - 0x00007ffb359b9000 	C:\Users\final\.vscode\extensions\redhat.java-1.21.0-win32-x64\jre\17.0.7-win32-x86_64\bin\net.dll
0x00007ffb3ff70000 - 0x00007ffb4007a000 	C:\WINDOWS\SYSTEM32\WINHTTP.dll
0x00007ffb4b5b0000 - 0x00007ffb4b61a000 	C:\WINDOWS\system32\mswsock.dll
0x00007ffb35980000 - 0x00007ffb35995000 	C:\Users\final\.vscode\extensions\redhat.java-1.21.0-win32-x64\jre\17.0.7-win32-x86_64\bin\nio.dll
0x00007ffb4b7b0000 - 0x00007ffb4b7c8000 	C:\WINDOWS\SYSTEM32\CRYPTSP.dll
0x00007ffb4ae60000 - 0x00007ffb4ae94000 	C:\WINDOWS\system32\rsaenh.dll
0x00007ffb4c1f0000 - 0x00007ffb4c217000 	C:\WINDOWS\System32\bcrypt.dll
0x00007ffb4bcc0000 - 0x00007ffb4bcee000 	C:\WINDOWS\SYSTEM32\USERENV.dll
0x00007ffb4b7a0000 - 0x00007ffb4b7ac000 	C:\WINDOWS\SYSTEM32\CRYPTBASE.dll
0x00007ffb4b250000 - 0x00007ffb4b28c000 	C:\WINDOWS\SYSTEM32\IPHLPAPI.DLL
0x00007ffb4c790000 - 0x00007ffb4c798000 	C:\WINDOWS\System32\NSI.dll
0x00007ffb42b20000 - 0x00007ffb42b37000 	C:\WINDOWS\SYSTEM32\dhcpcsvc6.DLL
0x00007ffb42b00000 - 0x00007ffb42b1d000 	C:\WINDOWS\SYSTEM32\dhcpcsvc.DLL
0x00007ffb4b2a0000 - 0x00007ffb4b36a000 	C:\WINDOWS\SYSTEM32\DNSAPI.dll
0x00007ffb35b70000 - 0x00007ffb35b79000 	C:\Users\final\.vscode\extensions\redhat.java-1.21.0-win32-x64\jre\17.0.7-win32-x86_64\bin\management.dll
0x00007ffb35970000 - 0x00007ffb3597b000 	C:\Users\final\.vscode\extensions\redhat.java-1.21.0-win32-x64\jre\17.0.7-win32-x86_64\bin\management_ext.dll
0x00007ffb4d7f0000 - 0x00007ffb4d7f8000 	C:\WINDOWS\System32\PSAPI.DLL

dbghelp: loaded successfully - version: 4.0.5 - missing functions: none
symbol engine: initialized successfully - sym options: 0x614 - pdb path: .;c:\Users\final\.vscode\extensions\redhat.java-1.21.0-win32-x64\jre\17.0.7-win32-x86_64\bin;C:\WINDOWS\SYSTEM32;C:\WINDOWS\WinSxS\amd64_microsoft.windows.common-controls_6595b64144ccf1df_6.0.19041.1110_none_60b5254171f9507e;c:\Users\final\.vscode\extensions\redhat.java-1.21.0-win32-x64\jre\17.0.7-win32-x86_64\bin\server

VM Arguments:
jvm_args: -XX:+HeapDumpOnOutOfMemoryError -Xmx1024m -Dsts.lsp.client=vscode -Dsts.log.file=/dev/null -XX:TieredStopAtLevel=1 -Xlog:jni+resolve=off -Dspring.config.location=file:c:\Users\final\.vscode\extensions\vmware.vscode-spring-boot-1.47.0\language-server\BOOT-INF\classes\application.properties 
java_command: org.springframework.ide.vscode.boot.app.BootLanguageServerBootApp
java_class_path (initial): c:\Users\final\.vscode\extensions\vmware.vscode-spring-boot-1.47.0\language-server\BOOT-INF\classes;c:\Users\final\.vscode\extensions\vmware.vscode-spring-boot-1.47.0\language-server\BOOT-INF\lib\annotations-24.0.1.jar;c:\Users\final\.vscode\extensions\vmware.vscode-spring-boot-1.47.0\language-server\BOOT-INF\lib\antlr-runtime-3.5.3.jar;c:\Users\final\.vscode\extensions\vmware.vscode-spring-boot-1.47.0\language-server\BOOT-INF\lib\antlr4-4.11.1.jar;c:\Users\final\.vscode\extensions\vmware.vscode-spring-boot-1.47.0\language-server\BOOT-INF\lib\antlr4-runtime-4.11.1.jar;c:\Users\final\.vscode\extensions\vmware.vscode-spring-boot-1.47.0\language-server\BOOT-INF\lib\aopalliance-1.0.jar;c:\Users\final\.vscode\extensions\vmware.vscode-spring-boot-1.47.0\language-server\BOOT-INF\lib\asm-9.5.jar;c:\Users\final\.vscode\extensions\vmware.vscode-spring-boot-1.47.0\language-server\BOOT-INF\lib\asm-analysis-9.5.jar;c:\Users\final\.vscode\extensions\vmware.vscode-spring-boot-1.47.0\language-server\BOOT-INF\lib\asm-tree-9.5.jar;c:\Users\final\.vscode\extensions\vmware.vscode-spring-boot-1.47.0\language-server\BOOT-INF\lib\asm-util-9.5.jar;c:\Users\final\.vscode\extensions\vmware.vscode-spring-boot-1.47.0\language-server\BOOT-INF\lib\auto-common-1.2.1.jar;c:\Users\final\.vscode\extensions\vmware.vscode-spring-boot-1.47.0\language-server\BOOT-INF\lib\auto-value-annotations-1.9.jar;c:\Users\final\.vscode\extensions\vmware.vscode-spring-boot-1.47.0\language-server\BOOT-INF\lib\caffeine-3.1.2.jar;c:\Users\final\.vscode\extensions\vmware.vscode-spring-boot-1.47.0\language-server\BOOT-INF\lib\checker-qual-3.12.0.jar;c:\Users\final\.vscode\extensions\vmware.vscode-spring-boot-1.47.0\language-server\BOOT-INF\lib\classgraph-4.8.149.jar;c:\Users\final\.vscode\extensions\vmware.vscode-spring-boot-1.47.0\language-server\BOOT-INF\lib\commons-codec-1.15.jar;c:\Users\final\.vscode\extensions\vmware.vscode-spring-boot-1.47.0\language-server\BOOT-INF\lib\commons-compres
Launcher Type: SUN_STANDARD

[Global flags]
     intx CICompilerCount                          = 4                                         {product} {ergonomic}
     uint ConcGCThreads                            = 2                                         {product} {ergonomic}
     uint G1ConcRefinementThreads                  = 8                                         {product} {ergonomic}
   size_t G1HeapRegionSize                         = 1048576                                   {product} {ergonomic}
    uintx GCDrainStackTargetSize                   = 64                                        {product} {ergonomic}
     bool HeapDumpOnOutOfMemoryError               = true                                   {manageable} {command line}
   size_t InitialHeapSize                          = 130023424                                 {product} {ergonomic}
   size_t MarkStackSize                            = 4194304                                   {product} {ergonomic}
   size_t MaxHeapSize                              = 1073741824                                {product} {command line}
   size_t MaxNewSize                               = 643825664                                 {product} {ergonomic}
   size_t MinHeapDeltaBytes                        = 1048576                                   {product} {ergonomic}
   size_t MinHeapSize                              = 8388608                                   {product} {ergonomic}
    uintx NonProfiledCodeHeapSize                  = 0                                      {pd product} {ergonomic}
     bool ProfileInterpreter                       = false                                  {pd product} {command line}
    uintx ProfiledCodeHeapSize                     = 0                                      {pd product} {ergonomic}
   size_t SoftMaxHeapSize                          = 1073741824                             {manageable} {ergonomic}
     intx TieredStopAtLevel                        = 1                                         {product} {command line}
     bool UseCompressedClassPointers               = true                           {product lp64_product} {ergonomic}
     bool UseCompressedOops                        = true                           {product lp64_product} {ergonomic}
     bool UseG1GC                                  = true                                      {product} {ergonomic}
     bool UseLargePagesIndividualAllocation        = false                                  {pd product} {ergonomic}

Logging:
Log output configuration:
 #0: stdout all=warning,jni+resolve=off uptime,level,tags
 #1: stderr all=off uptime,level,tags

Environment Variables:
JAVA_HOME=C:\Program Files\Java\jdk-20
CLASSPATH=C:\Program Files\SAP\SAP Business One DI API\JCO\LIB\sbowrapper.jar;C:\Program Files\SAP\SAP Business One DI API\JCO\LIB\sboapi.jar
PATH=C:\Program Files\Eclipse Adoptium\jdk-17.0.7.7-hotspot\bin;C:\Program Files\Common Files\Oracle\Java\javapath;C:\oraclexe\app\oracle\product\11.2.0\server\bin;C:\Program Files\Microsoft MPI\Bin\;D:\OracleBDD\bin;D:\Oracle\bin;C:\Oracle\bin;C:\ProgramData\Oracle\Java\javapath;C:\WINDOWS\system32;C:\WINDOWS;C:\WINDOWS\System32\Wbem;C:\WINDOWS\System32\WindowsPowerShell\v1.0\;C:\WINDOWS\System32\OpenSSH\;C:\Program Files\Microsoft SQL Server\Client SDK\ODBC\170\Tools\Binn\;C:\Program Files (x86)\Microsoft SQL Server\150\Tools\Binn\;C:\Program Files\Microsoft SQL Server\150\Tools\Binn\;C:\Program Files\Microsoft SQL Server\150\DTS\Binn\;C:\Program Files\dotnet\;C:\Program Files (x86)\Intel\Intel(R) Management Engine Components\DAL;C:\Program Files\Intel\Intel(R) Management Engine Components\DAL;C:\Program Files\Microsoft SQL Server\Client SDK\ODBC\130\Tools\Binn\;D:\Program Files\nodejs\;D:\Program Files\Java\jdk1.8.0_301\bin;C:\Program Files (x86)\Java\jdk-19.0.2\bin;C:\Program Files\SAP\SAP Business One DI API\JCO\LIB\;C:\Program Files\SAP\SAP Business One DI API\DI API 90;C:\Program Files\PuTTY\;C:\Program Files\Git\cmd;C:\Program Files\MongoDB\Server\5.0\bin;C:\Users\final\AppData\Local\Programs\Python\Python310\Scripts\;C:\Users\final\AppData\Local\Programs\Python\Python310\;C:\Users\final\AppData\Local\Microsoft\WindowsApps;C:\Users\final\.dotnet\tools;D:\Microsoft VS Code\bin;C:\Users\final\AppData\Roaming\npm;C:\Users\final\AppData\Roaming\Python\Python39\Scripts\;C:\Program Files\Git\bin;C:\Users\Public;C:\src\flutter\bin;C:\Program Files\Azure Data Studio\bin;C:\Program Files\Java\jdk-20\bin;C:\Users\final\AppData\Local\GitHubDesktop\bin
USERNAME=JERRY
OS=Windows_NT
PROCESSOR_IDENTIFIER=Intel64 Family 6 Model 142 Stepping 10, GenuineIntel
TMP=C:\Users\final\AppData\Local\Temp
TEMP=C:\Users\final\AppData\Local\Temp



---------------  S Y S T E M  ---------------

OS:
 Windows 10 , 64 bit Build 19041 (10.0.19041.3155)
OS uptime: 0 days 6:27 hours

CPU: total 8 (initial active 8) (4 cores per cpu, 2 threads per core) family 6 model 142 stepping 10 microcode 0xf0, cx8, cmov, fxsr, ht, mmx, 3dnowpref, sse, sse2, sse3, ssse3, sse4.1, sse4.2, popcnt, lzcnt, tsc, tscinvbit, avx, avx2, aes, erms, clmul, bmi1, bmi2, adx, fma, vzeroupper, clflush, clflushopt

Memory: 4k page, system-wide physical 7844M (646M free)
TotalPageFile size 9892M (AvailPageFile size 84M)
current process WorkingSet (physical memory assigned to process): 356M, peak: 356M
current process commit charge ("private bytes"): 396M, peak: 596M

vm_info: OpenJDK 64-Bit Server VM (17.0.7+7) for windows-amd64 JRE (17.0.7+7), built on Apr 18 2023 22:10:42 by "temurin" with MS VC++ 16.7 (VS2019)

END.
