#
# There is insufficient memory for the Java Runtime Environment to continue.
# Native memory allocation (malloc) failed to allocate 1250848 bytes for Chunk::new
# Possible reasons:
#   The system is out of physical RAM or swap space
#   The process is running with CompressedOops enabled, and the Java Heap may be blocking the growth of the native heap
# Possible solutions:
#   Reduce memory load on the system
#   Increase physical memory or swap space
#   Check if swap backing store is full
#   Decrease Java heap size (-Xmx/-Xms)
#   Decrease number of Java threads
#   Decrease Java thread stack sizes (-Xss)
#   Set larger code cache with -XX:ReservedCodeCacheSize=
#   JVM is running with Unscaled Compressed Oops mode in which the Java heap is
#     placed in the first 4GB address space. The Java Heap base address is the
#     maximum limit for the native heap growth. Please use -XX:HeapBaseMinAddress
#     to set the Java Heap base and to place the Java Heap above 4GB virtual address.
# This output file may be truncated or incomplete.
#
#  Out of Memory Error (arena.cpp:184), pid=8264, tid=6928
#
# JRE version: Java(TM) SE Runtime Environment (20.0.1+9) (build 20.0.1+9-29)
# Java VM: Java HotSpot(TM) 64-Bit Server VM (20.0.1+9-29, mixed mode, sharing, tiered, compressed oops, compressed class ptrs, g1 gc, windows-amd64)
# No core dump will be written. Minidumps are not enabled by default on client versions of Windows
#

---------------  S U M M A R Y ------------

Command Line: -agentlib:jdwp=transport=dt_socket,server=n,suspend=y,address=localhost:54970 -XX:+ShowCodeDetailsInExceptionMessages ec.edu.espe.arquitectura.correccion.CorreccionApplication

Host: Intel(R) Core(TM) i7-8550U CPU @ 1.80GHz, 8 cores, 7G,  Windows 10 , 64 bit Build 19041 (10.0.19041.3155)
Time: Fri Jul 28 16:41:30 2023 Hora est. Pacífico, Sudamérica elapsed time: 1.867669 seconds (0d 0h 0m 1s)

---------------  T H R E A D  ---------------

Current thread (0x00000258822bab80):  JavaThread "C2 CompilerThread0" daemon [_thread_in_native, id=6928, stack(0x000000f0d4000000,0x000000f0d4100000)]


Current CompileTask:
C2:   1867 2005   !   4       java.net.URL::<init> (543 bytes)

Stack: [0x000000f0d4000000,0x000000f0d4100000]
Native frames: (J=compiled Java code, j=interpreted, Vv=VM code, C=native code)
V  [jvm.dll+0x6bb95a]
V  [jvm.dll+0x8485fa]
V  [jvm.dll+0x84a1f5]
V  [jvm.dll+0x84a8f3]
V  [jvm.dll+0x280b0f]
V  [jvm.dll+0xc2b11]
V  [jvm.dll+0xc2e35]
V  [jvm.dll+0x3bb17c]
V  [jvm.dll+0x1e6e39]
V  [jvm.dll+0x24b3ab]
V  [jvm.dll+0x24a651]
V  [jvm.dll+0x1ce491]
V  [jvm.dll+0x259e1b]
V  [jvm.dll+0x2584f0]
V  [jvm.dll+0x3f2895]
V  [jvm.dll+0x7f4b56]
V  [jvm.dll+0x6ba5cb]
C  [ucrtbase.dll+0x21bb2]
C  [KERNEL32.DLL+0x17614]
C  [ntdll.dll+0x526b1]


---------------  P R O C E S S  ---------------

Threads class SMR info:
_java_thread_list=0x000002588805a650, length=18, elements={
0x00000258e5967580, 0x00000258822b4460, 0x00000258822b5060, 0x00000258822b6070,
0x00000258822b79c0, 0x00000258822b8710, 0x00000258822bc810, 0x00000258822bab80,
0x00000258822bb910, 0x0000025886648ca0, 0x000002588664ce10, 0x000002588664d780,
0x00000258866532a0, 0x000002588665b2e0, 0x0000025886ca3990, 0x0000025887447e30,
0x0000025887448fb0, 0x0000025887fb9330
}

Java Threads: ( => current thread )
  0x00000258e5967580 JavaThread "main" [_thread_blocked, id=3700, stack(0x000000f0d3300000,0x000000f0d3400000)]
  0x00000258822b4460 JavaThread "Reference Handler" daemon [_thread_blocked, id=7644, stack(0x000000f0d3a00000,0x000000f0d3b00000)]
  0x00000258822b5060 JavaThread "Finalizer" daemon [_thread_blocked, id=10988, stack(0x000000f0d3b00000,0x000000f0d3c00000)]
  0x00000258822b6070 JavaThread "Signal Dispatcher" daemon [_thread_blocked, id=14952, stack(0x000000f0d3c00000,0x000000f0d3d00000)]
  0x00000258822b79c0 JavaThread "Attach Listener" daemon [_thread_blocked, id=16856, stack(0x000000f0d3d00000,0x000000f0d3e00000)]
  0x00000258822b8710 JavaThread "Service Thread" daemon [_thread_blocked, id=17184, stack(0x000000f0d3e00000,0x000000f0d3f00000)]
  0x00000258822bc810 JavaThread "Monitor Deflation Thread" daemon [_thread_blocked, id=12920, stack(0x000000f0d3f00000,0x000000f0d4000000)]
=>0x00000258822bab80 JavaThread "C2 CompilerThread0" daemon [_thread_in_native, id=6928, stack(0x000000f0d4000000,0x000000f0d4100000)]
  0x00000258822bb910 JavaThread "C1 CompilerThread0" daemon [_thread_in_native, id=10248, stack(0x000000f0d4100000,0x000000f0d4200000)]
  0x0000025886648ca0 JavaThread "JDWP Transport Listener: dt_socket" daemon [_thread_blocked, id=15888, stack(0x000000f0d4200000,0x000000f0d4300000)]
  0x000002588664ce10 JavaThread "JDWP Event Helper Thread" daemon [_thread_blocked, id=5604, stack(0x000000f0d4300000,0x000000f0d4400000)]
  0x000002588664d780 JavaThread "JDWP Command Reader" daemon [_thread_in_native, id=16348, stack(0x000000f0d4400000,0x000000f0d4500000)]
  0x00000258866532a0 JavaThread "Notification Thread" daemon [_thread_blocked, id=16984, stack(0x000000f0d4500000,0x000000f0d4600000)]
  0x000002588665b2e0 JavaThread "Common-Cleaner" daemon [_thread_blocked, id=5836, stack(0x000000f0d4700000,0x000000f0d4800000)]
  0x0000025886ca3990 JavaThread "C2 CompilerThread1" daemon [_thread_in_native, id=16468, stack(0x000000f0d4800000,0x000000f0d4900000)]
  0x0000025887447e30 JavaThread "Thread-0" [_thread_blocked, id=3344, stack(0x000000f0d4900000,0x000000f0d4a00000)]
  0x0000025887448fb0 JavaThread "restartedMain" [_thread_in_Java, id=15560, stack(0x000000f0d4a00000,0x000000f0d4b00000)]
  0x0000025887fb9330 JavaThread "C2 CompilerThread2" daemon [_thread_in_native, id=9556, stack(0x000000f0d5200000,0x000000f0d5300000)]

Other Threads:
  0x0000025882291e60 VMThread "VM Thread" [stack: 0x000000f0d3900000,0x000000f0d3a00000] [id=1488]
  0x0000025886654830 WatcherThread "VM Periodic Task Thread" [stack: 0x000000f0d4600000,0x000000f0d4700000] [id=7104]
  0x00000258e59ca860 WorkerThread "GC Thread#0" [stack: 0x000000f0d3400000,0x000000f0d3500000] [id=732]
  0x000002588767bad0 WorkerThread "GC Thread#1" [stack: 0x000000f0d4b00000,0x000000f0d4c00000] [id=1648]
  0x000002588767bda0 WorkerThread "GC Thread#2" [stack: 0x000000f0d4c00000,0x000000f0d4d00000] [id=17824]
  0x000002588767c070 WorkerThread "GC Thread#3" [stack: 0x000000f0d4d00000,0x000000f0d4e00000] [id=15860]
  0x000002588766c430 WorkerThread "GC Thread#4" [stack: 0x000000f0d4e00000,0x000000f0d4f00000] [id=12468]
  0x0000025887704680 WorkerThread "GC Thread#5" [stack: 0x000000f0d4f00000,0x000000f0d5000000] [id=18160]
  0x00000258876b86b0 WorkerThread "GC Thread#6" [stack: 0x000000f0d5000000,0x000000f0d5100000] [id=3596]
  0x00000258876b8c50 WorkerThread "GC Thread#7" [stack: 0x000000f0d5100000,0x000000f0d5200000] [id=17916]
  0x00000258e59dae50 ConcurrentGCThread "G1 Main Marker" [stack: 0x000000f0d3500000,0x000000f0d3600000] [id=10808]
  0x00000258e59dc890 WorkerThread "G1 Conc#0" [stack: 0x000000f0d3600000,0x000000f0d3700000] [id=16888]
  0x00000258e5a2e500 ConcurrentGCThread "G1 Refine#0" [stack: 0x000000f0d3700000,0x000000f0d3800000] [id=2788]
  0x00000258821554f0 ConcurrentGCThread "G1 Service" [stack: 0x000000f0d3800000,0x000000f0d3900000] [id=14080]

Threads with active compile tasks:
C2 CompilerThread0     2127 2005   !   4       java.net.URL::<init> (543 bytes)
C1 CompilerThread0     2127 2429       3       java.lang.Integer::numberOfTrailingZeros (80 bytes)
C2 CompilerThread1     2127 2416       4       java.io.WinNTFileSystem::normalize (224 bytes)
C2 CompilerThread2     2127 2351   !   4       java.util.zip.InflaterInputStream::read (129 bytes)

VM state: not at safepoint (normal execution)

VM Mutex/Monitor currently owned by a thread: None

Heap address: 0x0000000085600000, size: 1962 MB, Compressed Oops mode: 32-bit

CDS archive(s) mapped at: [0x0000000800000000-0x0000000800c60000-0x0000000800c60000), size 12976128, SharedBaseAddress: 0x0000000800000000, ArchiveRelocationMode: 0.
Compressed class space mapped at: 0x0000000801000000-0x0000000841000000, reserved size: 1073741824
Narrow klass base: 0x0000000800000000, Narrow klass shift: 0, Narrow klass range: 0x100000000

GC Precious Log:
 CardTable entry size: 512
 Card Set container configuration: InlinePtr #cards 5 size 8 Array Of Cards #cards 12 size 40 Howl #buckets 4 coarsen threshold 1843 Howl Bitmap #cards 512 size 80 coarsen threshold 460 Card regions per heap region 1 cards per card region 2048
 CPUs: 8 total, 8 available
 Memory: 7844M
 Large Page Support: Disabled
 NUMA Support: Disabled
 Compressed Oops: Enabled (32-bit)
 Heap Region Size: 1M
 Heap Min Capacity: 8M
 Heap Initial Capacity: 124M
 Heap Max Capacity: 1962M
 Pre-touch: Disabled
 Parallel Workers: 8
 Concurrent Workers: 2
 Concurrent Refinement Workers: 8
 Periodic GC: Disabled

Heap:
 garbage-first heap   total 126976K, used 25903K [0x0000000085600000, 0x0000000100000000)
  region size 1024K, 22 young (22528K), 3 survivors (3072K)
 Metaspace       used 16950K, committed 17216K, reserved 1114112K
  class space    used 2030K, committed 2176K, reserved 1048576K

Heap Regions: E=young(eden), S=young(survivor), O=old, HS=humongous(starts), HC=humongous(continues), CS=collection set, F=free, OA=open archive, CA=closed archive, TAMS=top-at-mark-start, PB=parsable bottom
|   0|0x0000000085600000, 0x0000000085700000, 0x0000000085700000|100%| O|  |TAMS 0x0000000085600000| PB 0x0000000085600000| Untracked 
|   1|0x0000000085700000, 0x0000000085800000, 0x0000000085800000|100%| O|  |TAMS 0x0000000085700000| PB 0x0000000085700000| Untracked 
|   2|0x0000000085800000, 0x0000000085900000, 0x0000000085900000|100%| O|  |TAMS 0x0000000085800000| PB 0x0000000085800000| Untracked 
|   3|0x0000000085900000, 0x0000000085a00000, 0x0000000085a00000|100%| O|  |TAMS 0x0000000085900000| PB 0x0000000085900000| Untracked 
|   4|0x0000000085a00000, 0x0000000085ace800, 0x0000000085b00000| 80%| O|  |TAMS 0x0000000085a00000| PB 0x0000000085a00000| Untracked 
|   5|0x0000000085b00000, 0x0000000085b00000, 0x0000000085c00000|  0%| F|  |TAMS 0x0000000085b00000| PB 0x0000000085b00000| Untracked 
|   6|0x0000000085c00000, 0x0000000085c00000, 0x0000000085d00000|  0%| F|  |TAMS 0x0000000085c00000| PB 0x0000000085c00000| Untracked 
|   7|0x0000000085d00000, 0x0000000085d00000, 0x0000000085e00000|  0%| F|  |TAMS 0x0000000085d00000| PB 0x0000000085d00000| Untracked 
|   8|0x0000000085e00000, 0x0000000085e00000, 0x0000000085f00000|  0%| F|  |TAMS 0x0000000085e00000| PB 0x0000000085e00000| Untracked 
|   9|0x0000000085f00000, 0x0000000085f00000, 0x0000000086000000|  0%| F|  |TAMS 0x0000000085f00000| PB 0x0000000085f00000| Untracked 
|  10|0x0000000086000000, 0x0000000086000000, 0x0000000086100000|  0%| F|  |TAMS 0x0000000086000000| PB 0x0000000086000000| Untracked 
|  11|0x0000000086100000, 0x0000000086100000, 0x0000000086200000|  0%| F|  |TAMS 0x0000000086100000| PB 0x0000000086100000| Untracked 
|  12|0x0000000086200000, 0x0000000086200000, 0x0000000086300000|  0%| F|  |TAMS 0x0000000086200000| PB 0x0000000086200000| Untracked 
|  13|0x0000000086300000, 0x0000000086300000, 0x0000000086400000|  0%| F|  |TAMS 0x0000000086300000| PB 0x0000000086300000| Untracked 
|  14|0x0000000086400000, 0x0000000086400000, 0x0000000086500000|  0%| F|  |TAMS 0x0000000086400000| PB 0x0000000086400000| Untracked 
|  15|0x0000000086500000, 0x0000000086500000, 0x0000000086600000|  0%| F|  |TAMS 0x0000000086500000| PB 0x0000000086500000| Untracked 
|  16|0x0000000086600000, 0x0000000086600000, 0x0000000086700000|  0%| F|  |TAMS 0x0000000086600000| PB 0x0000000086600000| Untracked 
|  17|0x0000000086700000, 0x0000000086700000, 0x0000000086800000|  0%| F|  |TAMS 0x0000000086700000| PB 0x0000000086700000| Untracked 
|  18|0x0000000086800000, 0x0000000086800000, 0x0000000086900000|  0%| F|  |TAMS 0x0000000086800000| PB 0x0000000086800000| Untracked 
|  19|0x0000000086900000, 0x0000000086900000, 0x0000000086a00000|  0%| F|  |TAMS 0x0000000086900000| PB 0x0000000086900000| Untracked 
|  20|0x0000000086a00000, 0x0000000086a00000, 0x0000000086b00000|  0%| F|  |TAMS 0x0000000086a00000| PB 0x0000000086a00000| Untracked 
|  21|0x0000000086b00000, 0x0000000086b00000, 0x0000000086c00000|  0%| F|  |TAMS 0x0000000086b00000| PB 0x0000000086b00000| Untracked 
|  22|0x0000000086c00000, 0x0000000086c00000, 0x0000000086d00000|  0%| F|  |TAMS 0x0000000086c00000| PB 0x0000000086c00000| Untracked 
|  23|0x0000000086d00000, 0x0000000086d00000, 0x0000000086e00000|  0%| F|  |TAMS 0x0000000086d00000| PB 0x0000000086d00000| Untracked 
|  24|0x0000000086e00000, 0x0000000086e00000, 0x0000000086f00000|  0%| F|  |TAMS 0x0000000086e00000| PB 0x0000000086e00000| Untracked 
|  25|0x0000000086f00000, 0x0000000086f00000, 0x0000000087000000|  0%| F|  |TAMS 0x0000000086f00000| PB 0x0000000086f00000| Untracked 
|  26|0x0000000087000000, 0x0000000087000000, 0x0000000087100000|  0%| F|  |TAMS 0x0000000087000000| PB 0x0000000087000000| Untracked 
|  27|0x0000000087100000, 0x0000000087100000, 0x0000000087200000|  0%| F|  |TAMS 0x0000000087100000| PB 0x0000000087100000| Untracked 
|  28|0x0000000087200000, 0x0000000087200000, 0x0000000087300000|  0%| F|  |TAMS 0x0000000087200000| PB 0x0000000087200000| Untracked 
|  29|0x0000000087300000, 0x0000000087300000, 0x0000000087400000|  0%| F|  |TAMS 0x0000000087300000| PB 0x0000000087300000| Untracked 
|  30|0x0000000087400000, 0x0000000087400000, 0x0000000087500000|  0%| F|  |TAMS 0x0000000087400000| PB 0x0000000087400000| Untracked 
|  31|0x0000000087500000, 0x0000000087500000, 0x0000000087600000|  0%| F|  |TAMS 0x0000000087500000| PB 0x0000000087500000| Untracked 
|  32|0x0000000087600000, 0x0000000087600000, 0x0000000087700000|  0%| F|  |TAMS 0x0000000087600000| PB 0x0000000087600000| Untracked 
|  33|0x0000000087700000, 0x0000000087700000, 0x0000000087800000|  0%| F|  |TAMS 0x0000000087700000| PB 0x0000000087700000| Untracked 
|  34|0x0000000087800000, 0x0000000087800000, 0x0000000087900000|  0%| F|  |TAMS 0x0000000087800000| PB 0x0000000087800000| Untracked 
|  35|0x0000000087900000, 0x0000000087900000, 0x0000000087a00000|  0%| F|  |TAMS 0x0000000087900000| PB 0x0000000087900000| Untracked 
|  36|0x0000000087a00000, 0x0000000087a00000, 0x0000000087b00000|  0%| F|  |TAMS 0x0000000087a00000| PB 0x0000000087a00000| Untracked 
|  37|0x0000000087b00000, 0x0000000087b00000, 0x0000000087c00000|  0%| F|  |TAMS 0x0000000087b00000| PB 0x0000000087b00000| Untracked 
|  38|0x0000000087c00000, 0x0000000087c00000, 0x0000000087d00000|  0%| F|  |TAMS 0x0000000087c00000| PB 0x0000000087c00000| Untracked 
|  39|0x0000000087d00000, 0x0000000087d00000, 0x0000000087e00000|  0%| F|  |TAMS 0x0000000087d00000| PB 0x0000000087d00000| Untracked 
|  40|0x0000000087e00000, 0x0000000087e00000, 0x0000000087f00000|  0%| F|  |TAMS 0x0000000087e00000| PB 0x0000000087e00000| Untracked 
|  41|0x0000000087f00000, 0x0000000087f00000, 0x0000000088000000|  0%| F|  |TAMS 0x0000000087f00000| PB 0x0000000087f00000| Untracked 
|  42|0x0000000088000000, 0x0000000088000000, 0x0000000088100000|  0%| F|  |TAMS 0x0000000088000000| PB 0x0000000088000000| Untracked 
|  43|0x0000000088100000, 0x0000000088100000, 0x0000000088200000|  0%| F|  |TAMS 0x0000000088100000| PB 0x0000000088100000| Untracked 
|  44|0x0000000088200000, 0x0000000088200000, 0x0000000088300000|  0%| F|  |TAMS 0x0000000088200000| PB 0x0000000088200000| Untracked 
|  45|0x0000000088300000, 0x0000000088300000, 0x0000000088400000|  0%| F|  |TAMS 0x0000000088300000| PB 0x0000000088300000| Untracked 
|  46|0x0000000088400000, 0x0000000088400000, 0x0000000088500000|  0%| F|  |TAMS 0x0000000088400000| PB 0x0000000088400000| Untracked 
|  47|0x0000000088500000, 0x0000000088500000, 0x0000000088600000|  0%| F|  |TAMS 0x0000000088500000| PB 0x0000000088500000| Untracked 
|  48|0x0000000088600000, 0x0000000088600000, 0x0000000088700000|  0%| F|  |TAMS 0x0000000088600000| PB 0x0000000088600000| Untracked 
|  49|0x0000000088700000, 0x0000000088700000, 0x0000000088800000|  0%| F|  |TAMS 0x0000000088700000| PB 0x0000000088700000| Untracked 
|  50|0x0000000088800000, 0x0000000088800000, 0x0000000088900000|  0%| F|  |TAMS 0x0000000088800000| PB 0x0000000088800000| Untracked 
|  51|0x0000000088900000, 0x0000000088900000, 0x0000000088a00000|  0%| F|  |TAMS 0x0000000088900000| PB 0x0000000088900000| Untracked 
|  52|0x0000000088a00000, 0x0000000088a00000, 0x0000000088b00000|  0%| F|  |TAMS 0x0000000088a00000| PB 0x0000000088a00000| Untracked 
|  53|0x0000000088b00000, 0x0000000088b00000, 0x0000000088c00000|  0%| F|  |TAMS 0x0000000088b00000| PB 0x0000000088b00000| Untracked 
|  54|0x0000000088c00000, 0x0000000088c00000, 0x0000000088d00000|  0%| F|  |TAMS 0x0000000088c00000| PB 0x0000000088c00000| Untracked 
|  55|0x0000000088d00000, 0x0000000088d00000, 0x0000000088e00000|  0%| F|  |TAMS 0x0000000088d00000| PB 0x0000000088d00000| Untracked 
|  56|0x0000000088e00000, 0x0000000088e00000, 0x0000000088f00000|  0%| F|  |TAMS 0x0000000088e00000| PB 0x0000000088e00000| Untracked 
|  57|0x0000000088f00000, 0x0000000088f00000, 0x0000000089000000|  0%| F|  |TAMS 0x0000000088f00000| PB 0x0000000088f00000| Untracked 
|  58|0x0000000089000000, 0x0000000089000000, 0x0000000089100000|  0%| F|  |TAMS 0x0000000089000000| PB 0x0000000089000000| Untracked 
|  59|0x0000000089100000, 0x0000000089100000, 0x0000000089200000|  0%| F|  |TAMS 0x0000000089100000| PB 0x0000000089100000| Untracked 
|  60|0x0000000089200000, 0x0000000089200000, 0x0000000089300000|  0%| F|  |TAMS 0x0000000089200000| PB 0x0000000089200000| Untracked 
|  61|0x0000000089300000, 0x0000000089300000, 0x0000000089400000|  0%| F|  |TAMS 0x0000000089300000| PB 0x0000000089300000| Untracked 
|  62|0x0000000089400000, 0x0000000089400000, 0x0000000089500000|  0%| F|  |TAMS 0x0000000089400000| PB 0x0000000089400000| Untracked 
|  63|0x0000000089500000, 0x0000000089500000, 0x0000000089600000|  0%| F|  |TAMS 0x0000000089500000| PB 0x0000000089500000| Untracked 
|  64|0x0000000089600000, 0x0000000089600000, 0x0000000089700000|  0%| F|  |TAMS 0x0000000089600000| PB 0x0000000089600000| Untracked 
|  65|0x0000000089700000, 0x0000000089700000, 0x0000000089800000|  0%| F|  |TAMS 0x0000000089700000| PB 0x0000000089700000| Untracked 
|  66|0x0000000089800000, 0x0000000089800000, 0x0000000089900000|  0%| F|  |TAMS 0x0000000089800000| PB 0x0000000089800000| Untracked 
|  67|0x0000000089900000, 0x0000000089900000, 0x0000000089a00000|  0%| F|  |TAMS 0x0000000089900000| PB 0x0000000089900000| Untracked 
|  68|0x0000000089a00000, 0x0000000089a00000, 0x0000000089b00000|  0%| F|  |TAMS 0x0000000089a00000| PB 0x0000000089a00000| Untracked 
|  69|0x0000000089b00000, 0x0000000089b00000, 0x0000000089c00000|  0%| F|  |TAMS 0x0000000089b00000| PB 0x0000000089b00000| Untracked 
|  70|0x0000000089c00000, 0x0000000089c00000, 0x0000000089d00000|  0%| F|  |TAMS 0x0000000089c00000| PB 0x0000000089c00000| Untracked 
|  71|0x0000000089d00000, 0x0000000089d00000, 0x0000000089e00000|  0%| F|  |TAMS 0x0000000089d00000| PB 0x0000000089d00000| Untracked 
|  72|0x0000000089e00000, 0x0000000089e00000, 0x0000000089f00000|  0%| F|  |TAMS 0x0000000089e00000| PB 0x0000000089e00000| Untracked 
|  73|0x0000000089f00000, 0x0000000089f00000, 0x000000008a000000|  0%| F|  |TAMS 0x0000000089f00000| PB 0x0000000089f00000| Untracked 
|  74|0x000000008a000000, 0x000000008a000000, 0x000000008a100000|  0%| F|  |TAMS 0x000000008a000000| PB 0x000000008a000000| Untracked 
|  75|0x000000008a100000, 0x000000008a100000, 0x000000008a200000|  0%| F|  |TAMS 0x000000008a100000| PB 0x000000008a100000| Untracked 
|  76|0x000000008a200000, 0x000000008a200000, 0x000000008a300000|  0%| F|  |TAMS 0x000000008a200000| PB 0x000000008a200000| Untracked 
|  77|0x000000008a300000, 0x000000008a300000, 0x000000008a400000|  0%| F|  |TAMS 0x000000008a300000| PB 0x000000008a300000| Untracked 
|  78|0x000000008a400000, 0x000000008a400000, 0x000000008a500000|  0%| F|  |TAMS 0x000000008a400000| PB 0x000000008a400000| Untracked 
|  79|0x000000008a500000, 0x000000008a500000, 0x000000008a600000|  0%| F|  |TAMS 0x000000008a500000| PB 0x000000008a500000| Untracked 
|  80|0x000000008a600000, 0x000000008a600000, 0x000000008a700000|  0%| F|  |TAMS 0x000000008a600000| PB 0x000000008a600000| Untracked 
|  81|0x000000008a700000, 0x000000008a700000, 0x000000008a800000|  0%| F|  |TAMS 0x000000008a700000| PB 0x000000008a700000| Untracked 
|  82|0x000000008a800000, 0x000000008a800000, 0x000000008a900000|  0%| F|  |TAMS 0x000000008a800000| PB 0x000000008a800000| Untracked 
|  83|0x000000008a900000, 0x000000008a900000, 0x000000008aa00000|  0%| F|  |TAMS 0x000000008a900000| PB 0x000000008a900000| Untracked 
|  84|0x000000008aa00000, 0x000000008aa00000, 0x000000008ab00000|  0%| F|  |TAMS 0x000000008aa00000| PB 0x000000008aa00000| Untracked 
|  85|0x000000008ab00000, 0x000000008ab00000, 0x000000008ac00000|  0%| F|  |TAMS 0x000000008ab00000| PB 0x000000008ab00000| Untracked 
|  86|0x000000008ac00000, 0x000000008ac00000, 0x000000008ad00000|  0%| F|  |TAMS 0x000000008ac00000| PB 0x000000008ac00000| Untracked 
|  87|0x000000008ad00000, 0x000000008ad00000, 0x000000008ae00000|  0%| F|  |TAMS 0x000000008ad00000| PB 0x000000008ad00000| Untracked 
|  88|0x000000008ae00000, 0x000000008ae7d5b8, 0x000000008af00000| 48%| S|CS|TAMS 0x000000008ae00000| PB 0x000000008ae00000| Complete 
|  89|0x000000008af00000, 0x000000008b000000, 0x000000008b000000|100%| S|CS|TAMS 0x000000008af00000| PB 0x000000008af00000| Complete 
|  90|0x000000008b000000, 0x000000008b100000, 0x000000008b100000|100%| S|CS|TAMS 0x000000008b000000| PB 0x000000008b000000| Complete 
|  91|0x000000008b100000, 0x000000008b100000, 0x000000008b200000|  0%| F|  |TAMS 0x000000008b100000| PB 0x000000008b100000| Untracked 
|  92|0x000000008b200000, 0x000000008b200000, 0x000000008b300000|  0%| F|  |TAMS 0x000000008b200000| PB 0x000000008b200000| Untracked 
|  93|0x000000008b300000, 0x000000008b300000, 0x000000008b400000|  0%| F|  |TAMS 0x000000008b300000| PB 0x000000008b300000| Untracked 
|  94|0x000000008b400000, 0x000000008b400000, 0x000000008b500000|  0%| F|  |TAMS 0x000000008b400000| PB 0x000000008b400000| Untracked 
|  95|0x000000008b500000, 0x000000008b500000, 0x000000008b600000|  0%| F|  |TAMS 0x000000008b500000| PB 0x000000008b500000| Untracked 
|  96|0x000000008b600000, 0x000000008b600000, 0x000000008b700000|  0%| F|  |TAMS 0x000000008b600000| PB 0x000000008b600000| Untracked 
|  97|0x000000008b700000, 0x000000008b700000, 0x000000008b800000|  0%| F|  |TAMS 0x000000008b700000| PB 0x000000008b700000| Untracked 
|  98|0x000000008b800000, 0x000000008b800000, 0x000000008b900000|  0%| F|  |TAMS 0x000000008b800000| PB 0x000000008b800000| Untracked 
|  99|0x000000008b900000, 0x000000008b900000, 0x000000008ba00000|  0%| F|  |TAMS 0x000000008b900000| PB 0x000000008b900000| Untracked 
| 100|0x000000008ba00000, 0x000000008ba00000, 0x000000008bb00000|  0%| F|  |TAMS 0x000000008ba00000| PB 0x000000008ba00000| Untracked 
| 101|0x000000008bb00000, 0x000000008bb00000, 0x000000008bc00000|  0%| F|  |TAMS 0x000000008bb00000| PB 0x000000008bb00000| Untracked 
| 102|0x000000008bc00000, 0x000000008bc00000, 0x000000008bd00000|  0%| F|  |TAMS 0x000000008bc00000| PB 0x000000008bc00000| Untracked 
| 103|0x000000008bd00000, 0x000000008bd00000, 0x000000008be00000|  0%| F|  |TAMS 0x000000008bd00000| PB 0x000000008bd00000| Untracked 
| 104|0x000000008be00000, 0x000000008be00000, 0x000000008bf00000|  0%| F|  |TAMS 0x000000008be00000| PB 0x000000008be00000| Untracked 
| 105|0x000000008bf00000, 0x000000008c000000, 0x000000008c000000|100%| E|  |TAMS 0x000000008bf00000| PB 0x000000008bf00000| Complete 
| 106|0x000000008c000000, 0x000000008c100000, 0x000000008c100000|100%| E|CS|TAMS 0x000000008c000000| PB 0x000000008c000000| Complete 
| 107|0x000000008c100000, 0x000000008c200000, 0x000000008c200000|100%| E|CS|TAMS 0x000000008c100000| PB 0x000000008c100000| Complete 
| 108|0x000000008c200000, 0x000000008c300000, 0x000000008c300000|100%| E|CS|TAMS 0x000000008c200000| PB 0x000000008c200000| Complete 
| 109|0x000000008c300000, 0x000000008c400000, 0x000000008c400000|100%| E|CS|TAMS 0x000000008c300000| PB 0x000000008c300000| Complete 
| 110|0x000000008c400000, 0x000000008c500000, 0x000000008c500000|100%| E|CS|TAMS 0x000000008c400000| PB 0x000000008c400000| Complete 
| 111|0x000000008c500000, 0x000000008c600000, 0x000000008c600000|100%| E|CS|TAMS 0x000000008c500000| PB 0x000000008c500000| Complete 
| 112|0x000000008c600000, 0x000000008c700000, 0x000000008c700000|100%| E|CS|TAMS 0x000000008c600000| PB 0x000000008c600000| Complete 
| 113|0x000000008c700000, 0x000000008c800000, 0x000000008c800000|100%| E|CS|TAMS 0x000000008c700000| PB 0x000000008c700000| Complete 
| 114|0x000000008c800000, 0x000000008c900000, 0x000000008c900000|100%| E|CS|TAMS 0x000000008c800000| PB 0x000000008c800000| Complete 
| 115|0x000000008c900000, 0x000000008ca00000, 0x000000008ca00000|100%| E|CS|TAMS 0x000000008c900000| PB 0x000000008c900000| Complete 
| 116|0x000000008ca00000, 0x000000008cb00000, 0x000000008cb00000|100%| E|CS|TAMS 0x000000008ca00000| PB 0x000000008ca00000| Complete 
| 117|0x000000008cb00000, 0x000000008cc00000, 0x000000008cc00000|100%| E|CS|TAMS 0x000000008cb00000| PB 0x000000008cb00000| Complete 
| 118|0x000000008cc00000, 0x000000008cd00000, 0x000000008cd00000|100%| E|CS|TAMS 0x000000008cc00000| PB 0x000000008cc00000| Complete 
| 119|0x000000008cd00000, 0x000000008ce00000, 0x000000008ce00000|100%| E|CS|TAMS 0x000000008cd00000| PB 0x000000008cd00000| Complete 
| 120|0x000000008ce00000, 0x000000008cf00000, 0x000000008cf00000|100%| E|CS|TAMS 0x000000008ce00000| PB 0x000000008ce00000| Complete 
| 121|0x000000008cf00000, 0x000000008d000000, 0x000000008d000000|100%| E|CS|TAMS 0x000000008cf00000| PB 0x000000008cf00000| Complete 
| 122|0x000000008d000000, 0x000000008d100000, 0x000000008d100000|100%| E|CS|TAMS 0x000000008d000000| PB 0x000000008d000000| Complete 
| 123|0x000000008d100000, 0x000000008d200000, 0x000000008d200000|100%| E|CS|TAMS 0x000000008d100000| PB 0x000000008d100000| Complete 

Card table byte_map: [0x00000258fd130000,0x00000258fd510000] _byte_map_base: 0x00000258fcd05000

Marking Bits: (CMBitMap*) 0x00000258e59cae90
 Bits: [0x00000258fd8f0000, 0x00000258ff798000)

Polling page: 0x00000258e3940000

Metaspace:

Usage:
  Non-class:     14.57 MB used.
      Class:      1.98 MB used.
       Both:     16.56 MB used.

Virtual space:
  Non-class space:       64.00 MB reserved,      14.69 MB ( 23%) committed,  1 nodes.
      Class space:        1.00 GB reserved,       2.12 MB ( <1%) committed,  1 nodes.
             Both:        1.06 GB reserved,      16.81 MB (  2%) committed. 

Chunk freelists:
   Non-Class:  1.34 MB
       Class:  1.83 MB
        Both:  3.17 MB

MaxMetaspaceSize: unlimited
CompressedClassSpaceSize: 1.00 GB
Initial GC threshold: 21.00 MB
Current GC threshold: 21.00 MB
CDS: on
MetaspaceReclaimPolicy: balanced
 - commit_granule_bytes: 65536.
 - commit_granule_words: 8192.
 - virtual_space_node_default_size: 8388608.
 - enlarge_chunks_in_place: 1.
 - new_chunks_are_fully_committed: 0.
 - uncommit_free_chunks: 1.
 - use_allocation_guard: 0.


Internal statistics:

num_allocs_failed_limit: 0.
num_arena_births: 244.
num_arena_deaths: 0.
num_vsnodes_births: 2.
num_vsnodes_deaths: 0.
num_space_committed: 269.
num_space_uncommitted: 0.
num_chunks_returned_to_freelist: 0.
num_chunks_taken_from_freelist: 828.
num_chunk_merges: 0.
num_chunk_splits: 543.
num_chunks_enlarged: 416.
num_inconsistent_stats: 0.

CodeHeap 'non-profiled nmethods': size=120000Kb used=892Kb max_used=892Kb free=119108Kb
 bounds [0x00000258f54f0000, 0x00000258f5760000, 0x00000258fca20000]
CodeHeap 'profiled nmethods': size=120000Kb used=4964Kb max_used=4964Kb free=115035Kb
 bounds [0x00000258eda20000, 0x00000258edf00000, 0x00000258f4f50000]
CodeHeap 'non-nmethods': size=5760Kb used=1525Kb max_used=1553Kb free=4234Kb
 bounds [0x00000258f4f50000, 0x00000258f51c0000, 0x00000258f54f0000]
 total_blobs=2929 nmethods=2438 adapters=401
 compilation: enabled
              stopped_count=0, restarted_count=0
 full_count=0

Compilation events (20 events):
Event: 1.853 Thread 0x00000258822bb910 nmethod 2133 0x00000258ede26810 code [0x00000258ede269a0, 0x00000258ede26c98]
Event: 1.853 Thread 0x00000258822bb910 2134       1       org.springframework.context.annotation.ConfigurationClassParser$SourceClass::getMetadata (5 bytes)
Event: 1.853 Thread 0x00000258822bb910 nmethod 2134 0x00000258f55ade10 code [0x00000258f55adf80, 0x00000258f55ae048]
Event: 1.853 Thread 0x00000258822bb910 2135       3       java.util.Collections$UnmodifiableMap::keySet (28 bytes)
Event: 1.854 Thread 0x00000258822bb910 nmethod 2135 0x00000258ede26d90 code [0x00000258ede26f80, 0x00000258ede27648]
Event: 1.854 Thread 0x00000258822bb910 2136       1       org.springframework.boot.autoconfigure.condition.ConditionOutcome::isMatch (5 bytes)
Event: 1.854 Thread 0x00000258822bb910 nmethod 2136 0x00000258f55ae110 code [0x00000258f55ae280, 0x00000258f55ae350]
Event: 1.854 Thread 0x00000258822bb910 2137       1       org.springframework.core.type.classreading.SimpleMetadataReader::getAnnotationMetadata (5 bytes)
Event: 1.854 Thread 0x00000258822bb910 nmethod 2137 0x00000258f55ae410 code [0x00000258f55ae580, 0x00000258f55ae648]
Event: 1.856 Thread 0x0000025887fb9330 nmethod 2111 0x00000258f55ae710 code [0x00000258f55ae8a0, 0x00000258f55af1b8]
Event: 1.856 Thread 0x00000258822bb910 2139       3       org.springframework.core.annotation.AbstractMergedAnnotation::<init> (5 bytes)
Event: 1.856 Thread 0x0000025887fb9330 2138       4       jdk.internal.jimage.ImageStringsReader::hashCode (33 bytes)
Event: 1.856 Thread 0x00000258822bb910 nmethod 2139 0x00000258ede27890 code [0x00000258ede27a20, 0x00000258ede27b88]
Event: 1.856 Thread 0x00000258822bb910 2140       3       java.util.WeakHashMap::matchesKey (33 bytes)
Event: 1.856 Thread 0x00000258822bb910 nmethod 2140 0x00000258ede27c90 code [0x00000258ede27e60, 0x00000258ede28388]
Event: 1.857 Thread 0x00000258822bb910 2141   !   3       org.springframework.util.ClassUtils::forName (231 bytes)
Event: 1.861 Thread 0x00000258822bb910 nmethod 2141 0x00000258ede28510 code [0x00000258ede28c20, 0x00000258ede2cab0]
Event: 1.861 Thread 0x00000258822bb910 2144       3       java.lang.reflect.Constructor::newInstanceWithCaller (51 bytes)
Event: 1.862 Thread 0x00000258822bb910 nmethod 2144 0x00000258ede2e490 code [0x00000258ede2e640, 0x00000258ede2e930]
Event: 1.862 Thread 0x00000258822bb910 2142       3       org.springframework.util.ClassUtils::resolvePrimitiveClassName (30 bytes)

GC Heap History (4 events):
Event: 1.054 GC heap before
{Heap before GC invocations=0 (full 0):
 garbage-first heap   total 126976K, used 23552K [0x0000000085600000, 0x0000000100000000)
  region size 1024K, 23 young (23552K), 0 survivors (0K)
 Metaspace       used 6505K, committed 6720K, reserved 1114112K
  class space    used 752K, committed 832K, reserved 1048576K
}
Event: 1.059 GC heap after
{Heap after GC invocations=1 (full 0):
 garbage-first heap   total 126976K, used 5120K [0x0000000085600000, 0x0000000100000000)
  region size 1024K, 3 young (3072K), 3 survivors (3072K)
 Metaspace       used 6505K, committed 6720K, reserved 1114112K
  class space    used 752K, committed 832K, reserved 1048576K
}
Event: 1.575 GC heap before
{Heap before GC invocations=1 (full 0):
 garbage-first heap   total 126976K, used 34816K [0x0000000085600000, 0x0000000100000000)
  region size 1024K, 33 young (33792K), 3 survivors (3072K)
 Metaspace       used 14427K, committed 14720K, reserved 1114112K
  class space    used 1730K, committed 1856K, reserved 1048576K
}
Event: 1.580 GC heap after
{Heap after GC invocations=2 (full 0):
 garbage-first heap   total 126976K, used 7471K [0x0000000085600000, 0x0000000100000000)
  region size 1024K, 3 young (3072K), 3 survivors (3072K)
 Metaspace       used 14427K, committed 14720K, reserved 1114112K
  class space    used 1730K, committed 1856K, reserved 1048576K
}

Dll operation events (8 events):
Event: 0.005 Loaded shared library C:\Program Files\Java\jdk-20\bin\java.dll
Event: 0.018 Loaded shared library C:\Program Files\Java\jdk-20\bin\jsvml.dll
Event: 0.413 Loaded shared library C:\Program Files\Java\jdk-20\bin\net.dll
Event: 0.415 Loaded shared library C:\Program Files\Java\jdk-20\bin\nio.dll
Event: 0.420 Loaded shared library C:\Program Files\Java\jdk-20\bin\zip.dll
Event: 0.535 Loaded shared library C:\Program Files\Java\jdk-20\bin\jimage.dll
Event: 0.837 Loaded shared library C:\Program Files\Java\jdk-20\bin\management.dll
Event: 0.841 Loaded shared library C:\Program Files\Java\jdk-20\bin\management_ext.dll

Deoptimization events (20 events):
Event: 1.835 Thread 0x0000025887448fb0 DEOPT PACKING pc=0x00000258edbb2bf4 sp=0x000000f0d4afd240
Event: 1.835 Thread 0x0000025887448fb0 DEOPT UNPACKING pc=0x00000258f4fba4c2 sp=0x000000f0d4afc708 mode 1
Event: 1.835 Thread 0x0000025887448fb0 DEOPT PACKING pc=0x00000258edbb26ec sp=0x000000f0d4afd2d0
Event: 1.835 Thread 0x0000025887448fb0 DEOPT UNPACKING pc=0x00000258f4fba4c2 sp=0x000000f0d4afc7a8 mode 1
Event: 1.835 Thread 0x0000025887448fb0 DEOPT PACKING pc=0x00000258edb461c4 sp=0x000000f0d4afd420
Event: 1.835 Thread 0x0000025887448fb0 DEOPT UNPACKING pc=0x00000258f4fba4c2 sp=0x000000f0d4afc8c8 mode 1
Event: 1.835 Thread 0x0000025887448fb0 DEOPT PACKING pc=0x00000258edbb2bf4 sp=0x000000f0d4afde20
Event: 1.835 Thread 0x0000025887448fb0 DEOPT UNPACKING pc=0x00000258f4fba4c2 sp=0x000000f0d4afd2e8 mode 1
Event: 1.835 Thread 0x0000025887448fb0 DEOPT PACKING pc=0x00000258edbb26ec sp=0x000000f0d4afdeb0
Event: 1.835 Thread 0x0000025887448fb0 DEOPT UNPACKING pc=0x00000258f4fba4c2 sp=0x000000f0d4afd388 mode 1
Event: 1.850 Thread 0x0000025887448fb0 Uncommon trap: trap_request=0xffffff45 fr.pc=0x00000258f555acac relative=0x0000000000000acc
Event: 1.850 Thread 0x0000025887448fb0 Uncommon trap: reason=unstable_if action=reinterpret pc=0x00000258f555acac method=jdk.internal.org.objectweb.asm.SymbolTable.put(Ljdk/internal/org/objectweb/asm/SymbolTable$Entry;)Ljdk/internal/org/objectweb/asm/SymbolTable$Entry; @ 13 c2
Event: 1.850 Thread 0x0000025887448fb0 DEOPT PACKING pc=0x00000258f555acac sp=0x000000f0d4afc710
Event: 1.850 Thread 0x0000025887448fb0 DEOPT UNPACKING pc=0x00000258f4fb9d22 sp=0x000000f0d4afc658 mode 2
Event: 1.861 Thread 0x0000025887448fb0 Uncommon trap: trap_request=0xffffffc6 fr.pc=0x00000258f556a044 relative=0x0000000000000c44
Event: 1.861 Thread 0x0000025887448fb0 Uncommon trap: reason=bimorphic_or_optimized_type_check action=maybe_recompile pc=0x00000258f556a044 method=java.util.HashMap.putVal(ILjava/lang/Object;Ljava/lang/Object;ZZ)Ljava/lang/Object; @ 91 c2
Event: 1.861 Thread 0x0000025887448fb0 DEOPT PACKING pc=0x00000258f556a044 sp=0x000000f0d4afdeb0
Event: 1.861 Thread 0x0000025887448fb0 DEOPT UNPACKING pc=0x00000258f4fb9d22 sp=0x000000f0d4afddf0 mode 2
Event: 1.862 Thread 0x0000025887448fb0 DEOPT PACKING pc=0x00000258edb467c9 sp=0x000000f0d4afc780
Event: 1.862 Thread 0x0000025887448fb0 DEOPT UNPACKING pc=0x00000258f4fba4c2 sp=0x000000f0d4afbbd8 mode 1

Classes loaded (20 events):
Event: 1.593 Loading class java/util/stream/SortedOps$AbstractRefSortingSink done
Event: 1.593 Loading class java/util/stream/SortedOps$RefSortingSink done
Event: 1.593 Loading class sun/nio/fs/WindowsPath$WindowsPathWithAttributes
Event: 1.593 Loading class sun/nio/fs/BasicFileAttributesHolder
Event: 1.593 Loading class sun/nio/fs/BasicFileAttributesHolder done
Event: 1.593 Loading class sun/nio/fs/WindowsPath$WindowsPathWithAttributes done
Event: 1.593 Loading class java/util/StringTokenizer
Event: 1.593 Loading class java/util/StringTokenizer done
Event: 1.594 Loading class java/util/regex/Pattern$LazyLoop
Event: 1.594 Loading class java/util/regex/Pattern$Loop
Event: 1.594 Loading class java/util/regex/Pattern$Loop done
Event: 1.594 Loading class java/util/regex/Pattern$LazyLoop done
Event: 1.594 Loading class java/util/regex/Pattern$Prolog
Event: 1.594 Loading class java/util/regex/Pattern$Prolog done
Event: 1.602 Loading class java/lang/AssertionError
Event: 1.602 Loading class java/lang/AssertionError done
Event: 1.704 Loading class javax/naming/ldap/LdapContext
Event: 1.705 Loading class javax/naming/directory/DirContext
Event: 1.705 Loading class javax/naming/directory/DirContext done
Event: 1.705 Loading class javax/naming/ldap/LdapContext done

Classes unloaded (0 events):
No events

Classes redefined (0 events):
No events

Internal exceptions (20 events):
Event: 1.201 Thread 0x0000025887448fb0 Exception <a 'java/lang/NoSuchMethodError'{0x000000008ccd5380}: 'java.lang.Object java.lang.invoke.DirectMethodHandle$Holder.invokeStatic(java.lang.Object, long, java.lang.Object)'> (0x000000008ccd5380) 
thrown [s\open\src\hotspot\share\interpreter\linkResolver.cpp, line 773]
Event: 1.201 Thread 0x0000025887448fb0 Exception <a 'java/lang/NoSuchMethodError'{0x000000008ccd89d8}: 'java.lang.Object java.lang.invoke.DirectMethodHandle$Holder.invokeStaticInit(java.lang.Object, long, java.lang.Object)'> (0x000000008ccd89d8) 
thrown [s\open\src\hotspot\share\interpreter\linkResolver.cpp, line 773]
Event: 1.201 Thread 0x0000025887448fb0 Exception <a 'java/lang/NoSuchMethodError'{0x000000008ccde740}: 'java.lang.Object java.lang.invoke.DirectMethodHandle$Holder.newInvokeSpecial(java.lang.Object, long)'> (0x000000008ccde740) 
thrown [s\open\src\hotspot\share\interpreter\linkResolver.cpp, line 773]
Event: 1.212 Thread 0x0000025887448fb0 Exception <a 'java/lang/NoSuchMethodError'{0x000000008cb236a0}: 'void java.lang.invoke.DirectMethodHandle$Holder.invokeVirtual(java.lang.Object, java.lang.Object, java.lang.Object, java.lang.Object)'> (0x000000008cb236a0) 
thrown [s\open\src\hotspot\share\interpreter\linkResolver.cpp, line 773]
Event: 1.244 Thread 0x0000025887448fb0 Exception <a 'java/lang/NoSuchMethodError'{0x000000008ca550a0}: 'void java.lang.invoke.DirectMethodHandle$Holder.invokeSpecial(java.lang.Object, java.lang.Object, java.lang.Object, java.lang.Object, java.lang.Object)'> (0x000000008ca550a0) 
thrown [s\open\src\hotspot\share\interpreter\linkResolver.cpp, line 773]
Event: 1.250 Thread 0x0000025887448fb0 Exception <a 'java/lang/IncompatibleClassChangeError'{0x000000008ca82bc8}: Found class java.lang.Object, but interface was expected> (0x000000008ca82bc8) 
thrown [s\open\src\hotspot\share\interpreter\linkResolver.cpp, line 840]
Event: 1.251 Thread 0x00000258877d3820 Exception <a 'java/lang/NoClassDefFoundError'{0x000000008ca9b8a8}: jakarta/validation/Validation> (0x000000008ca9b8a8) 
thrown [s\open\src\hotspot\share\classfile\systemDictionary.cpp, line 294]
Event: 1.256 Thread 0x0000025887448fb0 Exception <a 'java/lang/NoSuchMethodError'{0x000000008cab68a0}: 'java.lang.Object java.lang.invoke.DirectMethodHandle$Holder.invokeStaticInit(java.lang.Object, int)'> (0x000000008cab68a0) 
thrown [s\open\src\hotspot\share\interpreter\linkResolver.cpp, line 773]
Event: 1.258 Thread 0x0000025887448fb0 Exception <a 'java/lang/NoSuchMethodError'{0x000000008cac18f0}: 'java.lang.Object java.lang.invoke.DirectMethodHandle$Holder.invokeStatic(java.lang.Object, int, java.lang.Object)'> (0x000000008cac18f0) 
thrown [s\open\src\hotspot\share\interpreter\linkResolver.cpp, line 773]
Event: 1.259 Thread 0x0000025887448fb0 Exception <a 'java/lang/NoSuchMethodError'{0x000000008cac4f40}: 'java.lang.Object java.lang.invoke.DirectMethodHandle$Holder.invokeStaticInit(java.lang.Object, int, java.lang.Object)'> (0x000000008cac4f40) 
thrown [s\open\src\hotspot\share\interpreter\linkResolver.cpp, line 773]
Event: 1.366 Thread 0x0000025887448fb0 Exception <a 'java/lang/NoSuchMethodError'{0x000000008c1ee6f0}: 'int java.lang.invoke.Invokers$Holder.invokeExact_MT(java.lang.Object, java.lang.Object)'> (0x000000008c1ee6f0) 
thrown [s\open\src\hotspot\share\interpreter\linkResolver.cpp, line 773]
Event: 1.587 Thread 0x0000025887448fb0 Exception <a 'java/lang/NoSuchMethodError'{0x000000008d12ddf0}: 'int java.lang.invoke.DirectMethodHandle$Holder.invokeSpecial(java.lang.Object, java.lang.Object, java.lang.Object, java.lang.Object, java.lang.Object)'> (0x000000008d12ddf0) 
thrown [s\open\src\hotspot\share\interpreter\linkResolver.cpp, line 773]
Event: 1.589 Thread 0x0000025887448fb0 Exception <a 'java/lang/NoSuchMethodError'{0x000000008d136c08}: 'void java.lang.invoke.DirectMethodHandle$Holder.invokeVirtual(java.lang.Object, java.lang.Object)'> (0x000000008d136c08) 
thrown [s\open\src\hotspot\share\interpreter\linkResolver.cpp, line 773]
Event: 1.598 Thread 0x00000258877d3820 Exception <a 'java/lang/NoSuchMethodError'{0x000000008d0cede0}: 'long java.lang.invoke.DirectMethodHandle$Holder.invokeSpecial(java.lang.Object, java.lang.Object)'> (0x000000008d0cede0) 
thrown [s\open\src\hotspot\share\interpreter\linkResolver.cpp, line 773]
Event: 1.599 Thread 0x00000258877d3820 Exception <a 'java/lang/NoSuchMethodError'{0x000000008d0d9ed0}: 'long java.lang.invoke.DirectMethodHandle$Holder.invokeStatic(java.lang.Object, java.lang.Object)'> (0x000000008d0d9ed0) 
thrown [s\open\src\hotspot\share\interpreter\linkResolver.cpp, line 773]
Event: 1.599 Thread 0x00000258877d3820 Exception <a 'java/lang/NoSuchMethodError'{0x000000008d0dd238}: 'long java.lang.invoke.DirectMethodHandle$Holder.invokeStaticInit(java.lang.Object, java.lang.Object)'> (0x000000008d0dd238) 
thrown [s\open\src\hotspot\share\interpreter\linkResolver.cpp, line 773]
Event: 1.601 Thread 0x00000258877d3820 Exception <a 'java/lang/NoSuchMethodError'{0x000000008d0eae98}: 'long java.lang.invoke.DirectMethodHandle$Holder.invokeInterface(java.lang.Object, java.lang.Object)'> (0x000000008d0eae98) 
thrown [s\open\src\hotspot\share\interpreter\linkResolver.cpp, line 773]
Event: 1.601 Thread 0x00000258877d3820 Exception <a 'java/lang/IncompatibleClassChangeError'{0x000000008d0ee148}: Found class java.lang.Object, but interface was expected> (0x000000008d0ee148) 
thrown [s\open\src\hotspot\share\interpreter\linkResolver.cpp, line 840]
Event: 1.610 Thread 0x00000258877d3820 Exception <a 'java/lang/NoSuchMethodError'{0x000000008cfbd0e0}: 'java.lang.Object java.lang.invoke.DirectMethodHandle$Holder.invokeVirtual(java.lang.Object, java.lang.Object, java.lang.Object, java.lang.Object)'> (0x000000008cfbd0e0) 
thrown [s\open\src\hotspot\share\interpreter\linkResolver.cpp, line 773]
Event: 1.775 Thread 0x0000025887448fb0 Exception <a 'java/lang/IncompatibleClassChangeError'{0x000000008c9c9d38}: Found class java.lang.Object, but interface was expected> (0x000000008c9c9d38) 
thrown [s\open\src\hotspot\share\interpreter\linkResolver.cpp, line 840]

VM Operations (20 events):
Event: 1.054 Executing VM operation: G1CollectForAllocation
Event: 1.059 Executing VM operation: G1CollectForAllocation done
Event: 1.133 Executing VM operation: HandshakeAllThreads
Event: 1.133 Executing VM operation: HandshakeAllThreads done
Event: 1.238 Executing VM operation: HandshakeAllThreads
Event: 1.238 Executing VM operation: HandshakeAllThreads done
Event: 1.241 Executing VM operation: HandshakeAllThreads
Event: 1.241 Executing VM operation: HandshakeAllThreads done
Event: 1.391 Executing VM operation: HandshakeAllThreads
Event: 1.391 Executing VM operation: HandshakeAllThreads done
Event: 1.441 Executing VM operation: ICBufferFull
Event: 1.442 Executing VM operation: ICBufferFull done
Event: 1.498 Executing VM operation: HandshakeAllThreads
Event: 1.498 Executing VM operation: HandshakeAllThreads done
Event: 1.552 Executing VM operation: HandshakeAllThreads
Event: 1.552 Executing VM operation: HandshakeAllThreads done
Event: 1.568 Executing VM operation: HandshakeAllThreads
Event: 1.568 Executing VM operation: HandshakeAllThreads done
Event: 1.575 Executing VM operation: G1CollectForAllocation
Event: 1.580 Executing VM operation: G1CollectForAllocation done

Events (20 events):
Event: 0.045 Thread 0x00000258822b5060 Thread added: 0x00000258822b5060
Event: 0.045 Thread 0x00000258822b6070 Thread added: 0x00000258822b6070
Event: 0.045 Thread 0x00000258822b79c0 Thread added: 0x00000258822b79c0
Event: 0.045 Thread 0x00000258822b8710 Thread added: 0x00000258822b8710
Event: 0.045 Thread 0x00000258822bc810 Thread added: 0x00000258822bc810
Event: 0.045 Thread 0x00000258822bab80 Thread added: 0x00000258822bab80
Event: 0.046 Thread 0x00000258822bb910 Thread added: 0x00000258822bb910
Event: 0.099 Thread 0x0000025886648ca0 Thread added: 0x0000025886648ca0
Event: 0.100 Thread 0x000002588664ce10 Thread added: 0x000002588664ce10
Event: 0.100 Thread 0x000002588664d780 Thread added: 0x000002588664d780
Event: 0.401 Thread 0x00000258866532a0 Thread added: 0x00000258866532a0
Event: 0.406 Thread 0x000002588665b2e0 Thread added: 0x000002588665b2e0
Event: 0.462 Thread 0x0000025886ca3990 Thread added: 0x0000025886ca3990
Event: 0.874 Thread 0x0000025887447e30 Thread added: 0x0000025887447e30
Event: 0.877 Thread 0x0000025887448fb0 Thread added: 0x0000025887448fb0
Event: 1.247 Thread 0x00000258877d3820 Thread added: 0x00000258877d3820
Event: 1.611 Thread 0x00000258877d3820 Thread exited: 0x00000258877d3820
Event: 1.674 Thread 0x0000025887bf38c0 Thread added: 0x0000025887bf38c0
Event: 1.763 Thread 0x0000025887bf38c0 Thread exited: 0x0000025887bf38c0
Event: 1.804 Thread 0x0000025887fb9330 Thread added: 0x0000025887fb9330


Dynamic libraries:
0x00007ff737660000 - 0x00007ff737670000 	C:\Program Files\Java\jdk-20\bin\java.exe
0x00007ffb6e410000 - 0x00007ffb6e608000 	C:\WINDOWS\SYSTEM32\ntdll.dll
0x00007ffb6d250000 - 0x00007ffb6d30f000 	C:\WINDOWS\System32\KERNEL32.DLL
0x00007ffb6c0f0000 - 0x00007ffb6c3e6000 	C:\WINDOWS\System32\KERNELBASE.dll
0x00007ffb6bb80000 - 0x00007ffb6bc80000 	C:\WINDOWS\System32\ucrtbase.dll
0x00007ffb56bd0000 - 0x00007ffb56be9000 	C:\Program Files\Java\jdk-20\bin\jli.dll
0x00007ffb56bb0000 - 0x00007ffb56bcb000 	C:\Program Files\Java\jdk-20\bin\VCRUNTIME140.dll
0x00007ffb6d1a0000 - 0x00007ffb6d24f000 	C:\WINDOWS\System32\ADVAPI32.dll
0x00007ffb6c4d0000 - 0x00007ffb6c56e000 	C:\WINDOWS\System32\msvcrt.dll
0x00007ffb6d0a0000 - 0x00007ffb6d13c000 	C:\WINDOWS\System32\sechost.dll
0x00007ffb6c6a0000 - 0x00007ffb6c7c6000 	C:\WINDOWS\System32\RPCRT4.dll
0x00007ffb6d310000 - 0x00007ffb6d4ad000 	C:\WINDOWS\System32\USER32.dll
0x00007ffb6bb50000 - 0x00007ffb6bb72000 	C:\WINDOWS\System32\win32u.dll
0x00007ffb6e0a0000 - 0x00007ffb6e0cc000 	C:\WINDOWS\System32\GDI32.dll
0x00007ffb6bfd0000 - 0x00007ffb6c0e5000 	C:\WINDOWS\System32\gdi32full.dll
0x00007ffb40080000 - 0x00007ffb4031a000 	C:\WINDOWS\WinSxS\amd64_microsoft.windows.common-controls_6595b64144ccf1df_6.0.19041.1110_none_60b5254171f9507e\COMCTL32.dll
0x00007ffb6bea0000 - 0x00007ffb6bf3d000 	C:\WINDOWS\System32\msvcp_win.dll
0x00007ffb63fb0000 - 0x00007ffb63fba000 	C:\WINDOWS\SYSTEM32\VERSION.dll
0x00007ffb6e070000 - 0x00007ffb6e0a0000 	C:\WINDOWS\System32\IMM32.DLL
0x00007ffb56ce0000 - 0x00007ffb56cec000 	C:\Program Files\Java\jdk-20\bin\vcruntime140_1.dll
0x00007ffb55f00000 - 0x00007ffb55f8e000 	C:\Program Files\Java\jdk-20\bin\msvcp140.dll
0x00007ffafe9a0000 - 0x00007ffaff637000 	C:\Program Files\Java\jdk-20\bin\server\jvm.dll
0x00007ffb2c880000 - 0x00007ffb2c889000 	C:\WINDOWS\SYSTEM32\WSOCK32.dll
0x00007ffb45bb0000 - 0x00007ffb45bd7000 	C:\WINDOWS\SYSTEM32\WINMM.dll
0x00007ffb6c7e0000 - 0x00007ffb6c84b000 	C:\WINDOWS\System32\WS2_32.dll
0x00007ffb6a390000 - 0x00007ffb6a3a2000 	C:\WINDOWS\SYSTEM32\kernel.appcore.dll
0x00007ffb56b10000 - 0x00007ffb56b1a000 	C:\Program Files\Java\jdk-20\bin\jimage.dll
0x00007ffb69780000 - 0x00007ffb69964000 	C:\WINDOWS\SYSTEM32\DBGHELP.DLL
0x00007ffb59d90000 - 0x00007ffb59dc4000 	C:\WINDOWS\SYSTEM32\dbgcore.DLL
0x00007ffb6bf40000 - 0x00007ffb6bfc2000 	C:\WINDOWS\System32\bcryptPrimitives.dll
0x00007ffb56440000 - 0x00007ffb5647c000 	C:\Program Files\Java\jdk-20\bin\jdwp.dll
0x00007ffb56ae0000 - 0x00007ffb56b06000 	C:\Program Files\Java\jdk-20\bin\java.dll
0x00007ffb55e20000 - 0x00007ffb55ef7000 	C:\Program Files\Java\jdk-20\bin\jsvml.dll
0x00007ffb6d920000 - 0x00007ffb6e064000 	C:\WINDOWS\System32\SHELL32.dll
0x00007ffb69be0000 - 0x00007ffb6a374000 	C:\WINDOWS\SYSTEM32\windows.storage.dll
0x00007ffb6c970000 - 0x00007ffb6ccc4000 	C:\WINDOWS\System32\combase.dll
0x00007ffb6b590000 - 0x00007ffb6b5be000 	C:\WINDOWS\SYSTEM32\Wldp.dll
0x00007ffb6e100000 - 0x00007ffb6e1ad000 	C:\WINDOWS\System32\SHCORE.dll
0x00007ffb6ccd0000 - 0x00007ffb6cd25000 	C:\WINDOWS\System32\shlwapi.dll
0x00007ffb6ba80000 - 0x00007ffb6baa5000 	C:\WINDOWS\SYSTEM32\profapi.dll
0x00007ffb56500000 - 0x00007ffb5650c000 	C:\Program Files\Java\jdk-20\bin\dt_socket.dll
0x00007ffb6af90000 - 0x00007ffb6afcc000 	C:\WINDOWS\SYSTEM32\IPHLPAPI.DLL
0x00007ffb6b2f0000 - 0x00007ffb6b35a000 	C:\WINDOWS\system32\mswsock.dll
0x00007ffb6afd0000 - 0x00007ffb6b09a000 	C:\WINDOWS\SYSTEM32\DNSAPI.dll
0x00007ffb6e0f0000 - 0x00007ffb6e0f8000 	C:\WINDOWS\System32\NSI.dll
0x00007ffb5f870000 - 0x00007ffb5f87a000 	C:\Windows\System32\rasadhlp.dll
0x00007ffb5f4a0000 - 0x00007ffb5f522000 	C:\WINDOWS\System32\fwpuclnt.dll
0x00007ffb6c3f0000 - 0x00007ffb6c417000 	C:\WINDOWS\System32\bcrypt.dll
0x00007ffb55e00000 - 0x00007ffb55e13000 	C:\Program Files\Java\jdk-20\bin\net.dll
0x00007ffb61740000 - 0x00007ffb6184a000 	C:\WINDOWS\SYSTEM32\WINHTTP.dll
0x00007ffb55de0000 - 0x00007ffb55df6000 	C:\Program Files\Java\jdk-20\bin\nio.dll
0x00007ffb55c40000 - 0x00007ffb55c58000 	C:\Program Files\Java\jdk-20\bin\zip.dll
0x00007ffb564f0000 - 0x00007ffb564fa000 	C:\Program Files\Java\jdk-20\bin\management.dll
0x00007ffb56430000 - 0x00007ffb5643b000 	C:\Program Files\Java\jdk-20\bin\management_ext.dll
0x00007ffb6d090000 - 0x00007ffb6d098000 	C:\WINDOWS\System32\PSAPI.DLL

dbghelp: loaded successfully - version: 4.0.5 - missing functions: none
symbol engine: initialized successfully - sym options: 0x614 - pdb path: .;C:\Program Files\Java\jdk-20\bin;C:\WINDOWS\SYSTEM32;C:\WINDOWS\WinSxS\amd64_microsoft.windows.common-controls_6595b64144ccf1df_6.0.19041.1110_none_60b5254171f9507e;C:\Program Files\Java\jdk-20\bin\server

VM Arguments:
jvm_args: -agentlib:jdwp=transport=dt_socket,server=n,suspend=y,address=localhost:54970 -XX:+ShowCodeDetailsInExceptionMessages 
java_command: ec.edu.espe.arquitectura.correccion.CorreccionApplication
java_class_path (initial): D:\ESPE\ArquitecturaSoftware\proyectos\2P\CorreccionExamenParcial2\correccion\target\classes;C:\Users\final\.m2\repository\org\springframework\boot\spring-boot-starter-data-mongodb\3.1.3-SNAPSHOT\spring-boot-starter-data-mongodb-3.1.3-SNAPSHOT.jar;C:\Users\final\.m2\repository\org\springframework\boot\spring-boot-starter\3.1.3-SNAPSHOT\spring-boot-starter-3.1.3-SNAPSHOT.jar;C:\Users\final\.m2\repository\org\springframework\boot\spring-boot-starter-logging\3.1.3-SNAPSHOT\spring-boot-starter-logging-3.1.3-SNAPSHOT.jar;C:\Users\final\.m2\repository\ch\qos\logback\logback-classic\1.4.8\logback-classic-1.4.8.jar;C:\Users\final\.m2\repository\ch\qos\logback\logback-core\1.4.8\logback-core-1.4.8.jar;C:\Users\final\.m2\repository\org\apache\logging\log4j\log4j-to-slf4j\2.20.0\log4j-to-slf4j-2.20.0.jar;C:\Users\final\.m2\repository\org\apache\logging\log4j\log4j-api\2.20.0\log4j-api-2.20.0.jar;C:\Users\final\.m2\repository\org\slf4j\jul-to-slf4j\2.0.7\jul-to-slf4j-2.0.7.jar;C:\Users\final\.m2\repository\jakarta\annotation\jakarta.annotation-api\2.1.1\jakarta.annotation-api-2.1.1.jar;C:\Users\final\.m2\repository\org\yaml\snakeyaml\1.33\snakeyaml-1.33.jar;C:\Users\final\.m2\repository\org\mongodb\mongodb-driver-sync\4.9.1\mongodb-driver-sync-4.9.1.jar;C:\Users\final\.m2\repository\org\mongodb\bson\4.9.1\bson-4.9.1.jar;C:\Users\final\.m2\repository\org\mongodb\mongodb-driver-core\4.9.1\mongodb-driver-core-4.9.1.jar;C:\Users\final\.m2\repository\org\mongodb\bson-record-codec\4.9.1\bson-record-codec-4.9.1.jar;C:\Users\final\.m2\repository\org\springframework\data\spring-data-mongodb\4.1.2\spring-data-mongodb-4.1.2.jar;C:\Users\final\.m2\repository\org\springframework\spring-tx\6.0.11\spring-tx-6.0.11.jar;C:\Users\final\.m2\repository\org\springframework\spring-context\6.0.11\spring-context-6.0.11.jar;C:\Users\final\.m2\repository\org\springframework\spring-beans\6.0.11\spring-beans-6.0.11.jar;C:\Users\final\.m2\repository\org\springframework\spring-expression\6.0.11\spring-expression-6.0.11.jar;C:\Users\final\.m2\repository\org\springframework\data\spring-data-commons\3.1.2\spring-data-commons-3.1.2.jar;C:\Users\final\.m2\repository\org\slf4j\slf4j-api\2.0.7\slf4j-api-2.0.7.jar;C:\Users\final\.m2\repository\org\springframework\boot\spring-boot-starter-web\3.1.3-SNAPSHOT\spring-boot-starter-web-3.1.3-SNAPSHOT.jar;C:\Users\final\.m2\repository\org\springframework\boot\spring-boot-starter-json\3.1.3-SNAPSHOT\spring-boot-starter-json-3.1.3-SNAPSHOT.jar;C:\Users\final\.m2\repository\com\fasterxml\jackson\core\jackson-databind\2.15.2\jackson-databind-2.15.2.jar;C:\Users\final\.m2\repository\com\fasterxml\jackson\core\jackson-annotations\2.15.2\jackson-annotations-2.15.2.jar;C:\Users\final\.m2\repository\com\fasterxml\jackson\core\jackson-core\2.15.2\jackson-core-2.15.2.jar;C:\Users\final\.m2\repository\com\fasterxml\jackson\datatype\jackson-datatype-jdk8\2.15.2\jackson-datatype-jdk8-2.15.2.jar;C:\Users\final\.m2\repository\com\fasterxml\jackson\datatype\jackson-datatype-jsr310\2.15.2\jackson-datatype-jsr310-2.15.2.jar;C:\Users\final\.m2\repository\com\fasterxml\jackson\module\jackson-module-parameter-names\2.15.2\jackson-module-parameter-names-2.15.2.jar;C:\Users\final\.m2\repository\org\springframework\boot\spring-boot-starter-tomcat\3.1.3-SNAPSHOT\spring-boot-starter-tomcat-3.1.3-SNAPSHOT.jar;C:\Users\final\.m2\repository\org\apache\tomcat\embed\tomcat-embed-core\10.1.11\tomcat-embed-core-10.1.11.jar;C:\Users\final\.m2\repository\org\apache\tomcat\embed\tomcat-embed-el\10.1.11\tomcat-embed-el-10.1.11.jar;C:\Users\final\.m2\repository\org\apache\tomcat\embed\tomcat-embed-websocket\10.1.11\tomcat-embed-websocket-10.1.11.jar;C:\Users\final\.m2\repository\org\springframework\spring-web\6.0.11\spring-web-6.0.11.jar;C:\Users\final\.m2\repository\io\micrometer\micrometer-observation\1.11.2\micrometer-observation-1.11.2.jar;C:\Users\final\.m2\repository\io\micrometer\micrometer-commons\1.11.2\micrometer-commons-1.11.2.jar;C:\Users\final\.m2\repository\org\springframework\spring-webmvc\6.0.11\spring-webmvc-6.0.11.jar;C:\Users\final\.m2\repository\org\springframework\spring-aop\6.0.11\spring-aop-6.0.11.jar;C:\Users\final\.m2\repository\org\springframework\boot\spring-boot-devtools\3.1.3-SNAPSHOT\spring-boot-devtools-3.1.3-SNAPSHOT.jar;C:\Users\final\.m2\repository\org\springframework\boot\spring-boot\3.1.3-SNAPSHOT\spring-boot-3.1.3-SNAPSHOT.jar;C:\Users\final\.m2\repository\org\springframework\boot\spring-boot-autoconfigure\3.1.3-SNAPSHOT\spring-boot-autoconfigure-3.1.3-SNAPSHOT.jar;C:\Users\final\.m2\repository\org\projectlombok\lombok\1.18.28\lombok-1.18.28.jar;C:\Users\final\.m2\repository\org\springframework\spring-core\6.0.11\spring-core-6.0.11.jar;C:\Users\final\.m2\repository\org\springframework\spring-jcl\6.0.11\spring-jcl-6.0.11.jar
Launcher Type: SUN_STANDARD

[Global flags]
     intx CICompilerCount                          = 4                                         {product} {ergonomic}
     uint ConcGCThreads                            = 2                                         {product} {ergonomic}
     uint G1ConcRefinementThreads                  = 8                                         {product} {ergonomic}
   size_t G1HeapRegionSize                         = 1048576                                   {product} {ergonomic}
    uintx GCDrainStackTargetSize                   = 64                                        {product} {ergonomic}
   size_t InitialHeapSize                          = 130023424                                 {product} {ergonomic}
   size_t MarkStackSize                            = 4194304                                   {product} {ergonomic}
   size_t MaxHeapSize                              = 2057306112                                {product} {ergonomic}
   size_t MaxNewSize                               = 1234173952                                {product} {ergonomic}
   size_t MinHeapDeltaBytes                        = 1048576                                   {product} {ergonomic}
   size_t MinHeapSize                              = 8388608                                   {product} {ergonomic}
    uintx NonNMethodCodeHeapSize                   = 5839372                                {pd product} {ergonomic}
    uintx NonProfiledCodeHeapSize                  = 122909434                              {pd product} {ergonomic}
    uintx ProfiledCodeHeapSize                     = 122909434                              {pd product} {ergonomic}
    uintx ReservedCodeCacheSize                    = 251658240                              {pd product} {ergonomic}
     bool SegmentedCodeCache                       = true                                      {product} {ergonomic}
     bool ShowCodeDetailsInExceptionMessages       = true                                   {manageable} {command line}
   size_t SoftMaxHeapSize                          = 2057306112                             {manageable} {ergonomic}
     bool UseCompressedClassPointers               = true                           {product lp64_product} {ergonomic}
     bool UseCompressedOops                        = true                           {product lp64_product} {ergonomic}
     bool UseG1GC                                  = true                                      {product} {ergonomic}
     bool UseLargePagesIndividualAllocation        = false                                  {pd product} {ergonomic}

Logging:
Log output configuration:
 #0: stdout all=warning uptime,level,tags foldmultilines=false
 #1: stderr all=off uptime,level,tags foldmultilines=false

Environment Variables:
JAVA_HOME=C:\Program Files\Java\jdk-20
CLASSPATH=C:\Program Files\SAP\SAP Business One DI API\JCO\LIB\sbowrapper.jar;C:\Program Files\SAP\SAP Business One DI API\JCO\LIB\sboapi.jar
PATH=C:\Program Files\Eclipse Adoptium\jdk-17.0.7.7-hotspot\bin;C:\Program Files\Common Files\Oracle\Java\javapath;C:\oraclexe\app\oracle\product\11.2.0\server\bin;C:\Program Files\Microsoft MPI\Bin\;D:\OracleBDD\bin;D:\Oracle\bin;C:\Oracle\bin;C:\ProgramData\Oracle\Java\javapath;C:\WINDOWS\system32;C:\WINDOWS;C:\WINDOWS\System32\Wbem;C:\WINDOWS\System32\WindowsPowerShell\v1.0\;C:\WINDOWS\System32\OpenSSH\;C:\Program Files\Microsoft SQL Server\Client SDK\ODBC\170\Tools\Binn\;C:\Program Files (x86)\Microsoft SQL Server\150\Tools\Binn\;C:\Program Files\Microsoft SQL Server\150\Tools\Binn\;C:\Program Files\Microsoft SQL Server\150\DTS\Binn\;C:\Program Files\dotnet\;C:\Program Files (x86)\Intel\Intel(R) Management Engine Components\DAL;C:\Program Files\Intel\Intel(R) Management Engine Components\DAL;C:\Program Files\Microsoft SQL Server\Client SDK\ODBC\130\Tools\Binn\;D:\Program Files\nodejs\;D:\Program Files\Java\jdk1.8.0_301\bin;C:\Program Files (x86)\Java\jdk-19.0.2\bin;C:\Program Files\SAP\SAP Business One DI API\JCO\LIB\;C:\Program Files\SAP\SAP Business One DI API\DI API 90;C:\Program Files\PuTTY\;C:\Program Files\Git\cmd;C:\Program Files\MongoDB\Server\5.0\bin;C:\Users\final\AppData\Local\Programs\Python\Python310\Scripts\;C:\Users\final\AppData\Local\Programs\Python\Python310\;C:\Users\final\AppData\Local\Microsoft\WindowsApps;C:\Users\final\.dotnet\tools;D:\Microsoft VS Code\bin;C:\Users\final\AppData\Roaming\npm;C:\Users\final\AppData\Roaming\Python\Python39\Scripts\;C:\Program Files\Git\bin;C:\Users\Public;C:\src\flutter\bin;C:\Program Files\Azure Data Studio\bin;C:\Program Files\Java\jdk-20\bin;C:\Users\final\AppData\Local\GitHubDesktop\bin
USERNAME=JERRY
LANG=en_US.UTF-8
OS=Windows_NT
PROCESSOR_IDENTIFIER=Intel64 Family 6 Model 142 Stepping 10, GenuineIntel
TMP=C:\Users\final\AppData\Local\Temp
TEMP=C:\Users\final\AppData\Local\Temp




---------------  S Y S T E M  ---------------

OS:
 Windows 10 , 64 bit Build 19041 (10.0.19041.3155)
OS uptime: 0 days 0:59 hours

CPU: total 8 (initial active 8) (4 cores per cpu, 2 threads per core) family 6 model 142 stepping 10 microcode 0xf0, cx8, cmov, fxsr, ht, mmx, 3dnowpref, sse, sse2, sse3, ssse3, sse4.1, sse4.2, popcnt, lzcnt, tsc, tscinvbit, avx, avx2, aes, erms, clmul, bmi1, bmi2, adx, fma, vzeroupper, clflush, clflushopt, rdtscp, f16c

Memory: 4k page, system-wide physical 7844M (895M free)
TotalPageFile size 9892M (AvailPageFile size 14M)
current process WorkingSet (physical memory assigned to process): 126M, peak: 126M
current process commit charge ("private bytes"): 253M, peak: 253M

vm_info: Java HotSpot(TM) 64-Bit Server VM (20.0.1+9-29) for windows-amd64 JRE (20.0.1+9-29), built on 2023-03-07T13:56:11Z by "mach5one" with MS VC++ 17.1 (VS2022)

END.
